#
# There is insufficient memory for the Java Runtime Environment to continue.
# Native memory allocation (malloc) failed to allocate 261456 bytes for Chunk::new
# Possible reasons:
#   The system is out of physical RAM or swap space
#   The process is running with CompressedOops enabled, and the Java Heap may be blocking the growth of the native heap
# Possible solutions:
#   Reduce memory load on the system
#   Increase physical memory or swap space
#   Check if swap backing store is full
#   Decrease Java heap size (-Xmx/-Xms)
#   Decrease number of Java threads
#   Decrease Java thread stack sizes (-Xss)
#   Set larger code cache with -XX:ReservedCodeCacheSize=
#   JVM is running with Unscaled Compressed Oops mode in which the Java heap is
#     placed in the first 4GB address space. The Java Heap base address is the
#     maximum limit for the native heap growth. Please use -XX:HeapBaseMinAddress
#     to set the Java Heap base and to place the Java Heap above 4GB virtual address.
# This output file may be truncated or incomplete.
#
#  Out of Memory Error (allocation.cpp:389), pid=5832, tid=0x0000000000002d68
#
# JRE version: OpenJDK Runtime Environment (8.0_242-b01) (build 1.8.0_242-release-1644-b01)
# Java VM: OpenJDK 64-Bit Server VM (25.242-b01 mixed mode windows-amd64 compressed oops)
# Failed to write core dump. Minidumps are not enabled by default on client versions of Windows
#

---------------  T H R E A D  ---------------

Current thread (0x0000000019311800):  JavaThread "C2 CompilerThread0" daemon [_thread_in_native, id=11624, stack(0x0000000019be0000,0x0000000019ce0000)]

Stack: [0x0000000019be0000,0x0000000019ce0000]
[error occurred during error reporting (printing stack bounds), id 0xc0000005]

Native frames: (J=compiled Java code, j=interpreted, Vv=VM code, C=native code)


Current CompileTask:
C2:  13966 8877   !   4       java.io.ObjectInputStream::readSerialData (367 bytes)


---------------  P R O C E S S  ---------------

Java Threads: ( => current thread )
  0x0000000020dee800 JavaThread "stdout" [_thread_in_native, id=2620, stack(0x0000000031150000,0x0000000031250000)]
  0x0000000020ded800 JavaThread "stderr" [_thread_in_native, id=7036, stack(0x0000000031050000,0x0000000031150000)]
  0x0000000020ded000 JavaThread "stdout" [_thread_in_native, id=10292, stack(0x0000000030f50000,0x0000000031050000)]
  0x0000000020de5800 JavaThread "stderr" [_thread_in_native, id=7592, stack(0x0000000030e50000,0x0000000030f50000)]
  0x0000000020dec000 JavaThread "stdout" [_thread_in_native, id=4264, stack(0x0000000030d50000,0x0000000030e50000)]
  0x0000000020de4800 JavaThread "stderr" [_thread_in_native, id=14284, stack(0x0000000030c50000,0x0000000030d50000)]
  0x0000000020deb800 JavaThread "stdout" [_thread_in_native, id=6224, stack(0x0000000030b50000,0x0000000030c50000)]
  0x0000000020dea800 JavaThread "stderr" [_thread_in_native, id=9160, stack(0x0000000030a50000,0x0000000030b50000)]
  0x0000000020de3000 JavaThread "stdout" [_thread_in_native, id=13876, stack(0x0000000030950000,0x0000000030a50000)]
  0x0000000020dea000 JavaThread "stderr" [_thread_in_native, id=13384, stack(0x0000000030850000,0x0000000030950000)]
  0x0000000020de2800 JavaThread "stdout" [_thread_in_native, id=12252, stack(0x0000000030750000,0x0000000030850000)]
  0x0000000020de9000 JavaThread "stderr" [_thread_in_native, id=6076, stack(0x0000000030650000,0x0000000030750000)]
  0x0000000020de8800 JavaThread "stdout" [_thread_in_native, id=12680, stack(0x0000000030550000,0x0000000030650000)]
  0x0000000020de7800 JavaThread "stderr" [_thread_in_native, id=9732, stack(0x0000000030450000,0x0000000030550000)]
  0x0000000020de4000 JavaThread "stdout" [_thread_in_native, id=7072, stack(0x0000000030350000,0x0000000030450000)]
  0x0000000020de1800 JavaThread "stderr" [_thread_in_native, id=7132, stack(0x0000000030250000,0x0000000030350000)]
  0x0000000020de7000 JavaThread "pool-2-thread-1" [_thread_blocked, id=13012, stack(0x000000002fe10000,0x000000002ff10000)]
  0x0000000020de6000 JavaThread "MarlinRenderer Disposer" daemon [_thread_blocked, id=6480, stack(0x000000002ff50000,0x0000000030050000)]
  0x000000001ea11000 JavaThread "Java2D Disposer" daemon [_thread_blocked, id=6560, stack(0x000000002fc70000,0x000000002fd70000)]
  0x000000001ea15800 JavaThread "WorkerExecutor Queue Thread 8" [_thread_blocked, id=12100, stack(0x000000002f970000,0x000000002fa70000)]
  0x000000001ea10000 JavaThread "WorkerExecutor Queue Thread 7" [_thread_blocked, id=10764, stack(0x000000002f870000,0x000000002f970000)]
  0x000000001ea14800 JavaThread "WorkerExecutor Queue Thread 6" [_thread_blocked, id=5020, stack(0x000000002f770000,0x000000002f870000)]
  0x000000001ea12800 JavaThread "WorkerExecutor Queue Thread 5" [_thread_blocked, id=10296, stack(0x000000002f670000,0x000000002f770000)]
  0x000000001ea14000 JavaThread "WorkerExecutor Queue Thread 4" [_thread_blocked, id=872, stack(0x000000002f570000,0x000000002f670000)]
  0x000000001ea11800 JavaThread "WorkerExecutor Queue Thread 3" [_thread_blocked, id=3824, stack(0x000000002f470000,0x000000002f570000)]
  0x000000001ea16000 JavaThread "WorkerExecutor Queue Thread 2" [_thread_blocked, id=12720, stack(0x000000002f250000,0x000000002f350000)]
  0x000000001ea13000 JavaThread "WorkerExecutor Queue" [_thread_blocked, id=12936, stack(0x000000002f370000,0x000000002f470000)]
  0x000000001ea08000 JavaThread "Cache worker for execution history cache (C:\Users\Ankit kumar\AndroidStudioProjects\BookStore\.gradle\6.5\executionHistory)" [_thread_blocked, id=8260, stack(0x000000002ed50000,0x000000002ee50000)]
  0x000000001ea0e800 JavaThread "Execution worker for ':' Thread 7" [_thread_blocked, id=7388, stack(0x000000002ec50000,0x000000002ed50000)]
  0x000000001ea07000 JavaThread "Execution worker for ':' Thread 6" [_thread_blocked, id=11768, stack(0x000000002eb50000,0x000000002ec50000)]
  0x000000001ea0e000 JavaThread "Execution worker for ':' Thread 5" [_thread_blocked, id=12220, stack(0x000000002ea50000,0x000000002eb50000)]
  0x000000001ea0d000 JavaThread "Execution worker for ':' Thread 4" [_thread_blocked, id=12868, stack(0x000000002e950000,0x000000002ea50000)]
  0x000000001ea0c800 JavaThread "Execution worker for ':' Thread 3" [_thread_blocked, id=5936, stack(0x000000002e850000,0x000000002e950000)]
  0x000000001ea0b000 JavaThread "Execution worker for ':' Thread 2" [_thread_blocked, id=3780, stack(0x000000002d0a0000,0x000000002d1a0000)]
  0x000000001ea0a000 JavaThread "Execution worker for ':'" [_thread_blocked, id=10900, stack(0x000000002beb0000,0x000000002bfb0000)]
  0x000000001ea09800 JavaThread "Cache worker for file content cache (C:\Users\Ankit kumar\AndroidStudioProjects\BookStore\.gradle\6.5\fileContent)" [_thread_blocked, id=8296, stack(0x000000002e350000,0x000000002e450000)]
  0x000000001ea0b800 JavaThread "Memory manager" [_thread_blocked, id=9536, stack(0x000000002d280000,0x000000002d380000)]
  0x000000001f215800 JavaThread "pool-1-thread-1" [_thread_blocked, id=13172, stack(0x000000002bbb0000,0x000000002bcb0000)]
  0x000000001f214000 JavaThread "Cache worker for Build Output Cleanup Cache (C:\Users\Ankit kumar\AndroidStudioProjects\BookStore\.gradle\buildOutputCleanup)" [_thread_blocked, id=13760, stack(0x000000002b8b0000,0x000000002b9b0000)]
  0x000000001f216800 JavaThread "jar transforms Thread 113" [_thread_blocked, id=13040, stack(0x000000002b5b0000,0x000000002b6b0000)]
  0x000000001f213800 JavaThread "jar transforms Thread 112" [_thread_blocked, id=7448, stack(0x000000002b4b0000,0x000000002b5b0000)]
  0x000000001f215000 JavaThread "jar transforms Thread 111" [_thread_blocked, id=9580, stack(0x000000002b3b0000,0x000000002b4b0000)]
  0x000000001f212800 JavaThread "jar transforms Thread 110" [_thread_blocked, id=9748, stack(0x000000002b2b0000,0x000000002b3b0000)]
  0x000000001f20b000 JavaThread "jar transforms Thread 109" [_thread_blocked, id=13772, stack(0x000000002b1b0000,0x000000002b2b0000)]
  0x000000001f20c800 JavaThread "jar transforms Thread 108" [_thread_blocked, id=14056, stack(0x000000002b0b0000,0x000000002b1b0000)]
  0x000000001f20c000 JavaThread "jar transforms Thread 107" [_thread_blocked, id=3460, stack(0x000000002afb0000,0x000000002b0b0000)]
  0x000000001f212000 JavaThread "jar transforms Thread 106" [_thread_blocked, id=7684, stack(0x000000002aeb0000,0x000000002afb0000)]
  0x000000001f20a800 JavaThread "jar transforms Thread 105" [_thread_blocked, id=8612, stack(0x000000002adb0000,0x000000002aeb0000)]
  0x000000001f211000 JavaThread "jar transforms Thread 104" [_thread_blocked, id=9576, stack(0x000000002acb0000,0x000000002adb0000)]
  0x000000001f209800 JavaThread "jar transforms Thread 103" [_thread_blocked, id=12080, stack(0x000000002abb0000,0x000000002acb0000)]
  0x000000001f210800 JavaThread "jar transforms Thread 102" [_thread_blocked, id=2904, stack(0x000000002aab0000,0x000000002abb0000)]
  0x000000001f209000 JavaThread "jar transforms Thread 101" [_thread_blocked, id=2468, stack(0x000000002a9b0000,0x000000002aab0000)]
  0x000000001f20f800 JavaThread "jar transforms Thread 100" [_thread_blocked, id=10540, stack(0x000000002a8b0000,0x000000002a9b0000)]
  0x000000001f208000 JavaThread "jar transforms Thread 99" [_thread_blocked, id=11708, stack(0x000000002a7b0000,0x000000002a8b0000)]
  0x000000001f20f000 JavaThread "jar transforms Thread 98" [_thread_blocked, id=11852, stack(0x000000002a6b0000,0x000000002a7b0000)]
  0x000000001f20d800 JavaThread "jar transforms Thread 97" [_thread_blocked, id=12568, stack(0x000000002a5b0000,0x000000002a6b0000)]
  0x000000001f207800 JavaThread "jar transforms Thread 96" [_thread_blocked, id=3264, stack(0x000000002a4b0000,0x000000002a5b0000)]
  0x000000001f20e000 JavaThread "jar transforms Thread 95" [_thread_blocked, id=9468, stack(0x000000002a3b0000,0x000000002a4b0000)]
  0x000000001b53b800 JavaThread "jar transforms Thread 94" [_thread_blocked, id=4304, stack(0x000000002a2b0000,0x000000002a3b0000)]
  0x000000001b53b000 JavaThread "jar transforms Thread 93" [_thread_blocked, id=12524, stack(0x000000002a1b0000,0x000000002a2b0000)]
  0x000000001b53a000 JavaThread "jar transforms Thread 92" [_thread_blocked, id=2912, stack(0x000000002a0b0000,0x000000002a1b0000)]
  0x000000001b532800 JavaThread "jar transforms Thread 91" [_thread_blocked, id=4240, stack(0x0000000029fb0000,0x000000002a0b0000)]
  0x000000001b539800 JavaThread "jar transforms Thread 90" [_thread_blocked, id=3604, stack(0x0000000029eb0000,0x0000000029fb0000)]
  0x000000001b538800 JavaThread "jar transforms Thread 89" [_thread_blocked, id=10692, stack(0x0000000029db0000,0x0000000029eb0000)]
  0x000000001b531000 JavaThread "jar transforms Thread 88" [_thread_blocked, id=13044, stack(0x0000000029cb0000,0x0000000029db0000)]
  0x000000001b537000 JavaThread "jar transforms Thread 87" [_thread_blocked, id=13072, stack(0x0000000029bb0000,0x0000000029cb0000)]
  0x000000001b535800 JavaThread "jar transforms Thread 86" [_thread_blocked, id=12800, stack(0x0000000029ab0000,0x0000000029bb0000)]
  0x000000001b538000 JavaThread "jar transforms Thread 85" [_thread_blocked, id=6804, stack(0x00000000299b0000,0x0000000029ab0000)]
  0x000000001b535000 JavaThread "jar transforms Thread 84" [_thread_blocked, id=660, stack(0x00000000298b0000,0x00000000299b0000)]
  0x000000001b536800 JavaThread "jar transforms Thread 83" [_thread_blocked, id=13424, stack(0x00000000297b0000,0x00000000298b0000)]
  0x000000001b534000 JavaThread "jar transforms Thread 82" [_thread_blocked, id=1116, stack(0x00000000296b0000,0x00000000297b0000)]
  0x000000001b52c800 JavaThread "jar transforms Thread 81" [_thread_blocked, id=9396, stack(0x00000000295b0000,0x00000000296b0000)]
  0x000000001b52f000 JavaThread "jar transforms Thread 80" [_thread_blocked, id=11936, stack(0x00000000294b0000,0x00000000295b0000)]
  0x000000001b52e000 JavaThread "jar transforms Thread 79" [_thread_blocked, id=9572, stack(0x00000000293b0000,0x00000000294b0000)]
  0x000000001b532000 JavaThread "jar transforms Thread 78" [_thread_blocked, id=5408, stack(0x00000000292b0000,0x00000000293b0000)]
  0x000000001b530800 JavaThread "jar transforms Thread 77" [_thread_blocked, id=5756, stack(0x00000000291b0000,0x00000000292b0000)]
  0x000000001b52d800 JavaThread "jar transforms Thread 76" [_thread_blocked, id=6384, stack(0x00000000290b0000,0x00000000291b0000)]
  0x000000001b533800 JavaThread "jar transforms Thread 75" [_thread_blocked, id=11340, stack(0x0000000028fb0000,0x00000000290b0000)]
  0x000000001b52f800 JavaThread "jar transforms Thread 74" [_thread_blocked, id=10216, stack(0x0000000024a80000,0x0000000024b80000)]
  0x00000000219f5800 JavaThread "jar transforms Thread 73" [_thread_blocked, id=468, stack(0x0000000024980000,0x0000000024a80000)]
  0x00000000219f9800 JavaThread "jar transforms Thread 72" [_thread_blocked, id=9800, stack(0x0000000023f80000,0x0000000024080000)]
  0x00000000219fc800 JavaThread "jar transforms Thread 71" [_thread_blocked, id=1776, stack(0x0000000023e80000,0x0000000023f80000)]
  0x00000000219f8800 JavaThread "jar transforms Thread 70" [_thread_blocked, id=11704, stack(0x0000000028eb0000,0x0000000028fb0000)]
  0x00000000219fb800 JavaThread "jar transforms Thread 69" [_thread_blocked, id=3504, stack(0x0000000028db0000,0x0000000028eb0000)]
  0x00000000219fb000 JavaThread "jar transforms Thread 68" [_thread_blocked, id=8144, stack(0x0000000028cb0000,0x0000000028db0000)]
  0x00000000219f8000 JavaThread "jar transforms Thread 67" [_thread_blocked, id=11428, stack(0x0000000028bb0000,0x0000000028cb0000)]
  0x00000000219f7000 JavaThread "jar transforms Thread 66" [_thread_blocked, id=284, stack(0x0000000028ab0000,0x0000000028bb0000)]
  0x00000000219fa000 JavaThread "jar transforms Thread 65" [_thread_blocked, id=12972, stack(0x00000000289b0000,0x0000000028ab0000)]
  0x00000000219f6800 JavaThread "jar transforms Thread 64" [_thread_blocked, id=12412, stack(0x00000000288b0000,0x00000000289b0000)]
  0x00000000219f5000 JavaThread "jar transforms Thread 63" [_thread_blocked, id=12256, stack(0x00000000287b0000,0x00000000288b0000)]
  0x00000000219ed800 JavaThread "jar transforms Thread 62" [_thread_blocked, id=5716, stack(0x00000000286b0000,0x00000000287b0000)]
  0x00000000219f4000 JavaThread "jar transforms Thread 61" [_thread_blocked, id=8320, stack(0x00000000285b0000,0x00000000286b0000)]
  0x00000000219f2000 JavaThread "jar transforms Thread 60" [_thread_blocked, id=1824, stack(0x00000000284b0000,0x00000000285b0000)]
  0x00000000219f3800 JavaThread "jar transforms Thread 59" [_thread_blocked, id=13724, stack(0x00000000283b0000,0x00000000284b0000)]
  0x00000000219f0800 JavaThread "jar transforms Thread 58" [_thread_blocked, id=7400, stack(0x00000000282b0000,0x00000000283b0000)]
  0x00000000219ef800 JavaThread "jar transforms Thread 57" [_thread_blocked, id=6028, stack(0x00000000281b0000,0x00000000282b0000)]
  0x00000000219f1000 JavaThread "jar transforms Thread 56" [_thread_blocked, id=13472, stack(0x00000000280b0000,0x00000000281b0000)]
  0x00000000219ef000 JavaThread "jar transforms Thread 55" [_thread_blocked, id=9496, stack(0x0000000027fb0000,0x00000000280b0000)]
  0x00000000219ee000 JavaThread "jar transforms Thread 54" [_thread_blocked, id=12836, stack(0x0000000027eb0000,0x0000000027fb0000)]
  0x00000000219f2800 JavaThread "jar transforms Thread 53" [_thread_blocked, id=5712, stack(0x0000000027db0000,0x0000000027eb0000)]
  0x000000001a248000 JavaThread "jar transforms Thread 52" [_thread_blocked, id=9400, stack(0x0000000027cb0000,0x0000000027db0000)]
  0x000000001a247800 JavaThread "jar transforms Thread 51" [_thread_blocked, id=11928, stack(0x0000000027bb0000,0x0000000027cb0000)]
  0x000000001a246000 JavaThread "jar transforms Thread 50" [_thread_blocked, id=13372, stack(0x0000000027ab0000,0x0000000027bb0000)]
  0x000000001a243800 JavaThread "jar transforms Thread 49" [_thread_blocked, id=2768, stack(0x00000000279b0000,0x0000000027ab0000)]
  0x000000001a245000 JavaThread "jar transforms Thread 48" [_thread_blocked, id=11176, stack(0x00000000278b0000,0x00000000279b0000)]
  0x000000001a244800 JavaThread "jar transforms Thread 47" [_thread_blocked, id=984, stack(0x00000000277b0000,0x00000000278b0000)]
  0x000000001a246800 JavaThread "jar transforms Thread 46" [_thread_blocked, id=2372, stack(0x00000000276b0000,0x00000000277b0000)]
  0x000000001a243000 JavaThread "jar transforms Thread 45" [_thread_blocked, id=5024, stack(0x00000000275b0000,0x00000000276b0000)]
  0x000000001a23b000 JavaThread "jar transforms Thread 44" [_thread_blocked, id=3312, stack(0x00000000274b0000,0x00000000275b0000)]
  0x000000001a242000 JavaThread "jar transforms Thread 43" [_thread_blocked, id=3440, stack(0x00000000273b0000,0x00000000274b0000)]
  0x000000001a23a800 JavaThread "jar transforms Thread 42" [_thread_blocked, id=3092, stack(0x00000000272b0000,0x00000000273b0000)]
  0x000000001a23d800 JavaThread "jar transforms Thread 41" [_thread_blocked, id=11508, stack(0x00000000271b0000,0x00000000272b0000)]
  0x000000001a241800 JavaThread "jar transforms Thread 40" [_thread_blocked, id=9592, stack(0x00000000270b0000,0x00000000271b0000)]
  0x000000001a239800 JavaThread "jar transforms Thread 39" [_thread_blocked, id=2608, stack(0x0000000026fb0000,0x00000000270b0000)]
  0x000000001a23f000 JavaThread "jar transforms Thread 38" [_thread_blocked, id=11396, stack(0x0000000026eb0000,0x0000000026fb0000)]
  0x000000001a240800 JavaThread "jar transforms Thread 37" [_thread_blocked, id=11472, stack(0x0000000026db0000,0x0000000026eb0000)]
  0x000000001a23c800 JavaThread "jar transforms Thread 36" [_thread_blocked, id=4716, stack(0x0000000026cb0000,0x0000000026db0000)]
  0x000000001a239000 JavaThread "jar transforms Thread 35" [_thread_blocked, id=8848, stack(0x0000000026bb0000,0x0000000026cb0000)]
  0x000000001a23c000 JavaThread "jar transforms Thread 34" [_thread_blocked, id=4804, stack(0x0000000026ab0000,0x0000000026bb0000)]
  0x000000001a240000 JavaThread "jar transforms Thread 33" [_thread_blocked, id=3704, stack(0x00000000269b0000,0x0000000026ab0000)]
  0x000000001a23e800 JavaThread "jar transforms Thread 32" [_thread_blocked, id=5464, stack(0x00000000268b0000,0x00000000269b0000)]
  0x000000001fc7d800 JavaThread "jar transforms Thread 31" [_thread_blocked, id=11948, stack(0x00000000267b0000,0x00000000268b0000)]
  0x000000001fc7f000 JavaThread "jar transforms Thread 30" [_thread_blocked, id=1408, stack(0x00000000266b0000,0x00000000267b0000)]
  0x000000001fc7e000 JavaThread "jar transforms Thread 29" [_thread_blocked, id=148, stack(0x00000000265b0000,0x00000000266b0000)]
  0x000000001fc7c000 JavaThread "jar transforms Thread 28" [_thread_blocked, id=13904, stack(0x00000000264b0000,0x00000000265b0000)]
  0x000000001fc7c800 JavaThread "jar transforms Thread 27" [_thread_blocked, id=5872, stack(0x00000000263b0000,0x00000000264b0000)]
  0x000000001fc74800 JavaThread "jar transforms Thread 26" [_thread_blocked, id=8720, stack(0x00000000262b0000,0x00000000263b0000)]
  0x000000001fc7a800 JavaThread "jar transforms Thread 25" [_thread_blocked, id=1604, stack(0x00000000261b0000,0x00000000262b0000)]
  0x000000001fc7b000 JavaThread "jar transforms Thread 24" [_thread_blocked, id=12360, stack(0x00000000260b0000,0x00000000261b0000)]
  0x000000001fc73800 JavaThread "jar transforms Thread 23" [_thread_blocked, id=12044, stack(0x0000000025fb0000,0x00000000260b0000)]
  0x000000001fc73000 JavaThread "jar transforms Thread 22" [_thread_blocked, id=12272, stack(0x0000000025eb0000,0x0000000025fb0000)]
  0x000000001fc79800 JavaThread "jar transforms Thread 21" [_thread_blocked, id=6348, stack(0x0000000025db0000,0x0000000025eb0000)]
  0x000000001fc72000 JavaThread "jar transforms Thread 20" [_thread_blocked, id=11788, stack(0x0000000025cb0000,0x0000000025db0000)]
  0x000000001fc79000 JavaThread "jar transforms Thread 19" [_thread_blocked, id=10712, stack(0x0000000025bb0000,0x0000000025cb0000)]
  0x000000001fc71000 JavaThread "jar transforms Thread 18" [_thread_blocked, id=12480, stack(0x0000000025ab0000,0x0000000025bb0000)]
  0x000000001fc75000 JavaThread "jar transforms Thread 17" [_thread_blocked, id=10508, stack(0x00000000259b0000,0x0000000025ab0000)]
  0x000000001fc78000 JavaThread "jar transforms Thread 16" [_thread_blocked, id=2784, stack(0x00000000258b0000,0x00000000259b0000)]
  0x000000001fc76800 JavaThread "jar transforms Thread 15" [_thread_blocked, id=13348, stack(0x00000000257b0000,0x00000000258b0000)]
  0x000000001fc77800 JavaThread "jar transforms Thread 14" [_thread_blocked, id=2936, stack(0x00000000256b0000,0x00000000257b0000)]
  0x000000001fc6f800 JavaThread "jar transforms Thread 13" [_thread_blocked, id=11752, stack(0x00000000255b0000,0x00000000256b0000)]
  0x000000001fc70800 JavaThread "jar transforms Thread 12" [_thread_blocked, id=5760, stack(0x00000000254b0000,0x00000000255b0000)]
  0x000000001fc76000 JavaThread "jar transforms Thread 11" [_thread_blocked, id=5144, stack(0x00000000253b0000,0x00000000254b0000)]
  0x0000000021671000 JavaThread "jar transforms Thread 10" [_thread_blocked, id=12004, stack(0x00000000252b0000,0x00000000253b0000)]
  0x0000000021670800 JavaThread "jar transforms Thread 9" [_thread_blocked, id=11660, stack(0x00000000251b0000,0x00000000252b0000)]
  0x000000002166f000 JavaThread "jar transforms Thread 8" [_thread_blocked, id=5220, stack(0x00000000250b0000,0x00000000251b0000)]
  0x000000002166f800 JavaThread "jar transforms Thread 7" [_thread_blocked, id=2516, stack(0x0000000024fb0000,0x00000000250b0000)]
  0x0000000021668000 JavaThread "jar transforms Thread 6" [_thread_blocked, id=12120, stack(0x0000000024eb0000,0x0000000024fb0000)]
  0x000000002166e000 JavaThread "jar transforms Thread 5" [_thread_blocked, id=12472, stack(0x0000000024db0000,0x0000000024eb0000)]
  0x0000000021666800 JavaThread "jar transforms Thread 4" [_thread_blocked, id=11964, stack(0x0000000024cb0000,0x0000000024db0000)]
  0x000000002166d800 JavaThread "jar transforms Thread 3" [_thread_blocked, id=5364, stack(0x0000000024bb0000,0x0000000024cb0000)]
  0x000000002166c800 JavaThread "jar transforms Thread 2" [_thread_blocked, id=13644, stack(0x0000000023b00000,0x0000000023c00000)]
  0x000000002166c000 JavaThread "Build operations Thread 8" [_thread_blocked, id=13968, stack(0x0000000024780000,0x0000000024880000)]
  0x0000000021667800 JavaThread "Build operations Thread 7" [_thread_blocked, id=11772, stack(0x0000000024680000,0x0000000024780000)]
  0x0000000021664800 JavaThread "Build operations Thread 6" [_thread_blocked, id=12696, stack(0x0000000024580000,0x0000000024680000)]
  0x000000002166b000 JavaThread "Build operations Thread 5" [_thread_blocked, id=12216, stack(0x0000000024480000,0x0000000024580000)]
  0x000000002166a800 JavaThread "Build operations Thread 4" [_thread_blocked, id=10604, stack(0x0000000024380000,0x0000000024480000)]
  0x0000000021669000 JavaThread "Build operations Thread 3" [_thread_blocked, id=1524, stack(0x0000000024280000,0x0000000024380000)]
  0x0000000021665000 JavaThread "Build operations Thread 2" [_thread_blocked, id=14124, stack(0x0000000024180000,0x0000000024280000)]
  0x0000000021666000 JavaThread "Build operations" [_thread_blocked, id=3012, stack(0x0000000024080000,0x0000000024180000)]
  0x000000001bf24000 JavaThread "Cache worker for file content cache (C:\Users\Ankit kumar\.gradle\caches\6.5\fileContent)" [_thread_blocked, id=9992, stack(0x0000000022630000,0x0000000022730000)]
  0x000000001bf23800 JavaThread "jar transforms" [_thread_blocked, id=14064, stack(0x0000000022530000,0x0000000022630000)]
  0x000000001bf22800 JavaThread "Cache worker for execution history cache (C:\Users\Ankit kumar\.gradle\caches\6.5\executionHistory)" [_thread_blocked, id=14020, stack(0x0000000021e30000,0x0000000021f30000)]
  0x000000001bf1f800 JavaThread "Cache worker for cache directory md-rule (C:\Users\Ankit kumar\.gradle\caches\6.5\md-rule)" [_thread_blocked, id=3740, stack(0x0000000021d30000,0x0000000021e30000)]
  0x000000001bf21000 JavaThread "Cache worker for cache directory md-supplier (C:\Users\Ankit kumar\.gradle\caches\6.5\md-supplier)" [_thread_blocked, id=7244, stack(0x0000000020b80000,0x0000000020c80000)]
  0x000000001bf1f000 JavaThread "Cache worker for checksums cache (C:\Users\Ankit kumar\AndroidStudioProjects\BookStore\.gradle\checksums)" [_thread_blocked, id=11644, stack(0x00000000207d0000,0x00000000208d0000)]
  0x000000001bf1e000 JavaThread "Cache worker for file hash cache (C:\Users\Ankit kumar\AndroidStudioProjects\BookStore\.gradle\6.5\fileHashes)" [_thread_blocked, id=12780, stack(0x000000001e300000,0x000000001e400000)]
  0x000000001bf20800 JavaThread "Cache worker for file hash cache (C:\Users\Ankit kumar\.gradle\caches\6.5\fileHashes)" [_thread_blocked, id=12896, stack(0x000000001e200000,0x000000001e300000)]
  0x000000001bf22000 JavaThread "File lock request listener" [_thread_in_native, id=32, stack(0x000000001e100000,0x000000001e200000)]
  0x000000001c196000 JavaThread "Cache worker for journal cache (C:\Users\Ankit kumar\.gradle\caches\journal-1)" [_thread_blocked, id=9736, stack(0x000000001e000000,0x000000001e100000)]
  0x000000001bd87000 JavaThread "Thread-9" [_thread_blocked, id=7192, stack(0x000000001dd00000,0x000000001de00000)]
  0x000000001bcca800 JavaThread "Stdin handler" [_thread_blocked, id=1548, stack(0x000000001dc00000,0x000000001dd00000)]
  0x000000001a2e4800 JavaThread "Asynchronous log dispatcher for DefaultDaemonConnection: socket connection from /127.0.0.1:52086 to /127.0.0.1:52087" [_thread_blocked, id=7700, stack(0x000000001db00000,0x000000001dc00000)]
  0x000000001b368000 JavaThread "Daemon worker" [_thread_blocked, id=10332, stack(0x000000001da00000,0x000000001db00000)]
  0x000000001a2e8800 JavaThread "Cancel handler" [_thread_blocked, id=10500, stack(0x000000001d900000,0x000000001da00000)]
  0x000000001a4a2000 JavaThread "Handler for socket connection from /127.0.0.1:52086 to /127.0.0.1:52087" [_thread_in_native, id=9828, stack(0x000000001d800000,0x000000001d900000)]
  0x000000001bc46800 JavaThread "Daemon" [_thread_blocked, id=6816, stack(0x000000001d700000,0x000000001d800000)]
  0x000000001a582800 JavaThread "Daemon periodic checks" [_thread_blocked, id=6308, stack(0x000000001d400000,0x000000001d500000)]
  0x000000001a58a800 JavaThread "Incoming local TCP Connector on port 52086" [_thread_in_native, id=12752, stack(0x000000001d1c0000,0x000000001d2c0000)]
  0x000000001bb31000 JavaThread "Daemon health stats" [_thread_blocked, id=7560, stack(0x000000001cb80000,0x000000001cc80000)]
  0x00000000193ac800 JavaThread "Service Thread" daemon [_thread_blocked, id=236, stack(0x0000000019fe0000,0x000000001a0e0000)]
  0x0000000019320800 JavaThread "C1 CompilerThread3" daemon [_thread_in_native, id=1208, stack(0x0000000019ee0000,0x0000000019fe0000)]
  0x0000000019318800 JavaThread "C2 CompilerThread2" daemon [_thread_in_native, id=11688, stack(0x0000000019de0000,0x0000000019ee0000)]
  0x0000000019314800 JavaThread "C2 CompilerThread1" daemon [_thread_in_native, id=5668, stack(0x0000000019ce0000,0x0000000019de0000)]
=>0x0000000019311800 JavaThread "C2 CompilerThread0" daemon [_thread_in_native, id=11624, stack(0x0000000019be0000,0x0000000019ce0000)]
  0x0000000019310000 JavaThread "Attach Listener" daemon [_thread_blocked, id=3968, stack(0x0000000019ae0000,0x0000000019be0000)]
  0x000000001930f000 JavaThread "Signal Dispatcher" daemon [_thread_blocked, id=8188, stack(0x00000000199e0000,0x0000000019ae0000)]
  0x000000000246e000 JavaThread "Finalizer" daemon [_thread_blocked, id=14016, stack(0x00000000197e0000,0x00000000198e0000)]
  0x0000000002467000 JavaThread "Reference Handler" daemon [_thread_blocked, id=3688, stack(0x00000000196e0000,0x00000000197e0000)]
  0x000000000236e800 JavaThread "main" [_thread_blocked, id=13156, stack(0x0000000002200000,0x0000000002300000)]

Other Threads:
  0x00000000174d6000 VMThread [stack: 0x00000000191e0000,0x00000000192e0000] [id=10424]
  0x00000000193ad000 WatcherThread [stack: 0x000000001a0e0000,0x000000001a1e0000] [id=6660]

VM state:not at safepoint (normal execution)

VM Mutex/Monitor currently owned by a thread: None

heap address: 0x0000000080000000, size: 2048 MB, Compressed Oops mode: 32-bit
Narrow klass base: 0x0000000000000000, Narrow klass shift: 3
Compressed class space size: 1073741824 Address: 0x0000000100000000

Heap:
 PSYoungGen      total 238592K, used 50413K [0x00000000d5580000, 0x00000000e7980000, 0x0000000100000000)
  eden space 216576K, 13% used [0x00000000d5580000,0x00000000d7142028,0x00000000e2900000)
  from space 22016K, 99% used [0x00000000e4a80000,0x00000000e5ff9740,0x00000000e6000000)
  to   space 34304K, 0% used [0x00000000e2900000,0x00000000e2900000,0x00000000e4a80000)
 ParOldGen       total 130048K, used 57626K [0x0000000080000000, 0x0000000087f00000, 0x00000000d5580000)
  object space 130048K, 44% used [0x0000000080000000,0x0000000083846a58,0x0000000087f00000)
 Metaspace       used 70685K, capacity 74062K, committed 74264K, reserved 1114112K
  class space    used 9589K, capacity 10234K, committed 10288K, reserved 1048576K

Card table byte_map: [0x0000000011830000,0x0000000011c40000] byte_map_base: 0x0000000011430000

Marking Bits: (ParMarkBitMap*) 0x00000000664ef030
 Begin Bits: [0x00000000126f0000, 0x00000000146f0000)
 End Bits:   [0x00000000146f0000, 0x00000000166f0000)

Polling page: 0x0000000000980000

CodeCache: size=245760Kb used=24521Kb max_used=25482Kb free=221238Kb
 bounds [0x0000000002470000, 0x0000000003d70000, 0x0000000011470000]
 total_blobs=8493 nmethods=7581 adapters=824
 compilation: enabled

Compilation events (10 events):
Event: 13.953 Thread 0x0000000019320800 8923       3       org.gradle.internal.operations.DefaultBuildOperationExecutor$CallableBuildOperationWorker::<init> (5 bytes)
Event: 13.953 Thread 0x0000000019320800 nmethod 8923 0x00000000039c2690 code [0x00000000039c2800, 0x00000000039c2a10]
Event: 13.953 Thread 0x0000000019320800 8924       3       org.gradle.internal.operations.DefaultBuildOperationExecutor$CallableBuildOperationWorker::<init> (5 bytes)
Event: 13.953 Thread 0x0000000019320800 nmethod 8924 0x0000000003a324d0 code [0x0000000003a32620, 0x0000000003a327d0]
Event: 13.953 Thread 0x0000000019320800 8925       3       org.gradle.internal.operations.DefaultBuildOperationExecutor$CallableBuildOperationWorker::execute (10 bytes)
Event: 13.954 Thread 0x0000000019320800 nmethod 8925 0x00000000026f1bd0 code [0x00000000026f1d40, 0x00000000026f20e8]
Event: 13.954 Thread 0x0000000019320800 8926       3       org.gradle.internal.operations.DefaultBuildOperationExecutor$CallableBuildOperationWorker::execute (12 bytes)
Event: 13.954 Thread 0x0000000019320800 nmethod 8926 0x0000000003878990 code [0x0000000003878b00, 0x0000000003878d48]
Event: 13.955 Thread 0x0000000019320800 8927       3       com.google.common.collect.ImmutableList$Builder::add (34 bytes)
Event: 13.955 Thread 0x0000000019320800 nmethod 8927 0x00000000028b23d0 code [0x00000000028b2560, 0x00000000028b29b8]

GC Heap History (10 events):
Event: 8.224 GC heap before
{Heap before GC invocations=13 (full 2):
 PSYoungGen      total 169984K, used 165660K [0x00000000d5580000, 0x00000000e0800000, 0x0000000100000000)
  eden space 157184K, 100% used [0x00000000d5580000,0x00000000def00000,0x00000000def00000)
  from space 12800K, 66% used [0x00000000dfb80000,0x00000000e03c70c8,0x00000000e0800000)
  to   space 12800K, 0% used [0x00000000def00000,0x00000000def00000,0x00000000dfb80000)
 ParOldGen       total 84992K, used 18159K [0x0000000080000000, 0x0000000085300000, 0x00000000d5580000)
  object space 84992K, 21% used [0x0000000080000000,0x00000000811bbe60,0x0000000085300000)
 Metaspace       used 52364K, capacity 54510K, committed 54568K, reserved 1095680K
  class space    used 6986K, capacity 7435K, committed 7472K, reserved 1048576K
Event: 8.241 GC heap after
Heap after GC invocations=13 (full 2):
 PSYoungGen      total 169984K, used 12780K [0x00000000d5580000, 0x00000000e3680000, 0x0000000100000000)
  eden space 157184K, 0% used [0x00000000d5580000,0x00000000d5580000,0x00000000def00000)
  from space 12800K, 99% used [0x00000000def00000,0x00000000dfb7b310,0x00000000dfb80000)
  to   space 18432K, 0% used [0x00000000e2480000,0x00000000e2480000,0x00000000e3680000)
 ParOldGen       total 84992K, used 29108K [0x0000000080000000, 0x0000000085300000, 0x00000000d5580000)
  object space 84992K, 34% used [0x0000000080000000,0x0000000081c6d1d0,0x0000000085300000)
 Metaspace       used 52364K, capacity 54510K, committed 54568K, reserved 1095680K
  class space    used 6986K, capacity 7435K, committed 7472K, reserved 1048576K
}
Event: 8.925 GC heap before
{Heap before GC invocations=14 (full 2):
 PSYoungGen      total 169984K, used 69359K [0x00000000d5580000, 0x00000000e3680000, 0x0000000100000000)
  eden space 157184K, 35% used [0x00000000d5580000,0x00000000d8cc0cc0,0x00000000def00000)
  from space 12800K, 99% used [0x00000000def00000,0x00000000dfb7b310,0x00000000dfb80000)
  to   space 18432K, 0% used [0x00000000e2480000,0x00000000e2480000,0x00000000e3680000)
 ParOldGen       total 84992K, used 29108K [0x0000000080000000, 0x0000000085300000, 0x00000000d5580000)
  object space 84992K, 34% used [0x0000000080000000,0x0000000081c6d1d0,0x0000000085300000)
 Metaspace       used 56814K, capacity 59046K, committed 59160K, reserved 1099776K
  class space    used 7703K, capacity 8166K, committed 8240K, reserved 1048576K
Event: 8.947 GC heap after
Heap after GC invocations=14 (full 2):
 PSYoungGen      total 210432K, used 15118K [0x00000000d5580000, 0x00000000e3d80000, 0x0000000100000000)
  eden space 192000K, 0% used [0x00000000d5580000,0x00000000d5580000,0x00000000e1100000)
  from space 18432K, 82% used [0x00000000e2480000,0x00000000e3343ac0,0x00000000e3680000)
  to   space 19968K, 0% used [0x00000000e1100000,0x00000000e1100000,0x00000000e2480000)
 ParOldGen       total 84992K, used 33846K [0x0000000080000000, 0x0000000085300000, 0x00000000d5580000)
  object space 84992K, 39% used [0x0000000080000000,0x000000008210dae0,0x0000000085300000)
 Metaspace       used 56814K, capacity 59046K, committed 59160K, reserved 1099776K
  class space    used 7703K, capacity 8166K, committed 8240K, reserved 1048576K
}
Event: 8.947 GC heap before
{Heap before GC invocations=15 (full 3):
 PSYoungGen      total 210432K, used 15118K [0x00000000d5580000, 0x00000000e3d80000, 0x0000000100000000)
  eden space 192000K, 0% used [0x00000000d5580000,0x00000000d5580000,0x00000000e1100000)
  from space 18432K, 82% used [0x00000000e2480000,0x00000000e3343ac0,0x00000000e3680000)
  to   space 19968K, 0% used [0x00000000e1100000,0x00000000e1100000,0x00000000e2480000)
 ParOldGen       total 84992K, used 33846K [0x0000000080000000, 0x0000000085300000, 0x00000000d5580000)
  object space 84992K, 39% used [0x0000000080000000,0x000000008210dae0,0x0000000085300000)
 Metaspace       used 56814K, capacity 59046K, committed 59160K, reserved 1099776K
  class space    used 7703K, capacity 8166K, committed 8240K, reserved 1048576K
Event: 9.183 GC heap after
Heap after GC invocations=15 (full 3):
 PSYoungGen      total 210432K, used 0K [0x00000000d5580000, 0x00000000e3d80000, 0x0000000100000000)
  eden space 192000K, 0% used [0x00000000d5580000,0x00000000d5580000,0x00000000e1100000)
  from space 18432K, 0% used [0x00000000e2480000,0x00000000e2480000,0x00000000e3680000)
  to   space 19968K, 0% used [0x00000000e1100000,0x00000000e1100000,0x00000000e2480000)
 ParOldGen       total 130048K, used 33859K [0x0000000080000000, 0x0000000087f00000, 0x00000000d5580000)
  object space 130048K, 26% used [0x0000000080000000,0x0000000082110de0,0x0000000087f00000)
 Metaspace       used 56766K, capacity 58884K, committed 59160K, reserved 1099776K
  class space    used 7689K, capacity 8139K, committed 8240K, reserved 1048576K
}
Event: 11.383 GC heap before
{Heap before GC invocations=16 (full 3):
 PSYoungGen      total 210432K, used 192000K [0x00000000d5580000, 0x00000000e3d80000, 0x0000000100000000)
  eden space 192000K, 100% used [0x00000000d5580000,0x00000000e1100000,0x00000000e1100000)
  from space 18432K, 0% used [0x00000000e2480000,0x00000000e2480000,0x00000000e3680000)
  to   space 19968K, 0% used [0x00000000e1100000,0x00000000e1100000,0x00000000e2480000)
 ParOldGen       total 130048K, used 33859K [0x0000000080000000, 0x0000000087f00000, 0x00000000d5580000)
  object space 130048K, 26% used [0x0000000080000000,0x0000000082110de0,0x0000000087f00000)
 Metaspace       used 66047K, capacity 69268K, committed 69400K, reserved 1110016K
  class space    used 9115K, capacity 9743K, committed 9776K, reserved 1048576K
Event: 11.404 GC heap after
Heap after GC invocations=16 (full 3):
 PSYoungGen      total 211968K, used 17897K [0x00000000d5580000, 0x00000000e6000000, 0x0000000100000000)
  eden space 192000K, 0% used [0x00000000d5580000,0x00000000d5580000,0x00000000e1100000)
  from space 19968K, 89% used [0x00000000e1100000,0x00000000e227a4f8,0x00000000e2480000)
  to   space 22016K, 0% used [0x00000000e4a80000,0x00000000e4a80000,0x00000000e6000000)
 ParOldGen       total 130048K, used 33867K [0x0000000080000000, 0x0000000087f00000, 0x00000000d5580000)
  object space 130048K, 26% used [0x0000000080000000,0x0000000082112de0,0x0000000087f00000)
 Metaspace       used 66047K, capacity 69268K, committed 69400K, reserved 1110016K
  class space    used 9115K, capacity 9743K, committed 9776K, reserved 1048576K
}
Event: 13.411 GC heap before
{Heap before GC invocations=17 (full 3):
 PSYoungGen      total 211968K, used 209897K [0x00000000d5580000, 0x00000000e6000000, 0x0000000100000000)
  eden space 192000K, 100% used [0x00000000d5580000,0x00000000e1100000,0x00000000e1100000)
  from space 19968K, 89% used [0x00000000e1100000,0x00000000e227a4f8,0x00000000e2480000)
  to   space 22016K, 0% used [0x00000000e4a80000,0x00000000e4a80000,0x00000000e6000000)
 ParOldGen       total 130048K, used 33867K [0x0000000080000000, 0x0000000087f00000, 0x00000000d5580000)
  object space 130048K, 26% used [0x0000000080000000,0x0000000082112de0,0x0000000087f00000)
 Metaspace       used 70333K, capacity 73766K, committed 74008K, reserved 1114112K
  class space    used 9552K, capacity 10190K, committed 10288K, reserved 1048576K
Event: 13.457 GC heap after
Heap after GC invocations=17 (full 3):
 PSYoungGen      total 238592K, used 21989K [0x00000000d5580000, 0x00000000e7980000, 0x0000000100000000)
  eden space 216576K, 0% used [0x00000000d5580000,0x00000000d5580000,0x00000000e2900000)
  from space 22016K, 99% used [0x00000000e4a80000,0x00000000e5ff9740,0x00000000e6000000)
  to   space 34304K, 0% used [0x00000000e2900000,0x00000000e2900000,0x00000000e4a80000)
 ParOldGen       total 130048K, used 57626K [0x0000000080000000, 0x0000000087f00000, 0x00000000d5580000)
  object space 130048K, 44% used [0x0000000080000000,0x0000000083846a58,0x0000000087f00000)
 Metaspace       used 70333K, capacity 73766K, committed 74008K, reserved 1114112K
  class space    used 9552K, capacity 10190K, committed 10288K, reserved 1048576K
}

Deoptimization events (10 events):
Event: 13.282 Thread 0x000000001b368000 Uncommon trap: reason=class_check action=maybe_recompile pc=0x0000000003c4d5b0 method=com.sun.org.apache.xerces.internal.dom.ElementImpl.getAttributes()Lorg/w3c/dom/NamedNodeMap; @ 8
Event: 13.307 Thread 0x000000001b368000 Uncommon trap: reason=null_check action=make_not_entrant pc=0x0000000003c18f84 method=com.sun.org.apache.xerces.internal.dom.NamedNodeMapImpl.findNamePoint(Ljava/lang/String;Ljava/lang/String;)I @ 105
Event: 13.368 Thread 0x000000001b368000 Uncommon trap: reason=unstable_if action=reinterpret pc=0x0000000003b67f38 method=com.android.utils.XmlUtils.toXmlAttributeValue(Ljava/lang/String;)Ljava/lang/String; @ 33
Event: 13.392 Thread 0x000000001b368000 Uncommon trap: reason=unstable_if action=reinterpret pc=0x0000000003d18eec method=com.android.utils.XmlUtils.append(Lcom/android/utils/XmlUtils$PositionAwareStringBuilder;Lorg/w3c/dom/Node;Ljava/util/Map;Ljava/util/Set;)V @ 540
Event: 13.948 Thread 0x000000001bd87000 Uncommon trap: reason=class_check action=maybe_recompile pc=0x0000000003ab0f80 method=java.io.ObjectOutputStream$BlockDataOutputStream.write([BIIZ)V @ 23
Event: 13.951 Thread 0x000000001bd87000 Uncommon trap: reason=class_check action=maybe_recompile pc=0x0000000003ab0f80 method=java.io.ObjectOutputStream$BlockDataOutputStream.write([BIIZ)V @ 23
Event: 13.951 Thread 0x000000001bd87000 Uncommon trap: reason=class_check action=maybe_recompile pc=0x00000000038a3acc method=java.io.ObjectOutputStream$BlockDataOutputStream.write([BIIZ)V @ 23
Event: 13.951 Thread 0x000000001bd87000 Uncommon trap: reason=class_check action=maybe_recompile pc=0x0000000003ab0f80 method=java.io.ObjectOutputStream$BlockDataOutputStream.write([BIIZ)V @ 23
Event: 13.951 Thread 0x000000001bd87000 Uncommon trap: reason=class_check action=maybe_recompile pc=0x00000000038a3acc method=java.io.ObjectOutputStream$BlockDataOutputStream.write([BIIZ)V @ 23
Event: 13.951 Thread 0x000000001bd87000 Uncommon trap: reason=class_check action=maybe_recompile pc=0x0000000003ab0f80 method=java.io.ObjectOutputStream$BlockDataOutputStream.write([BIIZ)V @ 23

Classes redefined (0 events):
No events

Internal exceptions (10 events):
Event: 12.440 Thread 0x000000001b368000 Exception <a 'java/lang/NoSuchMethodError': <clinit>> (0x00000000dc6e34f8) thrown at [C:\src\AOSP-openjdk-git\hotspot\src\share\vm\prims\jni.cpp, line 1615]
Event: 12.553 Thread 0x000000001ea13000 Exception <a 'java/io/FileNotFoundException'> (0x00000000dd10bd70) thrown at [C:\src\AOSP-openjdk-git\hotspot\src\share\vm\prims\jni.cpp, line 710]
Event: 12.583 Thread 0x000000001ea13000 Exception <a 'java/io/FileNotFoundException'> (0x00000000dd39ad70) thrown at [C:\src\AOSP-openjdk-git\hotspot\src\share\vm\prims\jni.cpp, line 710]
Event: 12.798 Thread 0x000000001b368000 Implicit null exception at 0x0000000003c19617 to 0x0000000003c19999
Event: 13.307 Thread 0x000000001b368000 Implicit null exception at 0x0000000003c185ab to 0x0000000003c18f54
Event: 13.392 Thread 0x000000001b368000 Implicit null exception at 0x0000000003d1a7ec to 0x0000000003d18ed1
Event: 13.583 Thread 0x000000001b368000 Exception <a 'java/lang/NoSuchMethodError': <clinit>> (0x00000000d5b69888) thrown at [C:\src\AOSP-openjdk-git\hotspot\src\share\vm\prims\jni.cpp, line 1615]
Event: 13.584 Thread 0x000000001b368000 Exception <a 'java/lang/NoSuchMethodError': <clinit>> (0x00000000d5b7d5d8) thrown at [C:\src\AOSP-openjdk-git\hotspot\src\share\vm\prims\jni.cpp, line 1615]
Event: 13.585 Thread 0x000000001b368000 Exception <a 'java/lang/NoSuchMethodError': <clinit>> (0x00000000d5fcf5b8) thrown at [C:\src\AOSP-openjdk-git\hotspot\src\share\vm\prims\jni.cpp, line 1615]
Event: 13.592 Thread 0x000000001b368000 Exception <a 'java/lang/NoSuchMethodError': <clinit>> (0x00000000d6062e18) thrown at [C:\src\AOSP-openjdk-git\hotspot\src\share\vm\prims\jni.cpp, line 1615]

Events (10 events):
Event: 13.951 Thread 0x000000001bd87000 Uncommon trap: trap_request=0xffffffde fr.pc=0x00000000038a3acc
Event: 13.951 Thread 0x000000001bd87000 DEOPT PACKING pc=0x00000000038a3acc sp=0x000000001ddfd4c0
Event: 13.951 Thread 0x000000001bd87000 DEOPT UNPACKING pc=0x00000000024b557b sp=0x000000001ddfd400 mode 2
Event: 13.951 Thread 0x000000001bd87000 Uncommon trap: trap_request=0xffffffde fr.pc=0x0000000003ab0f80
Event: 13.951 Thread 0x000000001bd87000 DEOPT PACKING pc=0x0000000003ab0f80 sp=0x000000001ddfe130
Event: 13.951 Thread 0x000000001bd87000 DEOPT UNPACKING pc=0x00000000024b557b sp=0x000000001ddfe008 mode 2
Event: 13.958 Executing VM operation: RevokeBias
Event: 13.959 Executing VM operation: RevokeBias done
Event: 13.960 Executing VM operation: RevokeBias
Event: 13.960 Executing VM operation: RevokeBias done


Dynamic libraries:
0x00007ff73efb0000 - 0x00007ff73efe1000 	C:\Program Files\Android\Android Studio1\jre\bin\java.exe
0x00007ff8805b0000 - 0x00007ff8807a5000 	C:\WINDOWS\SYSTEM32\ntdll.dll
0x00007ff880400000 - 0x00007ff8804bd000 	C:\WINDOWS\System32\KERNEL32.DLL
0x00007ff87df10000 - 0x00007ff87e1d8000 	C:\WINDOWS\System32\KERNELBASE.dll
0x00007ff87ed00000 - 0x00007ff87edac000 	C:\WINDOWS\System32\ADVAPI32.dll
0x00007ff87f9b0000 - 0x00007ff87fa4e000 	C:\WINDOWS\System32\msvcrt.dll
0x00007ff880230000 - 0x00007ff8802cb000 	C:\WINDOWS\System32\sechost.dll
0x00007ff87e720000 - 0x00007ff87e84b000 	C:\WINDOWS\System32\RPCRT4.dll
0x00007ff87ef30000 - 0x00007ff87f0d0000 	C:\WINDOWS\System32\USER32.dll
0x00007ff87dde0000 - 0x00007ff87de02000 	C:\WINDOWS\System32\win32u.dll
0x00007ff87ec70000 - 0x00007ff87ec9a000 	C:\WINDOWS\System32\GDI32.dll
0x00007ff87e350000 - 0x00007ff87e45b000 	C:\WINDOWS\System32\gdi32full.dll
0x00007ff87dcf0000 - 0x00007ff87dd8d000 	C:\WINDOWS\System32\msvcp_win.dll
0x00007ff87de10000 - 0x00007ff87df10000 	C:\WINDOWS\System32\ucrtbase.dll
0x00007ff863620000 - 0x00007ff8638ba000 	C:\WINDOWS\WinSxS\amd64_microsoft.windows.common-controls_6595b64144ccf1df_6.0.19041.1052_none_60b8f8fd71f5e8cb\COMCTL32.dll
0x00007ff87ec30000 - 0x00007ff87ec60000 	C:\WINDOWS\System32\IMM32.DLL
0x0000000066ae0000 - 0x0000000066bb2000 	C:\Program Files\Android\Android Studio1\jre\jre\bin\msvcr100.dll
0x0000000065d20000 - 0x000000006656b000 	C:\Program Files\Android\Android Studio1\jre\jre\bin\server\jvm.dll
0x00007ff87ebb0000 - 0x00007ff87ebb8000 	C:\WINDOWS\System32\PSAPI.DLL
0x00007ff875130000 - 0x00007ff875139000 	C:\WINDOWS\SYSTEM32\WSOCK32.dll
0x00007ff873670000 - 0x00007ff87367a000 	C:\WINDOWS\SYSTEM32\VERSION.dll
0x00007ff863a70000 - 0x00007ff863a97000 	C:\WINDOWS\SYSTEM32\WINMM.dll
0x00007ff87ebc0000 - 0x00007ff87ec2b000 	C:\WINDOWS\System32\WS2_32.dll
0x00007ff873380000 - 0x00007ff87338f000 	C:\Program Files\Android\Android Studio1\jre\jre\bin\verify.dll
0x00007ff872950000 - 0x00007ff872979000 	C:\Program Files\Android\Android Studio1\jre\jre\bin\java.dll
0x00007ff873360000 - 0x00007ff873376000 	C:\Program Files\Android\Android Studio1\jre\jre\bin\zip.dll
0x00007ff87f160000 - 0x00007ff87f89f000 	C:\WINDOWS\System32\SHELL32.dll
0x00007ff878ce0000 - 0x00007ff879470000 	C:\WINDOWS\SYSTEM32\windows.storage.dll
0x00007ff87fed0000 - 0x00007ff880225000 	C:\WINDOWS\System32\combase.dll
0x00007ff87d760000 - 0x00007ff87d78c000 	C:\WINDOWS\SYSTEM32\Wldp.dll
0x00007ff8804c0000 - 0x00007ff88056e000 	C:\WINDOWS\System32\SHCORE.dll
0x00007ff87eca0000 - 0x00007ff87ecf5000 	C:\WINDOWS\System32\shlwapi.dll
0x00007ff87dc30000 - 0x00007ff87dc4f000 	C:\WINDOWS\SYSTEM32\profapi.dll
0x00007ff8723d0000 - 0x00007ff8723ea000 	C:\Program Files\Android\Android Studio1\jre\jre\bin\net.dll
0x00007ff87d4d0000 - 0x00007ff87d53a000 	C:\WINDOWS\system32\mswsock.dll
0x00007ff862bf0000 - 0x00007ff862c03000 	C:\Program Files\Android\Android Studio1\jre\jre\bin\nio.dll
0x00007ff862b70000 - 0x00007ff862b97000 	C:\Users\Ankit kumar\.gradle\native\f6784746aeab05261644944871eae4fe03e0ef1612fff0a4a95f87b438bc6780\windows-amd64\native-platform.dll
0x00007ff873330000 - 0x00007ff87333d000 	C:\Program Files\Android\Android Studio1\jre\jre\bin\management.dll
0x00007ff87d6a0000 - 0x00007ff87d6b8000 	C:\WINDOWS\SYSTEM32\CRYPTSP.dll
0x00007ff87ce00000 - 0x00007ff87ce34000 	C:\WINDOWS\system32\rsaenh.dll
0x00007ff87e1e0000 - 0x00007ff87e207000 	C:\WINDOWS\System32\bcrypt.dll
0x00007ff87dbf0000 - 0x00007ff87dc1e000 	C:\WINDOWS\SYSTEM32\USERENV.dll
0x00007ff87e210000 - 0x00007ff87e293000 	C:\WINDOWS\System32\bcryptprimitives.dll
0x00007ff87d6c0000 - 0x00007ff87d6cc000 	C:\WINDOWS\SYSTEM32\CRYPTBASE.dll
0x00007ff87d170000 - 0x00007ff87d1ab000 	C:\WINDOWS\SYSTEM32\IPHLPAPI.DLL
0x00007ff87ec60000 - 0x00007ff87ec68000 	C:\WINDOWS\System32\NSI.dll
0x00007ff8727b0000 - 0x00007ff8727c7000 	C:\WINDOWS\SYSTEM32\dhcpcsvc6.DLL
0x00007ff872600000 - 0x00007ff87261d000 	C:\WINDOWS\SYSTEM32\dhcpcsvc.DLL
0x00007ff87d1c0000 - 0x00007ff87d28c000 	C:\WINDOWS\SYSTEM32\DNSAPI.dll
0x00007ff872620000 - 0x00007ff87262b000 	C:\WINDOWS\SYSTEM32\WINNSI.DLL
0x00007ff8545c0000 - 0x00007ff85475c000 	C:\Program Files\Android\Android Studio1\jre\jre\bin\awt.dll
0x00007ff87ea00000 - 0x00007ff87eacd000 	C:\WINDOWS\System32\OLEAUT32.dll
0x00007ff8783b0000 - 0x00007ff8783df000 	C:\WINDOWS\SYSTEM32\dwmapi.dll
0x00007ff876bf0000 - 0x00007ff8771b0000 	C:\WINDOWS\SYSTEM32\d2d1.dll
0x00007ff878000000 - 0x00007ff878090000 	C:\WINDOWS\SYSTEM32\apphelp.dll
0x00007ff8781e0000 - 0x00007ff87827e000 	C:\WINDOWS\system32\uxtheme.dll

VM Arguments:
jvm_args: -Xmx2048m -Dfile.encoding=UTF-8 -Duser.country=IN -Duser.language=en -Duser.variant 
java_command: org.gradle.launcher.daemon.bootstrap.GradleDaemon 6.5
java_class_path (initial): C:\Users\Ankit kumar\.gradle\wrapper\dists\gradle-6.5-bin\6nifqtx7604sqp1q6g8wikw7p\gradle-6.5\lib\gradle-launcher-6.5.jar
Launcher Type: SUN_STANDARD

Environment Variables:
PATH=C:\Users\Ankit kumar\AppData\Local\Android\Sdk\platform-tools;C:\Windows;C:\Windows\System32\Wbem;C:\Windows\System32\WindowsPowerShell\v1.0\;C:\Windows\System32\OpenSSH\;C:\Program Files (x86)\NVIDIA Corporation\PhysX\Common;C:\Program Files\Intel\WiFi\bin\;C:\Program Files\Common Files\Intel\WirelessCommon\;C:\Program Files\Java\jdk-11.0.5\bin;C:\WINDOWS\system32;C:\WINDOWS;C:\WINDOWS\System32\Wbem;C:\WINDOWS\System32\WindowsPowerShell\v1.0\;C:\WINDOWS\System32\OpenSSH\;C:\Program Files\PuTTY\;C:\Program Files\Git\cmd;C:\Users\Ankit kumar\AppData\Local\Microsoft\WindowsApps;C:\Users\Ankit kumar\AppData\Local\GitHubDesktop\bin
USERNAME=Ankit kumar
OS=Windows_NT
PROCESSOR_IDENTIFIER=Intel64 Family 6 Model 142 Stepping 12, GenuineIntel



---------------  S Y S T E M  ---------------

OS: Windows 10.0 , 64 bit Build 19041 (10.0.19041.1023)

CPU:total 8 (initial active 8) (4 cores per cpu, 2 threads per core) family 6 model 142 stepping 12, cmov, cx8, fxsr, mmx, sse, sse2, sse3, ssse3, sse4.1, sse4.2, popcnt, avx, avx2, aes, clmul, erms, 3dnowpref, lzcnt, ht, tsc, tscinvbit, bmi1, bmi2, adx

Memory: 4k page, physical 8236416k(1226344k free), swap 8236416k(5120k free)

vm_info: OpenJDK 64-Bit Server VM (25.242-b01) for windows-amd64 JRE (1.8.0_242-release-1644-b01), built by "builder" with MS VC++ 10.0 (VS2010)

time: Mon Jun 21 16:47:05 2021
timezone: India Standard Time
elapsed time: 13 seconds (0d 0h 0m 13s)

