#
# There is insufficient memory for the Java Runtime Environment to continue.
# Native memory allocation (malloc) failed to allocate 1036896 bytes for Chunk::new
# Possible reasons:
#   The system is out of physical RAM or swap space
#   The process is running with CompressedOops enabled, and the Java Heap may be blocking the growth of the native heap
# Possible solutions:
#   Reduce memory load on the system
#   Increase physical memory or swap space
#   Check if swap backing store is full
#   Decrease Java heap size (-Xmx/-Xms)
#   Decrease number of Java threads
#   Decrease Java thread stack sizes (-Xss)
#   Set larger code cache with -XX:ReservedCodeCacheSize=
#   JVM is running with Unscaled Compressed Oops mode in which the Java heap is
#     placed in the first 4GB address space. The Java Heap base address is the
#     maximum limit for the native heap growth. Please use -XX:HeapBaseMinAddress
#     to set the Java Heap base and to place the Java Heap above 4GB virtual address.
# This output file may be truncated or incomplete.
#
#  Out of Memory Error (allocation.cpp:389), pid=12284, tid=0x0000000000000554
#
# JRE version: OpenJDK Runtime Environment (8.0_242-b01) (build 1.8.0_242-release-1644-b01)
# Java VM: OpenJDK 64-Bit Server VM (25.242-b01 mixed mode windows-amd64 compressed oops)
# Failed to write core dump. Minidumps are not enabled by default on client versions of Windows
#

---------------  T H R E A D  ---------------

Current thread (0x0000000019b9e000):  JavaThread "C2 CompilerThread2" daemon [_thread_in_native, id=1364, stack(0x000000001a660000,0x000000001a760000)]

Stack: [0x000000001a660000,0x000000001a760000]
[error occurred during error reporting (printing stack bounds), id 0xc0000005]

Native frames: (J=compiled Java code, j=interpreted, Vv=VM code, C=native code)


Current CompileTask:
C2:  14871 8803   !   4       java.io.ObjectOutputStream::writeObject0 (619 bytes)


---------------  P R O C E S S  ---------------

Java Threads: ( => current thread )
  0x000000002242c800 JavaThread "stdout" [_thread_in_native, id=10744, stack(0x0000000031640000,0x0000000031740000)]
  0x000000002242e000 JavaThread "stderr" [_thread_in_native, id=10472, stack(0x0000000031540000,0x0000000031640000)]
  0x0000000022428800 JavaThread "stdout" [_thread_in_native, id=3700, stack(0x0000000031240000,0x0000000031340000)]
  0x000000002242f800 JavaThread "stderr" [_thread_in_native, id=2824, stack(0x0000000031140000,0x0000000031240000)]
  0x000000001bb1a000 JavaThread "stdout" [_thread_in_native, id=3868, stack(0x0000000030e40000,0x0000000030f40000)]
  0x000000001bb1e000 JavaThread "stderr" [_thread_in_native, id=11188, stack(0x0000000030d40000,0x0000000030e40000)]
  0x000000001bb18800 JavaThread "stdout" [_thread_in_native, id=7312, stack(0x0000000030c40000,0x0000000030d40000)]
  0x000000001bb1b000 JavaThread "stderr" [_thread_in_native, id=1084, stack(0x0000000030b40000,0x0000000030c40000)]
  0x000000001bb19800 JavaThread "stdout" [_thread_in_native, id=7612, stack(0x0000000030a40000,0x0000000030b40000)]
  0x000000001bb1d000 JavaThread "stderr" [_thread_in_native, id=11404, stack(0x0000000030940000,0x0000000030a40000)]
  0x000000001bb1c800 JavaThread "pool-2-thread-1" [_thread_blocked, id=13572, stack(0x00000000305c0000,0x00000000306c0000)]
  0x000000001bb18000 JavaThread "MarlinRenderer Disposer" daemon [_thread_blocked, id=4376, stack(0x0000000030300000,0x0000000030400000)]
  0x000000001bb0f800 JavaThread "Java2D Disposer" daemon [_thread_blocked, id=13848, stack(0x0000000030420000,0x0000000030520000)]
  0x000000001bb16800 JavaThread "WorkerExecutor Queue Thread 8" [_thread_blocked, id=11452, stack(0x0000000030000000,0x0000000030100000)]
  0x000000001bb15000 JavaThread "WorkerExecutor Queue Thread 7" [_thread_blocked, id=3244, stack(0x000000002ff00000,0x0000000030000000)]
  0x000000001bb14000 JavaThread "WorkerExecutor Queue Thread 6" [_thread_blocked, id=14224, stack(0x000000002fe00000,0x000000002ff00000)]
  0x000000001bb15800 JavaThread "WorkerExecutor Queue Thread 5" [_thread_blocked, id=11136, stack(0x000000002fd00000,0x000000002fe00000)]
  0x000000001bb13800 JavaThread "WorkerExecutor Queue Thread 4" [_thread_blocked, id=9212, stack(0x000000002fc00000,0x000000002fd00000)]
  0x000000001bb11800 JavaThread "WorkerExecutor Queue Thread 3" [_thread_blocked, id=13432, stack(0x000000002fb00000,0x000000002fc00000)]
  0x000000001bb12800 JavaThread "WorkerExecutor Queue Thread 2" [_thread_blocked, id=8244, stack(0x000000002fa00000,0x000000002fb00000)]
  0x000000001bb11000 JavaThread "WorkerExecutor Queue" [_thread_blocked, id=928, stack(0x000000002f900000,0x000000002fa00000)]
  0x000000001b252800 JavaThread "Cache worker for execution history cache (C:\Users\Ankit kumar\AndroidStudioProjects\BookStore\.gradle\6.5\executionHistory)" [_thread_blocked, id=10896, stack(0x000000002f400000,0x000000002f500000)]
  0x000000001b251000 JavaThread "Execution worker for ':' Thread 7" [_thread_blocked, id=10988, stack(0x000000002f300000,0x000000002f400000)]
  0x000000001b252000 JavaThread "Execution worker for ':' Thread 6" [_thread_blocked, id=6248, stack(0x000000002e200000,0x000000002e300000)]
  0x000000001b250800 JavaThread "Execution worker for ':' Thread 5" [_thread_blocked, id=2160, stack(0x000000002e100000,0x000000002e200000)]
  0x000000001b24c000 JavaThread "Execution worker for ':' Thread 4" [_thread_blocked, id=4824, stack(0x000000002e000000,0x000000002e100000)]
  0x000000001b24d800 JavaThread "Execution worker for ':' Thread 3" [_thread_blocked, id=3584, stack(0x000000002df00000,0x000000002e000000)]
  0x000000001b24f000 JavaThread "Execution worker for ':' Thread 2" [_thread_blocked, id=2712, stack(0x000000002de00000,0x000000002df00000)]
  0x000000001b24e000 JavaThread "Execution worker for ':'" [_thread_blocked, id=10516, stack(0x000000002dd00000,0x000000002de00000)]
  0x000000001b24b000 JavaThread "Cache worker for file content cache (C:\Users\Ankit kumar\AndroidStudioProjects\BookStore\.gradle\6.5\fileContent)" [_thread_blocked, id=2312, stack(0x000000002d800000,0x000000002d900000)]
  0x000000001b24c800 JavaThread "Memory manager" [_thread_blocked, id=7676, stack(0x000000002d700000,0x000000002d800000)]
  0x000000001b24f800 JavaThread "pool-1-thread-1" [_thread_blocked, id=12652, stack(0x000000002b630000,0x000000002b730000)]
  0x000000001b243800 JavaThread "Cache worker for Build Output Cleanup Cache (C:\Users\Ankit kumar\AndroidStudioProjects\BookStore\.gradle\buildOutputCleanup)" [_thread_blocked, id=1652, stack(0x000000002b200000,0x000000002b300000)]
  0x000000001b24a800 JavaThread "jar transforms Thread 113" [_thread_blocked, id=10948, stack(0x000000002af00000,0x000000002b000000)]
  0x000000001b249800 JavaThread "jar transforms Thread 112" [_thread_blocked, id=6396, stack(0x000000002ae00000,0x000000002af00000)]
  0x000000001b247000 JavaThread "jar transforms Thread 111" [_thread_blocked, id=12248, stack(0x000000002ad00000,0x000000002ae00000)]
  0x000000001b245000 JavaThread "jar transforms Thread 110" [_thread_blocked, id=9000, stack(0x000000002ac00000,0x000000002ad00000)]
  0x000000001b244000 JavaThread "jar transforms Thread 109" [_thread_blocked, id=11372, stack(0x000000002ab00000,0x000000002ac00000)]
  0x000000001b249000 JavaThread "jar transforms Thread 108" [_thread_blocked, id=9156, stack(0x000000002aa00000,0x000000002ab00000)]
  0x000000001b246800 JavaThread "jar transforms Thread 107" [_thread_blocked, id=6936, stack(0x000000002a900000,0x000000002aa00000)]
  0x000000001b245800 JavaThread "jar transforms Thread 106" [_thread_blocked, id=4944, stack(0x000000002a800000,0x000000002a900000)]
  0x000000001b248000 JavaThread "jar transforms Thread 105" [_thread_blocked, id=11884, stack(0x000000002a700000,0x000000002a800000)]
  0x000000001f6a2800 JavaThread "jar transforms Thread 104" [_thread_blocked, id=11572, stack(0x000000002a600000,0x000000002a700000)]
  0x000000001f69f800 JavaThread "jar transforms Thread 103" [_thread_blocked, id=5740, stack(0x000000002a500000,0x000000002a600000)]
  0x000000001f69d000 JavaThread "jar transforms Thread 102" [_thread_blocked, id=10972, stack(0x000000002a400000,0x000000002a500000)]
  0x000000001f6a3800 JavaThread "jar transforms Thread 101" [_thread_blocked, id=4728, stack(0x000000002a300000,0x000000002a400000)]
  0x000000001f6a1000 JavaThread "jar transforms Thread 100" [_thread_blocked, id=13188, stack(0x000000002a200000,0x000000002a300000)]
  0x000000001f69e800 JavaThread "jar transforms Thread 99" [_thread_blocked, id=5736, stack(0x000000002a100000,0x000000002a200000)]
  0x000000001f69e000 JavaThread "jar transforms Thread 98" [_thread_blocked, id=2596, stack(0x000000002a000000,0x000000002a100000)]
  0x000000001f6a2000 JavaThread "jar transforms Thread 97" [_thread_blocked, id=10496, stack(0x0000000029f00000,0x000000002a000000)]
  0x000000001f6a0800 JavaThread "jar transforms Thread 96" [_thread_blocked, id=6128, stack(0x0000000029e00000,0x0000000029f00000)]
  0x000000001f695800 JavaThread "jar transforms Thread 95" [_thread_blocked, id=12932, stack(0x0000000029d00000,0x0000000029e00000)]
  0x000000001f69c800 JavaThread "jar transforms Thread 94" [_thread_blocked, id=11812, stack(0x0000000029c00000,0x0000000029d00000)]
  0x000000001f695000 JavaThread "jar transforms Thread 93" [_thread_blocked, id=8996, stack(0x0000000029b00000,0x0000000029c00000)]
  0x000000001f69b800 JavaThread "jar transforms Thread 92" [_thread_blocked, id=10844, stack(0x0000000029a00000,0x0000000029b00000)]
  0x000000001f694000 JavaThread "jar transforms Thread 91" [_thread_blocked, id=13068, stack(0x0000000029900000,0x0000000029a00000)]
  0x000000001f698800 JavaThread "jar transforms Thread 90" [_thread_blocked, id=12672, stack(0x0000000029800000,0x0000000029900000)]
  0x000000001f696800 JavaThread "jar transforms Thread 89" [_thread_blocked, id=12156, stack(0x0000000029700000,0x0000000029800000)]
  0x000000001f69b000 JavaThread "jar transforms Thread 88" [_thread_blocked, id=12096, stack(0x0000000029600000,0x0000000029700000)]
  0x000000001f699800 JavaThread "jar transforms Thread 87" [_thread_blocked, id=11512, stack(0x0000000029500000,0x0000000029600000)]
  0x000000001f698000 JavaThread "jar transforms Thread 86" [_thread_blocked, id=10004, stack(0x0000000029400000,0x0000000029500000)]
  0x000000001f697000 JavaThread "jar transforms Thread 85" [_thread_blocked, id=640, stack(0x0000000029300000,0x0000000029400000)]
  0x000000001f69a000 JavaThread "jar transforms Thread 84" [_thread_blocked, id=3260, stack(0x0000000029200000,0x0000000029300000)]
  0x00000000205cb800 JavaThread "jar transforms Thread 83" [_thread_blocked, id=8404, stack(0x0000000029100000,0x0000000029200000)]
  0x00000000205cb000 JavaThread "jar transforms Thread 82" [_thread_blocked, id=13948, stack(0x0000000029000000,0x0000000029100000)]
  0x00000000205c8800 JavaThread "jar transforms Thread 81" [_thread_blocked, id=5516, stack(0x0000000028f00000,0x0000000029000000)]
  0x00000000205c8000 JavaThread "jar transforms Thread 80" [_thread_blocked, id=596, stack(0x0000000028e00000,0x0000000028f00000)]
  0x00000000205c7000 JavaThread "jar transforms Thread 79" [_thread_blocked, id=5152, stack(0x0000000028d00000,0x0000000028e00000)]
  0x00000000205ce000 JavaThread "jar transforms Thread 78" [_thread_blocked, id=3368, stack(0x0000000028c00000,0x0000000028d00000)]
  0x00000000205c9800 JavaThread "jar transforms Thread 77" [_thread_blocked, id=4496, stack(0x0000000028b00000,0x0000000028c00000)]
  0x00000000205cd000 JavaThread "jar transforms Thread 76" [_thread_blocked, id=11556, stack(0x0000000028a00000,0x0000000028b00000)]
  0x00000000205c6800 JavaThread "jar transforms Thread 75" [_thread_blocked, id=240, stack(0x0000000028900000,0x0000000028a00000)]
  0x00000000205c5800 JavaThread "jar transforms Thread 74" [_thread_blocked, id=11208, stack(0x0000000028800000,0x0000000028900000)]
  0x00000000205ca000 JavaThread "jar transforms Thread 73" [_thread_blocked, id=8888, stack(0x0000000028700000,0x0000000028800000)]
  0x00000000205cc800 JavaThread "jar transforms Thread 72" [_thread_blocked, id=12184, stack(0x0000000028600000,0x0000000028700000)]
  0x00000000205c0800 JavaThread "jar transforms Thread 71" [_thread_blocked, id=13464, stack(0x0000000028500000,0x0000000028600000)]
  0x00000000205c5000 JavaThread "jar transforms Thread 70" [_thread_blocked, id=8028, stack(0x0000000028400000,0x0000000028500000)]
  0x00000000205c4000 JavaThread "jar transforms Thread 69" [_thread_blocked, id=12964, stack(0x0000000028300000,0x0000000028400000)]
  0x00000000205c1000 JavaThread "jar transforms Thread 68" [_thread_blocked, id=11536, stack(0x0000000028200000,0x0000000028300000)]
  0x00000000205bf000 JavaThread "jar transforms Thread 67" [_thread_blocked, id=13452, stack(0x0000000028100000,0x0000000028200000)]
  0x00000000205c3800 JavaThread "jar transforms Thread 66" [_thread_blocked, id=13076, stack(0x0000000028000000,0x0000000028100000)]
  0x00000000205bf800 JavaThread "jar transforms Thread 65" [_thread_blocked, id=8172, stack(0x0000000027f00000,0x0000000028000000)]
  0x00000000205c2800 JavaThread "jar transforms Thread 64" [_thread_blocked, id=476, stack(0x0000000027e00000,0x0000000027f00000)]
  0x00000000205c2000 JavaThread "jar transforms Thread 63" [_thread_blocked, id=8356, stack(0x0000000024280000,0x0000000024380000)]
  0x000000001b023800 JavaThread "jar transforms Thread 62" [_thread_blocked, id=12312, stack(0x0000000023720000,0x0000000023820000)]
  0x000000001b022800 JavaThread "jar transforms Thread 61" [_thread_blocked, id=10072, stack(0x0000000023620000,0x0000000023720000)]
  0x000000001b022000 JavaThread "jar transforms Thread 60" [_thread_blocked, id=5504, stack(0x0000000027d00000,0x0000000027e00000)]
  0x000000001b028000 JavaThread "jar transforms Thread 59" [_thread_blocked, id=7040, stack(0x0000000027c00000,0x0000000027d00000)]
  0x000000001b026800 JavaThread "jar transforms Thread 58" [_thread_blocked, id=12644, stack(0x0000000027b00000,0x0000000027c00000)]
  0x000000001b025800 JavaThread "jar transforms Thread 57" [_thread_blocked, id=14236, stack(0x0000000027a00000,0x0000000027b00000)]
  0x000000001b027000 JavaThread "jar transforms Thread 56" [_thread_blocked, id=8964, stack(0x0000000027900000,0x0000000027a00000)]
  0x000000001b024000 JavaThread "jar transforms Thread 55" [_thread_blocked, id=12648, stack(0x0000000027800000,0x0000000027900000)]
  0x000000001b025000 JavaThread "jar transforms Thread 54" [_thread_blocked, id=3476, stack(0x0000000027700000,0x0000000027800000)]
  0x000000001b01a000 JavaThread "jar transforms Thread 53" [_thread_blocked, id=12332, stack(0x0000000027600000,0x0000000027700000)]
  0x000000001b01e000 JavaThread "jar transforms Thread 52" [_thread_blocked, id=13764, stack(0x0000000027500000,0x0000000027600000)]
  0x000000001b021000 JavaThread "jar transforms Thread 51" [_thread_blocked, id=13684, stack(0x0000000027400000,0x0000000027500000)]
  0x000000001b01f800 JavaThread "jar transforms Thread 50" [_thread_blocked, id=2600, stack(0x0000000027300000,0x0000000027400000)]
  0x000000001b01e800 JavaThread "jar transforms Thread 49" [_thread_blocked, id=10380, stack(0x0000000027200000,0x0000000027300000)]
  0x000000001b01c800 JavaThread "jar transforms Thread 48" [_thread_blocked, id=11976, stack(0x0000000027100000,0x0000000027200000)]
  0x000000001b01b000 JavaThread "jar transforms Thread 47" [_thread_blocked, id=1032, stack(0x0000000027000000,0x0000000027100000)]
  0x000000001b019800 JavaThread "jar transforms Thread 46" [_thread_blocked, id=13140, stack(0x0000000026f00000,0x0000000027000000)]
  0x000000001b01b800 JavaThread "jar transforms Thread 45" [_thread_blocked, id=12920, stack(0x0000000026e00000,0x0000000026f00000)]
  0x000000001b020000 JavaThread "jar transforms Thread 44" [_thread_blocked, id=9392, stack(0x0000000026d00000,0x0000000026e00000)]
  0x000000001b018800 JavaThread "jar transforms Thread 43" [_thread_blocked, id=10556, stack(0x0000000026c00000,0x0000000026d00000)]
  0x000000001b01d000 JavaThread "jar transforms Thread 42" [_thread_blocked, id=1192, stack(0x0000000026b00000,0x0000000026c00000)]
  0x00000000217ce000 JavaThread "jar transforms Thread 41" [_thread_blocked, id=7536, stack(0x0000000026a00000,0x0000000026b00000)]
  0x00000000217cc800 JavaThread "jar transforms Thread 40" [_thread_blocked, id=2888, stack(0x0000000026900000,0x0000000026a00000)]
  0x00000000217cb000 JavaThread "jar transforms Thread 39" [_thread_blocked, id=5052, stack(0x0000000026800000,0x0000000026900000)]
  0x00000000217cb800 JavaThread "jar transforms Thread 38" [_thread_blocked, id=11664, stack(0x0000000026700000,0x0000000026800000)]
  0x00000000217ca000 JavaThread "jar transforms Thread 37" [_thread_blocked, id=11120, stack(0x0000000026600000,0x0000000026700000)]
  0x00000000217ce800 JavaThread "jar transforms Thread 36" [_thread_blocked, id=11916, stack(0x0000000026500000,0x0000000026600000)]
  0x00000000217c8800 JavaThread "jar transforms Thread 35" [_thread_blocked, id=7936, stack(0x0000000026400000,0x0000000026500000)]
  0x00000000217c9800 JavaThread "jar transforms Thread 34" [_thread_blocked, id=12396, stack(0x0000000026300000,0x0000000026400000)]
  0x00000000217cf800 JavaThread "jar transforms Thread 33" [_thread_blocked, id=4072, stack(0x0000000026200000,0x0000000026300000)]
  0x00000000217cd000 JavaThread "jar transforms Thread 32" [_thread_blocked, id=13816, stack(0x0000000026100000,0x0000000026200000)]
  0x00000000217c8000 JavaThread "jar transforms Thread 31" [_thread_blocked, id=3396, stack(0x0000000026000000,0x0000000026100000)]
  0x00000000217c0800 JavaThread "jar transforms Thread 30" [_thread_blocked, id=1876, stack(0x0000000025f00000,0x0000000026000000)]
  0x00000000217c2000 JavaThread "jar transforms Thread 29" [_thread_blocked, id=3228, stack(0x0000000025e00000,0x0000000025f00000)]
  0x00000000217c4000 JavaThread "jar transforms Thread 28" [_thread_blocked, id=2788, stack(0x0000000025d00000,0x0000000025e00000)]
  0x00000000217c5800 JavaThread "jar transforms Thread 27" [_thread_blocked, id=4100, stack(0x0000000025c00000,0x0000000025d00000)]
  0x00000000217c1000 JavaThread "jar transforms Thread 26" [_thread_blocked, id=13388, stack(0x0000000025b00000,0x0000000025c00000)]
  0x00000000217c7000 JavaThread "jar transforms Thread 25" [_thread_blocked, id=7380, stack(0x0000000025a00000,0x0000000025b00000)]
  0x00000000217c5000 JavaThread "jar transforms Thread 24" [_thread_blocked, id=6132, stack(0x0000000025900000,0x0000000025a00000)]
  0x00000000217c6800 JavaThread "jar transforms Thread 23" [_thread_blocked, id=14256, stack(0x0000000025800000,0x0000000025900000)]
  0x00000000217c2800 JavaThread "jar transforms Thread 22" [_thread_blocked, id=13868, stack(0x0000000025700000,0x0000000025800000)]
  0x00000000217c3800 JavaThread "jar transforms Thread 21" [_thread_blocked, id=5904, stack(0x0000000025600000,0x0000000025700000)]
  0x000000001c437800 JavaThread "jar transforms Thread 20" [_thread_blocked, id=4300, stack(0x0000000025500000,0x0000000025600000)]
  0x000000001c437000 JavaThread "jar transforms Thread 19" [_thread_blocked, id=5336, stack(0x0000000025400000,0x0000000025500000)]
  0x000000001c436000 JavaThread "jar transforms Thread 18" [_thread_blocked, id=6200, stack(0x0000000025300000,0x0000000025400000)]
  0x000000001c433800 JavaThread "jar transforms Thread 17" [_thread_blocked, id=7912, stack(0x0000000025200000,0x0000000025300000)]
  0x000000001c43a800 JavaThread "jar transforms Thread 16" [_thread_blocked, id=10260, stack(0x0000000025100000,0x0000000025200000)]
  0x000000001c439000 JavaThread "jar transforms Thread 15" [_thread_blocked, id=2700, stack(0x0000000025000000,0x0000000025100000)]
  0x000000001c438800 JavaThread "jar transforms Thread 14" [_thread_blocked, id=13252, stack(0x0000000024f00000,0x0000000025000000)]
  0x000000001c435800 JavaThread "jar transforms Thread 13" [_thread_blocked, id=8164, stack(0x0000000024e00000,0x0000000024f00000)]
  0x000000001c434800 JavaThread "jar transforms Thread 12" [_thread_blocked, id=11388, stack(0x0000000024d00000,0x0000000024e00000)]
  0x000000001c43a000 JavaThread "jar transforms Thread 11" [_thread_blocked, id=1288, stack(0x0000000024c00000,0x0000000024d00000)]
  0x000000001c6e0000 JavaThread "jar transforms Thread 10" [_thread_blocked, id=7188, stack(0x0000000024b00000,0x0000000024c00000)]
  0x000000001c6df800 JavaThread "jar transforms Thread 9" [_thread_blocked, id=12196, stack(0x0000000024a00000,0x0000000024b00000)]
  0x000000001c6e4000 JavaThread "jar transforms Thread 8" [_thread_blocked, id=11856, stack(0x0000000024900000,0x0000000024a00000)]
  0x000000001c6dc800 JavaThread "jar transforms Thread 7" [_thread_blocked, id=12900, stack(0x0000000024800000,0x0000000024900000)]
  0x000000001c6e3000 JavaThread "jar transforms Thread 6" [_thread_blocked, id=4564, stack(0x0000000024700000,0x0000000024800000)]
  0x000000001c6de000 JavaThread "jar transforms Thread 5" [_thread_blocked, id=11012, stack(0x0000000024600000,0x0000000024700000)]
  0x000000001c6de800 JavaThread "jar transforms Thread 4" [_thread_blocked, id=3756, stack(0x0000000024500000,0x0000000024600000)]
  0x000000001c6e2800 JavaThread "jar transforms Thread 3" [_thread_blocked, id=10340, stack(0x0000000024400000,0x0000000024500000)]
  0x000000001c6e1000 JavaThread "jar transforms Thread 2" [_thread_blocked, id=6316, stack(0x0000000023850000,0x0000000023950000)]
  0x000000001c6e1800 JavaThread "Build operations Thread 8" [_thread_blocked, id=11280, stack(0x0000000024080000,0x0000000024180000)]
  0x000000001c6dd000 JavaThread "Build operations Thread 7" [_thread_blocked, id=11924, stack(0x0000000023f80000,0x0000000024080000)]
  0x000000001c6d5800 JavaThread "Build operations Thread 6" [_thread_blocked, id=7140, stack(0x0000000023e80000,0x0000000023f80000)]
  0x000000001c6d7800 JavaThread "Build operations Thread 5" [_thread_blocked, id=10808, stack(0x0000000023d80000,0x0000000023e80000)]
  0x000000001c6d4800 JavaThread "Build operations Thread 4" [_thread_blocked, id=3452, stack(0x0000000023c80000,0x0000000023d80000)]
  0x000000001c6db000 JavaThread "Build operations Thread 3" [_thread_blocked, id=9316, stack(0x0000000023b80000,0x0000000023c80000)]
  0x000000001c6d9800 JavaThread "Build operations Thread 2" [_thread_blocked, id=11332, stack(0x0000000023a80000,0x0000000023b80000)]
  0x000000001c6db800 JavaThread "Build operations" [_thread_blocked, id=1504, stack(0x0000000023980000,0x0000000023a80000)]
  0x000000001c8b1800 JavaThread "Cache worker for file content cache (C:\Users\Ankit kumar\.gradle\caches\6.5\fileContent)" [_thread_blocked, id=2024, stack(0x0000000022f20000,0x0000000023020000)]
  0x000000001c8b1000 JavaThread "jar transforms" [_thread_blocked, id=5168, stack(0x0000000022e20000,0x0000000022f20000)]
  0x000000001c8b0000 JavaThread "Cache worker for execution history cache (C:\Users\Ankit kumar\.gradle\caches\6.5\executionHistory)" [_thread_blocked, id=13448, stack(0x0000000022720000,0x0000000022820000)]
  0x000000001c8ad000 JavaThread "Cache worker for cache directory md-rule (C:\Users\Ankit kumar\.gradle\caches\6.5\md-rule)" [_thread_blocked, id=2836, stack(0x0000000022620000,0x0000000022720000)]
  0x000000001c8af800 JavaThread "Cache worker for cache directory md-supplier (C:\Users\Ankit kumar\.gradle\caches\6.5\md-supplier)" [_thread_blocked, id=13168, stack(0x0000000021470000,0x0000000021570000)]
  0x000000001c8ac800 JavaThread "Cache worker for checksums cache (C:\Users\Ankit kumar\AndroidStudioProjects\BookStore\.gradle\checksums)" [_thread_blocked, id=13964, stack(0x00000000210c0000,0x00000000211c0000)]
  0x000000001c8b2800 JavaThread "Cache worker for file hash cache (C:\Users\Ankit kumar\AndroidStudioProjects\BookStore\.gradle\6.5\fileHashes)" [_thread_blocked, id=5244, stack(0x000000001edc0000,0x000000001eec0000)]
  0x000000001c8ae800 JavaThread "Cache worker for file hash cache (C:\Users\Ankit kumar\.gradle\caches\6.5\fileHashes)" [_thread_blocked, id=3364, stack(0x000000001eac0000,0x000000001ebc0000)]
  0x000000001c8ab800 JavaThread "File lock request listener" [_thread_in_native, id=12012, stack(0x000000001e9c0000,0x000000001eac0000)]
  0x000000001c891000 JavaThread "Cache worker for journal cache (C:\Users\Ankit kumar\.gradle\caches\journal-1)" [_thread_blocked, id=11296, stack(0x000000001e8c0000,0x000000001e9c0000)]
  0x000000001adbe000 JavaThread "Thread-9" [_thread_blocked, id=7352, stack(0x000000001e5c0000,0x000000001e6c0000)]
  0x000000001adbd800 JavaThread "Stdin handler" [_thread_blocked, id=3808, stack(0x000000001e4c0000,0x000000001e5c0000)]
  0x000000001adb8000 JavaThread "Asynchronous log dispatcher for DefaultDaemonConnection: socket connection from /127.0.0.1:52095 to /127.0.0.1:52096" [_thread_blocked, id=9176, stack(0x000000001e3c0000,0x000000001e4c0000)]
  0x000000001c59a000 JavaThread "Daemon worker" [_thread_blocked, id=11412, stack(0x000000001e2c0000,0x000000001e3c0000)]
  0x000000001c79f800 JavaThread "Cancel handler" [_thread_blocked, id=13788, stack(0x000000001e1c0000,0x000000001e2c0000)]
  0x000000001ac49000 JavaThread "Handler for socket connection from /127.0.0.1:52095 to /127.0.0.1:52096" [_thread_in_native, id=13852, stack(0x000000001e0c0000,0x000000001e1c0000)]
  0x000000001b88f000 JavaThread "Daemon" [_thread_blocked, id=1500, stack(0x000000001dfc0000,0x000000001e0c0000)]
  0x000000001c786800 JavaThread "Daemon periodic checks" [_thread_blocked, id=1592, stack(0x000000001dcc0000,0x000000001ddc0000)]
  0x000000001b824000 JavaThread "Incoming local TCP Connector on port 52095" [_thread_in_native, id=7420, stack(0x000000001da80000,0x000000001db80000)]
  0x000000001b8c0000 JavaThread "Daemon health stats" [_thread_blocked, id=10856, stack(0x000000001c230000,0x000000001c330000)]
  0x0000000019c32000 JavaThread "Service Thread" daemon [_thread_blocked, id=12580, stack(0x000000001a860000,0x000000001a960000)]
  0x0000000019ba4000 JavaThread "C1 CompilerThread3" daemon [_thread_blocked, id=11096, stack(0x000000001a760000,0x000000001a860000)]
=>0x0000000019b9e000 JavaThread "C2 CompilerThread2" daemon [_thread_in_native, id=1364, stack(0x000000001a660000,0x000000001a760000)]
  0x0000000019b98000 JavaThread "C2 CompilerThread1" daemon [_thread_blocked, id=4828, stack(0x000000001a560000,0x000000001a660000)]
  0x0000000019b96000 JavaThread "C2 CompilerThread0" daemon [_thread_in_native, id=1836, stack(0x000000001a460000,0x000000001a560000)]
  0x0000000019b95000 JavaThread "Attach Listener" daemon [_thread_blocked, id=13996, stack(0x000000001a360000,0x000000001a460000)]
  0x0000000019b94000 JavaThread "Signal Dispatcher" daemon [_thread_blocked, id=5216, stack(0x000000001a260000,0x000000001a360000)]
  0x0000000019b80800 JavaThread "Finalizer" daemon [_thread_blocked, id=6424, stack(0x000000001a060000,0x000000001a160000)]
  0x0000000002d18000 JavaThread "Reference Handler" daemon [_thread_blocked, id=10768, stack(0x0000000019f60000,0x000000001a060000)]
  0x0000000002a1e800 JavaThread "main" [_thread_blocked, id=3488, stack(0x0000000002b20000,0x0000000002c20000)]

Other Threads:
  0x0000000017d86000 VMThread [stack: 0x0000000019a60000,0x0000000019b60000] [id=3120]
  0x0000000019bd4800 WatcherThread [stack: 0x000000001a960000,0x000000001aa60000] [id=2892]

VM state:at safepoint (normal execution)

VM Mutex/Monitor currently owned by a thread:  ([mutex/lock_event])
[0x0000000002a1d380] Threads_lock - owner thread: 0x0000000017d86000
[0x0000000002a1c980] Heap_lock - owner thread: 0x0000000019ba4000
[0x0000000002c21ad0] MethodData_lock - owner thread: 0x0000000019ba4000

heap address: 0x0000000080000000, size: 2048 MB, Compressed Oops mode: 32-bit
Narrow klass base: 0x0000000000000000, Narrow klass shift: 3
Compressed class space size: 1073741824 Address: 0x0000000100000000

Heap:
 PSYoungGen      total 309760K, used 163606K [0x00000000d5580000, 0x00000000e9d80000, 0x0000000100000000)
  eden space 285696K, 48% used [0x00000000d5580000,0x00000000dddca8a8,0x00000000e6c80000)
  from space 24064K, 99% used [0x00000000e6c80000,0x00000000e83fb050,0x00000000e8400000)
  to   space 18432K, 13% used [0x00000000e8400000,0x00000000e866c1c0,0x00000000e9600000)
 ParOldGen       total 129536K, used 49733K [0x0000000080000000, 0x0000000087e80000, 0x00000000d5580000)
  object space 129536K, 38% used [0x0000000080000000,0x0000000083099618,0x0000000087e80000)
 Metaspace       used 70767K, capacity 74176K, committed 74264K, reserved 1118208K
  class space    used 9603K, capacity 10263K, committed 10288K, reserved 1048576K

Card table byte_map: [0x00000000120e0000,0x00000000124f0000] byte_map_base: 0x0000000011ce0000

Marking Bits: (ParMarkBitMap*) 0x00000000664ef030
 Begin Bits: [0x0000000012fa0000, 0x0000000014fa0000)
 End Bits:   [0x0000000014fa0000, 0x0000000016fa0000)

Polling page: 0x0000000001170000

CodeCache: size=245760Kb used=24535Kb max_used=25239Kb free=221224Kb
 bounds [0x0000000002d20000, 0x00000000045f0000, 0x0000000011d20000]
 total_blobs=8558 nmethods=7646 adapters=824
 compilation: enabled

Compilation events (10 events):
Event: 14.865 Thread 0x0000000019ba4000 8959       2       net.rubygrapefruit.platform.internal.DefaultWindowsFiles::stat (7 bytes)
Event: 14.865 Thread 0x0000000019ba4000 nmethod 8959 0x000000000413d290 code [0x000000000413d400, 0x000000000413d568]
Event: 14.866 Thread 0x0000000019ba4000 8961       2       net.rubygrapefruit.platform.internal.WindowsFileStat::details (24 bytes)
Event: 14.866 Thread 0x0000000019ba4000 nmethod 8961 0x0000000003058e50 code [0x0000000003058fc0, 0x0000000003059248]
Event: 14.866 Thread 0x0000000019ba4000 8962       2       net.rubygrapefruit.platform.internal.WindowsFileTime::toJavaTime (18 bytes)
Event: 14.866 Thread 0x0000000019ba4000 nmethod 8962 0x000000000413f090 code [0x000000000413f1e0, 0x000000000413f370]
Event: 14.866 Thread 0x0000000019ba4000 8963       2       org.gradle.internal.vfs.impl.DefaultSnapshotHierarchy::store (33 bytes)
Event: 14.867 Thread 0x0000000019ba4000 nmethod 8963 0x0000000003b1f090 code [0x0000000003b1f240, 0x0000000003b1f688]
Event: 14.867 Thread 0x0000000019ba4000 8967       1       org.gradle.api.internal.provider.AbstractProperty$FinalizedValue::maybeFinalizeOnRead (2 bytes)
Event: 14.867 Thread 0x0000000019ba4000 nmethod 8967 0x00000000040e2050 code [0x00000000040e21a0, 0x00000000040e22b0]

GC Heap History (10 events):
Event: 5.785 GC heap before
{Heap before GC invocations=10 (full 2):
 PSYoungGen      total 235008K, used 8940K [0x00000000d5580000, 0x00000000e4b00000, 0x0000000100000000)
  eden space 220160K, 0% used [0x00000000d5580000,0x00000000d5580000,0x00000000e2c80000)
  from space 14848K, 60% used [0x00000000e3b00000,0x00000000e43bb300,0x00000000e4980000)
  to   space 14848K, 0% used [0x00000000e2c80000,0x00000000e2c80000,0x00000000e3b00000)
 ParOldGen       total 55296K, used 9574K [0x0000000080000000, 0x0000000083600000, 0x00000000d5580000)
  object space 55296K, 17% used [0x0000000080000000,0x0000000080959868,0x0000000083600000)
 Metaspace       used 34275K, capacity 35412K, committed 35496K, reserved 1079296K
  class space    used 4720K, capacity 5001K, committed 5040K, reserved 1048576K
Event: 5.836 GC heap after
Heap after GC invocations=10 (full 2):
 PSYoungGen      total 235008K, used 0K [0x00000000d5580000, 0x00000000e4b00000, 0x0000000100000000)
  eden space 220160K, 0% used [0x00000000d5580000,0x00000000d5580000,0x00000000e2c80000)
  from space 14848K, 0% used [0x00000000e3b00000,0x00000000e3b00000,0x00000000e4980000)
  to   space 14848K, 0% used [0x00000000e2c80000,0x00000000e2c80000,0x00000000e3b00000)
 ParOldGen       total 81408K, used 15354K [0x0000000080000000, 0x0000000084f80000, 0x00000000d5580000)
  object space 81408K, 18% used [0x0000000080000000,0x0000000080efebd0,0x0000000084f80000)
 Metaspace       used 34275K, capacity 35412K, committed 35496K, reserved 1079296K
  class space    used 4720K, capacity 5001K, committed 5040K, reserved 1048576K
}
Event: 7.926 GC heap before
{Heap before GC invocations=11 (full 2):
 PSYoungGen      total 235008K, used 220160K [0x00000000d5580000, 0x00000000e4b00000, 0x0000000100000000)
  eden space 220160K, 100% used [0x00000000d5580000,0x00000000e2c80000,0x00000000e2c80000)
  from space 14848K, 0% used [0x00000000e3b00000,0x00000000e3b00000,0x00000000e4980000)
  to   space 14848K, 0% used [0x00000000e2c80000,0x00000000e2c80000,0x00000000e3b00000)
 ParOldGen       total 81408K, used 15354K [0x0000000080000000, 0x0000000084f80000, 0x00000000d5580000)
  object space 81408K, 18% used [0x0000000080000000,0x0000000080efebd0,0x0000000084f80000)
 Metaspace       used 45502K, capacity 47386K, committed 47528K, reserved 1089536K
  class space    used 6156K, capacity 6497K, committed 6576K, reserved 1048576K
Event: 7.941 GC heap after
Heap after GC invocations=11 (full 2):
 PSYoungGen      total 235008K, used 14826K [0x00000000d5580000, 0x00000000e9600000, 0x0000000100000000)
  eden space 220160K, 0% used [0x00000000d5580000,0x00000000d5580000,0x00000000e2c80000)
  from space 14848K, 99% used [0x00000000e2c80000,0x00000000e3afabe8,0x00000000e3b00000)
  to   space 18432K, 0% used [0x00000000e8400000,0x00000000e8400000,0x00000000e9600000)
 ParOldGen       total 81408K, used 19645K [0x0000000080000000, 0x0000000084f80000, 0x00000000d5580000)
  object space 81408K, 24% used [0x0000000080000000,0x000000008132f568,0x0000000084f80000)
 Metaspace       used 45502K, capacity 47386K, committed 47528K, reserved 1089536K
  class space    used 6156K, capacity 6497K, committed 6576K, reserved 1048576K
}
Event: 9.628 GC heap before
{Heap before GC invocations=12 (full 2):
 PSYoungGen      total 235008K, used 160814K [0x00000000d5580000, 0x00000000e9600000, 0x0000000100000000)
  eden space 220160K, 66% used [0x00000000d5580000,0x00000000de410e58,0x00000000e2c80000)
  from space 14848K, 99% used [0x00000000e2c80000,0x00000000e3afabe8,0x00000000e3b00000)
  to   space 18432K, 0% used [0x00000000e8400000,0x00000000e8400000,0x00000000e9600000)
 ParOldGen       total 81408K, used 19645K [0x0000000080000000, 0x0000000084f80000, 0x00000000d5580000)
  object space 81408K, 24% used [0x0000000080000000,0x000000008132f568,0x0000000084f80000)
 Metaspace       used 56727K, capacity 59040K, committed 59160K, reserved 1099776K
  class space    used 7687K, capacity 8165K, committed 8240K, reserved 1048576K
Event: 9.650 GC heap after
Heap after GC invocations=12 (full 2):
 PSYoungGen      total 304128K, used 18418K [0x00000000d5580000, 0x00000000e9d80000, 0x0000000100000000)
  eden space 285696K, 0% used [0x00000000d5580000,0x00000000d5580000,0x00000000e6c80000)
  from space 18432K, 99% used [0x00000000e8400000,0x00000000e95fc870,0x00000000e9600000)
  to   space 24064K, 0% used [0x00000000e6c80000,0x00000000e6c80000,0x00000000e8400000)
 ParOldGen       total 81408K, used 26995K [0x0000000080000000, 0x0000000084f80000, 0x00000000d5580000)
  object space 81408K, 33% used [0x0000000080000000,0x0000000081a5cc90,0x0000000084f80000)
 Metaspace       used 56727K, capacity 59040K, committed 59160K, reserved 1099776K
  class space    used 7687K, capacity 8165K, committed 8240K, reserved 1048576K
}
Event: 9.650 GC heap before
{Heap before GC invocations=13 (full 3):
 PSYoungGen      total 304128K, used 18418K [0x00000000d5580000, 0x00000000e9d80000, 0x0000000100000000)
  eden space 285696K, 0% used [0x00000000d5580000,0x00000000d5580000,0x00000000e6c80000)
  from space 18432K, 99% used [0x00000000e8400000,0x00000000e95fc870,0x00000000e9600000)
  to   space 24064K, 0% used [0x00000000e6c80000,0x00000000e6c80000,0x00000000e8400000)
 ParOldGen       total 81408K, used 26995K [0x0000000080000000, 0x0000000084f80000, 0x00000000d5580000)
  object space 81408K, 33% used [0x0000000080000000,0x0000000081a5cc90,0x0000000084f80000)
 Metaspace       used 56727K, capacity 59040K, committed 59160K, reserved 1099776K
  class space    used 7687K, capacity 8165K, committed 8240K, reserved 1048576K
Event: 9.898 GC heap after
Heap after GC invocations=13 (full 3):
 PSYoungGen      total 304128K, used 0K [0x00000000d5580000, 0x00000000e9d80000, 0x0000000100000000)
  eden space 285696K, 0% used [0x00000000d5580000,0x00000000d5580000,0x00000000e6c80000)
  from space 18432K, 0% used [0x00000000e8400000,0x00000000e8400000,0x00000000e9600000)
  to   space 24064K, 0% used [0x00000000e6c80000,0x00000000e6c80000,0x00000000e8400000)
 ParOldGen       total 129536K, used 38158K [0x0000000080000000, 0x0000000087e80000, 0x00000000d5580000)
  object space 129536K, 29% used [0x0000000080000000,0x0000000082543810,0x0000000087e80000)
 Metaspace       used 56681K, capacity 58884K, committed 59160K, reserved 1099776K
  class space    used 7673K, capacity 8139K, committed 8240K, reserved 1048576K
}
Event: 13.378 GC heap before
{Heap before GC invocations=14 (full 3):
 PSYoungGen      total 304128K, used 285696K [0x00000000d5580000, 0x00000000e9d80000, 0x0000000100000000)
  eden space 285696K, 100% used [0x00000000d5580000,0x00000000e6c80000,0x00000000e6c80000)
  from space 18432K, 0% used [0x00000000e8400000,0x00000000e8400000,0x00000000e9600000)
  to   space 24064K, 0% used [0x00000000e6c80000,0x00000000e6c80000,0x00000000e8400000)
 ParOldGen       total 129536K, used 38158K [0x0000000080000000, 0x0000000087e80000, 0x00000000d5580000)
  object space 129536K, 29% used [0x0000000080000000,0x0000000082543810,0x0000000087e80000)
 Metaspace       used 67010K, capacity 70314K, committed 70552K, reserved 1110016K
  class space    used 9214K, capacity 9846K, committed 9904K, reserved 1048576K
Event: 13.406 GC heap after
Heap after GC invocations=14 (full 3):
 PSYoungGen      total 309760K, used 24044K [0x00000000d5580000, 0x00000000e9d80000, 0x0000000100000000)
  eden space 285696K, 0% used [0x00000000d5580000,0x00000000d5580000,0x00000000e6c80000)
  from space 24064K, 99% used [0x00000000e6c80000,0x00000000e83fb050,0x00000000e8400000)
  to   space 18432K, 0% used [0x00000000e8400000,0x00000000e8400000,0x00000000e9600000)
 ParOldGen       total 129536K, used 46520K [0x0000000080000000, 0x0000000087e80000, 0x00000000d5580000)
  object space 129536K, 35% used [0x0000000080000000,0x0000000082d6e078,0x0000000087e80000)
 Metaspace       used 67010K, capacity 70314K, committed 70552K, reserved 1110016K
  class space    used 9214K, capacity 9846K, committed 9904K, reserved 1048576K
}

Deoptimization events (10 events):
Event: 14.569 Thread 0x000000001b24c000 Uncommon trap: reason=unstable_if action=reinterpret pc=0x000000000368c628 method=com.android.utils.XmlUtils.toXmlAttributeValue(Ljava/lang/String;)Ljava/lang/String; @ 27
Event: 14.822 Thread 0x000000001bb11000 Uncommon trap: reason=class_check action=maybe_recompile pc=0x0000000003a24bc0 method=java.lang.Throwable.<init>(Ljava/lang/String;Ljava/lang/Throwable;)V @ 24
Event: 14.823 Thread 0x000000001bb11000 Uncommon trap: reason=class_check action=maybe_recompile pc=0x0000000003a24bc0 method=java.lang.Throwable.<init>(Ljava/lang/String;Ljava/lang/Throwable;)V @ 24
Event: 14.826 Thread 0x000000001bb16800 Uncommon trap: reason=class_check action=maybe_recompile pc=0x0000000003a24bc0 method=java.lang.Throwable.<init>(Ljava/lang/String;Ljava/lang/Throwable;)V @ 24
Event: 14.828 Thread 0x000000001adbe000 Uncommon trap: reason=class_check action=maybe_recompile pc=0x00000000045dbf20 method=java.io.ObjectOutputStream$BlockDataOutputStream.write([BIIZ)V @ 23
Event: 14.828 Thread 0x000000001adbe000 Uncommon trap: reason=class_check action=maybe_recompile pc=0x00000000045dbf20 method=java.io.ObjectOutputStream$BlockDataOutputStream.write([BIIZ)V @ 23
Event: 14.829 Thread 0x000000001adbe000 Uncommon trap: reason=class_check action=maybe_recompile pc=0x00000000045dbf20 method=java.io.ObjectOutputStream$BlockDataOutputStream.write([BIIZ)V @ 23
Event: 14.829 Thread 0x000000001adbe000 Uncommon trap: reason=class_check action=maybe_recompile pc=0x00000000045dbf20 method=java.io.ObjectOutputStream$BlockDataOutputStream.write([BIIZ)V @ 23
Event: 14.833 Thread 0x000000001bb16800 Uncommon trap: reason=class_check action=maybe_recompile pc=0x0000000003a24bc0 method=java.lang.Throwable.<init>(Ljava/lang/String;Ljava/lang/Throwable;)V @ 24
Event: 14.843 Thread 0x000000001adbe000 Uncommon trap: reason=class_check action=maybe_recompile pc=0x0000000003393898 method=java.io.ObjectOutputStream$BlockDataOutputStream.write([BIIZ)V @ 23

Classes redefined (0 events):
No events

Internal exceptions (10 events):
Event: 13.817 Thread 0x000000001bb15800 Exception <a 'java/io/FileNotFoundException'> (0x00000000d8b325e8) thrown at [C:\src\AOSP-openjdk-git\hotspot\src\share\vm\prims\jni.cpp, line 710]
Event: 14.456 Thread 0x000000001b24c000 Implicit null exception at 0x000000000453356f to 0x0000000004535445
Event: 14.694 Thread 0x000000001b24c000 Exception <a 'java/lang/NoSuchMethodError': <clinit>> (0x00000000dcc1e8a8) thrown at [C:\src\AOSP-openjdk-git\hotspot\src\share\vm\prims\jni.cpp, line 1615]
Event: 14.695 Thread 0x000000001b24c000 Exception <a 'java/lang/NoSuchMethodError': <clinit>> (0x00000000dcc2ecc8) thrown at [C:\src\AOSP-openjdk-git\hotspot\src\share\vm\prims\jni.cpp, line 1615]
Event: 14.696 Thread 0x000000001b24c000 Exception <a 'java/lang/NoSuchMethodError': <clinit>> (0x00000000dcc42520) thrown at [C:\src\AOSP-openjdk-git\hotspot\src\share\vm\prims\jni.cpp, line 1615]
Event: 14.701 Thread 0x000000001b24c000 Exception <a 'java/lang/NoSuchMethodError': <clinit>> (0x00000000dccc7950) thrown at [C:\src\AOSP-openjdk-git\hotspot\src\share\vm\prims\jni.cpp, line 1615]
Event: 14.822 Thread 0x000000001bb11000 Exception <a 'java/io/IOException': CreateProcess error=1450, Insufficient system resources exist to complete the requested service> (0x00000000ddaeb2e8) thrown at [C:\src\AOSP-openjdk-git\hotspot\src\share\vm\prims\jni.cpp, line 737]
Event: 14.832 Thread 0x000000001bb16800 Exception <a 'java/io/IOException'> (0x00000000dd84a300) thrown at [C:\src\AOSP-openjdk-git\hotspot\src\share\vm\prims\jni.cpp, line 710]
Event: 14.840 Thread 0x000000001b250800 Exception <a 'java/lang/NoSuchMethodError': <clinit>> (0x00000000ddcf8170) thrown at [C:\src\AOSP-openjdk-git\hotspot\src\share\vm\prims\jni.cpp, line 1615]
Event: 14.861 Thread 0x000000001bb14000 Exception <a 'java/io/IOException'> (0x00000000dd2981f8) thrown at [C:\src\AOSP-openjdk-git\hotspot\src\share\vm\prims\jni.cpp, line 710]

Events (10 events):
Event: 14.859 Executing VM operation: RevokeBias
Event: 14.860 Executing VM operation: RevokeBias done
Event: 14.860 Executing VM operation: RevokeBias
Event: 14.860 Executing VM operation: RevokeBias done
Event: 14.861 Thread 0x000000001bb17000 Thread exited: 0x000000001bb17000
Event: 14.861 Executing VM operation: RevokeBias
Event: 14.861 Executing VM operation: RevokeBias done
Event: 14.861 Thread 0x000000001bb1b800 Thread exited: 0x000000001bb1b800
Event: 14.868 loading class com/android/build/gradle/tasks/ProcessApplicationManifest$optionalFeaturesString$1
Event: 14.868 loading class com/android/build/gradle/tasks/ProcessApplicationManifest$optionalFeaturesString$1 done


Dynamic libraries:
0x00007ff73efb0000 - 0x00007ff73efe1000 	C:\Program Files\Android\Android Studio1\jre\bin\java.exe
0x00007ff8805b0000 - 0x00007ff8807a5000 	C:\WINDOWS\SYSTEM32\ntdll.dll
0x00007ff880400000 - 0x00007ff8804bd000 	C:\WINDOWS\System32\KERNEL32.DLL
0x00007ff87df10000 - 0x00007ff87e1d8000 	C:\WINDOWS\System32\KERNELBASE.dll
0x00007ff87ed00000 - 0x00007ff87edac000 	C:\WINDOWS\System32\ADVAPI32.dll
0x00007ff87f9b0000 - 0x00007ff87fa4e000 	C:\WINDOWS\System32\msvcrt.dll
0x00007ff880230000 - 0x00007ff8802cb000 	C:\WINDOWS\System32\sechost.dll
0x00007ff87e720000 - 0x00007ff87e84b000 	C:\WINDOWS\System32\RPCRT4.dll
0x00007ff87ef30000 - 0x00007ff87f0d0000 	C:\WINDOWS\System32\USER32.dll
0x00007ff87dde0000 - 0x00007ff87de02000 	C:\WINDOWS\System32\win32u.dll
0x00007ff87ec70000 - 0x00007ff87ec9a000 	C:\WINDOWS\System32\GDI32.dll
0x00007ff87e350000 - 0x00007ff87e45b000 	C:\WINDOWS\System32\gdi32full.dll
0x00007ff87dcf0000 - 0x00007ff87dd8d000 	C:\WINDOWS\System32\msvcp_win.dll
0x00007ff87de10000 - 0x00007ff87df10000 	C:\WINDOWS\System32\ucrtbase.dll
0x00007ff863620000 - 0x00007ff8638ba000 	C:\WINDOWS\WinSxS\amd64_microsoft.windows.common-controls_6595b64144ccf1df_6.0.19041.1052_none_60b8f8fd71f5e8cb\COMCTL32.dll
0x00007ff87ec30000 - 0x00007ff87ec60000 	C:\WINDOWS\System32\IMM32.DLL
0x0000000066ae0000 - 0x0000000066bb2000 	C:\Program Files\Android\Android Studio1\jre\jre\bin\msvcr100.dll
0x0000000065d20000 - 0x000000006656b000 	C:\Program Files\Android\Android Studio1\jre\jre\bin\server\jvm.dll
0x00007ff87ebb0000 - 0x00007ff87ebb8000 	C:\WINDOWS\System32\PSAPI.DLL
0x00007ff875130000 - 0x00007ff875139000 	C:\WINDOWS\SYSTEM32\WSOCK32.dll
0x00007ff873670000 - 0x00007ff87367a000 	C:\WINDOWS\SYSTEM32\VERSION.dll
0x00007ff863a70000 - 0x00007ff863a97000 	C:\WINDOWS\SYSTEM32\WINMM.dll
0x00007ff87ebc0000 - 0x00007ff87ec2b000 	C:\WINDOWS\System32\WS2_32.dll
0x00007ff873380000 - 0x00007ff87338f000 	C:\Program Files\Android\Android Studio1\jre\jre\bin\verify.dll
0x00007ff872950000 - 0x00007ff872979000 	C:\Program Files\Android\Android Studio1\jre\jre\bin\java.dll
0x00007ff873360000 - 0x00007ff873376000 	C:\Program Files\Android\Android Studio1\jre\jre\bin\zip.dll
0x00007ff87f160000 - 0x00007ff87f89f000 	C:\WINDOWS\System32\SHELL32.dll
0x00007ff878ce0000 - 0x00007ff879470000 	C:\WINDOWS\SYSTEM32\windows.storage.dll
0x00007ff87fed0000 - 0x00007ff880225000 	C:\WINDOWS\System32\combase.dll
0x00007ff87d760000 - 0x00007ff87d78c000 	C:\WINDOWS\SYSTEM32\Wldp.dll
0x00007ff8804c0000 - 0x00007ff88056e000 	C:\WINDOWS\System32\SHCORE.dll
0x00007ff87eca0000 - 0x00007ff87ecf5000 	C:\WINDOWS\System32\shlwapi.dll
0x00007ff87dc30000 - 0x00007ff87dc4f000 	C:\WINDOWS\SYSTEM32\profapi.dll
0x00007ff8723d0000 - 0x00007ff8723ea000 	C:\Program Files\Android\Android Studio1\jre\jre\bin\net.dll
0x00007ff87d4d0000 - 0x00007ff87d53a000 	C:\WINDOWS\system32\mswsock.dll
0x00007ff862bf0000 - 0x00007ff862c03000 	C:\Program Files\Android\Android Studio1\jre\jre\bin\nio.dll
0x00007ff862b70000 - 0x00007ff862b97000 	C:\Users\Ankit kumar\.gradle\native\f6784746aeab05261644944871eae4fe03e0ef1612fff0a4a95f87b438bc6780\windows-amd64\native-platform.dll
0x00007ff873330000 - 0x00007ff87333d000 	C:\Program Files\Android\Android Studio1\jre\jre\bin\management.dll
0x00007ff87d6a0000 - 0x00007ff87d6b8000 	C:\WINDOWS\SYSTEM32\CRYPTSP.dll
0x00007ff87ce00000 - 0x00007ff87ce34000 	C:\WINDOWS\system32\rsaenh.dll
0x00007ff87e1e0000 - 0x00007ff87e207000 	C:\WINDOWS\System32\bcrypt.dll
0x00007ff87dbf0000 - 0x00007ff87dc1e000 	C:\WINDOWS\SYSTEM32\USERENV.dll
0x00007ff87e210000 - 0x00007ff87e293000 	C:\WINDOWS\System32\bcryptprimitives.dll
0x00007ff87d6c0000 - 0x00007ff87d6cc000 	C:\WINDOWS\SYSTEM32\CRYPTBASE.dll
0x00007ff87d170000 - 0x00007ff87d1ab000 	C:\WINDOWS\SYSTEM32\IPHLPAPI.DLL
0x00007ff87ec60000 - 0x00007ff87ec68000 	C:\WINDOWS\System32\NSI.dll
0x00007ff8727b0000 - 0x00007ff8727c7000 	C:\WINDOWS\SYSTEM32\dhcpcsvc6.DLL
0x00007ff872600000 - 0x00007ff87261d000 	C:\WINDOWS\SYSTEM32\dhcpcsvc.DLL
0x00007ff87d1c0000 - 0x00007ff87d28c000 	C:\WINDOWS\SYSTEM32\DNSAPI.dll
0x00007ff872620000 - 0x00007ff87262b000 	C:\WINDOWS\SYSTEM32\WINNSI.DLL
0x00007ff8545c0000 - 0x00007ff85475c000 	C:\Program Files\Android\Android Studio1\jre\jre\bin\awt.dll
0x00007ff87ea00000 - 0x00007ff87eacd000 	C:\WINDOWS\System32\OLEAUT32.dll
0x00007ff8783b0000 - 0x00007ff8783df000 	C:\WINDOWS\SYSTEM32\dwmapi.dll
0x00007ff876bf0000 - 0x00007ff8771b0000 	C:\WINDOWS\SYSTEM32\d2d1.dll
0x00007ff878000000 - 0x00007ff878090000 	C:\WINDOWS\SYSTEM32\apphelp.dll
0x00007ff8781e0000 - 0x00007ff87827e000 	C:\WINDOWS\system32\uxtheme.dll

VM Arguments:
jvm_args: -Xmx2048m -Dfile.encoding=UTF-8 -Duser.country=IN -Duser.language=en -Duser.variant 
java_command: org.gradle.launcher.daemon.bootstrap.GradleDaemon 6.5
java_class_path (initial): C:\Users\Ankit kumar\.gradle\wrapper\dists\gradle-6.5-bin\6nifqtx7604sqp1q6g8wikw7p\gradle-6.5\lib\gradle-launcher-6.5.jar
Launcher Type: SUN_STANDARD

Environment Variables:
PATH=C:\Users\Ankit kumar\AppData\Local\Android\Sdk\platform-tools;C:\Windows;C:\Windows\System32\Wbem;C:\Windows\System32\WindowsPowerShell\v1.0\;C:\Windows\System32\OpenSSH\;C:\Program Files (x86)\NVIDIA Corporation\PhysX\Common;C:\Program Files\Intel\WiFi\bin\;C:\Program Files\Common Files\Intel\WirelessCommon\;C:\Program Files\Java\jdk-11.0.5\bin;C:\WINDOWS\system32;C:\WINDOWS;C:\WINDOWS\System32\Wbem;C:\WINDOWS\System32\WindowsPowerShell\v1.0\;C:\WINDOWS\System32\OpenSSH\;C:\Program Files\PuTTY\;C:\Program Files\Git\cmd;C:\Users\Ankit kumar\AppData\Local\Microsoft\WindowsApps;C:\Users\Ankit kumar\AppData\Local\GitHubDesktop\bin
USERNAME=Ankit kumar
OS=Windows_NT
PROCESSOR_IDENTIFIER=Intel64 Family 6 Model 142 Stepping 12, GenuineIntel



---------------  S Y S T E M  ---------------

OS: Windows 10.0 , 64 bit Build 19041 (10.0.19041.1023)

CPU:total 8 (initial active 8) (4 cores per cpu, 2 threads per core) family 6 model 142 stepping 12, cmov, cx8, fxsr, mmx, sse, sse2, sse3, ssse3, sse4.1, sse4.2, popcnt, avx, avx2, aes, clmul, erms, 3dnowpref, lzcnt, ht, tsc, tscinvbit, bmi1, bmi2, adx

Memory: 4k page, physical 8236416k(1173008k free), swap 8236416k(544k free)

vm_info: OpenJDK 64-Bit Server VM (25.242-b01) for windows-amd64 JRE (1.8.0_242-release-1644-b01), built by "builder" with MS VC++ 10.0 (VS2010)

time: Mon Jun 21 16:47:34 2021
timezone: India Standard Time
elapsed time: 14 seconds (0d 0h 0m 14s)

