#
# There is insufficient memory for the Java Runtime Environment to continue.
# Native memory allocation (malloc) failed to allocate 1019216 bytes for Chunk::new
# Possible reasons:
#   The system is out of physical RAM or swap space
#   The process is running with CompressedOops enabled, and the Java Heap may be blocking the growth of the native heap
# Possible solutions:
#   Reduce memory load on the system
#   Increase physical memory or swap space
#   Check if swap backing store is full
#   Decrease Java heap size (-Xmx/-Xms)
#   Decrease number of Java threads
#   Decrease Java thread stack sizes (-Xss)
#   Set larger code cache with -XX:ReservedCodeCacheSize=
#   JVM is running with Unscaled Compressed Oops mode in which the Java heap is
#     placed in the first 4GB address space. The Java Heap base address is the
#     maximum limit for the native heap growth. Please use -XX:HeapBaseMinAddress
#     to set the Java Heap base and to place the Java Heap above 4GB virtual address.
# This output file may be truncated or incomplete.
#
#  Out of Memory Error (allocation.cpp:389), pid=2856, tid=0x0000000000001600
#
# JRE version: OpenJDK Runtime Environment (8.0_242-b01) (build 1.8.0_242-release-1644-b01)
# Java VM: OpenJDK 64-Bit Server VM (25.242-b01 mixed mode windows-amd64 compressed oops)
# Failed to write core dump. Minidumps are not enabled by default on client versions of Windows
#

---------------  T H R E A D  ---------------

Current thread (0x00000000197a8000):  JavaThread "C2 CompilerThread1" daemon [_thread_in_native, id=5632, stack(0x000000001a170000,0x000000001a270000)]

Stack: [0x000000001a170000,0x000000001a270000]
[error occurred during error reporting (printing stack bounds), id 0xc0000005]

Native frames: (J=compiled Java code, j=interpreted, Vv=VM code, C=native code)


Current CompileTask:
C2:   2306 1482       4       java.net.URLClassLoader$1::run (5 bytes)


---------------  P R O C E S S  ---------------

Java Threads: ( => current thread )
  0x000000001c19a000 JavaThread "Cache worker for file hash cache (C:\Users\Ankit kumar\.gradle\caches\6.5\fileHashes)" [_thread_blocked, id=4904, stack(0x000000001f660000,0x000000001f760000)]
  0x000000001c19e000 JavaThread "File lock request listener" [_thread_in_native, id=13728, stack(0x000000001e590000,0x000000001e690000)]
  0x000000001c1e5800 JavaThread "Cache worker for journal cache (C:\Users\Ankit kumar\.gradle\caches\journal-1)" [_thread_blocked, id=6012, stack(0x000000001e490000,0x000000001e590000)]
  0x000000001c16f000 JavaThread "Thread-9" [_thread_blocked, id=4284, stack(0x000000001e190000,0x000000001e290000)]
  0x000000001c16d000 JavaThread "Stdin handler" [_thread_blocked, id=2596, stack(0x000000001e090000,0x000000001e190000)]
  0x000000001c16b800 JavaThread "Asynchronous log dispatcher for DefaultDaemonConnection: socket connection from /127.0.0.1:62775 to /127.0.0.1:62776" [_thread_blocked, id=8272, stack(0x000000001df90000,0x000000001e090000)]
  0x000000001c156000 JavaThread "Daemon worker" [_thread_in_vm, id=7892, stack(0x000000001de90000,0x000000001df90000)]
  0x000000001c13c800 JavaThread "Cancel handler" [_thread_blocked, id=1924, stack(0x000000001dd90000,0x000000001de90000)]
  0x000000001a9dc000 JavaThread "Handler for socket connection from /127.0.0.1:62775 to /127.0.0.1:62776" [_thread_in_native, id=3588, stack(0x000000001dc90000,0x000000001dd90000)]
  0x000000001a9d9000 JavaThread "Daemon" [_thread_blocked, id=12496, stack(0x000000001db90000,0x000000001dc90000)]
  0x000000001c0e4000 JavaThread "Daemon periodic checks" [_thread_blocked, id=12936, stack(0x000000001d890000,0x000000001d990000)]
  0x000000001c0e1800 JavaThread "Incoming local TCP Connector on port 62775" [_thread_in_native, id=8540, stack(0x000000001d650000,0x000000001d750000)]
  0x000000001bf8d800 JavaThread "Daemon health stats" [_thread_blocked, id=6280, stack(0x000000001d010000,0x000000001d110000)]
  0x0000000019841800 JavaThread "Service Thread" daemon [_thread_blocked, id=32, stack(0x000000001a470000,0x000000001a570000)]
  0x00000000197b4800 JavaThread "C1 CompilerThread3" daemon [_thread_blocked, id=11136, stack(0x000000001a370000,0x000000001a470000)]
  0x00000000197af000 JavaThread "C2 CompilerThread2" daemon [_thread_in_native, id=14208, stack(0x000000001a270000,0x000000001a370000)]
=>0x00000000197a8000 JavaThread "C2 CompilerThread1" daemon [_thread_in_native, id=5632, stack(0x000000001a170000,0x000000001a270000)]
  0x00000000179aa800 JavaThread "C2 CompilerThread0" daemon [_thread_in_native, id=12580, stack(0x000000001a070000,0x000000001a170000)]
  0x00000000179a9000 JavaThread "Attach Listener" daemon [_thread_blocked, id=1488, stack(0x0000000019f70000,0x000000001a070000)]
  0x00000000197a6000 JavaThread "Signal Dispatcher" daemon [_thread_blocked, id=3836, stack(0x0000000019e70000,0x0000000019f70000)]
  0x000000000292e000 JavaThread "Finalizer" daemon [_thread_blocked, id=10020, stack(0x0000000019c70000,0x0000000019d70000)]
  0x0000000002927000 JavaThread "Reference Handler" daemon [_thread_blocked, id=11032, stack(0x0000000019b70000,0x0000000019c70000)]
  0x000000000098e800 JavaThread "main" [_thread_blocked, id=628, stack(0x0000000000e70000,0x0000000000f70000)]

Other Threads:
  0x0000000017996000 VMThread [stack: 0x0000000019670000,0x0000000019770000] [id=6580]
  0x00000000197f4800 WatcherThread [stack: 0x000000001a570000,0x000000001a670000] [id=11660]

VM state:not at safepoint (normal execution)

VM Mutex/Monitor currently owned by a thread: None

heap address: 0x0000000080000000, size: 2048 MB, Compressed Oops mode: 32-bit
Narrow klass base: 0x0000000000000000, Narrow klass shift: 3
Compressed class space size: 1073741824 Address: 0x0000000100000000

Heap:
 PSYoungGen      total 37888K, used 11872K [0x00000000d5580000, 0x00000000d7f80000, 0x0000000100000000)
  eden space 32768K, 20% used [0x00000000d5580000,0x00000000d5c1e020,0x00000000d7580000)
  from space 5120K, 99% used [0x00000000d7a80000,0x00000000d7f7a170,0x00000000d7f80000)
  to   space 5120K, 0% used [0x00000000d7580000,0x00000000d7580000,0x00000000d7a80000)
 ParOldGen       total 86016K, used 2891K [0x0000000080000000, 0x0000000085400000, 0x00000000d5580000)
  object space 86016K, 3% used [0x0000000080000000,0x00000000802d2e40,0x0000000085400000)
 Metaspace       used 15501K, capacity 15972K, committed 16128K, reserved 1062912K
  class space    used 2043K, capacity 2188K, committed 2304K, reserved 1048576K

Card table byte_map: [0x0000000011cf0000,0x0000000012100000] byte_map_base: 0x00000000118f0000

Marking Bits: (ParMarkBitMap*) 0x000000005abdf030
 Begin Bits: [0x0000000012bb0000, 0x0000000014bb0000)
 End Bits:   [0x0000000014bb0000, 0x0000000016bb0000)

Polling page: 0x0000000000990000

CodeCache: size=245760Kb used=5350Kb max_used=5362Kb free=240409Kb
 bounds [0x0000000002930000, 0x0000000002e80000, 0x0000000011930000]
 total_blobs=1879 nmethods=1489 adapters=303
 compilation: enabled

Compilation events (10 events):
Event: 2.263 Thread 0x00000000197b4800 nmethod 1490 0x0000000002e65750 code [0x0000000002e658a0, 0x0000000002e659b0]
Event: 2.273 Thread 0x00000000179aa800 1491       4       java.lang.String::codePointAt (36 bytes)
Event: 2.274 Thread 0x00000000179aa800 nmethod 1491 0x0000000002e69210 code [0x0000000002e69360, 0x0000000002e69458]
Event: 2.283 Thread 0x00000000179aa800 1492       4       java.util.concurrent.ConcurrentHashMap::putIfAbsent (8 bytes)
Event: 2.284 Thread 0x00000000197b4800 1494       3       jdk.internal.org.objectweb.asm.AnnotationVisitor::<init> (35 bytes)
Event: 2.284 Thread 0x00000000197b4800 nmethod 1494 0x0000000002e64f10 code [0x0000000002e65080, 0x0000000002e65388]
Event: 2.284 Thread 0x00000000197b4800 1495       3       jdk.internal.org.objectweb.asm.MethodWriter::visitInsn (106 bytes)
Event: 2.284 Thread 0x00000000179aa800 nmethod 1492 0x0000000002e6f850 code [0x0000000002e6f9a0, 0x0000000002e6fa28]
Event: 2.285 Thread 0x00000000197b4800 nmethod 1495 0x0000000002e6a290 code [0x0000000002e6a440, 0x0000000002e6a8e8]
Event: 2.299 Thread 0x00000000179aa800 1496       4       java.util.jar.Attributes$Name::hashCode (24 bytes)

GC Heap History (8 events):
Event: 0.675 GC heap before
{Heap before GC invocations=1 (full 0):
 PSYoungGen      total 37888K, used 32768K [0x00000000d5580000, 0x00000000d7f80000, 0x0000000100000000)
  eden space 32768K, 100% used [0x00000000d5580000,0x00000000d7580000,0x00000000d7580000)
  from space 5120K, 0% used [0x00000000d7a80000,0x00000000d7a80000,0x00000000d7f80000)
  to   space 5120K, 0% used [0x00000000d7580000,0x00000000d7580000,0x00000000d7a80000)
 ParOldGen       total 86016K, used 0K [0x0000000080000000, 0x0000000085400000, 0x00000000d5580000)
  object space 86016K, 0% used [0x0000000080000000,0x0000000080000000,0x0000000085400000)
 Metaspace       used 7532K, capacity 7774K, committed 8064K, reserved 1056768K
  class space    used 929K, capacity 1037K, committed 1152K, reserved 1048576K
Event: 0.682 GC heap after
Heap after GC invocations=1 (full 0):
 PSYoungGen      total 37888K, used 4471K [0x00000000d5580000, 0x00000000d7f80000, 0x0000000100000000)
  eden space 32768K, 0% used [0x00000000d5580000,0x00000000d5580000,0x00000000d7580000)
  from space 5120K, 87% used [0x00000000d7580000,0x00000000d79ddf80,0x00000000d7a80000)
  to   space 5120K, 0% used [0x00000000d7a80000,0x00000000d7a80000,0x00000000d7f80000)
 ParOldGen       total 86016K, used 16K [0x0000000080000000, 0x0000000085400000, 0x00000000d5580000)
  object space 86016K, 0% used [0x0000000080000000,0x0000000080004000,0x0000000085400000)
 Metaspace       used 7532K, capacity 7774K, committed 8064K, reserved 1056768K
  class space    used 929K, capacity 1037K, committed 1152K, reserved 1048576K
}
Event: 0.940 GC heap before
{Heap before GC invocations=2 (full 0):
 PSYoungGen      total 37888K, used 37239K [0x00000000d5580000, 0x00000000d7f80000, 0x0000000100000000)
  eden space 32768K, 100% used [0x00000000d5580000,0x00000000d7580000,0x00000000d7580000)
  from space 5120K, 87% used [0x00000000d7580000,0x00000000d79ddf80,0x00000000d7a80000)
  to   space 5120K, 0% used [0x00000000d7a80000,0x00000000d7a80000,0x00000000d7f80000)
 ParOldGen       total 86016K, used 16K [0x0000000080000000, 0x0000000085400000, 0x00000000d5580000)
  object space 86016K, 0% used [0x0000000080000000,0x0000000080004000,0x0000000085400000)
 Metaspace       used 7698K, capacity 7966K, committed 8320K, reserved 1056768K
  class space    used 938K, capacity 1037K, committed 1152K, reserved 1048576K
Event: 0.943 GC heap after
Heap after GC invocations=2 (full 0):
 PSYoungGen      total 37888K, used 3169K [0x00000000d5580000, 0x00000000d7f80000, 0x0000000100000000)
  eden space 32768K, 0% used [0x00000000d5580000,0x00000000d5580000,0x00000000d7580000)
  from space 5120K, 61% used [0x00000000d7a80000,0x00000000d7d985e8,0x00000000d7f80000)
  to   space 5120K, 0% used [0x00000000d7580000,0x00000000d7580000,0x00000000d7a80000)
 ParOldGen       total 86016K, used 24K [0x0000000080000000, 0x0000000085400000, 0x00000000d5580000)
  object space 86016K, 0% used [0x0000000080000000,0x0000000080006000,0x0000000085400000)
 Metaspace       used 7698K, capacity 7966K, committed 8320K, reserved 1056768K
  class space    used 938K, capacity 1037K, committed 1152K, reserved 1048576K
}
Event: 1.751 GC heap before
{Heap before GC invocations=3 (full 0):
 PSYoungGen      total 37888K, used 35937K [0x00000000d5580000, 0x00000000d7f80000, 0x0000000100000000)
  eden space 32768K, 100% used [0x00000000d5580000,0x00000000d7580000,0x00000000d7580000)
  from space 5120K, 61% used [0x00000000d7a80000,0x00000000d7d985e8,0x00000000d7f80000)
  to   space 5120K, 0% used [0x00000000d7580000,0x00000000d7580000,0x00000000d7a80000)
 ParOldGen       total 86016K, used 24K [0x0000000080000000, 0x0000000085400000, 0x00000000d5580000)
  object space 86016K, 0% used [0x0000000080000000,0x0000000080006000,0x0000000085400000)
 Metaspace       used 11150K, capacity 11434K, committed 11648K, reserved 1058816K
  class space    used 1472K, capacity 1575K, committed 1664K, reserved 1048576K
Event: 1.756 GC heap after
Heap after GC invocations=3 (full 0):
 PSYoungGen      total 37888K, used 5088K [0x00000000d5580000, 0x00000000d7f80000, 0x0000000100000000)
  eden space 32768K, 0% used [0x00000000d5580000,0x00000000d5580000,0x00000000d7580000)
  from space 5120K, 99% used [0x00000000d7580000,0x00000000d7a78020,0x00000000d7a80000)
  to   space 5120K, 0% used [0x00000000d7a80000,0x00000000d7a80000,0x00000000d7f80000)
 ParOldGen       total 86016K, used 730K [0x0000000080000000, 0x0000000085400000, 0x00000000d5580000)
  object space 86016K, 0% used [0x0000000080000000,0x00000000800b6aa8,0x0000000085400000)
 Metaspace       used 11150K, capacity 11434K, committed 11648K, reserved 1058816K
  class space    used 1472K, capacity 1575K, committed 1664K, reserved 1048576K
}
Event: 2.194 GC heap before
{Heap before GC invocations=4 (full 0):
 PSYoungGen      total 37888K, used 37856K [0x00000000d5580000, 0x00000000d7f80000, 0x0000000100000000)
  eden space 32768K, 100% used [0x00000000d5580000,0x00000000d7580000,0x00000000d7580000)
  from space 5120K, 99% used [0x00000000d7580000,0x00000000d7a78020,0x00000000d7a80000)
  to   space 5120K, 0% used [0x00000000d7a80000,0x00000000d7a80000,0x00000000d7f80000)
 ParOldGen       total 86016K, used 730K [0x0000000080000000, 0x0000000085400000, 0x00000000d5580000)
  object space 86016K, 0% used [0x0000000080000000,0x00000000800b6aa8,0x0000000085400000)
 Metaspace       used 14310K, capacity 14800K, committed 14976K, reserved 1062912K
  class space    used 1964K, capacity 2120K, committed 2176K, reserved 1048576K
Event: 2.202 GC heap after
Heap after GC invocations=4 (full 0):
 PSYoungGen      total 37888K, used 5096K [0x00000000d5580000, 0x00000000d7f80000, 0x0000000100000000)
  eden space 32768K, 0% used [0x00000000d5580000,0x00000000d5580000,0x00000000d7580000)
  from space 5120K, 99% used [0x00000000d7a80000,0x00000000d7f7a170,0x00000000d7f80000)
  to   space 5120K, 0% used [0x00000000d7580000,0x00000000d7580000,0x00000000d7a80000)
 ParOldGen       total 86016K, used 2891K [0x0000000080000000, 0x0000000085400000, 0x00000000d5580000)
  object space 86016K, 3% used [0x0000000080000000,0x00000000802d2e40,0x0000000085400000)
 Metaspace       used 14310K, capacity 14800K, committed 14976K, reserved 1062912K
  class space    used 1964K, capacity 2120K, committed 2176K, reserved 1048576K
}

Deoptimization events (10 events):
Event: 1.868 Thread 0x000000001c156000 Uncommon trap: reason=bimorphic action=maybe_recompile pc=0x0000000002c0428c method=java.util.HashMap.putVal(ILjava/lang/Object;Ljava/lang/Object;ZZ)Ljava/lang/Object; @ 253
Event: 1.869 Thread 0x000000001c156000 Uncommon trap: reason=bimorphic action=maybe_recompile pc=0x0000000002c0428c method=java.util.HashMap.putVal(ILjava/lang/Object;Ljava/lang/Object;ZZ)Ljava/lang/Object; @ 253
Event: 1.869 Thread 0x000000001c156000 Uncommon trap: reason=bimorphic action=maybe_recompile pc=0x0000000002c0428c method=java.util.HashMap.putVal(ILjava/lang/Object;Ljava/lang/Object;ZZ)Ljava/lang/Object; @ 253
Event: 1.869 Thread 0x000000001c156000 Uncommon trap: reason=bimorphic action=maybe_recompile pc=0x0000000002c0428c method=java.util.HashMap.putVal(ILjava/lang/Object;Ljava/lang/Object;ZZ)Ljava/lang/Object; @ 253
Event: 2.145 Thread 0x000000001c156000 Uncommon trap: reason=class_check action=maybe_recompile pc=0x0000000002c87118 method=java.util.regex.Matcher.match(II)Z @ 86
Event: 2.164 Thread 0x000000001c156000 Uncommon trap: reason=class_check action=maybe_recompile pc=0x0000000002c87118 method=java.util.regex.Matcher.match(II)Z @ 86
Event: 2.165 Thread 0x000000001c156000 Uncommon trap: reason=class_check action=maybe_recompile pc=0x0000000002c87118 method=java.util.regex.Matcher.match(II)Z @ 86
Event: 2.165 Thread 0x000000001c156000 Uncommon trap: reason=class_check action=maybe_recompile pc=0x0000000002ae550c method=java.util.regex.Matcher.match(II)Z @ 86
Event: 2.287 Thread 0x000000001c156000 Uncommon trap: reason=unstable_if action=reinterpret pc=0x0000000002c7370c method=java.io.File.getName()Ljava/lang/String; @ 16
Event: 2.287 Thread 0x000000001c156000 Uncommon trap: reason=unstable_if action=reinterpret pc=0x0000000002c7aa5c method=java.lang.String.substring(I)Ljava/lang/String; @ 35

Classes redefined (0 events):
No events

Internal exceptions (10 events):
Event: 0.527 Thread 0x000000000098e800 Exception <a 'java/lang/ArrayIndexOutOfBoundsException'> (0x00000000d6bec988) thrown at [C:\src\AOSP-openjdk-git\hotspot\src\share\vm\runtime\sharedRuntime.cpp, line 605]
Event: 0.528 Thread 0x000000000098e800 Exception <a 'java/lang/ArrayIndexOutOfBoundsException'> (0x00000000d6c024e8) thrown at [C:\src\AOSP-openjdk-git\hotspot\src\share\vm\runtime\sharedRuntime.cpp, line 605]
Event: 1.761 Thread 0x000000000098e800 Exception <a 'java/io/IOException'> (0x00000000d55d5b20) thrown at [C:\src\AOSP-openjdk-git\hotspot\src\share\vm\prims\jni.cpp, line 710]
Event: 1.826 Thread 0x000000001a9dc000 Exception <a 'java/lang/NoSuchMethodError': <clinit>> (0x00000000d5844150) thrown at [C:\src\AOSP-openjdk-git\hotspot\src\share\vm\prims\jni.cpp, line 1615]
Event: 1.827 Thread 0x000000001a9dc000 Exception <a 'java/lang/NoSuchMethodError': <clinit>> (0x00000000d584d858) thrown at [C:\src\AOSP-openjdk-git\hotspot\src\share\vm\prims\jni.cpp, line 1615]
Event: 1.829 Thread 0x000000001a9dc000 Exception <a 'java/lang/NoSuchMethodError': <clinit>> (0x00000000d5884920) thrown at [C:\src\AOSP-openjdk-git\hotspot\src\share\vm\prims\jni.cpp, line 1615]
Event: 1.837 Thread 0x000000001a9dc000 Exception <a 'java/lang/NoSuchMethodError': <clinit>> (0x00000000d58f1d98) thrown at [C:\src\AOSP-openjdk-git\hotspot\src\share\vm\prims\jni.cpp, line 1615]
Event: 1.842 Thread 0x000000001a9dc000 Exception <a 'java/lang/NoSuchMethodError': <clinit>> (0x00000000d592c2f0) thrown at [C:\src\AOSP-openjdk-git\hotspot\src\share\vm\prims\jni.cpp, line 1615]
Event: 1.847 Thread 0x000000001a9dc000 Exception <a 'java/lang/NoSuchMethodError': <clinit>> (0x00000000d59621b0) thrown at [C:\src\AOSP-openjdk-git\hotspot\src\share\vm\prims\jni.cpp, line 1615]
Event: 1.848 Thread 0x000000001a9dc000 Exception <a 'java/lang/NoSuchMethodError': <clinit>> (0x00000000d596e6e0) thrown at [C:\src\AOSP-openjdk-git\hotspot\src\share\vm\prims\jni.cpp, line 1615]

Events (10 events):
Event: 2.298 loading class com/google/common/io/CharSource$EmptyCharSource
Event: 2.298 loading class com/google/common/io/CharSource$EmptyCharSource done
Event: 2.298 loading class com/google/common/io/CharSource$AsByteSource
Event: 2.298 loading class com/google/common/io/CharSource$AsByteSource done
Event: 2.299 loading class org/apache/commons/io/FileUtils
Event: 2.299 loading class org/apache/commons/io/FileUtils done
Event: 2.301 Thread 0x000000001c156000 DEOPT PACKING pc=0x0000000002b10a0c sp=0x000000001df898a0
Event: 2.301 Thread 0x000000001c156000 DEOPT UNPACKING pc=0x00000000029775d0 sp=0x000000001df89718 mode 0
Event: 2.304 loading class org/apache/commons/io/filefilter/IOFileFilter
Event: 2.304 loading class org/apache/commons/io/filefilter/IOFileFilter done


Dynamic libraries:
0x00007ff6daa60000 - 0x00007ff6daa91000 	C:\Program Files\Android\Android Studio1\jre\bin\java.exe
0x00007ffbb3cb0000 - 0x00007ffbb3ea5000 	C:\WINDOWS\SYSTEM32\ntdll.dll
0x00007ffbb2d20000 - 0x00007ffbb2ddd000 	C:\WINDOWS\System32\KERNEL32.DLL
0x00007ffbb1640000 - 0x00007ffbb1908000 	C:\WINDOWS\System32\KERNELBASE.dll
0x00007ffbb1f50000 - 0x00007ffbb1ffc000 	C:\WINDOWS\System32\ADVAPI32.dll
0x00007ffbb2880000 - 0x00007ffbb291e000 	C:\WINDOWS\System32\msvcrt.dll
0x00007ffbb3900000 - 0x00007ffbb399b000 	C:\WINDOWS\System32\sechost.dll
0x00007ffbb2f50000 - 0x00007ffbb307b000 	C:\WINDOWS\System32\RPCRT4.dll
0x00007ffbb39a0000 - 0x00007ffbb3b40000 	C:\WINDOWS\System32\USER32.dll
0x00007ffbb1a20000 - 0x00007ffbb1a42000 	C:\WINDOWS\System32\win32u.dll
0x00007ffbb1f20000 - 0x00007ffbb1f4a000 	C:\WINDOWS\System32\GDI32.dll
0x00007ffbb1910000 - 0x00007ffbb1a1b000 	C:\WINDOWS\System32\gdi32full.dll
0x00007ffbb1c00000 - 0x00007ffbb1c9d000 	C:\WINDOWS\System32\msvcp_win.dll
0x00007ffbb1a50000 - 0x00007ffbb1b50000 	C:\WINDOWS\System32\ucrtbase.dll
0x00007ffb977b0000 - 0x00007ffb97a4a000 	C:\WINDOWS\WinSxS\amd64_microsoft.windows.common-controls_6595b64144ccf1df_6.0.19041.1052_none_60b8f8fd71f5e8cb\COMCTL32.dll
0x00007ffbb2eb0000 - 0x00007ffbb2ee0000 	C:\WINDOWS\System32\IMM32.DLL
0x000000005b1d0000 - 0x000000005b2a2000 	C:\Program Files\Android\Android Studio1\jre\jre\bin\msvcr100.dll
0x000000005a410000 - 0x000000005ac5b000 	C:\Program Files\Android\Android Studio1\jre\jre\bin\server\jvm.dll
0x00007ffbb3c60000 - 0x00007ffbb3c68000 	C:\WINDOWS\System32\PSAPI.DLL
0x00007ffb95be0000 - 0x00007ffb95c07000 	C:\WINDOWS\SYSTEM32\WINMM.dll
0x00007ffbab530000 - 0x00007ffbab539000 	C:\WINDOWS\SYSTEM32\WSOCK32.dll
0x00007ffba7b80000 - 0x00007ffba7b8a000 	C:\WINDOWS\SYSTEM32\VERSION.dll
0x00007ffbb1eb0000 - 0x00007ffbb1f1b000 	C:\WINDOWS\System32\WS2_32.dll
0x00007ffba9ba0000 - 0x00007ffba9baf000 	C:\Program Files\Android\Android Studio1\jre\jre\bin\verify.dll
0x00007ffba8990000 - 0x00007ffba89b9000 	C:\Program Files\Android\Android Studio1\jre\jre\bin\java.dll
0x00007ffba87d0000 - 0x00007ffba87e6000 	C:\Program Files\Android\Android Studio1\jre\jre\bin\zip.dll
0x00007ffbb3100000 - 0x00007ffbb383f000 	C:\WINDOWS\System32\SHELL32.dll
0x00007ffbaf520000 - 0x00007ffbafcb0000 	C:\WINDOWS\SYSTEM32\windows.storage.dll
0x00007ffbb29b0000 - 0x00007ffbb2d05000 	C:\WINDOWS\System32\combase.dll
0x00007ffbb0e60000 - 0x00007ffbb0e8c000 	C:\WINDOWS\SYSTEM32\Wldp.dll
0x00007ffbb2620000 - 0x00007ffbb26ce000 	C:\WINDOWS\System32\SHCORE.dll
0x00007ffbb3840000 - 0x00007ffbb3895000 	C:\WINDOWS\System32\shlwapi.dll
0x00007ffbb1330000 - 0x00007ffbb134f000 	C:\WINDOWS\SYSTEM32\profapi.dll
0x00007ffba7a20000 - 0x00007ffba7a3a000 	C:\Program Files\Android\Android Studio1\jre\jre\bin\net.dll
0x00007ffbb0bd0000 - 0x00007ffbb0c3a000 	C:\WINDOWS\system32\mswsock.dll
0x00007ffba7a00000 - 0x00007ffba7a13000 	C:\Program Files\Android\Android Studio1\jre\jre\bin\nio.dll
0x00007ffba76d0000 - 0x00007ffba76f7000 	C:\Users\Ankit kumar\.gradle\native\f6784746aeab05261644944871eae4fe03e0ef1612fff0a4a95f87b438bc6780\windows-amd64\native-platform.dll
0x00007ffba99a0000 - 0x00007ffba99ad000 	C:\Program Files\Android\Android Studio1\jre\jre\bin\management.dll
0x00007ffbb0da0000 - 0x00007ffbb0db8000 	C:\WINDOWS\SYSTEM32\CRYPTSP.dll
0x00007ffbb0500000 - 0x00007ffbb0534000 	C:\WINDOWS\system32\rsaenh.dll
0x00007ffbb1ca0000 - 0x00007ffbb1cc7000 	C:\WINDOWS\System32\bcrypt.dll
0x00007ffbb12f0000 - 0x00007ffbb131e000 	C:\WINDOWS\SYSTEM32\USERENV.dll
0x00007ffbb15b0000 - 0x00007ffbb1633000 	C:\WINDOWS\System32\bcryptprimitives.dll
0x00007ffbb0dc0000 - 0x00007ffbb0dcc000 	C:\WINDOWS\SYSTEM32\CRYPTBASE.dll
0x00007ffbb0870000 - 0x00007ffbb08ab000 	C:\WINDOWS\SYSTEM32\IPHLPAPI.DLL
0x00007ffbb2ee0000 - 0x00007ffbb2ee8000 	C:\WINDOWS\System32\NSI.dll
0x00007ffba6720000 - 0x00007ffba6737000 	C:\WINDOWS\SYSTEM32\dhcpcsvc6.DLL
0x00007ffba6700000 - 0x00007ffba671d000 	C:\WINDOWS\SYSTEM32\dhcpcsvc.DLL
0x00007ffbb08c0000 - 0x00007ffbb098c000 	C:\WINDOWS\SYSTEM32\DNSAPI.dll
0x00007ffba7b70000 - 0x00007ffba7b7b000 	C:\WINDOWS\SYSTEM32\WINNSI.DLL

VM Arguments:
jvm_args: -Xmx2048m -Dfile.encoding=UTF-8 -Duser.country=IN -Duser.language=en -Duser.variant 
java_command: org.gradle.launcher.daemon.bootstrap.GradleDaemon 6.5
java_class_path (initial): C:\Users\Ankit kumar\.gradle\wrapper\dists\gradle-6.5-bin\6nifqtx7604sqp1q6g8wikw7p\gradle-6.5\lib\gradle-launcher-6.5.jar
Launcher Type: SUN_STANDARD

Environment Variables:
PATH=C:\Users\Ankit kumar\AppData\Local\Android\Sdk\platform-tools;C:\Windows;C:\Windows\System32\Wbem;C:\Windows\System32\WindowsPowerShell\v1.0\;C:\Windows\System32\OpenSSH\;C:\Program Files (x86)\NVIDIA Corporation\PhysX\Common;C:\Program Files\Intel\WiFi\bin\;C:\Program Files\Common Files\Intel\WirelessCommon\;C:\Program Files\Java\jdk-11.0.5\bin;C:\WINDOWS\system32;C:\WINDOWS;C:\WINDOWS\System32\Wbem;C:\WINDOWS\System32\WindowsPowerShell\v1.0\;C:\WINDOWS\System32\OpenSSH\;C:\Program Files\PuTTY\;C:\Program Files\Git\cmd;C:\Users\Ankit kumar\AppData\Local\Microsoft\WindowsApps;C:\Users\Ankit kumar\AppData\Local\GitHubDesktop\bin
USERNAME=Ankit kumar
OS=Windows_NT
PROCESSOR_IDENTIFIER=Intel64 Family 6 Model 142 Stepping 12, GenuineIntel



---------------  S Y S T E M  ---------------

OS: Windows 10.0 , 64 bit Build 19041 (10.0.19041.1023)

CPU:total 8 (initial active 8) (4 cores per cpu, 2 threads per core) family 6 model 142 stepping 12, cmov, cx8, fxsr, mmx, sse, sse2, sse3, ssse3, sse4.1, sse4.2, popcnt, avx, avx2, aes, clmul, erms, 3dnowpref, lzcnt, ht, tsc, tscinvbit, bmi1, bmi2, adx

Memory: 4k page, physical 8236416k(1285792k free), swap 8236416k(5944k free)

vm_info: OpenJDK 64-Bit Server VM (25.242-b01) for windows-amd64 JRE (1.8.0_242-release-1644-b01), built by "builder" with MS VC++ 10.0 (VS2010)

time: Fri Jun 25 23:24:09 2021
timezone: India Standard Time
elapsed time: 2 seconds (0d 0h 0m 2s)

