#
# There is insufficient memory for the Java Runtime Environment to continue.
# Native memory allocation (malloc) failed to allocate 1261456 bytes for Chunk::new
# Possible reasons:
#   The system is out of physical RAM or swap space
#   The process is running with CompressedOops enabled, and the Java Heap may be blocking the growth of the native heap
# Possible solutions:
#   Reduce memory load on the system
#   Increase physical memory or swap space
#   Check if swap backing store is full
#   Decrease Java heap size (-Xmx/-Xms)
#   Decrease number of Java threads
#   Decrease Java thread stack sizes (-Xss)
#   Set larger code cache with -XX:ReservedCodeCacheSize=
#   JVM is running with Unscaled Compressed Oops mode in which the Java heap is
#     placed in the first 4GB address space. The Java Heap base address is the
#     maximum limit for the native heap growth. Please use -XX:HeapBaseMinAddress
#     to set the Java Heap base and to place the Java Heap above 4GB virtual address.
# This output file may be truncated or incomplete.
#
#  Out of Memory Error (allocation.cpp:389), pid=296, tid=0x0000000000001930
#
# JRE version: OpenJDK Runtime Environment (8.0_242-b01) (build 1.8.0_242-release-1644-b01)
# Java VM: OpenJDK 64-Bit Server VM (25.242-b01 mixed mode windows-amd64 compressed oops)
# Failed to write core dump. Minidumps are not enabled by default on client versions of Windows
#

---------------  T H R E A D  ---------------

Current thread (0x0000000019479800):  JavaThread "C2 CompilerThread2" daemon [_thread_in_native, id=6448, stack(0x0000000019f40000,0x000000001a040000)]

Stack: [0x0000000019f40000,0x000000001a040000]
[error occurred during error reporting (printing stack bounds), id 0xc0000005]

Native frames: (J=compiled Java code, j=interpreted, Vv=VM code, C=native code)


Current CompileTask:
C2:  13956 7990       4       com.android.ide.common.resources.NodeUtils::duplicateNode (315 bytes)


---------------  P R O C E S S  ---------------

Java Threads: ( => current thread )
  0x00000000218a3800 JavaThread "stdout" [_thread_in_native, id=13840, stack(0x0000000030c40000,0x0000000030d40000)]
  0x00000000218a9000 JavaThread "stderr" [_thread_in_native, id=14032, stack(0x0000000030b40000,0x0000000030c40000)]
  0x00000000218a6000 JavaThread "stdout" [_thread_in_native, id=12084, stack(0x0000000030a40000,0x0000000030b40000)]
  0x00000000218a8000 JavaThread "stderr" [_thread_in_native, id=11576, stack(0x0000000030940000,0x0000000030a40000)]
  0x00000000218a2000 JavaThread "stdout" [_thread_in_native, id=2404, stack(0x0000000030840000,0x0000000030940000)]
  0x00000000218a6800 JavaThread "stderr" [_thread_in_native, id=2320, stack(0x0000000030740000,0x0000000030840000)]
  0x00000000218a3000 JavaThread "stdout" [_thread_in_native, id=8340, stack(0x0000000030640000,0x0000000030740000)]
  0x00000000218a7800 JavaThread "stderr" [_thread_in_native, id=1260, stack(0x0000000030540000,0x0000000030640000)]
  0x000000001aeeb000 JavaThread "stdout" [_thread_in_native, id=2932, stack(0x0000000030440000,0x0000000030540000)]
  0x000000001aeea000 JavaThread "stderr" [_thread_in_native, id=13444, stack(0x0000000030340000,0x0000000030440000)]
  0x000000001aee9800 JavaThread "stdout" [_thread_in_native, id=6264, stack(0x0000000030240000,0x0000000030340000)]
  0x000000001aee8800 JavaThread "stderr" [_thread_in_native, id=13792, stack(0x0000000030140000,0x0000000030240000)]
  0x000000001aeec800 JavaThread "stdout" [_thread_in_native, id=2636, stack(0x0000000030040000,0x0000000030140000)]
  0x000000001aee8000 JavaThread "stderr" [_thread_in_native, id=13784, stack(0x000000002ff40000,0x0000000030040000)]
  0x000000001aee6800 JavaThread "stdout" [_thread_in_native, id=7820, stack(0x000000002fe40000,0x000000002ff40000)]
  0x000000001aee5800 JavaThread "stderr" [_thread_in_native, id=9424, stack(0x000000002fd40000,0x000000002fe40000)]
  0x000000001aee7000 JavaThread "pool-2-thread-1" [_thread_blocked, id=3492, stack(0x000000002fc40000,0x000000002fd40000)]
  0x000000001aeeb800 JavaThread "WorkerExecutor Queue Thread 8" [_thread_blocked, id=8280, stack(0x000000002fb40000,0x000000002fc40000)]
  0x000000001aede000 JavaThread "WorkerExecutor Queue Thread 7" [_thread_blocked, id=8576, stack(0x000000002fa40000,0x000000002fb40000)]
  0x000000001aee1000 JavaThread "WorkerExecutor Queue Thread 6" [_thread_blocked, id=8208, stack(0x000000002f940000,0x000000002fa40000)]
  0x000000001aee5000 JavaThread "WorkerExecutor Queue Thread 5" [_thread_blocked, id=7952, stack(0x000000002f840000,0x000000002f940000)]
  0x000000001aee2000 JavaThread "WorkerExecutor Queue Thread 4" [_thread_blocked, id=7960, stack(0x000000002f740000,0x000000002f840000)]
  0x000000001aee0800 JavaThread "MarlinRenderer Disposer" daemon [_thread_blocked, id=13064, stack(0x000000002f640000,0x000000002f740000)]
  0x000000001aee4000 JavaThread "Java2D Disposer" daemon [_thread_blocked, id=10524, stack(0x000000002f4e0000,0x000000002f5e0000)]
  0x000000001aedd800 JavaThread "WorkerExecutor Queue Thread 3" [_thread_blocked, id=12104, stack(0x000000002f1e0000,0x000000002f2e0000)]
  0x000000001aedf000 JavaThread "WorkerExecutor Queue Thread 2" [_thread_blocked, id=1440, stack(0x000000002f0e0000,0x000000002f1e0000)]
  0x000000001aedf800 JavaThread "WorkerExecutor Queue" [_thread_blocked, id=3180, stack(0x000000002efe0000,0x000000002f0e0000)]
  0x000000001a4e9000 JavaThread "Cache worker for execution history cache (C:\Users\Ankit kumar\AndroidStudioProjects\BookStore\.gradle\6.5\executionHistory)" [_thread_in_native, id=2164, stack(0x000000002eae0000,0x000000002ebe0000)]
  0x000000001a4e8000 JavaThread "Execution worker for ':' Thread 7" [_thread_blocked, id=3100, stack(0x000000002e9e0000,0x000000002eae0000)]
  0x000000001a4e7800 JavaThread "Execution worker for ':' Thread 6" [_thread_blocked, id=11496, stack(0x000000002e8e0000,0x000000002e9e0000)]
  0x000000001a4e6800 JavaThread "Execution worker for ':' Thread 5" [_thread_blocked, id=5944, stack(0x000000002e7e0000,0x000000002e8e0000)]
  0x000000001a4ea800 JavaThread "Execution worker for ':' Thread 4" [_thread_blocked, id=13928, stack(0x000000002e6e0000,0x000000002e7e0000)]
  0x000000001a4ec800 JavaThread "Execution worker for ':' Thread 3" [_thread_blocked, id=10324, stack(0x000000002e5e0000,0x000000002e6e0000)]
  0x000000001a4e9800 JavaThread "Execution worker for ':' Thread 2" [_thread_blocked, id=7948, stack(0x000000002e4e0000,0x000000002e5e0000)]
  0x000000001a4ec000 JavaThread "Execution worker for ':'" [_thread_blocked, id=5164, stack(0x000000002e3e0000,0x000000002e4e0000)]
  0x000000001a4eb000 JavaThread "Cache worker for file content cache (C:\Users\Ankit kumar\AndroidStudioProjects\BookStore\.gradle\6.5\fileContent)" [_thread_blocked, id=11528, stack(0x000000002cf10000,0x000000002d010000)]
  0x000000001a4ed800 JavaThread "Memory manager" [_thread_blocked, id=1512, stack(0x000000002ce10000,0x000000002cf10000)]
  0x000000001fc4c000 JavaThread "pool-1-thread-1" [_thread_blocked, id=3616, stack(0x000000002aa20000,0x000000002ab20000)]
  0x000000001fc4b800 JavaThread "Cache worker for Build Output Cleanup Cache (C:\Users\Ankit kumar\AndroidStudioProjects\BookStore\.gradle\buildOutputCleanup)" [_thread_blocked, id=2816, stack(0x000000002ab40000,0x000000002ac40000)]
  0x000000001fc4a800 JavaThread "jar transforms Thread 113" [_thread_blocked, id=12308, stack(0x000000002a720000,0x000000002a820000)]
  0x000000001fc4a000 JavaThread "jar transforms Thread 112" [_thread_blocked, id=4272, stack(0x000000002a520000,0x000000002a620000)]
  0x000000001fc42800 JavaThread "jar transforms Thread 111" [_thread_blocked, id=13600, stack(0x000000002a420000,0x000000002a520000)]
  0x000000001fc49000 JavaThread "jar transforms Thread 110" [_thread_blocked, id=6256, stack(0x000000002a320000,0x000000002a420000)]
  0x000000001fc48800 JavaThread "jar transforms Thread 109" [_thread_blocked, id=4492, stack(0x000000002a220000,0x000000002a320000)]
  0x000000001fc47800 JavaThread "jar transforms Thread 108" [_thread_blocked, id=13756, stack(0x000000002a120000,0x000000002a220000)]
  0x000000001fc46000 JavaThread "jar transforms Thread 107" [_thread_blocked, id=264, stack(0x000000002a020000,0x000000002a120000)]
  0x000000001fc45800 JavaThread "jar transforms Thread 106" [_thread_blocked, id=9476, stack(0x0000000029f20000,0x000000002a020000)]
  0x000000001fc44800 JavaThread "jar transforms Thread 105" [_thread_blocked, id=10368, stack(0x0000000029e20000,0x0000000029f20000)]
  0x000000001fc40000 JavaThread "jar transforms Thread 104" [_thread_blocked, id=13048, stack(0x0000000029d20000,0x0000000029e20000)]
  0x000000001fc47000 JavaThread "jar transforms Thread 103" [_thread_blocked, id=12988, stack(0x0000000029c20000,0x0000000029d20000)]
  0x000000001fc3d000 JavaThread "jar transforms Thread 102" [_thread_blocked, id=12764, stack(0x0000000029b20000,0x0000000029c20000)]
  0x000000001fc44000 JavaThread "jar transforms Thread 101" [_thread_blocked, id=9372, stack(0x0000000029a20000,0x0000000029b20000)]
  0x000000001fc41800 JavaThread "jar transforms Thread 100" [_thread_blocked, id=952, stack(0x0000000029920000,0x0000000029a20000)]
  0x000000001fc3e000 JavaThread "jar transforms Thread 99" [_thread_blocked, id=9016, stack(0x0000000029820000,0x0000000029920000)]
  0x000000001fc3e800 JavaThread "jar transforms Thread 98" [_thread_blocked, id=13428, stack(0x0000000029720000,0x0000000029820000)]
  0x000000001fc41000 JavaThread "jar transforms Thread 97" [_thread_blocked, id=4848, stack(0x0000000029620000,0x0000000029720000)]
  0x000000001fc3f800 JavaThread "jar transforms Thread 96" [_thread_blocked, id=2340, stack(0x0000000029520000,0x0000000029620000)]
  0x000000001fc43000 JavaThread "jar transforms Thread 95" [_thread_blocked, id=12228, stack(0x0000000029420000,0x0000000029520000)]
  0x000000001e75e800 JavaThread "jar transforms Thread 94" [_thread_blocked, id=1936, stack(0x0000000029320000,0x0000000029420000)]
  0x000000001e75d800 JavaThread "jar transforms Thread 93" [_thread_blocked, id=8980, stack(0x0000000029220000,0x0000000029320000)]
  0x000000001e75d000 JavaThread "jar transforms Thread 92" [_thread_blocked, id=5112, stack(0x0000000029120000,0x0000000029220000)]
  0x000000001e75c000 JavaThread "jar transforms Thread 91" [_thread_blocked, id=3136, stack(0x0000000029020000,0x0000000029120000)]
  0x000000001e75b800 JavaThread "jar transforms Thread 90" [_thread_blocked, id=1484, stack(0x0000000028f20000,0x0000000029020000)]
  0x000000001e75a800 JavaThread "jar transforms Thread 89" [_thread_blocked, id=1316, stack(0x0000000028e20000,0x0000000028f20000)]
  0x000000001e75a000 JavaThread "jar transforms Thread 88" [_thread_blocked, id=4576, stack(0x0000000028d20000,0x0000000028e20000)]
  0x000000001e752800 JavaThread "jar transforms Thread 87" [_thread_blocked, id=4148, stack(0x0000000028c20000,0x0000000028d20000)]
  0x000000001e759000 JavaThread "jar transforms Thread 86" [_thread_blocked, id=7500, stack(0x0000000028b20000,0x0000000028c20000)]
  0x000000001e751800 JavaThread "jar transforms Thread 85" [_thread_blocked, id=13056, stack(0x0000000028a20000,0x0000000028b20000)]
  0x000000001e758800 JavaThread "jar transforms Thread 84" [_thread_blocked, id=10132, stack(0x0000000028920000,0x0000000028a20000)]
  0x000000001e751000 JavaThread "jar transforms Thread 83" [_thread_blocked, id=12268, stack(0x0000000028820000,0x0000000028920000)]
  0x000000001e757800 JavaThread "jar transforms Thread 82" [_thread_blocked, id=4060, stack(0x0000000028720000,0x0000000028820000)]
  0x000000001e757000 JavaThread "jar transforms Thread 81" [_thread_blocked, id=2996, stack(0x0000000028620000,0x0000000028720000)]
  0x000000001e756000 JavaThread "jar transforms Thread 80" [_thread_blocked, id=14008, stack(0x0000000028520000,0x0000000028620000)]
  0x000000001e755800 JavaThread "jar transforms Thread 79" [_thread_blocked, id=6968, stack(0x0000000028420000,0x0000000028520000)]
  0x000000001e754800 JavaThread "jar transforms Thread 78" [_thread_blocked, id=13676, stack(0x0000000028320000,0x0000000028420000)]
  0x000000001e753000 JavaThread "jar transforms Thread 77" [_thread_blocked, id=11540, stack(0x0000000028220000,0x0000000028320000)]
  0x000000001e74f800 JavaThread "jar transforms Thread 76" [_thread_blocked, id=888, stack(0x0000000028120000,0x0000000028220000)]
  0x000000001e754000 JavaThread "jar transforms Thread 75" [_thread_blocked, id=3928, stack(0x0000000028020000,0x0000000028120000)]
  0x000000001e750000 JavaThread "jar transforms Thread 74" [_thread_blocked, id=6420, stack(0x0000000027f20000,0x0000000028020000)]
  0x000000001fd51800 JavaThread "jar transforms Thread 73" [_thread_blocked, id=7636, stack(0x0000000027e20000,0x0000000027f20000)]
  0x000000001fd50000 JavaThread "jar transforms Thread 72" [_thread_blocked, id=13980, stack(0x0000000027d20000,0x0000000027e20000)]
  0x000000001fd50800 JavaThread "jar transforms Thread 71" [_thread_blocked, id=5384, stack(0x0000000027c20000,0x0000000027d20000)]
  0x000000001fd4e800 JavaThread "jar transforms Thread 70" [_thread_blocked, id=7984, stack(0x0000000027b20000,0x0000000027c20000)]
  0x000000001fd4d800 JavaThread "jar transforms Thread 69" [_thread_blocked, id=3544, stack(0x0000000027a20000,0x0000000027b20000)]
  0x000000001fd4f000 JavaThread "jar transforms Thread 68" [_thread_blocked, id=10672, stack(0x0000000027920000,0x0000000027a20000)]
  0x000000001fd46000 JavaThread "jar transforms Thread 67" [_thread_blocked, id=3568, stack(0x0000000027820000,0x0000000027920000)]
  0x000000001fd4c000 JavaThread "jar transforms Thread 66" [_thread_blocked, id=12336, stack(0x0000000027720000,0x0000000027820000)]
  0x000000001fd4d000 JavaThread "jar transforms Thread 65" [_thread_blocked, id=10952, stack(0x0000000027620000,0x0000000027720000)]
  0x000000001fd4b800 JavaThread "jar transforms Thread 64" [_thread_blocked, id=3972, stack(0x0000000027520000,0x0000000027620000)]
  0x000000001fd44000 JavaThread "jar transforms Thread 63" [_thread_blocked, id=12132, stack(0x0000000027420000,0x0000000027520000)]
  0x000000001fd4a800 JavaThread "jar transforms Thread 62" [_thread_blocked, id=3680, stack(0x0000000027320000,0x0000000027420000)]
  0x000000001fd4a000 JavaThread "jar transforms Thread 61" [_thread_blocked, id=4440, stack(0x0000000027220000,0x0000000027320000)]
  0x000000001fd42800 JavaThread "jar transforms Thread 60" [_thread_blocked, id=10652, stack(0x0000000027120000,0x0000000027220000)]
  0x000000001fd49000 JavaThread "jar transforms Thread 59" [_thread_blocked, id=11732, stack(0x0000000027020000,0x0000000027120000)]
  0x000000001fd43000 JavaThread "jar transforms Thread 58" [_thread_blocked, id=9096, stack(0x0000000026f20000,0x0000000027020000)]
  0x000000001fd48800 JavaThread "jar transforms Thread 57" [_thread_blocked, id=4388, stack(0x0000000026e20000,0x0000000026f20000)]
  0x000000001fd45800 JavaThread "jar transforms Thread 56" [_thread_blocked, id=10756, stack(0x0000000026d20000,0x0000000026e20000)]
  0x000000001fd47800 JavaThread "jar transforms Thread 55" [_thread_blocked, id=10432, stack(0x0000000026c20000,0x0000000026d20000)]
  0x000000001fd44800 JavaThread "jar transforms Thread 54" [_thread_blocked, id=14320, stack(0x0000000026b20000,0x0000000026c20000)]
  0x000000001fd47000 JavaThread "jar transforms Thread 53" [_thread_blocked, id=13004, stack(0x0000000026a20000,0x0000000026b20000)]
  0x000000001ba69800 JavaThread "jar transforms Thread 52" [_thread_blocked, id=628, stack(0x0000000026920000,0x0000000026a20000)]
  0x000000001ba68800 JavaThread "jar transforms Thread 51" [_thread_blocked, id=1400, stack(0x0000000026820000,0x0000000026920000)]
  0x000000001ba68000 JavaThread "jar transforms Thread 50" [_thread_blocked, id=10916, stack(0x0000000026720000,0x0000000026820000)]
  0x000000001ba67000 JavaThread "jar transforms Thread 49" [_thread_blocked, id=10572, stack(0x0000000026620000,0x0000000026720000)]
  0x000000001ba66000 JavaThread "jar transforms Thread 48" [_thread_blocked, id=1392, stack(0x0000000026520000,0x0000000026620000)]
  0x000000001ba5e800 JavaThread "jar transforms Thread 47" [_thread_blocked, id=1048, stack(0x0000000026420000,0x0000000026520000)]
  0x000000001ba65800 JavaThread "jar transforms Thread 46" [_thread_blocked, id=3088, stack(0x0000000026320000,0x0000000026420000)]
  0x000000001ba5e000 JavaThread "jar transforms Thread 45" [_thread_blocked, id=5200, stack(0x0000000026220000,0x0000000026320000)]
  0x000000001ba64800 JavaThread "jar transforms Thread 44" [_thread_blocked, id=13400, stack(0x0000000026120000,0x0000000026220000)]
  0x000000001ba64000 JavaThread "jar transforms Thread 43" [_thread_blocked, id=7328, stack(0x0000000026020000,0x0000000026120000)]
  0x000000001ba63000 JavaThread "jar transforms Thread 42" [_thread_blocked, id=11248, stack(0x0000000025f20000,0x0000000026020000)]
  0x000000001ba5b800 JavaThread "jar transforms Thread 41" [_thread_blocked, id=8088, stack(0x0000000025e20000,0x0000000025f20000)]
  0x000000001ba62800 JavaThread "jar transforms Thread 40" [_thread_blocked, id=13292, stack(0x0000000025d20000,0x0000000025e20000)]
  0x000000001ba5b000 JavaThread "jar transforms Thread 39" [_thread_blocked, id=9148, stack(0x0000000025c20000,0x0000000025d20000)]
  0x000000001ba61800 JavaThread "jar transforms Thread 38" [_thread_blocked, id=8200, stack(0x0000000025b20000,0x0000000025c20000)]
  0x000000001ba5f800 JavaThread "jar transforms Thread 37" [_thread_blocked, id=12056, stack(0x0000000025a20000,0x0000000025b20000)]
  0x000000001ba5a000 JavaThread "jar transforms Thread 36" [_thread_blocked, id=2148, stack(0x0000000025920000,0x0000000025a20000)]
  0x000000001ba61000 JavaThread "jar transforms Thread 35" [_thread_blocked, id=14004, stack(0x0000000025820000,0x0000000025920000)]
  0x000000001ba60000 JavaThread "jar transforms Thread 34" [_thread_blocked, id=5160, stack(0x0000000025720000,0x0000000025820000)]
  0x000000001ba5d000 JavaThread "jar transforms Thread 33" [_thread_blocked, id=11024, stack(0x0000000025620000,0x0000000025720000)]
  0x000000001ba5c800 JavaThread "jar transforms Thread 32" [_thread_blocked, id=10872, stack(0x0000000025520000,0x0000000025620000)]
  0x000000001aa15000 JavaThread "jar transforms Thread 31" [_thread_blocked, id=8092, stack(0x0000000025420000,0x0000000025520000)]
  0x000000001aa19800 JavaThread "jar transforms Thread 30" [_thread_blocked, id=3320, stack(0x0000000025320000,0x0000000025420000)]
  0x000000001aa18800 JavaThread "jar transforms Thread 29" [_thread_blocked, id=3104, stack(0x0000000025220000,0x0000000025320000)]
  0x000000001aa14000 JavaThread "jar transforms Thread 28" [_thread_blocked, id=1884, stack(0x0000000025120000,0x0000000025220000)]
  0x000000001aa16800 JavaThread "jar transforms Thread 27" [_thread_blocked, id=11920, stack(0x0000000025020000,0x0000000025120000)]
  0x000000001aa17000 JavaThread "jar transforms Thread 26" [_thread_blocked, id=5608, stack(0x0000000024f20000,0x0000000025020000)]
  0x000000001aa1a000 JavaThread "jar transforms Thread 25" [_thread_blocked, id=7356, stack(0x0000000024e20000,0x0000000024f20000)]
  0x000000001aa15800 JavaThread "jar transforms Thread 24" [_thread_blocked, id=12728, stack(0x0000000024d20000,0x0000000024e20000)]
  0x000000001aa18000 JavaThread "jar transforms Thread 23" [_thread_blocked, id=5852, stack(0x0000000024c20000,0x0000000024d20000)]
  0x000000001aa0c800 JavaThread "jar transforms Thread 22" [_thread_blocked, id=1344, stack(0x0000000024b20000,0x0000000024c20000)]
  0x000000001aa12800 JavaThread "jar transforms Thread 21" [_thread_blocked, id=8816, stack(0x0000000024a20000,0x0000000024b20000)]
  0x000000001aa13800 JavaThread "jar transforms Thread 20" [_thread_blocked, id=3820, stack(0x0000000024920000,0x0000000024a20000)]
  0x000000001aa0b000 JavaThread "jar transforms Thread 19" [_thread_blocked, id=11504, stack(0x0000000024820000,0x0000000024920000)]
  0x000000001aa11000 JavaThread "jar transforms Thread 18" [_thread_blocked, id=13864, stack(0x0000000024720000,0x0000000024820000)]
  0x000000001aa0f800 JavaThread "jar transforms Thread 17" [_thread_blocked, id=12976, stack(0x0000000024620000,0x0000000024720000)]
  0x000000001aa0f000 JavaThread "jar transforms Thread 16" [_thread_blocked, id=13944, stack(0x0000000024520000,0x0000000024620000)]
  0x000000001aa12000 JavaThread "jar transforms Thread 15" [_thread_blocked, id=3288, stack(0x0000000024420000,0x0000000024520000)]
  0x000000001aa0c000 JavaThread "jar transforms Thread 14" [_thread_blocked, id=2752, stack(0x0000000024320000,0x0000000024420000)]
  0x000000001aa0d800 JavaThread "jar transforms Thread 13" [_thread_blocked, id=14148, stack(0x0000000024220000,0x0000000024320000)]
  0x000000001aa0e000 JavaThread "jar transforms Thread 12" [_thread_blocked, id=8052, stack(0x0000000024120000,0x0000000024220000)]
  0x000000001aa10800 JavaThread "jar transforms Thread 11" [_thread_blocked, id=13356, stack(0x0000000024020000,0x0000000024120000)]
  0x000000001f25e000 JavaThread "jar transforms Thread 10" [_thread_blocked, id=12088, stack(0x0000000023f20000,0x0000000024020000)]
  0x000000001f25d800 JavaThread "jar transforms Thread 9" [_thread_blocked, id=4432, stack(0x0000000023e20000,0x0000000023f20000)]
  0x000000001f25c000 JavaThread "jar transforms Thread 8" [_thread_blocked, id=10304, stack(0x0000000023d20000,0x0000000023e20000)]
  0x000000001f25c800 JavaThread "jar transforms Thread 7" [_thread_blocked, id=9616, stack(0x0000000023c20000,0x0000000023d20000)]
  0x000000001f25b000 JavaThread "jar transforms Thread 6" [_thread_blocked, id=4908, stack(0x0000000023b20000,0x0000000023c20000)]
  0x000000001f259800 JavaThread "jar transforms Thread 5" [_thread_blocked, id=11324, stack(0x0000000023a20000,0x0000000023b20000)]
  0x000000001f25a800 JavaThread "jar transforms Thread 4" [_thread_blocked, id=12516, stack(0x0000000022f90000,0x0000000023090000)]
  0x000000001f259000 JavaThread "jar transforms Thread 3" [_thread_blocked, id=2408, stack(0x0000000022e90000,0x0000000022f90000)]
  0x000000001f258000 JavaThread "jar transforms Thread 2" [_thread_blocked, id=12112, stack(0x0000000022d90000,0x0000000022e90000)]
  0x000000001f25f000 JavaThread "Build operations Thread 8" [_thread_blocked, id=3040, stack(0x0000000023820000,0x0000000023920000)]
  0x000000001f250800 JavaThread "Build operations Thread 7" [_thread_blocked, id=8008, stack(0x0000000023720000,0x0000000023820000)]
  0x000000001f257800 JavaThread "Build operations Thread 6" [_thread_blocked, id=8892, stack(0x0000000023620000,0x0000000023720000)]
  0x000000001f250000 JavaThread "Build operations Thread 5" [_thread_blocked, id=9112, stack(0x0000000023520000,0x0000000023620000)]
  0x000000001f251800 JavaThread "Build operations Thread 4" [_thread_blocked, id=5828, stack(0x0000000023420000,0x0000000023520000)]
  0x000000001f256800 JavaThread "Build operations Thread 3" [_thread_blocked, id=13028, stack(0x0000000023320000,0x0000000023420000)]
  0x000000001f256000 JavaThread "Build operations Thread 2" [_thread_blocked, id=11672, stack(0x0000000023220000,0x0000000023320000)]
  0x000000001f255000 JavaThread "Build operations" [_thread_blocked, id=12928, stack(0x0000000023120000,0x0000000023220000)]
  0x000000001c519800 JavaThread "Cache worker for file content cache (C:\Users\Ankit kumar\.gradle\caches\6.5\fileContent)" [_thread_blocked, id=13460, stack(0x0000000022690000,0x0000000022790000)]
  0x000000001c517000 JavaThread "jar transforms" [_thread_blocked, id=11456, stack(0x0000000022590000,0x0000000022690000)]
  0x000000001c51b000 JavaThread "Cache worker for execution history cache (C:\Users\Ankit kumar\.gradle\caches\6.5\executionHistory)" [_thread_blocked, id=12820, stack(0x0000000021e90000,0x0000000021f90000)]
  0x000000001c516800 JavaThread "Cache worker for cache directory md-rule (C:\Users\Ankit kumar\.gradle\caches\6.5\md-rule)" [_thread_blocked, id=2444, stack(0x0000000021d90000,0x0000000021e90000)]
  0x000000001c518800 JavaThread "Cache worker for cache directory md-supplier (C:\Users\Ankit kumar\.gradle\caches\6.5\md-supplier)" [_thread_blocked, id=10744, stack(0x0000000020930000,0x0000000020a30000)]
  0x000000001c51b800 JavaThread "Cache worker for checksums cache (C:\Users\Ankit kumar\AndroidStudioProjects\BookStore\.gradle\checksums)" [_thread_blocked, id=10472, stack(0x0000000020830000,0x0000000020930000)]
  0x000000001c51c800 JavaThread "Cache worker for file hash cache (C:\Users\Ankit kumar\AndroidStudioProjects\BookStore\.gradle\6.5\fileHashes)" [_thread_blocked, id=5864, stack(0x0000000021c90000,0x0000000021d90000)]
  0x000000001c51a000 JavaThread "Cache worker for file hash cache (C:\Users\Ankit kumar\.gradle\caches\6.5\fileHashes)" [_thread_blocked, id=10504, stack(0x000000001e390000,0x000000001e490000)]
  0x000000001c518000 JavaThread "File lock request listener" [_thread_in_native, id=1376, stack(0x000000001e290000,0x000000001e390000)]
  0x000000001c561800 JavaThread "Cache worker for journal cache (C:\Users\Ankit kumar\.gradle\caches\journal-1)" [_thread_blocked, id=6960, stack(0x000000001e190000,0x000000001e290000)]
  0x000000001c126800 JavaThread "Thread-9" [_thread_blocked, id=7876, stack(0x000000001de90000,0x000000001df90000)]
  0x000000001c126000 JavaThread "Stdin handler" [_thread_blocked, id=7584, stack(0x000000001dd90000,0x000000001de90000)]
  0x000000001c123800 JavaThread "Asynchronous log dispatcher for DefaultDaemonConnection: socket connection from /127.0.0.1:52080 to /127.0.0.1:52081" [_thread_blocked, id=6924, stack(0x000000001dc90000,0x000000001dd90000)]
  0x000000001c22b800 JavaThread "Daemon worker" [_thread_blocked, id=12736, stack(0x000000001db90000,0x000000001dc90000)]
  0x000000001c232000 JavaThread "Cancel handler" [_thread_blocked, id=5040, stack(0x000000001da90000,0x000000001db90000)]
  0x000000001b369000 JavaThread "Handler for socket connection from /127.0.0.1:52080 to /127.0.0.1:52081" [_thread_in_native, id=12064, stack(0x000000001d990000,0x000000001da90000)]
  0x000000001b368800 JavaThread "Daemon" [_thread_blocked, id=8928, stack(0x000000001d890000,0x000000001d990000)]
  0x000000001ace7000 JavaThread "Daemon periodic checks" [_thread_blocked, id=5816, stack(0x000000001d590000,0x000000001d690000)]
  0x000000001bcdf800 JavaThread "Incoming local TCP Connector on port 52080" [_thread_in_native, id=12816, stack(0x000000001d350000,0x000000001d450000)]
  0x000000001a47e000 JavaThread "Daemon health stats" [_thread_blocked, id=2856, stack(0x000000001bb10000,0x000000001bc10000)]
  0x0000000019507800 JavaThread "Service Thread" daemon [_thread_blocked, id=2824, stack(0x000000001a140000,0x000000001a240000)]
  0x000000001947e000 JavaThread "C1 CompilerThread3" daemon [_thread_in_native, id=8396, stack(0x000000001a040000,0x000000001a140000)]
=>0x0000000019479800 JavaThread "C2 CompilerThread2" daemon [_thread_in_native, id=6448, stack(0x0000000019f40000,0x000000001a040000)]
  0x000000001767b800 JavaThread "C2 CompilerThread1" daemon [_thread_blocked, id=12904, stack(0x0000000019e40000,0x0000000019f40000)]
  0x0000000019476800 JavaThread "C2 CompilerThread0" daemon [_thread_in_native, id=8660, stack(0x0000000019d40000,0x0000000019e40000)]
  0x0000000019475000 JavaThread "Attach Listener" daemon [_thread_blocked, id=5484, stack(0x0000000019c40000,0x0000000019d40000)]
  0x0000000019474000 JavaThread "Signal Dispatcher" daemon [_thread_blocked, id=5972, stack(0x0000000019b40000,0x0000000019c40000)]
  0x00000000025fe000 JavaThread "Finalizer" daemon [_thread_blocked, id=11876, stack(0x0000000019940000,0x0000000019a40000)]
  0x00000000025f7000 JavaThread "Reference Handler" daemon [_thread_blocked, id=9012, stack(0x0000000019840000,0x0000000019940000)]
  0x00000000023fe800 JavaThread "main" [_thread_blocked, id=13768, stack(0x0000000002400000,0x0000000002500000)]

Other Threads:
  0x0000000017666000 VMThread [stack: 0x0000000019340000,0x0000000019440000] [id=14180]
  0x0000000019508800 WatcherThread [stack: 0x000000001a240000,0x000000001a340000] [id=3700]

VM state:not at safepoint (normal execution)

VM Mutex/Monitor currently owned by a thread:  ([mutex/lock_event])
[0x00000000023fc430] CodeCache_lock - owner thread: 0x0000000000000000
[0x0000000002500ad0] CompiledIC_lock - owner thread: 0x0000000000000000

heap address: 0x0000000080000000, size: 2048 MB, Compressed Oops mode: 32-bit
Narrow klass base: 0x0000000000000000, Narrow klass shift: 3
Compressed class space size: 1073741824 Address: 0x0000000100000000

Heap:
 PSYoungGen      total 207872K, used 104405K [0x00000000d5580000, 0x00000000e5e80000, 0x0000000100000000)
  eden space 187904K, 46% used [0x00000000d5580000,0x00000000daa76440,0x00000000e0d00000)
  from space 19968K, 87% used [0x00000000e0d00000,0x00000000e1dff348,0x00000000e2080000)
  to   space 22016K, 0% used [0x00000000e4900000,0x00000000e4900000,0x00000000e5e80000)
 ParOldGen       total 129024K, used 33405K [0x0000000080000000, 0x0000000087e00000, 0x00000000d5580000)
  object space 129024K, 25% used [0x0000000080000000,0x000000008209f7a8,0x0000000087e00000)
 Metaspace       used 70146K, capacity 73548K, committed 73752K, reserved 1112064K
  class space    used 9574K, capacity 10223K, committed 10288K, reserved 1048576K

Card table byte_map: [0x00000000119c0000,0x0000000011dd0000] byte_map_base: 0x00000000115c0000

Marking Bits: (ParMarkBitMap*) 0x00000000664ef030
 Begin Bits: [0x0000000012880000, 0x0000000014880000)
 End Bits:   [0x0000000014880000, 0x0000000016880000)

Polling page: 0x0000000002310000

CodeCache: size=245760Kb used=22507Kb max_used=22542Kb free=223252Kb
 bounds [0x0000000002600000, 0x0000000003c40000, 0x0000000011600000]
 total_blobs=7903 nmethods=6972 adapters=843
 compilation: enabled

Compilation events (10 events):
Event: 13.944 Thread 0x000000001767b800 8067       4       org.gradle.internal.hash.Hashing$MessageDigestHasher::putInt (15 bytes)
Event: 13.944 Thread 0x000000001947e000 8068       3       org.gradle.internal.FileUtils::normalize (52 bytes)
Event: 13.945 Thread 0x000000001947e000 nmethod 8068 0x0000000003105490 code [0x00000000031056c0, 0x0000000003106178]
Event: 13.945 Thread 0x000000001947e000 8069       3       org.gradle.api.internal.file.AbstractFileResolver::validate (184 bytes)
Event: 13.951 Thread 0x000000001947e000 nmethod 8069 0x0000000003c29a10 code [0x0000000003c2a020, 0x0000000003c2de68]
Event: 13.951 Thread 0x000000001947e000 8070       3       org.gradle.internal.vfs.impl.DefaultSnapshotHierarchy::store (33 bytes)
Event: 13.952 Thread 0x000000001947e000 nmethod 8070 0x000000000288a3d0 code [0x000000000288a5c0, 0x000000000288ae48]
Event: 13.953 Thread 0x000000001947e000 8071       1       org.gradle.api.internal.tasks.properties.AbstractPropertyNode::getPropertyName (5 bytes)
Event: 13.953 Thread 0x000000001947e000 nmethod 8071 0x000000000276ca10 code [0x000000000276cb60, 0x000000000276cc70]
Event: 13.953 Thread 0x0000000019476800 nmethod 8061 0x0000000002893490 code [0x0000000002893620, 0x0000000002893f08]

GC Heap History (10 events):
Event: 7.256 GC heap before
{Heap before GC invocations=12 (full 2):
 PSYoungGen      total 136704K, used 125440K [0x00000000d5580000, 0x00000000e0580000, 0x0000000100000000)
  eden space 125440K, 100% used [0x00000000d5580000,0x00000000dd000000,0x00000000dd000000)
  from space 11264K, 0% used [0x00000000dd000000,0x00000000dd000000,0x00000000ddb00000)
  to   space 12800K, 0% used [0x00000000df900000,0x00000000df900000,0x00000000e0580000)
 ParOldGen       total 85504K, used 18209K [0x0000000080000000, 0x0000000085380000, 0x00000000d5580000)
  object space 85504K, 21% used [0x0000000080000000,0x00000000811c85b0,0x0000000085380000)
 Metaspace       used 38809K, capacity 40562K, committed 40872K, reserved 1085440K
  class space    used 5349K, capacity 5715K, committed 5808K, reserved 1048576K
Event: 7.264 GC heap after
Heap after GC invocations=12 (full 2):
 PSYoungGen      total 166912K, used 9185K [0x00000000d5580000, 0x00000000e0880000, 0x0000000100000000)
  eden space 154112K, 0% used [0x00000000d5580000,0x00000000d5580000,0x00000000dec00000)
  from space 12800K, 71% used [0x00000000df900000,0x00000000e01f8678,0x00000000e0580000)
  to   space 13312K, 0% used [0x00000000dec00000,0x00000000dec00000,0x00000000df900000)
 ParOldGen       total 85504K, used 18217K [0x0000000080000000, 0x0000000085380000, 0x00000000d5580000)
  object space 85504K, 21% used [0x0000000080000000,0x00000000811ca5b0,0x0000000085380000)
 Metaspace       used 38809K, capacity 40562K, committed 40872K, reserved 1085440K
  class space    used 5349K, capacity 5715K, committed 5808K, reserved 1048576K
}
Event: 9.781 GC heap before
{Heap before GC invocations=13 (full 2):
 PSYoungGen      total 166912K, used 163297K [0x00000000d5580000, 0x00000000e0880000, 0x0000000100000000)
  eden space 154112K, 100% used [0x00000000d5580000,0x00000000dec00000,0x00000000dec00000)
  from space 12800K, 71% used [0x00000000df900000,0x00000000e01f8678,0x00000000e0580000)
  to   space 13312K, 0% used [0x00000000dec00000,0x00000000dec00000,0x00000000df900000)
 ParOldGen       total 85504K, used 18217K [0x0000000080000000, 0x0000000085380000, 0x00000000d5580000)
  object space 85504K, 21% used [0x0000000080000000,0x00000000811ca5b0,0x0000000085380000)
 Metaspace       used 52510K, capacity 54618K, committed 54824K, reserved 1097728K
  class space    used 6983K, capacity 7431K, committed 7472K, reserved 1048576K
Event: 9.798 GC heap after
Heap after GC invocations=13 (full 2):
 PSYoungGen      total 167424K, used 13292K [0x00000000d5580000, 0x00000000e3300000, 0x0000000100000000)
  eden space 154112K, 0% used [0x00000000d5580000,0x00000000d5580000,0x00000000dec00000)
  from space 13312K, 99% used [0x00000000dec00000,0x00000000df8fb330,0x00000000df900000)
  to   space 18944K, 0% used [0x00000000e2080000,0x00000000e2080000,0x00000000e3300000)
 ParOldGen       total 85504K, used 28993K [0x0000000080000000, 0x0000000085380000, 0x00000000d5580000)
  object space 85504K, 33% used [0x0000000080000000,0x0000000081c50720,0x0000000085380000)
 Metaspace       used 52510K, capacity 54618K, committed 54824K, reserved 1097728K
  class space    used 6983K, capacity 7431K, committed 7472K, reserved 1048576K
}
Event: 10.521 GC heap before
{Heap before GC invocations=14 (full 2):
 PSYoungGen      total 167424K, used 61671K [0x00000000d5580000, 0x00000000e3300000, 0x0000000100000000)
  eden space 154112K, 31% used [0x00000000d5580000,0x00000000d84becb8,0x00000000dec00000)
  from space 13312K, 99% used [0x00000000dec00000,0x00000000df8fb330,0x00000000df900000)
  to   space 18944K, 0% used [0x00000000e2080000,0x00000000e2080000,0x00000000e3300000)
 ParOldGen       total 85504K, used 28993K [0x0000000080000000, 0x0000000085380000, 0x00000000d5580000)
  object space 85504K, 33% used [0x0000000080000000,0x0000000081c50720,0x0000000085380000)
 Metaspace       used 56738K, capacity 59022K, committed 59160K, reserved 1099776K
  class space    used 7680K, capacity 8162K, committed 8240K, reserved 1048576K
Event: 10.542 GC heap after
Heap after GC invocations=14 (full 2):
 PSYoungGen      total 206848K, used 14062K [0x00000000d5580000, 0x00000000e3900000, 0x0000000100000000)
  eden space 187904K, 0% used [0x00000000d5580000,0x00000000d5580000,0x00000000e0d00000)
  from space 18944K, 74% used [0x00000000e2080000,0x00000000e2e3bba8,0x00000000e3300000)
  to   space 19968K, 0% used [0x00000000e0d00000,0x00000000e0d00000,0x00000000e2080000)
 ParOldGen       total 85504K, used 33939K [0x0000000080000000, 0x0000000085380000, 0x00000000d5580000)
  object space 85504K, 39% used [0x0000000080000000,0x0000000082124ec0,0x0000000085380000)
 Metaspace       used 56738K, capacity 59022K, committed 59160K, reserved 1099776K
  class space    used 7680K, capacity 8162K, committed 8240K, reserved 1048576K
}
Event: 10.542 GC heap before
{Heap before GC invocations=15 (full 3):
 PSYoungGen      total 206848K, used 14062K [0x00000000d5580000, 0x00000000e3900000, 0x0000000100000000)
  eden space 187904K, 0% used [0x00000000d5580000,0x00000000d5580000,0x00000000e0d00000)
  from space 18944K, 74% used [0x00000000e2080000,0x00000000e2e3bba8,0x00000000e3300000)
  to   space 19968K, 0% used [0x00000000e0d00000,0x00000000e0d00000,0x00000000e2080000)
 ParOldGen       total 85504K, used 33939K [0x0000000080000000, 0x0000000085380000, 0x00000000d5580000)
  object space 85504K, 39% used [0x0000000080000000,0x0000000082124ec0,0x0000000085380000)
 Metaspace       used 56738K, capacity 59022K, committed 59160K, reserved 1099776K
  class space    used 7680K, capacity 8162K, committed 8240K, reserved 1048576K
Event: 10.732 GC heap after
Heap after GC invocations=15 (full 3):
 PSYoungGen      total 206848K, used 0K [0x00000000d5580000, 0x00000000e3900000, 0x0000000100000000)
  eden space 187904K, 0% used [0x00000000d5580000,0x00000000d5580000,0x00000000e0d00000)
  from space 18944K, 0% used [0x00000000e2080000,0x00000000e2080000,0x00000000e3300000)
  to   space 19968K, 0% used [0x00000000e0d00000,0x00000000e0d00000,0x00000000e2080000)
 ParOldGen       total 129024K, used 33397K [0x0000000080000000, 0x0000000087e00000, 0x00000000d5580000)
  object space 129024K, 25% used [0x0000000080000000,0x000000008209d7a8,0x0000000087e00000)
 Metaspace       used 56697K, capacity 58884K, committed 59160K, reserved 1099776K
  class space    used 7667K, capacity 8139K, committed 8240K, reserved 1048576K
}
Event: 12.894 GC heap before
{Heap before GC invocations=16 (full 3):
 PSYoungGen      total 206848K, used 187904K [0x00000000d5580000, 0x00000000e3900000, 0x0000000100000000)
  eden space 187904K, 100% used [0x00000000d5580000,0x00000000e0d00000,0x00000000e0d00000)
  from space 18944K, 0% used [0x00000000e2080000,0x00000000e2080000,0x00000000e3300000)
  to   space 19968K, 0% used [0x00000000e0d00000,0x00000000e0d00000,0x00000000e2080000)
 ParOldGen       total 129024K, used 33397K [0x0000000080000000, 0x0000000087e00000, 0x00000000d5580000)
  object space 129024K, 25% used [0x0000000080000000,0x000000008209d7a8,0x0000000087e00000)
 Metaspace       used 65679K, capacity 68802K, committed 69144K, reserved 1107968K
  class space    used 9066K, capacity 9672K, committed 9776K, reserved 1048576K
Event: 12.910 GC heap after
Heap after GC invocations=16 (full 3):
 PSYoungGen      total 207872K, used 17404K [0x00000000d5580000, 0x00000000e5e80000, 0x0000000100000000)
  eden space 187904K, 0% used [0x00000000d5580000,0x00000000d5580000,0x00000000e0d00000)
  from space 19968K, 87% used [0x00000000e0d00000,0x00000000e1dff348,0x00000000e2080000)
  to   space 22016K, 0% used [0x00000000e4900000,0x00000000e4900000,0x00000000e5e80000)
 ParOldGen       total 129024K, used 33405K [0x0000000080000000, 0x0000000087e00000, 0x00000000d5580000)
  object space 129024K, 25% used [0x0000000080000000,0x000000008209f7a8,0x0000000087e00000)
 Metaspace       used 65679K, capacity 68802K, committed 69144K, reserved 1107968K
  class space    used 9066K, capacity 9672K, committed 9776K, reserved 1048576K
}

Deoptimization events (10 events):
Event: 13.639 Thread 0x000000001a4e7800 Uncommon trap: reason=unstable_if action=reinterpret pc=0x0000000003358a64 method=com.google.gson.stream.JsonReader.nextQuotedValue(C)Ljava/lang/String; @ 96
Event: 13.649 Thread 0x000000001a4e7800 Uncommon trap: reason=unstable_if action=reinterpret pc=0x0000000002a997f0 method=sun.nio.cs.UTF_8$Encoder.encodeArrayLoop(Ljava/nio/CharBuffer;Ljava/nio/ByteBuffer;)Ljava/nio/charset/CoderResult; @ 113
Event: 13.654 Thread 0x000000001a4e7800 Uncommon trap: reason=bimorphic action=maybe_recompile pc=0x0000000003a89e64 method=com.sun.org.apache.xerces.internal.dom.AttributeMap.setNamedItem(Lorg/w3c/dom/Node;)Lorg/w3c/dom/Node; @ 4
Event: 13.655 Thread 0x000000001a4e7800 Uncommon trap: reason=bimorphic action=maybe_recompile pc=0x0000000003a89e64 method=com.sun.org.apache.xerces.internal.dom.AttributeMap.setNamedItem(Lorg/w3c/dom/Node;)Lorg/w3c/dom/Node; @ 4
Event: 13.655 Thread 0x000000001a4e7800 Uncommon trap: reason=bimorphic action=maybe_recompile pc=0x0000000003a89e64 method=com.sun.org.apache.xerces.internal.dom.AttributeMap.setNamedItem(Lorg/w3c/dom/Node;)Lorg/w3c/dom/Node; @ 4
Event: 13.655 Thread 0x000000001a4e7800 Uncommon trap: reason=bimorphic action=maybe_recompile pc=0x0000000003a89e64 method=com.sun.org.apache.xerces.internal.dom.AttributeMap.setNamedItem(Lorg/w3c/dom/Node;)Lorg/w3c/dom/Node; @ 4
Event: 13.658 Thread 0x000000001a4e7800 Uncommon trap: reason=unstable_if action=reinterpret pc=0x0000000003b4e2a8 method=com.sun.org.apache.xerces.internal.dom.ParentNode.nodeListItem(I)Lorg/w3c/dom/Node; @ 76
Event: 13.658 Thread 0x000000001a4e7800 Uncommon trap: reason=unstable_if action=reinterpret pc=0x0000000003a69c4c method=com.sun.org.apache.xerces.internal.dom.ParentNode.nodeListItem(I)Lorg/w3c/dom/Node; @ 139
Event: 13.670 Thread 0x000000001a4e7800 Uncommon trap: reason=unstable_if action=reinterpret pc=0x0000000003a29b94 method=com.sun.org.apache.xerces.internal.dom.DeferredDocumentImpl.getTypeInfo(I)Ljava/lang/Object; @ 24
Event: 13.817 Thread 0x000000001a4e9800 Uncommon trap: reason=unstable_if action=reinterpret pc=0x00000000035a22a0 method=java.util.HashMap$HashIterator.<init>(Ljava/util/HashMap;)V @ 45

Classes redefined (0 events):
No events

Internal exceptions (10 events):
Event: 13.477 Thread 0x000000001a4e7800 Exception <a 'java/lang/NoSuchMethodError': <clinit>> (0x00000000d8917020) thrown at [C:\src\AOSP-openjdk-git\hotspot\src\share\vm\prims\jni.cpp, line 1615]
Event: 13.477 Thread 0x000000001a4e7800 Exception <a 'java/lang/NoSuchMethodError': <clinit>> (0x00000000d892a120) thrown at [C:\src\AOSP-openjdk-git\hotspot\src\share\vm\prims\jni.cpp, line 1615]
Event: 13.546 Thread 0x000000001aedf800 Exception <a 'java/io/FileNotFoundException'> (0x00000000d8ed2600) thrown at [C:\src\AOSP-openjdk-git\hotspot\src\share\vm\prims\jni.cpp, line 710]
Event: 13.567 Thread 0x000000001aedf800 Exception <a 'java/io/FileNotFoundException'> (0x00000000d8ef7798) thrown at [C:\src\AOSP-openjdk-git\hotspot\src\share\vm\prims\jni.cpp, line 710]
Event: 13.670 Thread 0x000000001a4e7800 Implicit null exception at 0x0000000003a29af5 to 0x0000000003a29b79
Event: 13.784 Thread 0x000000001a4e7800 Exception <a 'java/lang/NoSuchMethodError': <clinit>> (0x00000000da4f96c8) thrown at [C:\src\AOSP-openjdk-git\hotspot\src\share\vm\prims\jni.cpp, line 1615]
Event: 13.784 Thread 0x000000001a4e7800 Exception <a 'java/lang/NoSuchMethodError': <clinit>> (0x00000000da509ae8) thrown at [C:\src\AOSP-openjdk-git\hotspot\src\share\vm\prims\jni.cpp, line 1615]
Event: 13.785 Thread 0x000000001a4e7800 Exception <a 'java/lang/NoSuchMethodError': <clinit>> (0x00000000da51d340) thrown at [C:\src\AOSP-openjdk-git\hotspot\src\share\vm\prims\jni.cpp, line 1615]
Event: 13.793 Thread 0x000000001a4e7800 Exception <a 'java/lang/NoSuchMethodError': <clinit>> (0x00000000da5a27e0) thrown at [C:\src\AOSP-openjdk-git\hotspot\src\share\vm\prims\jni.cpp, line 1615]
Event: 13.936 Thread 0x000000001c22b800 Exception <a 'java/lang/NoSuchMethodError': <clinit>> (0x00000000d5a6d688) thrown at [C:\src\AOSP-openjdk-git\hotspot\src\share\vm\prims\jni.cpp, line 1615]

Events (10 events):
Event: 13.937 Thread 0x000000001aedf000 DEOPT UNPACKING pc=0x00000000026475d0 sp=0x000000002f1dd3e0 mode 0
Event: 13.940 Executing VM operation: RevokeBias
Event: 13.940 Executing VM operation: RevokeBias done
Event: 13.946 loading class org/gradle/internal/snapshot/UnknownSnapshot
Event: 13.946 loading class org/gradle/internal/snapshot/UnknownSnapshot done
Event: 13.946 Executing VM operation: Deoptimize
Event: 13.948 Executing VM operation: Deoptimize done
Event: 13.951 Thread 0x000000001947e000 flushing nmethod 0x0000000002727610
Event: 13.951 Thread 0x000000001947e000 flushing nmethod 0x000000000276c890
Event: 13.953 Thread 0x000000001947e000 flushing nmethod 0x000000000290ebd0


Dynamic libraries:
0x00007ff73efb0000 - 0x00007ff73efe1000 	C:\Program Files\Android\Android Studio1\jre\bin\java.exe
0x00007ff8805b0000 - 0x00007ff8807a5000 	C:\WINDOWS\SYSTEM32\ntdll.dll
0x00007ff880400000 - 0x00007ff8804bd000 	C:\WINDOWS\System32\KERNEL32.DLL
0x00007ff87df10000 - 0x00007ff87e1d8000 	C:\WINDOWS\System32\KERNELBASE.dll
0x00007ff87ed00000 - 0x00007ff87edac000 	C:\WINDOWS\System32\ADVAPI32.dll
0x00007ff87f9b0000 - 0x00007ff87fa4e000 	C:\WINDOWS\System32\msvcrt.dll
0x00007ff880230000 - 0x00007ff8802cb000 	C:\WINDOWS\System32\sechost.dll
0x00007ff87e720000 - 0x00007ff87e84b000 	C:\WINDOWS\System32\RPCRT4.dll
0x00007ff87ef30000 - 0x00007ff87f0d0000 	C:\WINDOWS\System32\USER32.dll
0x00007ff87dde0000 - 0x00007ff87de02000 	C:\WINDOWS\System32\win32u.dll
0x00007ff87ec70000 - 0x00007ff87ec9a000 	C:\WINDOWS\System32\GDI32.dll
0x00007ff87e350000 - 0x00007ff87e45b000 	C:\WINDOWS\System32\gdi32full.dll
0x00007ff87dcf0000 - 0x00007ff87dd8d000 	C:\WINDOWS\System32\msvcp_win.dll
0x00007ff87de10000 - 0x00007ff87df10000 	C:\WINDOWS\System32\ucrtbase.dll
0x00007ff863620000 - 0x00007ff8638ba000 	C:\WINDOWS\WinSxS\amd64_microsoft.windows.common-controls_6595b64144ccf1df_6.0.19041.1052_none_60b8f8fd71f5e8cb\COMCTL32.dll
0x00007ff87ec30000 - 0x00007ff87ec60000 	C:\WINDOWS\System32\IMM32.DLL
0x0000000066ae0000 - 0x0000000066bb2000 	C:\Program Files\Android\Android Studio1\jre\jre\bin\msvcr100.dll
0x0000000065d20000 - 0x000000006656b000 	C:\Program Files\Android\Android Studio1\jre\jre\bin\server\jvm.dll
0x00007ff87ebb0000 - 0x00007ff87ebb8000 	C:\WINDOWS\System32\PSAPI.DLL
0x00007ff875130000 - 0x00007ff875139000 	C:\WINDOWS\SYSTEM32\WSOCK32.dll
0x00007ff873670000 - 0x00007ff87367a000 	C:\WINDOWS\SYSTEM32\VERSION.dll
0x00007ff863a70000 - 0x00007ff863a97000 	C:\WINDOWS\SYSTEM32\WINMM.dll
0x00007ff87ebc0000 - 0x00007ff87ec2b000 	C:\WINDOWS\System32\WS2_32.dll
0x00007ff873380000 - 0x00007ff87338f000 	C:\Program Files\Android\Android Studio1\jre\jre\bin\verify.dll
0x00007ff872950000 - 0x00007ff872979000 	C:\Program Files\Android\Android Studio1\jre\jre\bin\java.dll
0x00007ff873360000 - 0x00007ff873376000 	C:\Program Files\Android\Android Studio1\jre\jre\bin\zip.dll
0x00007ff87f160000 - 0x00007ff87f89f000 	C:\WINDOWS\System32\SHELL32.dll
0x00007ff878ce0000 - 0x00007ff879470000 	C:\WINDOWS\SYSTEM32\windows.storage.dll
0x00007ff87fed0000 - 0x00007ff880225000 	C:\WINDOWS\System32\combase.dll
0x00007ff87d760000 - 0x00007ff87d78c000 	C:\WINDOWS\SYSTEM32\Wldp.dll
0x00007ff8804c0000 - 0x00007ff88056e000 	C:\WINDOWS\System32\SHCORE.dll
0x00007ff87eca0000 - 0x00007ff87ecf5000 	C:\WINDOWS\System32\shlwapi.dll
0x00007ff87dc30000 - 0x00007ff87dc4f000 	C:\WINDOWS\SYSTEM32\profapi.dll
0x00007ff8723d0000 - 0x00007ff8723ea000 	C:\Program Files\Android\Android Studio1\jre\jre\bin\net.dll
0x00007ff87d4d0000 - 0x00007ff87d53a000 	C:\WINDOWS\system32\mswsock.dll
0x00007ff862bf0000 - 0x00007ff862c03000 	C:\Program Files\Android\Android Studio1\jre\jre\bin\nio.dll
0x00007ff862b70000 - 0x00007ff862b97000 	C:\Users\Ankit kumar\.gradle\native\f6784746aeab05261644944871eae4fe03e0ef1612fff0a4a95f87b438bc6780\windows-amd64\native-platform.dll
0x00007ff873330000 - 0x00007ff87333d000 	C:\Program Files\Android\Android Studio1\jre\jre\bin\management.dll
0x00007ff87d6a0000 - 0x00007ff87d6b8000 	C:\WINDOWS\SYSTEM32\CRYPTSP.dll
0x00007ff87ce00000 - 0x00007ff87ce34000 	C:\WINDOWS\system32\rsaenh.dll
0x00007ff87e1e0000 - 0x00007ff87e207000 	C:\WINDOWS\System32\bcrypt.dll
0x00007ff87dbf0000 - 0x00007ff87dc1e000 	C:\WINDOWS\SYSTEM32\USERENV.dll
0x00007ff87e210000 - 0x00007ff87e293000 	C:\WINDOWS\System32\bcryptprimitives.dll
0x00007ff87d6c0000 - 0x00007ff87d6cc000 	C:\WINDOWS\SYSTEM32\CRYPTBASE.dll
0x00007ff87d170000 - 0x00007ff87d1ab000 	C:\WINDOWS\SYSTEM32\IPHLPAPI.DLL
0x00007ff87ec60000 - 0x00007ff87ec68000 	C:\WINDOWS\System32\NSI.dll
0x00007ff8727b0000 - 0x00007ff8727c7000 	C:\WINDOWS\SYSTEM32\dhcpcsvc6.DLL
0x00007ff872600000 - 0x00007ff87261d000 	C:\WINDOWS\SYSTEM32\dhcpcsvc.DLL
0x00007ff87d1c0000 - 0x00007ff87d28c000 	C:\WINDOWS\SYSTEM32\DNSAPI.dll
0x00007ff872620000 - 0x00007ff87262b000 	C:\WINDOWS\SYSTEM32\WINNSI.DLL
0x00007ff8545c0000 - 0x00007ff85475c000 	C:\Program Files\Android\Android Studio1\jre\jre\bin\awt.dll
0x00007ff87ea00000 - 0x00007ff87eacd000 	C:\WINDOWS\System32\OLEAUT32.dll
0x00007ff8783b0000 - 0x00007ff8783df000 	C:\WINDOWS\SYSTEM32\dwmapi.dll
0x00007ff876bf0000 - 0x00007ff8771b0000 	C:\WINDOWS\SYSTEM32\d2d1.dll
0x00007ff878000000 - 0x00007ff878090000 	C:\WINDOWS\SYSTEM32\apphelp.dll
0x00007ff8781e0000 - 0x00007ff87827e000 	C:\WINDOWS\system32\uxtheme.dll

VM Arguments:
jvm_args: -Xmx2048m -Dfile.encoding=UTF-8 -Duser.country=IN -Duser.language=en -Duser.variant 
java_command: org.gradle.launcher.daemon.bootstrap.GradleDaemon 6.5
java_class_path (initial): C:\Users\Ankit kumar\.gradle\wrapper\dists\gradle-6.5-bin\6nifqtx7604sqp1q6g8wikw7p\gradle-6.5\lib\gradle-launcher-6.5.jar
Launcher Type: SUN_STANDARD

Environment Variables:
PATH=C:\Users\Ankit kumar\AppData\Local\Android\Sdk\platform-tools;C:\Windows;C:\Windows\System32\Wbem;C:\Windows\System32\WindowsPowerShell\v1.0\;C:\Windows\System32\OpenSSH\;C:\Program Files (x86)\NVIDIA Corporation\PhysX\Common;C:\Program Files\Intel\WiFi\bin\;C:\Program Files\Common Files\Intel\WirelessCommon\;C:\Program Files\Java\jdk-11.0.5\bin;C:\WINDOWS\system32;C:\WINDOWS;C:\WINDOWS\System32\Wbem;C:\WINDOWS\System32\WindowsPowerShell\v1.0\;C:\WINDOWS\System32\OpenSSH\;C:\Program Files\PuTTY\;C:\Program Files\Git\cmd;C:\Users\Ankit kumar\AppData\Local\Microsoft\WindowsApps;C:\Users\Ankit kumar\AppData\Local\GitHubDesktop\bin
USERNAME=Ankit kumar
OS=Windows_NT
PROCESSOR_IDENTIFIER=Intel64 Family 6 Model 142 Stepping 12, GenuineIntel



---------------  S Y S T E M  ---------------

OS: Windows 10.0 , 64 bit Build 19041 (10.0.19041.1023)

CPU:total 8 (initial active 8) (4 cores per cpu, 2 threads per core) family 6 model 142 stepping 12, cmov, cx8, fxsr, mmx, sse, sse2, sse3, ssse3, sse4.1, sse4.2, popcnt, avx, avx2, aes, clmul, erms, 3dnowpref, lzcnt, ht, tsc, tscinvbit, bmi1, bmi2, adx

Memory: 4k page, physical 8236416k(1306688k free), swap 8236416k(5364k free)

vm_info: OpenJDK 64-Bit Server VM (25.242-b01) for windows-amd64 JRE (1.8.0_242-release-1644-b01), built by "builder" with MS VC++ 10.0 (VS2010)

time: Mon Jun 21 16:46:45 2021
timezone: India Standard Time
elapsed time: 13 seconds (0d 0h 0m 13s)

