#
# There is insufficient memory for the Java Runtime Environment to continue.
# Native memory allocation (malloc) failed to allocate 1087376 bytes for Chunk::new
# Possible reasons:
#   The system is out of physical RAM or swap space
#   The process is running with CompressedOops enabled, and the Java Heap may be blocking the growth of the native heap
# Possible solutions:
#   Reduce memory load on the system
#   Increase physical memory or swap space
#   Check if swap backing store is full
#   Decrease Java heap size (-Xmx/-Xms)
#   Decrease number of Java threads
#   Decrease Java thread stack sizes (-Xss)
#   Set larger code cache with -XX:ReservedCodeCacheSize=
#   JVM is running with Unscaled Compressed Oops mode in which the Java heap is
#     placed in the first 4GB address space. The Java Heap base address is the
#     maximum limit for the native heap growth. Please use -XX:HeapBaseMinAddress
#     to set the Java Heap base and to place the Java Heap above 4GB virtual address.
# This output file may be truncated or incomplete.
#
#  Out of Memory Error (allocation.cpp:389), pid=6188, tid=0x0000000000001fd0
#
# JRE version: OpenJDK Runtime Environment (8.0_242-b01) (build 1.8.0_242-release-1644-b01)
# Java VM: OpenJDK 64-Bit Server VM (25.242-b01 mixed mode windows-amd64 compressed oops)
# Failed to write core dump. Minidumps are not enabled by default on client versions of Windows
#

---------------  T H R E A D  ---------------

Current thread (0x000000001750b800):  JavaThread "C2 CompilerThread1" daemon [_thread_in_native, id=8144, stack(0x0000000019ce0000,0x0000000019de0000)]

Stack: [0x0000000019ce0000,0x0000000019de0000]
[error occurred during error reporting (printing stack bounds), id 0xc0000005]

Native frames: (J=compiled Java code, j=interpreted, Vv=VM code, C=native code)


Current CompileTask:
C2: 284425 12073       4       org.gradle.internal.service.DefaultServiceRegistry$OwnServices$ProviderAnalyser::analyseType (114 bytes)


---------------  P R O C E S S  ---------------

Java Threads: ( => current thread )
  0x00000000231b5000 JavaThread "Cache worker for execution history cache (C:\Users\Ankit kumar\AndroidStudioProjects\BookStore\.gradle\6.5\executionHistory)" [_thread_blocked, id=16116, stack(0x000000002eb30000,0x000000002ec30000)]
  0x00000000231b5800 JavaThread "Execution worker for ':' Thread 7" [_thread_blocked, id=13744, stack(0x000000002ea30000,0x000000002eb30000)]
  0x00000000231ad000 JavaThread "Execution worker for ':' Thread 6" [_thread_blocked, id=14556, stack(0x000000002e930000,0x000000002ea30000)]
  0x00000000231b4000 JavaThread "Execution worker for ':' Thread 5" [_thread_blocked, id=14628, stack(0x000000002e830000,0x000000002e930000)]
  0x00000000231b0800 JavaThread "Execution worker for ':' Thread 4" [_thread_blocked, id=14268, stack(0x000000002e730000,0x000000002e830000)]
  0x00000000231b3800 JavaThread "Execution worker for ':' Thread 3" [_thread_blocked, id=7736, stack(0x000000002e230000,0x000000002e330000)]
  0x00000000231af800 JavaThread "Execution worker for ':' Thread 2" [_thread_blocked, id=15556, stack(0x000000002dc40000,0x000000002dd40000)]
  0x00000000231ae800 JavaThread "Execution worker for ':'" [_thread_in_native, id=4548, stack(0x000000002bf00000,0x000000002c000000)]
  0x00000000231b1000 JavaThread "Cache worker for file content cache (C:\Users\Ankit kumar\AndroidStudioProjects\BookStore\.gradle\6.5\fileContent)" [_thread_blocked, id=8540, stack(0x000000002bc00000,0x000000002bd00000)]
  0x000000001f88b800 JavaThread "pool-3-thread-1" [_thread_blocked, id=9832, stack(0x000000002b8f0000,0x000000002b9f0000)]
  0x000000001f88b000 JavaThread "Cache worker for Build Output Cleanup Cache (C:\Users\Ankit kumar\AndroidStudioProjects\BookStore\.gradle\buildOutputCleanup)" [_thread_blocked, id=6896, stack(0x000000002b7f0000,0x000000002b8f0000)]
  0x000000001f889800 JavaThread "jar transforms Thread 226" [_thread_blocked, id=9188, stack(0x000000002b4f0000,0x000000002b5f0000)]
  0x000000001f888800 JavaThread "jar transforms Thread 225" [_thread_blocked, id=15408, stack(0x000000002b3f0000,0x000000002b4f0000)]
  0x000000001f887000 JavaThread "jar transforms Thread 224" [_thread_blocked, id=10308, stack(0x000000002b2f0000,0x000000002b3f0000)]
  0x000000001f888000 JavaThread "jar transforms Thread 223" [_thread_blocked, id=14708, stack(0x000000002af40000,0x000000002b040000)]
  0x000000001f88c800 JavaThread "jar transforms Thread 222" [_thread_blocked, id=9120, stack(0x000000002ae40000,0x000000002af40000)]
  0x000000001f88a000 JavaThread "jar transforms Thread 221" [_thread_blocked, id=5860, stack(0x000000002ad40000,0x000000002ae40000)]
  0x000000001f886800 JavaThread "jar transforms Thread 220" [_thread_blocked, id=11084, stack(0x000000002ac40000,0x000000002ad40000)]
  0x000000001f87f000 JavaThread "jar transforms Thread 219" [_thread_blocked, id=5852, stack(0x000000002ab40000,0x000000002ac40000)]
  0x000000001f885800 JavaThread "jar transforms Thread 218" [_thread_blocked, id=8396, stack(0x000000002aa40000,0x000000002ab40000)]
  0x000000001f885000 JavaThread "jar transforms Thread 217" [_thread_blocked, id=15720, stack(0x000000002a940000,0x000000002aa40000)]
  0x000000001f87d800 JavaThread "jar transforms Thread 216" [_thread_blocked, id=11472, stack(0x000000002a840000,0x000000002a940000)]
  0x000000001f884000 JavaThread "jar transforms Thread 215" [_thread_blocked, id=6488, stack(0x000000002a740000,0x000000002a840000)]
  0x000000001f87f800 JavaThread "jar transforms Thread 214" [_thread_blocked, id=13300, stack(0x000000002a640000,0x000000002a740000)]
  0x000000001f883800 JavaThread "jar transforms Thread 213" [_thread_blocked, id=6120, stack(0x000000002a540000,0x000000002a640000)]
  0x000000001f882800 JavaThread "jar transforms Thread 212" [_thread_blocked, id=7856, stack(0x000000002a440000,0x000000002a540000)]
  0x000000001f87e000 JavaThread "jar transforms Thread 211" [_thread_blocked, id=9492, stack(0x000000002a340000,0x000000002a440000)]
  0x000000001f882000 JavaThread "jar transforms Thread 210" [_thread_blocked, id=14544, stack(0x000000002a240000,0x000000002a340000)]
  0x000000001f881000 JavaThread "jar transforms Thread 209" [_thread_blocked, id=6048, stack(0x000000002a140000,0x000000002a240000)]
  0x000000001f880800 JavaThread "jar transforms Thread 208" [_thread_blocked, id=15608, stack(0x000000002a040000,0x000000002a140000)]
  0x000000001e6f9000 JavaThread "jar transforms Thread 207" [_thread_blocked, id=7600, stack(0x0000000029f40000,0x000000002a040000)]
  0x000000001e6f8800 JavaThread "jar transforms Thread 206" [_thread_blocked, id=12616, stack(0x0000000029e40000,0x0000000029f40000)]
  0x000000001e6fa000 JavaThread "jar transforms Thread 205" [_thread_blocked, id=3088, stack(0x0000000029d40000,0x0000000029e40000)]
  0x000000001e6f7800 JavaThread "jar transforms Thread 204" [_thread_blocked, id=6272, stack(0x0000000029c40000,0x0000000029d40000)]
  0x000000001e6fb800 JavaThread "jar transforms Thread 203" [_thread_blocked, id=5364, stack(0x0000000029b40000,0x0000000029c40000)]
  0x000000001e6f7000 JavaThread "jar transforms Thread 202" [_thread_blocked, id=5556, stack(0x0000000029a40000,0x0000000029b40000)]
  0x000000001e6fa800 JavaThread "jar transforms Thread 201" [_thread_blocked, id=13440, stack(0x0000000029940000,0x0000000029a40000)]
  0x000000001e6ef800 JavaThread "jar transforms Thread 200" [_thread_blocked, id=11284, stack(0x0000000029840000,0x0000000029940000)]
  0x000000001e6f6000 JavaThread "jar transforms Thread 199" [_thread_blocked, id=7992, stack(0x0000000029740000,0x0000000029840000)]
  0x000000001e6f5800 JavaThread "jar transforms Thread 198" [_thread_blocked, id=14220, stack(0x0000000029640000,0x0000000029740000)]
  0x000000001e6f4800 JavaThread "jar transforms Thread 197" [_thread_blocked, id=13900, stack(0x0000000029540000,0x0000000029640000)]
  0x000000001e6ed000 JavaThread "jar transforms Thread 196" [_thread_blocked, id=5492, stack(0x0000000029440000,0x0000000029540000)]
  0x000000001e6f1800 JavaThread "jar transforms Thread 195" [_thread_blocked, id=8872, stack(0x0000000029340000,0x0000000029440000)]
  0x000000001e6f2800 JavaThread "jar transforms Thread 194" [_thread_blocked, id=7576, stack(0x0000000029240000,0x0000000029340000)]
  0x000000001e6ee800 JavaThread "jar transforms Thread 193" [_thread_blocked, id=1816, stack(0x0000000029140000,0x0000000029240000)]
  0x000000001e6f4000 JavaThread "jar transforms Thread 192" [_thread_blocked, id=4312, stack(0x0000000029040000,0x0000000029140000)]
  0x000000001e6ec800 JavaThread "jar transforms Thread 191" [_thread_blocked, id=2520, stack(0x0000000028f40000,0x0000000029040000)]
  0x000000001e6f1000 JavaThread "jar transforms Thread 190" [_thread_blocked, id=6856, stack(0x0000000028e40000,0x0000000028f40000)]
  0x000000001e6ee000 JavaThread "jar transforms Thread 189" [_thread_blocked, id=13272, stack(0x0000000028d40000,0x0000000028e40000)]
  0x000000001e6f3000 JavaThread "jar transforms Thread 188" [_thread_blocked, id=7572, stack(0x0000000028c40000,0x0000000028d40000)]
  0x000000001e6f0000 JavaThread "jar transforms Thread 187" [_thread_blocked, id=8320, stack(0x0000000028b40000,0x0000000028c40000)]
  0x0000000023aad800 JavaThread "jar transforms Thread 186" [_thread_blocked, id=11832, stack(0x0000000028a40000,0x0000000028b40000)]
  0x0000000023ab3800 JavaThread "jar transforms Thread 185" [_thread_blocked, id=13476, stack(0x0000000028940000,0x0000000028a40000)]
  0x0000000023ab2000 JavaThread "jar transforms Thread 184" [_thread_blocked, id=7956, stack(0x0000000028840000,0x0000000028940000)]
  0x0000000023ab1000 JavaThread "jar transforms Thread 183" [_thread_blocked, id=9724, stack(0x0000000028740000,0x0000000028840000)]
  0x0000000023ab0800 JavaThread "jar transforms Thread 182" [_thread_blocked, id=11256, stack(0x0000000028640000,0x0000000028740000)]
  0x0000000023ab2800 JavaThread "jar transforms Thread 181" [_thread_blocked, id=13236, stack(0x0000000028540000,0x0000000028640000)]
  0x0000000023aaf000 JavaThread "jar transforms Thread 180" [_thread_blocked, id=7232, stack(0x0000000028440000,0x0000000028540000)]
  0x0000000023aae000 JavaThread "jar transforms Thread 179" [_thread_blocked, id=3404, stack(0x0000000028340000,0x0000000028440000)]
  0x0000000023aaa800 JavaThread "jar transforms Thread 178" [_thread_blocked, id=8208, stack(0x0000000028240000,0x0000000028340000)]
  0x0000000023aaf800 JavaThread "jar transforms Thread 177" [_thread_blocked, id=10068, stack(0x0000000028140000,0x0000000028240000)]
  0x0000000023aa6000 JavaThread "jar transforms Thread 176" [_thread_blocked, id=16132, stack(0x0000000028040000,0x0000000028140000)]
  0x0000000023aa8000 JavaThread "jar transforms Thread 175" [_thread_blocked, id=15496, stack(0x0000000027f40000,0x0000000028040000)]
  0x0000000023aac800 JavaThread "jar transforms Thread 174" [_thread_blocked, id=4448, stack(0x0000000027e40000,0x0000000027f40000)]
  0x0000000023aa9800 JavaThread "jar transforms Thread 173" [_thread_blocked, id=8564, stack(0x0000000027d40000,0x0000000027e40000)]
  0x0000000023aa6800 JavaThread "jar transforms Thread 172" [_thread_blocked, id=15292, stack(0x0000000027c40000,0x0000000027d40000)]
  0x0000000023aab000 JavaThread "jar transforms Thread 171" [_thread_blocked, id=14364, stack(0x0000000027b40000,0x0000000027c40000)]
  0x0000000023aac000 JavaThread "jar transforms Thread 170" [_thread_blocked, id=676, stack(0x0000000027a40000,0x0000000027b40000)]
  0x0000000023aa9000 JavaThread "jar transforms Thread 169" [_thread_blocked, id=14040, stack(0x0000000027940000,0x0000000027a40000)]
  0x0000000023aa7800 JavaThread "jar transforms Thread 168" [_thread_blocked, id=14644, stack(0x0000000027840000,0x0000000027940000)]
  0x0000000023aa5000 JavaThread "jar transforms Thread 167" [_thread_blocked, id=12784, stack(0x0000000027740000,0x0000000027840000)]
  0x0000000023aa4000 JavaThread "jar transforms Thread 166" [_thread_blocked, id=3436, stack(0x0000000027640000,0x0000000027740000)]
  0x0000000021ad5000 JavaThread "jar transforms Thread 165" [_thread_blocked, id=8524, stack(0x0000000027540000,0x0000000027640000)]
  0x0000000021ad3800 JavaThread "jar transforms Thread 164" [_thread_blocked, id=8952, stack(0x0000000027440000,0x0000000027540000)]
  0x0000000021ada000 JavaThread "jar transforms Thread 163" [_thread_blocked, id=15696, stack(0x0000000027340000,0x0000000027440000)]
  0x0000000021ad4800 JavaThread "jar transforms Thread 162" [_thread_blocked, id=16224, stack(0x0000000027240000,0x0000000027340000)]
  0x0000000021ad9000 JavaThread "jar transforms Thread 161" [_thread_blocked, id=8916, stack(0x0000000027140000,0x0000000027240000)]
  0x0000000021ad8000 JavaThread "jar transforms Thread 160" [_thread_blocked, id=3652, stack(0x0000000027040000,0x0000000027140000)]
  0x0000000021ad7800 JavaThread "jar transforms Thread 159" [_thread_blocked, id=15284, stack(0x0000000026f40000,0x0000000027040000)]
  0x0000000021ad6000 JavaThread "jar transforms Thread 158" [_thread_blocked, id=13416, stack(0x0000000026e40000,0x0000000026f40000)]
  0x0000000021ad3000 JavaThread "jar transforms Thread 157" [_thread_blocked, id=10332, stack(0x0000000026d40000,0x0000000026e40000)]
  0x0000000021ad6800 JavaThread "jar transforms Thread 156" [_thread_blocked, id=236, stack(0x0000000026c40000,0x0000000026d40000)]
  0x0000000021acb800 JavaThread "jar transforms Thread 155" [_thread_blocked, id=11708, stack(0x0000000026b40000,0x0000000026c40000)]
  0x0000000021acd800 JavaThread "jar transforms Thread 154" [_thread_blocked, id=16276, stack(0x0000000026a40000,0x0000000026b40000)]
  0x0000000021ad2000 JavaThread "jar transforms Thread 153" [_thread_blocked, id=2420, stack(0x0000000026940000,0x0000000026a40000)]
  0x0000000021ad1800 JavaThread "jar transforms Thread 152" [_thread_blocked, id=10732, stack(0x0000000026840000,0x0000000026940000)]
  0x0000000021ad0000 JavaThread "jar transforms Thread 151" [_thread_blocked, id=3832, stack(0x0000000026740000,0x0000000026840000)]
  0x0000000021acc000 JavaThread "jar transforms Thread 150" [_thread_blocked, id=9448, stack(0x0000000026640000,0x0000000026740000)]
  0x0000000021ace800 JavaThread "jar transforms Thread 149" [_thread_blocked, id=15800, stack(0x0000000026540000,0x0000000026640000)]
  0x0000000021acf000 JavaThread "jar transforms Thread 148" [_thread_blocked, id=4248, stack(0x0000000026440000,0x0000000026540000)]
  0x0000000021acd000 JavaThread "jar transforms Thread 147" [_thread_blocked, id=10140, stack(0x0000000026340000,0x0000000026440000)]
  0x0000000021ad0800 JavaThread "jar transforms Thread 146" [_thread_blocked, id=3096, stack(0x0000000026240000,0x0000000026340000)]
  0x0000000021aca800 JavaThread "jar transforms Thread 145" [_thread_blocked, id=16080, stack(0x0000000026140000,0x0000000026240000)]
  0x000000001931e000 JavaThread "jar transforms Thread 144" [_thread_blocked, id=8792, stack(0x0000000026040000,0x0000000026140000)]
  0x000000001931c800 JavaThread "jar transforms Thread 143" [_thread_blocked, id=8896, stack(0x0000000025f40000,0x0000000026040000)]
  0x000000001931d800 JavaThread "jar transforms Thread 142" [_thread_blocked, id=11028, stack(0x0000000025e40000,0x0000000025f40000)]
  0x0000000019320800 JavaThread "jar transforms Thread 141" [_thread_blocked, id=13284, stack(0x0000000025d40000,0x0000000025e40000)]
  0x000000001931f000 JavaThread "jar transforms Thread 140" [_thread_blocked, id=13068, stack(0x0000000025c40000,0x0000000025d40000)]
  0x000000001c174800 JavaThread "jar transforms Thread 139" [_thread_blocked, id=2064, stack(0x0000000025b40000,0x0000000025c40000)]
  0x000000001c174000 JavaThread "jar transforms Thread 138" [_thread_blocked, id=6980, stack(0x0000000025a40000,0x0000000025b40000)]
  0x000000001c177800 JavaThread "jar transforms Thread 137" [_thread_blocked, id=628, stack(0x0000000025940000,0x0000000025a40000)]
  0x000000001c178800 JavaThread "jar transforms Thread 136" [_thread_blocked, id=5912, stack(0x0000000025840000,0x0000000025940000)]
  0x000000001c177000 JavaThread "jar transforms Thread 135" [_thread_blocked, id=8416, stack(0x0000000025740000,0x0000000025840000)]
  0x000000001c176000 JavaThread "jar transforms Thread 134" [_thread_blocked, id=11476, stack(0x0000000025640000,0x0000000025740000)]
  0x000000001c172800 JavaThread "jar transforms Thread 133" [_thread_blocked, id=3508, stack(0x0000000025540000,0x0000000025640000)]
  0x000000001c173000 JavaThread "jar transforms Thread 132" [_thread_blocked, id=13520, stack(0x0000000025440000,0x0000000025540000)]
  0x000000001c175800 JavaThread "jar transforms Thread 131" [_thread_blocked, id=2564, stack(0x0000000025340000,0x0000000025440000)]
  0x000000001c16a800 JavaThread "jar transforms Thread 130" [_thread_blocked, id=11800, stack(0x0000000025240000,0x0000000025340000)]
  0x000000001c171800 JavaThread "jar transforms Thread 129" [_thread_blocked, id=1456, stack(0x0000000025140000,0x0000000025240000)]
  0x000000001c16a000 JavaThread "jar transforms Thread 128" [_thread_blocked, id=8152, stack(0x0000000025040000,0x0000000025140000)]
  0x000000001c170000 JavaThread "jar transforms Thread 127" [_thread_blocked, id=6848, stack(0x0000000024f40000,0x0000000025040000)]
  0x000000001c16c000 JavaThread "jar transforms Thread 126" [_thread_blocked, id=8616, stack(0x0000000024e40000,0x0000000024f40000)]
  0x0000000022c85000 JavaThread "jar transforms Thread 125" [_thread_blocked, id=3708, stack(0x0000000024d40000,0x0000000024e40000)]
  0x0000000022c82800 JavaThread "jar transforms Thread 124" [_thread_blocked, id=10320, stack(0x0000000024c40000,0x0000000024d40000)]
  0x0000000022c7f800 JavaThread "jar transforms Thread 123" [_thread_blocked, id=6240, stack(0x0000000024b40000,0x0000000024c40000)]
  0x0000000022c83800 JavaThread "jar transforms Thread 122" [_thread_blocked, id=5616, stack(0x0000000024a40000,0x0000000024b40000)]
  0x0000000022c78000 JavaThread "jar transforms Thread 121" [_thread_blocked, id=13756, stack(0x0000000024940000,0x0000000024a40000)]
  0x0000000022c7f000 JavaThread "jar transforms Thread 120" [_thread_blocked, id=15428, stack(0x0000000024840000,0x0000000024940000)]
  0x0000000022c77800 JavaThread "jar transforms Thread 119" [_thread_blocked, id=2932, stack(0x0000000024740000,0x0000000024840000)]
  0x0000000022c7e000 JavaThread "jar transforms Thread 118" [_thread_blocked, id=1156, stack(0x0000000024640000,0x0000000024740000)]
  0x0000000022c7c000 JavaThread "jar transforms Thread 117" [_thread_blocked, id=1568, stack(0x0000000024440000,0x0000000024540000)]
  0x0000000022c7b000 JavaThread "jar transforms Thread 116" [_thread_blocked, id=10204, stack(0x0000000024340000,0x0000000024440000)]
  0x0000000022c7a800 JavaThread "jar transforms Thread 115" [_thread_blocked, id=9344, stack(0x0000000024240000,0x0000000024340000)]
  0x0000000022c7c800 JavaThread "jar transforms Thread 114" [_thread_blocked, id=15828, stack(0x0000000024140000,0x0000000024240000)]
  0x0000000022c7d800 JavaThread "Build operations Thread 8" [_thread_blocked, id=10232, stack(0x0000000024040000,0x0000000024140000)]
  0x0000000022c79800 JavaThread "Build operations Thread 7" [_thread_blocked, id=14804, stack(0x0000000023f40000,0x0000000024040000)]
  0x000000002371a000 JavaThread "Build operations Thread 6" [_thread_blocked, id=3244, stack(0x0000000022570000,0x0000000022670000)]
  0x0000000023719800 JavaThread "Build operations Thread 5" [_thread_blocked, id=7468, stack(0x0000000021d70000,0x0000000021e70000)]
  0x0000000023718800 JavaThread "Build operations Thread 4" [_thread_blocked, id=15744, stack(0x0000000020bc0000,0x0000000020cc0000)]
  0x0000000023716800 JavaThread "Build operations Thread 3" [_thread_blocked, id=14552, stack(0x0000000020800000,0x0000000020900000)]
  0x0000000023718000 JavaThread "Build operations Thread 2" [_thread_blocked, id=12352, stack(0x000000001e500000,0x000000001e600000)]
  0x0000000023715800 JavaThread "Build operations" [_thread_blocked, id=14696, stack(0x000000001dd00000,0x000000001de00000)]
  0x0000000023714000 JavaThread "Cache worker for cache directory md-rule (C:\Users\Ankit kumar\.gradle\caches\6.5\md-rule)" [_thread_blocked, id=15244, stack(0x000000001dc00000,0x000000001dd00000)]
  0x000000002370c800 JavaThread "Cache worker for cache directory md-supplier (C:\Users\Ankit kumar\.gradle\caches\6.5\md-supplier)" [_thread_blocked, id=536, stack(0x000000001db00000,0x000000001dc00000)]
  0x0000000023713800 JavaThread "Cache worker for checksums cache (C:\Users\Ankit kumar\AndroidStudioProjects\BookStore\.gradle\checksums)" [_thread_blocked, id=16208, stack(0x000000001da00000,0x000000001db00000)]
  0x000000002370c000 JavaThread "Cache worker for file hash cache (C:\Users\Ankit kumar\AndroidStudioProjects\BookStore\.gradle\6.5\fileHashes)" [_thread_blocked, id=6284, stack(0x000000001d900000,0x000000001da00000)]
  0x0000000023712800 JavaThread "Thread-158" [_thread_blocked, id=7836, stack(0x000000001d600000,0x000000001d700000)]
  0x000000002370f800 JavaThread "Stdin handler" [_thread_blocked, id=3132, stack(0x000000001d500000,0x000000001d600000)]
  0x0000000023712000 JavaThread "Asynchronous log dispatcher for DefaultDaemonConnection: socket connection from /127.0.0.1:60788 to /127.0.0.1:55103" [_thread_blocked, id=13304, stack(0x000000001d0c0000,0x000000001d1c0000)]
  0x000000002370b000 JavaThread "Daemon worker Thread 2" [_thread_blocked, id=15628, stack(0x000000001cfc0000,0x000000001d0c0000)]
  0x000000002370d800 JavaThread "Cancel handler" [_thread_blocked, id=3480, stack(0x0000000000850000,0x0000000000950000)]
  0x000000002370e000 JavaThread "Handler for socket connection from /127.0.0.1:60788 to /127.0.0.1:55103" [_thread_in_native, id=2044, stack(0x0000000000750000,0x0000000000850000)]
  0x0000000023711000 JavaThread "Daemon Thread 2" [_thread_blocked, id=1552, stack(0x0000000000650000,0x0000000000750000)]
  0x0000000022c76800 JavaThread "Memory manager" [_thread_blocked, id=11488, stack(0x000000002c2a0000,0x000000002c3a0000)]
  0x000000001c16e800 JavaThread "Cache worker for file content cache (C:\Users\Ankit kumar\.gradle\caches\6.5\fileContent)" [_thread_blocked, id=14712, stack(0x0000000022670000,0x0000000022770000)]
  0x000000001931f800 JavaThread "Cache worker for execution history cache (C:\Users\Ankit kumar\.gradle\caches\6.5\executionHistory)" [_thread_blocked, id=16060, stack(0x0000000021e70000,0x0000000021f70000)]
  0x000000001931c000 JavaThread "Cache worker for file hash cache (C:\Users\Ankit kumar\.gradle\caches\6.5\fileHashes)" [_thread_blocked, id=15364, stack(0x000000001e200000,0x000000001e300000)]
  0x000000001931b000 JavaThread "File lock request listener" [_thread_in_native, id=12828, stack(0x000000001e100000,0x000000001e200000)]
  0x000000001be0c800 JavaThread "Cache worker for journal cache (C:\Users\Ankit kumar\.gradle\caches\journal-1)" [_thread_blocked, id=13320, stack(0x000000001e000000,0x000000001e100000)]
  0x00000000193bf800 JavaThread "Daemon periodic checks" [_thread_blocked, id=9560, stack(0x000000001d400000,0x000000001d500000)]
  0x000000001a2b2000 JavaThread "Incoming local TCP Connector on port 60788" [_thread_in_native, id=7436, stack(0x000000001d1c0000,0x000000001d2c0000)]
  0x000000001bcc0800 JavaThread "Daemon health stats" [_thread_blocked, id=3724, stack(0x000000001cb80000,0x000000001cc80000)]
  0x0000000019330800 JavaThread "Service Thread" daemon [_thread_blocked, id=8580, stack(0x0000000019fe0000,0x000000001a0e0000)]
  0x000000001931a000 JavaThread "C1 CompilerThread3" daemon [_thread_in_vm, id=7236, stack(0x0000000019ee0000,0x0000000019fe0000)]
  0x0000000019319800 JavaThread "C2 CompilerThread2" daemon [_thread_in_native, id=276, stack(0x0000000019de0000,0x0000000019ee0000)]
=>0x000000001750b800 JavaThread "C2 CompilerThread1" daemon [_thread_in_native, id=8144, stack(0x0000000019ce0000,0x0000000019de0000)]
  0x0000000019316000 JavaThread "C2 CompilerThread0" daemon [_thread_in_native, id=16092, stack(0x0000000019be0000,0x0000000019ce0000)]
  0x0000000019315000 JavaThread "Attach Listener" daemon [_thread_blocked, id=10572, stack(0x0000000019ae0000,0x0000000019be0000)]
  0x0000000019314000 JavaThread "Signal Dispatcher" daemon [_thread_blocked, id=1652, stack(0x00000000199e0000,0x0000000019ae0000)]
  0x000000000248e000 JavaThread "Finalizer" daemon [_thread_blocked, id=14564, stack(0x00000000197e0000,0x00000000198e0000)]
  0x0000000002487000 JavaThread "Reference Handler" daemon [_thread_blocked, id=11776, stack(0x00000000196e0000,0x00000000197e0000)]
  0x00000000022ae800 JavaThread "main" [_thread_blocked, id=6312, stack(0x0000000002190000,0x0000000002290000)]

Other Threads:
  0x00000000174f6000 VMThread [stack: 0x00000000191e0000,0x00000000192e0000] [id=1992]
  0x0000000019331000 WatcherThread [stack: 0x000000001a0e0000,0x000000001a1e0000] [id=9320]

VM state:not at safepoint (normal execution)

VM Mutex/Monitor currently owned by a thread: None

heap address: 0x0000000080000000, size: 2048 MB, Compressed Oops mode: 32-bit
Narrow klass base: 0x0000000000000000, Narrow klass shift: 3
Compressed class space size: 1073741824 Address: 0x0000000100000000

Heap:
 PSYoungGen      total 337920K, used 53884K [0x00000000d5580000, 0x00000000ef700000, 0x0000000100000000)
  eden space 286720K, 11% used [0x00000000d5580000,0x00000000d76dba58,0x00000000e6d80000)
  from space 51200K, 38% used [0x00000000e6d80000,0x00000000e80d85d0,0x00000000e9f80000)
  to   space 48128K, 0% used [0x00000000ec800000,0x00000000ec800000,0x00000000ef700000)
 ParOldGen       total 140800K, used 110662K [0x0000000080000000, 0x0000000088980000, 0x00000000d5580000)
  object space 140800K, 78% used [0x0000000080000000,0x0000000086c11908,0x0000000088980000)
 Metaspace       used 83605K, capacity 88328K, committed 88600K, reserved 1126400K
  class space    used 11343K, capacity 12209K, committed 12336K, reserved 1048576K

Card table byte_map: [0x0000000011850000,0x0000000011c60000] byte_map_base: 0x0000000011450000

Marking Bits: (ParMarkBitMap*) 0x0000000068e9f030
 Begin Bits: [0x0000000012710000, 0x0000000014710000)
 End Bits:   [0x0000000014710000, 0x0000000016710000)

Polling page: 0x0000000000520000

CodeCache: size=245760Kb used=31981Kb max_used=32222Kb free=213778Kb
 bounds [0x0000000002490000, 0x0000000004440000, 0x0000000011490000]
 total_blobs=11189 nmethods=10352 adapters=746
 compilation: enabled

Compilation events (10 events):
Event: 284.421 Thread 0x000000001931a000 nmethod 12485 0x00000000025e6610 code [0x00000000025e6780, 0x00000000025e69a8]
Event: 284.422 Thread 0x000000001931a000 12486       3       org.gradle.api.internal.artifacts.ivyservice.resolutionstrategy.DefaultCachePolicy::mustRefreshMissingModule (9 bytes)
Event: 284.422 Thread 0x000000001931a000 nmethod 12486 0x00000000026f97d0 code [0x00000000026f9960, 0x00000000026f9e18]
Event: 284.422 Thread 0x000000001931a000 12487       3       org.gradle.api.internal.artifacts.ivyservice.resolveengine.graph.builder.ComponentState::evict (8 bytes)
Event: 284.423 Thread 0x000000001931a000 nmethod 12487 0x00000000026f9490 code [0x00000000026f95e0, 0x00000000026f9750]
Event: 284.423 Thread 0x000000001931a000 12488       3       java.util.List::spliterator (7 bytes)
Event: 284.423 Thread 0x000000001931a000 nmethod 12488 0x00000000028ebd50 code [0x00000000028ebee0, 0x00000000028ec278]
Event: 284.424 Thread 0x000000001931a000 12493       3       org.gradle.api.internal.artifacts.ivyservice.resolveengine.graph.builder.ModuleResolveState::getVersions (94 bytes)
Event: 284.424 Thread 0x000000001931a000 nmethod 12493 0x00000000025e4bd0 code [0x00000000025e4e60, 0x00000000025e5e98]
Event: 284.425 Thread 0x000000001931a000 12494       3       org.gradle.api.internal.artifacts.ivyservice.resolveengine.graph.builder.SelectorState::resolve (40 bytes)

GC Heap History (10 events):
Event: 5.060 GC heap before
{Heap before GC invocations=12 (full 2):
 PSYoungGen      total 232448K, used 171657K [0x00000000d5580000, 0x00000000e8180000, 0x0000000100000000)
  eden space 217600K, 72% used [0x00000000d5580000,0x00000000deea51a8,0x00000000e2a00000)
  from space 14848K, 99% used [0x00000000e2a00000,0x00000000e387d518,0x00000000e3880000)
  to   space 16896K, 0% used [0x00000000e7100000,0x00000000e7100000,0x00000000e8180000)
 ParOldGen       total 87552K, used 15458K [0x0000000080000000, 0x0000000085580000, 0x00000000d5580000)
  object space 87552K, 17% used [0x0000000080000000,0x0000000080f188c0,0x0000000085580000)
 Metaspace       used 56789K, capacity 59040K, committed 59160K, reserved 1099776K
  class space    used 7695K, capacity 8165K, committed 8240K, reserved 1048576K
Event: 5.074 GC heap after
Heap after GC invocations=12 (full 2):
 PSYoungGen      total 284672K, used 16876K [0x00000000d5580000, 0x00000000e8880000, 0x0000000100000000)
  eden space 267776K, 0% used [0x00000000d5580000,0x00000000d5580000,0x00000000e5b00000)
  from space 16896K, 99% used [0x00000000e7100000,0x00000000e817b310,0x00000000e8180000)
  to   space 22528K, 0% used [0x00000000e5b00000,0x00000000e5b00000,0x00000000e7100000)
 ParOldGen       total 87552K, used 24772K [0x0000000080000000, 0x0000000085580000, 0x00000000d5580000)
  object space 87552K, 28% used [0x0000000080000000,0x0000000081831018,0x0000000085580000)
 Metaspace       used 56789K, capacity 59040K, committed 59160K, reserved 1099776K
  class space    used 7695K, capacity 8165K, committed 8240K, reserved 1048576K
}
Event: 5.074 GC heap before
{Heap before GC invocations=13 (full 3):
 PSYoungGen      total 284672K, used 16876K [0x00000000d5580000, 0x00000000e8880000, 0x0000000100000000)
  eden space 267776K, 0% used [0x00000000d5580000,0x00000000d5580000,0x00000000e5b00000)
  from space 16896K, 99% used [0x00000000e7100000,0x00000000e817b310,0x00000000e8180000)
  to   space 22528K, 0% used [0x00000000e5b00000,0x00000000e5b00000,0x00000000e7100000)
 ParOldGen       total 87552K, used 24772K [0x0000000080000000, 0x0000000085580000, 0x00000000d5580000)
  object space 87552K, 28% used [0x0000000080000000,0x0000000081831018,0x0000000085580000)
 Metaspace       used 56789K, capacity 59040K, committed 59160K, reserved 1099776K
  class space    used 7695K, capacity 8165K, committed 8240K, reserved 1048576K
Event: 5.257 GC heap after
Heap after GC invocations=13 (full 3):
 PSYoungGen      total 284672K, used 0K [0x00000000d5580000, 0x00000000e8880000, 0x0000000100000000)
  eden space 267776K, 0% used [0x00000000d5580000,0x00000000d5580000,0x00000000e5b00000)
  from space 16896K, 0% used [0x00000000e7100000,0x00000000e7100000,0x00000000e8180000)
  to   space 22528K, 0% used [0x00000000e5b00000,0x00000000e5b00000,0x00000000e7100000)
 ParOldGen       total 140800K, used 38589K [0x0000000080000000, 0x0000000088980000, 0x00000000d5580000)
  object space 140800K, 27% used [0x0000000080000000,0x00000000825af560,0x0000000088980000)
 Metaspace       used 56743K, capacity 58884K, committed 59160K, reserved 1099776K
  class space    used 7681K, capacity 8139K, committed 8240K, reserved 1048576K
}
Event: 7.041 GC heap before
{Heap before GC invocations=14 (full 3):
 PSYoungGen      total 284672K, used 267761K [0x00000000d5580000, 0x00000000e8880000, 0x0000000100000000)
  eden space 267776K, 99% used [0x00000000d5580000,0x00000000e5afc788,0x00000000e5b00000)
  from space 16896K, 0% used [0x00000000e7100000,0x00000000e7100000,0x00000000e8180000)
  to   space 22528K, 0% used [0x00000000e5b00000,0x00000000e5b00000,0x00000000e7100000)
 ParOldGen       total 140800K, used 38589K [0x0000000080000000, 0x0000000088980000, 0x00000000d5580000)
  object space 140800K, 27% used [0x0000000080000000,0x00000000825af560,0x0000000088980000)
 Metaspace       used 68409K, capacity 71660K, committed 71704K, reserved 1112064K
  class space    used 9404K, capacity 10019K, committed 10032K, reserved 1048576K
Event: 7.055 GC heap after
Heap after GC invocations=14 (full 3):
 PSYoungGen      total 290304K, used 22497K [0x00000000d5580000, 0x00000000eb980000, 0x0000000100000000)
  eden space 267776K, 0% used [0x00000000d5580000,0x00000000d5580000,0x00000000e5b00000)
  from space 22528K, 99% used [0x00000000e5b00000,0x00000000e70f8550,0x00000000e7100000)
  to   space 26624K, 0% used [0x00000000e9f80000,0x00000000e9f80000,0x00000000eb980000)
 ParOldGen       total 140800K, used 40085K [0x0000000080000000, 0x0000000088980000, 0x00000000d5580000)
  object space 140800K, 28% used [0x0000000080000000,0x00000000827254a0,0x0000000088980000)
 Metaspace       used 68409K, capacity 71660K, committed 71704K, reserved 1112064K
  class space    used 9404K, capacity 10019K, committed 10032K, reserved 1048576K
}
Event: 8.359 GC heap before
{Heap before GC invocations=15 (full 3):
 PSYoungGen      total 290304K, used 290273K [0x00000000d5580000, 0x00000000eb980000, 0x0000000100000000)
  eden space 267776K, 100% used [0x00000000d5580000,0x00000000e5b00000,0x00000000e5b00000)
  from space 22528K, 99% used [0x00000000e5b00000,0x00000000e70f8550,0x00000000e7100000)
  to   space 26624K, 0% used [0x00000000e9f80000,0x00000000e9f80000,0x00000000eb980000)
 ParOldGen       total 140800K, used 40085K [0x0000000080000000, 0x0000000088980000, 0x00000000d5580000)
  object space 140800K, 28% used [0x0000000080000000,0x00000000827254a0,0x0000000088980000)
 Metaspace       used 77076K, capacity 81162K, committed 81432K, reserved 1120256K
  class space    used 10741K, capacity 11520K, committed 11568K, reserved 1048576K
Event: 8.405 GC heap after
Heap after GC invocations=15 (full 3):
 PSYoungGen      total 313344K, used 26613K [0x00000000d5580000, 0x00000000ef080000, 0x0000000100000000)
  eden space 286720K, 0% used [0x00000000d5580000,0x00000000d5580000,0x00000000e6d80000)
  from space 26624K, 99% used [0x00000000e9f80000,0x00000000eb97d448,0x00000000eb980000)
  to   space 51200K, 0% used [0x00000000e6d80000,0x00000000e6d80000,0x00000000e9f80000)
 ParOldGen       total 140800K, used 95844K [0x0000000080000000, 0x0000000088980000, 0x00000000d5580000)
  object space 140800K, 68% used [0x0000000080000000,0x0000000085d991b8,0x0000000088980000)
 Metaspace       used 77076K, capacity 81162K, committed 81432K, reserved 1120256K
  class space    used 10741K, capacity 11520K, committed 11568K, reserved 1048576K
}
Event: 284.182 GC heap before
{Heap before GC invocations=16 (full 3):
 PSYoungGen      total 313344K, used 313333K [0x00000000d5580000, 0x00000000ef080000, 0x0000000100000000)
  eden space 286720K, 100% used [0x00000000d5580000,0x00000000e6d80000,0x00000000e6d80000)
  from space 26624K, 99% used [0x00000000e9f80000,0x00000000eb97d448,0x00000000eb980000)
  to   space 51200K, 0% used [0x00000000e6d80000,0x00000000e6d80000,0x00000000e9f80000)
 ParOldGen       total 140800K, used 95844K [0x0000000080000000, 0x0000000088980000, 0x00000000d5580000)
  object space 140800K, 68% used [0x0000000080000000,0x0000000085d991b8,0x0000000088980000)
 Metaspace       used 83334K, capacity 87940K, committed 87960K, reserved 1124352K
  class space    used 11332K, capacity 12189K, committed 12208K, reserved 1048576K
Event: 284.205 GC heap after
Heap after GC invocations=16 (full 3):
 PSYoungGen      total 337920K, used 19809K [0x00000000d5580000, 0x00000000ef700000, 0x0000000100000000)
  eden space 286720K, 0% used [0x00000000d5580000,0x00000000d5580000,0x00000000e6d80000)
  from space 51200K, 38% used [0x00000000e6d80000,0x00000000e80d85d0,0x00000000e9f80000)
  to   space 48128K, 0% used [0x00000000ec800000,0x00000000ec800000,0x00000000ef700000)
 ParOldGen       total 140800K, used 110662K [0x0000000080000000, 0x0000000088980000, 0x00000000d5580000)
  object space 140800K, 78% used [0x0000000080000000,0x0000000086c11908,0x0000000088980000)
 Metaspace       used 83334K, capacity 87940K, committed 87960K, reserved 1124352K
  class space    used 11332K, capacity 12189K, committed 12208K, reserved 1048576K
}

Deoptimization events (10 events):
Event: 284.211 Thread 0x000000002370b000 Uncommon trap: reason=bimorphic action=maybe_recompile pc=0x000000000395bbb8 method=java.util.Comparator.lambda$comparing$77a9974f$1(Ljava/util/function/Function;Ljava/lang/Object;Ljava/lang/Object;)I @ 17
Event: 284.211 Thread 0x000000002370b000 Uncommon trap: reason=bimorphic action=maybe_recompile pc=0x000000000395bbb8 method=java.util.Comparator.lambda$comparing$77a9974f$1(Ljava/util/function/Function;Ljava/lang/Object;Ljava/lang/Object;)I @ 17
Event: 284.211 Thread 0x000000002370b000 Uncommon trap: reason=bimorphic action=maybe_recompile pc=0x000000000395bbb8 method=java.util.Comparator.lambda$comparing$77a9974f$1(Ljava/util/function/Function;Ljava/lang/Object;Ljava/lang/Object;)I @ 17
Event: 284.212 Thread 0x0000000023712800 Uncommon trap: reason=unstable_if action=reinterpret pc=0x0000000003e28068 method=java.io.ObjectOutputStream.writeOrdinaryObject(Ljava/lang/Object;Ljava/io/ObjectStreamClass;Z)V @ 113
Event: 284.299 Thread 0x000000002370b000 Uncommon trap: reason=array_check action=maybe_recompile pc=0x00000000043827ec method=com.google.common.collect.ImmutableSet.construct(I[Ljava/lang/Object;)Lcom/google/common/collect/ImmutableSet; @ 122
Event: 284.302 Thread 0x000000002370b000 Uncommon trap: reason=array_check action=maybe_recompile pc=0x00000000043827ec method=com.google.common.collect.ImmutableSet.construct(I[Ljava/lang/Object;)Lcom/google/common/collect/ImmutableSet; @ 122
Event: 284.304 Thread 0x000000002370b000 Uncommon trap: reason=array_check action=maybe_recompile pc=0x00000000043827ec method=com.google.common.collect.ImmutableSet.construct(I[Ljava/lang/Object;)Lcom/google/common/collect/ImmutableSet; @ 122
Event: 284.307 Thread 0x000000002370b000 Uncommon trap: reason=array_check action=maybe_recompile pc=0x00000000043827ec method=com.google.common.collect.ImmutableSet.construct(I[Ljava/lang/Object;)Lcom/google/common/collect/ImmutableSet; @ 122
Event: 284.340 Thread 0x000000002370b000 Uncommon trap: reason=class_check action=maybe_recompile pc=0x00000000042189e0 method=java.util.Spliterators$ArraySpliterator.tryAdvance(Ljava/util/function/Consumer;)Z @ 49
Event: 284.369 Thread 0x000000002370b000 Uncommon trap: reason=class_check action=maybe_recompile pc=0x00000000042189e0 method=java.util.Spliterators$ArraySpliterator.tryAdvance(Ljava/util/function/Consumer;)Z @ 49

Classes redefined (0 events):
No events

Internal exceptions (10 events):
Event: 9.674 Thread 0x0000000023712000 Exception <a 'sun/nio/fs/WindowsException'> (0x00000000dfd6ab60) thrown at [C:\src\AOSP-openjdk-git\hotspot\src\share\vm\prims\jni.cpp, line 710]
Event: 9.734 Thread 0x000000001a2e7800 Exception <a 'java/lang/NoSuchMethodError': java.lang.Object.lambda$comparingByKey$bbdbfea9$1(Ljava/util/Map$Entry;Ljava/util/Map$Entry;)I> (0x00000000dff79838) thrown at [C:\src\AOSP-openjdk-git\hotspot\src\share\vm\interpreter\linkResolver.cpp, line 620
Event: 9.798 Thread 0x000000001a2e7800 Exception <a 'java/lang/NoSuchMethodError': <clinit>> (0x00000000e0a814d8) thrown at [C:\src\AOSP-openjdk-git\hotspot\src\share\vm\prims\jni.cpp, line 1615]
Event: 9.815 Thread 0x0000000022c82800 Exception <a 'java/lang/NoSuchMethodError': java.lang.Object.lambda$asRunnable$0(Lcom/android/tools/build/apkzlib/utils/IOExceptionRunnable;)V> (0x00000000e0da6670) thrown at [C:\src\AOSP-openjdk-git\hotspot\src\share\vm\interpreter\linkResolver.cpp, line
Event: 9.835 Thread 0x0000000022c82800 Exception <a 'java/lang/NoSuchMethodError': java.lang.Object.newSystemTemporaryDirectory()Lcom/android/tools/build/apkzlib/bytestorage/TemporaryDirectory;> (0x00000000e0f1cd60) thrown at [C:\src\AOSP-openjdk-git\hotspot\src\share\vm\interpreter\linkResolv
Event: 9.870 Thread 0x0000000022c82800 Exception <a 'java/lang/NoSuchMethodError': java.lang.Object.lambda$static$0(Lcom/android/apksig/util/RunnablesProvider;)V> (0x00000000e1243608) thrown at [C:\src\AOSP-openjdk-git\hotspot\src\share\vm\interpreter\linkResolver.cpp, line 620]
Event: 10.089 Thread 0x000000001a2e7800 Implicit null exception at 0x0000000003cc4dc0 to 0x0000000003cc5555
Event: 10.109 Thread 0x000000001a2e7800 Implicit null exception at 0x0000000003b519ac to 0x0000000003b519f5
Event: 284.227 Thread 0x000000002370b000 Exception <a 'sun/nio/fs/WindowsException'> (0x00000000d666a180) thrown at [C:\src\AOSP-openjdk-git\hotspot\src\share\vm\prims\jni.cpp, line 710]
Event: 284.348 Thread 0x000000002370b000 Exception <a 'sun/nio/fs/WindowsException'> (0x00000000d6f82558) thrown at [C:\src\AOSP-openjdk-git\hotspot\src\share\vm\prims\jni.cpp, line 710]

Events (10 events):
Event: 284.423 Thread 0x000000001931a000 flushing nmethod 0x0000000002a37450
Event: 284.423 Thread 0x000000001931a000 flushing nmethod 0x0000000002a813d0
Event: 284.423 Thread 0x000000001931a000 flushing nmethod 0x0000000002ad0690
Event: 284.423 Thread 0x000000001931a000 flushing nmethod 0x0000000002b62690
Event: 284.423 Thread 0x000000001931a000 flushing nmethod 0x0000000002b74810
Event: 284.423 Thread 0x000000001931a000 flushing nmethod 0x0000000002d9a190
Event: 284.424 Thread 0x000000001931a000 flushing nmethod 0x0000000002e39a50
Event: 284.425 Thread 0x000000001931a000 flushing nmethod 0x0000000002f0b990
Event: 284.425 Thread 0x000000001931a000 flushing nmethod 0x0000000002f2ecd0
Event: 284.425 Thread 0x000000001931a000 flushing nmethod 0x0000000002f55f90


Dynamic libraries:
0x00007ff6a68c0000 - 0x00007ff6a68f1000 	C:\Program Files\Android\Android Studio1\jre\bin\java.exe
0x00007ff95f330000 - 0x00007ff95f525000 	C:\WINDOWS\SYSTEM32\ntdll.dll
0x00007ff95e6e0000 - 0x00007ff95e79d000 	C:\WINDOWS\System32\KERNEL32.DLL
0x00007ff95cc00000 - 0x00007ff95cec8000 	C:\WINDOWS\System32\KERNELBASE.dll
0x00007ff95ecb0000 - 0x00007ff95ed5c000 	C:\WINDOWS\System32\ADVAPI32.dll
0x00007ff95d960000 - 0x00007ff95d9fe000 	C:\WINDOWS\System32\msvcrt.dll
0x00007ff95d790000 - 0x00007ff95d82b000 	C:\WINDOWS\System32\sechost.dll
0x00007ff95d830000 - 0x00007ff95d95b000 	C:\WINDOWS\System32\RPCRT4.dll
0x00007ff95e900000 - 0x00007ff95eaa0000 	C:\WINDOWS\System32\USER32.dll
0x00007ff95ced0000 - 0x00007ff95cef2000 	C:\WINDOWS\System32\win32u.dll
0x00007ff95e8d0000 - 0x00007ff95e8fa000 	C:\WINDOWS\System32\GDI32.dll
0x00007ff95caf0000 - 0x00007ff95cbfb000 	C:\WINDOWS\System32\gdi32full.dll
0x00007ff95cf00000 - 0x00007ff95cf9d000 	C:\WINDOWS\System32\msvcp_win.dll
0x00007ff95d2a0000 - 0x00007ff95d3a0000 	C:\WINDOWS\System32\ucrtbase.dll
0x00007ff9422e0000 - 0x00007ff94257a000 	C:\WINDOWS\WinSxS\amd64_microsoft.windows.common-controls_6595b64144ccf1df_6.0.19041.1052_none_60b8f8fd71f5e8cb\COMCTL32.dll
0x00007ff95e3d0000 - 0x00007ff95e400000 	C:\WINDOWS\System32\IMM32.DLL
0x0000000069490000 - 0x0000000069562000 	C:\Program Files\Android\Android Studio1\jre\jre\bin\msvcr100.dll
0x00000000686d0000 - 0x0000000068f1b000 	C:\Program Files\Android\Android Studio1\jre\jre\bin\server\jvm.dll
0x00007ff95f280000 - 0x00007ff95f288000 	C:\WINDOWS\System32\PSAPI.DLL
0x00007ff955220000 - 0x00007ff955229000 	C:\WINDOWS\SYSTEM32\WSOCK32.dll
0x00007ff942600000 - 0x00007ff942627000 	C:\WINDOWS\SYSTEM32\WINMM.dll
0x00007ff952370000 - 0x00007ff95237a000 	C:\WINDOWS\SYSTEM32\VERSION.dll
0x00007ff95e670000 - 0x00007ff95e6db000 	C:\WINDOWS\System32\WS2_32.dll
0x00007ff955040000 - 0x00007ff95504f000 	C:\Program Files\Android\Android Studio1\jre\jre\bin\verify.dll
0x00007ff9538f0000 - 0x00007ff953919000 	C:\Program Files\Android\Android Studio1\jre\jre\bin\java.dll
0x00007ff953e60000 - 0x00007ff953e76000 	C:\Program Files\Android\Android Studio1\jre\jre\bin\zip.dll
0x00007ff95dae0000 - 0x00007ff95e21f000 	C:\WINDOWS\System32\SHELL32.dll
0x00007ff957a60000 - 0x00007ff9581f0000 	C:\WINDOWS\SYSTEM32\windows.storage.dll
0x00007ff95d430000 - 0x00007ff95d785000 	C:\WINDOWS\System32\combase.dll
0x00007ff95c4e0000 - 0x00007ff95c50c000 	C:\WINDOWS\SYSTEM32\Wldp.dll
0x00007ff95e400000 - 0x00007ff95e4ae000 	C:\WINDOWS\System32\SHCORE.dll
0x00007ff95e580000 - 0x00007ff95e5d5000 	C:\WINDOWS\System32\shlwapi.dll
0x00007ff95c9b0000 - 0x00007ff95c9cf000 	C:\WINDOWS\SYSTEM32\profapi.dll
0x00007ff953840000 - 0x00007ff95385a000 	C:\Program Files\Android\Android Studio1\jre\jre\bin\net.dll
0x00007ff95c250000 - 0x00007ff95c2ba000 	C:\WINDOWS\system32\mswsock.dll
0x00007ff9518e0000 - 0x00007ff9518f3000 	C:\Program Files\Android\Android Studio1\jre\jre\bin\nio.dll
0x00007ff947ad0000 - 0x00007ff947af7000 	C:\Users\Ankit kumar\.gradle\native\f6784746aeab05261644944871eae4fe03e0ef1612fff0a4a95f87b438bc6780\windows-amd64\native-platform.dll
0x00007ff953a50000 - 0x00007ff953a5d000 	C:\Program Files\Android\Android Studio1\jre\jre\bin\management.dll
0x00007ff95c420000 - 0x00007ff95c438000 	C:\WINDOWS\SYSTEM32\CRYPTSP.dll
0x00007ff95bb80000 - 0x00007ff95bbb4000 	C:\WINDOWS\system32\rsaenh.dll
0x00007ff95cac0000 - 0x00007ff95cae7000 	C:\WINDOWS\System32\bcrypt.dll
0x00007ff95c970000 - 0x00007ff95c99e000 	C:\WINDOWS\SYSTEM32\USERENV.dll
0x00007ff95cfa0000 - 0x00007ff95d023000 	C:\WINDOWS\System32\bcryptprimitives.dll
0x00007ff95c440000 - 0x00007ff95c44c000 	C:\WINDOWS\SYSTEM32\CRYPTBASE.dll
0x00007ff95bef0000 - 0x00007ff95bf2b000 	C:\WINDOWS\SYSTEM32\IPHLPAPI.DLL
0x00007ff95e660000 - 0x00007ff95e668000 	C:\WINDOWS\System32\NSI.dll
0x00007ff951450000 - 0x00007ff951467000 	C:\WINDOWS\SYSTEM32\dhcpcsvc6.DLL
0x00007ff951430000 - 0x00007ff95144d000 	C:\WINDOWS\SYSTEM32\dhcpcsvc.DLL
0x00007ff95bf40000 - 0x00007ff95c00c000 	C:\WINDOWS\SYSTEM32\DNSAPI.dll
0x00007ff950ea0000 - 0x00007ff950eab000 	C:\WINDOWS\SYSTEM32\WINNSI.DLL

VM Arguments:
jvm_args: -Xmx2048m -Dfile.encoding=UTF-8 -Duser.country=IN -Duser.language=en -Duser.variant 
java_command: org.gradle.launcher.daemon.bootstrap.GradleDaemon 6.5
java_class_path (initial): C:\Users\Ankit kumar\.gradle\wrapper\dists\gradle-6.5-bin\6nifqtx7604sqp1q6g8wikw7p\gradle-6.5\lib\gradle-launcher-6.5.jar
Launcher Type: SUN_STANDARD

Environment Variables:
PATH=C:\Users\Ankit kumar\AppData\Local\Android\Sdk\platform-tools;C:\Windows;C:\Windows\System32\Wbem;C:\Windows\System32\WindowsPowerShell\v1.0\;C:\Windows\System32\OpenSSH\;C:\Program Files (x86)\NVIDIA Corporation\PhysX\Common;C:\Program Files\Intel\WiFi\bin\;C:\Program Files\Common Files\Intel\WirelessCommon\;C:\Program Files\Java\jdk-11.0.5\bin;C:\WINDOWS\system32;C:\WINDOWS;C:\WINDOWS\System32\Wbem;C:\WINDOWS\System32\WindowsPowerShell\v1.0\;C:\WINDOWS\System32\OpenSSH\;C:\Program Files\PuTTY\;C:\Program Files\Git\cmd;C:\Users\Ankit kumar\AppData\Local\Microsoft\WindowsApps;C:\Users\Ankit kumar\AppData\Local\GitHubDesktop\bin
USERNAME=Ankit kumar
OS=Windows_NT
PROCESSOR_IDENTIFIER=Intel64 Family 6 Model 142 Stepping 12, GenuineIntel



---------------  S Y S T E M  ---------------

OS: Windows 10.0 , 64 bit Build 19041 (10.0.19041.1023)

CPU:total 8 (initial active 8) (4 cores per cpu, 2 threads per core) family 6 model 142 stepping 12, cmov, cx8, fxsr, mmx, sse, sse2, sse3, ssse3, sse4.1, sse4.2, popcnt, avx, avx2, aes, clmul, erms, 3dnowpref, lzcnt, ht, tsc, tscinvbit, bmi1, bmi2, adx

Memory: 4k page, physical 8236416k(1126052k free), swap 8236416k(5436k free)

vm_info: OpenJDK 64-Bit Server VM (25.242-b01) for windows-amd64 JRE (1.8.0_242-release-1644-b01), built by "builder" with MS VC++ 10.0 (VS2010)

time: Tue Jun 15 19:41:49 2021
timezone: India Standard Time
elapsed time: 284 seconds (0d 0h 4m 44s)

