#
# There is insufficient memory for the Java Runtime Environment to continue.
# Native memory allocation (malloc) failed to allocate 698256 bytes for Chunk::new
# Possible reasons:
#   The system is out of physical RAM or swap space
#   The process is running with CompressedOops enabled, and the Java Heap may be blocking the growth of the native heap
# Possible solutions:
#   Reduce memory load on the system
#   Increase physical memory or swap space
#   Check if swap backing store is full
#   Decrease Java heap size (-Xmx/-Xms)
#   Decrease number of Java threads
#   Decrease Java thread stack sizes (-Xss)
#   Set larger code cache with -XX:ReservedCodeCacheSize=
#   JVM is running with Unscaled Compressed Oops mode in which the Java heap is
#     placed in the first 4GB address space. The Java Heap base address is the
#     maximum limit for the native heap growth. Please use -XX:HeapBaseMinAddress
#     to set the Java Heap base and to place the Java Heap above 4GB virtual address.
# This output file may be truncated or incomplete.
#
#  Out of Memory Error (allocation.cpp:389), pid=8076, tid=0x0000000000003344
#
# JRE version: OpenJDK Runtime Environment (8.0_242-b01) (build 1.8.0_242-release-1644-b01)
# Java VM: OpenJDK 64-Bit Server VM (25.242-b01 mixed mode windows-amd64 compressed oops)
# Failed to write core dump. Minidumps are not enabled by default on client versions of Windows
#

---------------  T H R E A D  ---------------

Current thread (0x000000001a049800):  JavaThread "C2 CompilerThread1" daemon [_thread_in_native, id=13124, stack(0x000000001aa10000,0x000000001ab10000)]

Stack: [0x000000001aa10000,0x000000001ab10000]
[error occurred during error reporting (printing stack bounds), id 0xc0000005]

Native frames: (J=compiled Java code, j=interpreted, Vv=VM code, C=native code)


Current CompileTask:
C2:   2425 1530   !   4       java.net.URLClassLoader$1::run (63 bytes)


---------------  P R O C E S S  ---------------

Java Threads: ( => current thread )
  0x000000001cb9b800 JavaThread "Cache worker for file hash cache (C:\Users\Ankit kumar\.gradle\caches\6.5\fileHashes)" [_thread_blocked, id=5284, stack(0x000000001ef30000,0x000000001f030000)]
  0x000000001cb9d000 JavaThread "File lock request listener" [_thread_in_native, id=2472, stack(0x000000001ee30000,0x000000001ef30000)]
  0x000000001cb8d800 JavaThread "Cache worker for journal cache (C:\Users\Ankit kumar\.gradle\caches\journal-1)" [_thread_blocked, id=11104, stack(0x000000001ed30000,0x000000001ee30000)]
  0x000000001b026800 JavaThread "Thread-9" [_thread_blocked, id=3676, stack(0x000000001ea30000,0x000000001eb30000)]
  0x000000001c9ea000 JavaThread "Stdin handler" [_thread_blocked, id=9148, stack(0x000000001e930000,0x000000001ea30000)]
  0x000000001c9e8000 JavaThread "Asynchronous log dispatcher for DefaultDaemonConnection: socket connection from /127.0.0.1:49875 to /127.0.0.1:49876" [_thread_blocked, id=8084, stack(0x000000001e830000,0x000000001e930000)]
  0x000000001c9e2800 JavaThread "Daemon worker" [_thread_in_vm, id=7660, stack(0x000000001e730000,0x000000001e830000)]
  0x000000001b292800 JavaThread "Cancel handler" [_thread_blocked, id=14224, stack(0x000000001e630000,0x000000001e730000)]
  0x000000001b0d8000 JavaThread "Handler for socket connection from /127.0.0.1:49875 to /127.0.0.1:49876" [_thread_in_native, id=4020, stack(0x000000001e530000,0x000000001e630000)]
  0x000000001c717800 JavaThread "Daemon" [_thread_blocked, id=13056, stack(0x000000001e430000,0x000000001e530000)]
  0x000000001c715000 JavaThread "Daemon periodic checks" [_thread_blocked, id=10532, stack(0x000000001e130000,0x000000001e230000)]
  0x000000001c8c8800 JavaThread "Incoming local TCP Connector on port 49875" [_thread_in_native, id=7604, stack(0x000000001def0000,0x000000001dff0000)]
  0x000000001afe1000 JavaThread "Daemon health stats" [_thread_blocked, id=8672, stack(0x000000001d8b0000,0x000000001d9b0000)]
  0x000000001a0e2800 JavaThread "Service Thread" daemon [_thread_blocked, id=13388, stack(0x000000001ad10000,0x000000001ae10000)]
  0x000000001a051800 JavaThread "C1 CompilerThread3" daemon [_thread_blocked, id=8028, stack(0x000000001ac10000,0x000000001ad10000)]
  0x000000001a04b000 JavaThread "C2 CompilerThread2" daemon [_thread_in_native, id=8952, stack(0x000000001ab10000,0x000000001ac10000)]
=>0x000000001a049800 JavaThread "C2 CompilerThread1" daemon [_thread_in_native, id=13124, stack(0x000000001aa10000,0x000000001ab10000)]
  0x000000001823e800 JavaThread "C2 CompilerThread0" daemon [_thread_in_native, id=14068, stack(0x000000001a910000,0x000000001aa10000)]
  0x0000000018239800 JavaThread "Attach Listener" daemon [_thread_blocked, id=5536, stack(0x000000001a810000,0x000000001a910000)]
  0x000000001a046800 JavaThread "Signal Dispatcher" daemon [_thread_blocked, id=6792, stack(0x000000001a710000,0x000000001a810000)]
  0x000000001a030800 JavaThread "Finalizer" daemon [_thread_blocked, id=2948, stack(0x000000001a510000,0x000000001a610000)]
  0x00000000031b8000 JavaThread "Reference Handler" daemon [_thread_blocked, id=9348, stack(0x000000001a410000,0x000000001a510000)]
  0x00000000030be800 JavaThread "main" [_thread_blocked, id=776, stack(0x0000000002f20000,0x0000000003020000)]

Other Threads:
  0x0000000018226000 VMThread [stack: 0x0000000019f10000,0x000000001a010000] [id=2592]
  0x000000001a0e3000 WatcherThread [stack: 0x000000001ae10000,0x000000001af10000] [id=7480]

VM state:not at safepoint (normal execution)

VM Mutex/Monitor currently owned by a thread: None

heap address: 0x0000000080000000, size: 2048 MB, Compressed Oops mode: 32-bit
Narrow klass base: 0x0000000000000000, Narrow klass shift: 3
Compressed class space size: 1073741824 Address: 0x0000000100000000

Heap:
 PSYoungGen      total 37888K, used 11314K [0x00000000d5580000, 0x00000000d7f80000, 0x0000000100000000)
  eden space 32768K, 19% used [0x00000000d5580000,0x00000000d5b94b48,0x00000000d7580000)
  from space 5120K, 99% used [0x00000000d7580000,0x00000000d7a78020,0x00000000d7a80000)
  to   space 5120K, 0% used [0x00000000d7a80000,0x00000000d7a80000,0x00000000d7f80000)
 ParOldGen       total 86016K, used 5463K [0x0000000080000000, 0x0000000085400000, 0x00000000d5580000)
  object space 86016K, 6% used [0x0000000080000000,0x0000000080555ff0,0x0000000085400000)
 Metaspace       used 17733K, capacity 18372K, committed 18560K, reserved 1064960K
  class space    used 2431K, capacity 2628K, committed 2688K, reserved 1048576K

Card table byte_map: [0x0000000012580000,0x0000000012990000] byte_map_base: 0x0000000012180000

Marking Bits: (ParMarkBitMap*) 0x000000005abdf030
 Begin Bits: [0x0000000013440000, 0x0000000015440000)
 End Bits:   [0x0000000015440000, 0x0000000017440000)

Polling page: 0x0000000002e40000

CodeCache: size=245760Kb used=5833Kb max_used=5849Kb free=239926Kb
 bounds [0x00000000031c0000, 0x0000000003780000, 0x00000000121c0000]
 total_blobs=2035 nmethods=1632 adapters=316
 compilation: enabled

Compilation events (10 events):
Event: 2.403 Thread 0x000000001a051800 1636       3       org.gradle.internal.service.DefaultServiceRegistry$ManagedObjectServiceProvider::requiredBy (20 bytes)
Event: 2.404 Thread 0x000000001a051800 nmethod 1636 0x0000000003770550 code [0x00000000037706e0, 0x0000000003770c08]
Event: 2.404 Thread 0x000000001a051800 1637       3       org.gradle.internal.service.DefaultServiceRegistry$ManagedObjectServiceProvider::fromSameRegistry (27 bytes)
Event: 2.404 Thread 0x000000001a051800 nmethod 1637 0x0000000003770d50 code [0x0000000003770ec0, 0x0000000003771290]
Event: 2.406 Thread 0x000000001a051800 1638       3       java.util.LinkedHashMap::afterNodeInsertion (40 bytes)
Event: 2.407 Thread 0x000000001a051800 nmethod 1638 0x0000000003771350 code [0x00000000037714e0, 0x0000000003771a08]
Event: 2.416 Thread 0x000000001a051800 1639       3       java.util.concurrent.locks.AbstractQueuedSynchronizer::setState (6 bytes)
Event: 2.416 Thread 0x000000001a051800 nmethod 1639 0x0000000003771b90 code [0x0000000003771ce0, 0x0000000003771e30]
Event: 2.423 Thread 0x000000001823e800 nmethod 1605% 0x0000000003775e10 code [0x00000000037760c0, 0x00000000037773b0]
Event: 2.423 Thread 0x000000001823e800 1627 %     4       com.google.common.io.LineBuffer::add @ 47 (204 bytes)

GC Heap History (10 events):
Event: 0.704 GC heap before
{Heap before GC invocations=1 (full 0):
 PSYoungGen      total 37888K, used 32768K [0x00000000d5580000, 0x00000000d7f80000, 0x0000000100000000)
  eden space 32768K, 100% used [0x00000000d5580000,0x00000000d7580000,0x00000000d7580000)
  from space 5120K, 0% used [0x00000000d7a80000,0x00000000d7a80000,0x00000000d7f80000)
  to   space 5120K, 0% used [0x00000000d7580000,0x00000000d7580000,0x00000000d7a80000)
 ParOldGen       total 86016K, used 0K [0x0000000080000000, 0x0000000085400000, 0x00000000d5580000)
  object space 86016K, 0% used [0x0000000080000000,0x0000000080000000,0x0000000085400000)
 Metaspace       used 7530K, capacity 7774K, committed 8064K, reserved 1056768K
  class space    used 929K, capacity 1037K, committed 1152K, reserved 1048576K
Event: 0.710 GC heap after
Heap after GC invocations=1 (full 0):
 PSYoungGen      total 37888K, used 4473K [0x00000000d5580000, 0x00000000d7f80000, 0x0000000100000000)
  eden space 32768K, 0% used [0x00000000d5580000,0x00000000d5580000,0x00000000d7580000)
  from space 5120K, 87% used [0x00000000d7580000,0x00000000d79de560,0x00000000d7a80000)
  to   space 5120K, 0% used [0x00000000d7a80000,0x00000000d7a80000,0x00000000d7f80000)
 ParOldGen       total 86016K, used 16K [0x0000000080000000, 0x0000000085400000, 0x00000000d5580000)
  object space 86016K, 0% used [0x0000000080000000,0x0000000080004000,0x0000000085400000)
 Metaspace       used 7530K, capacity 7774K, committed 8064K, reserved 1056768K
  class space    used 929K, capacity 1037K, committed 1152K, reserved 1048576K
}
Event: 0.949 GC heap before
{Heap before GC invocations=2 (full 0):
 PSYoungGen      total 37888K, used 37241K [0x00000000d5580000, 0x00000000d7f80000, 0x0000000100000000)
  eden space 32768K, 100% used [0x00000000d5580000,0x00000000d7580000,0x00000000d7580000)
  from space 5120K, 87% used [0x00000000d7580000,0x00000000d79de560,0x00000000d7a80000)
  to   space 5120K, 0% used [0x00000000d7a80000,0x00000000d7a80000,0x00000000d7f80000)
 ParOldGen       total 86016K, used 16K [0x0000000080000000, 0x0000000085400000, 0x00000000d5580000)
  object space 86016K, 0% used [0x0000000080000000,0x0000000080004000,0x0000000085400000)
 Metaspace       used 7701K, capacity 7966K, committed 8320K, reserved 1056768K
  class space    used 938K, capacity 1037K, committed 1152K, reserved 1048576K
Event: 0.951 GC heap after
Heap after GC invocations=2 (full 0):
 PSYoungGen      total 37888K, used 3217K [0x00000000d5580000, 0x00000000d7f80000, 0x0000000100000000)
  eden space 32768K, 0% used [0x00000000d5580000,0x00000000d5580000,0x00000000d7580000)
  from space 5120K, 62% used [0x00000000d7a80000,0x00000000d7da45f8,0x00000000d7f80000)
  to   space 5120K, 0% used [0x00000000d7580000,0x00000000d7580000,0x00000000d7a80000)
 ParOldGen       total 86016K, used 24K [0x0000000080000000, 0x0000000085400000, 0x00000000d5580000)
  object space 86016K, 0% used [0x0000000080000000,0x0000000080006000,0x0000000085400000)
 Metaspace       used 7701K, capacity 7966K, committed 8320K, reserved 1056768K
  class space    used 938K, capacity 1037K, committed 1152K, reserved 1048576K
}
Event: 1.606 GC heap before
{Heap before GC invocations=3 (full 0):
 PSYoungGen      total 37888K, used 35985K [0x00000000d5580000, 0x00000000d7f80000, 0x0000000100000000)
  eden space 32768K, 100% used [0x00000000d5580000,0x00000000d7580000,0x00000000d7580000)
  from space 5120K, 62% used [0x00000000d7a80000,0x00000000d7da45f8,0x00000000d7f80000)
  to   space 5120K, 0% used [0x00000000d7580000,0x00000000d7580000,0x00000000d7a80000)
 ParOldGen       total 86016K, used 24K [0x0000000080000000, 0x0000000085400000, 0x00000000d5580000)
  object space 86016K, 0% used [0x0000000080000000,0x0000000080006000,0x0000000085400000)
 Metaspace       used 11147K, capacity 11434K, committed 11648K, reserved 1058816K
  class space    used 1471K, capacity 1575K, committed 1664K, reserved 1048576K
Event: 1.611 GC heap after
Heap after GC invocations=3 (full 0):
 PSYoungGen      total 37888K, used 5104K [0x00000000d5580000, 0x00000000d7f80000, 0x0000000100000000)
  eden space 32768K, 0% used [0x00000000d5580000,0x00000000d5580000,0x00000000d7580000)
  from space 5120K, 99% used [0x00000000d7580000,0x00000000d7a7c010,0x00000000d7a80000)
  to   space 5120K, 0% used [0x00000000d7a80000,0x00000000d7a80000,0x00000000d7f80000)
 ParOldGen       total 86016K, used 702K [0x0000000080000000, 0x0000000085400000, 0x00000000d5580000)
  object space 86016K, 0% used [0x0000000080000000,0x00000000800afaf0,0x0000000085400000)
 Metaspace       used 11147K, capacity 11434K, committed 11648K, reserved 1058816K
  class space    used 1471K, capacity 1575K, committed 1664K, reserved 1048576K
}
Event: 2.029 GC heap before
{Heap before GC invocations=4 (full 0):
 PSYoungGen      total 37888K, used 37872K [0x00000000d5580000, 0x00000000d7f80000, 0x0000000100000000)
  eden space 32768K, 100% used [0x00000000d5580000,0x00000000d7580000,0x00000000d7580000)
  from space 5120K, 99% used [0x00000000d7580000,0x00000000d7a7c010,0x00000000d7a80000)
  to   space 5120K, 0% used [0x00000000d7a80000,0x00000000d7a80000,0x00000000d7f80000)
 ParOldGen       total 86016K, used 702K [0x0000000080000000, 0x0000000085400000, 0x00000000d5580000)
  object space 86016K, 0% used [0x0000000080000000,0x00000000800afaf0,0x0000000085400000)
 Metaspace       used 14313K, capacity 14768K, committed 14976K, reserved 1062912K
  class space    used 1963K, capacity 2088K, committed 2176K, reserved 1048576K
Event: 2.034 GC heap after
Heap after GC invocations=4 (full 0):
 PSYoungGen      total 37888K, used 5109K [0x00000000d5580000, 0x00000000d7f80000, 0x0000000100000000)
  eden space 32768K, 0% used [0x00000000d5580000,0x00000000d5580000,0x00000000d7580000)
  from space 5120K, 99% used [0x00000000d7a80000,0x00000000d7f7d750,0x00000000d7f80000)
  to   space 5120K, 0% used [0x00000000d7580000,0x00000000d7580000,0x00000000d7a80000)
 ParOldGen       total 86016K, used 2897K [0x0000000080000000, 0x0000000085400000, 0x00000000d5580000)
  object space 86016K, 3% used [0x0000000080000000,0x00000000802d4590,0x0000000085400000)
 Metaspace       used 14313K, capacity 14768K, committed 14976K, reserved 1062912K
  class space    used 1963K, capacity 2088K, committed 2176K, reserved 1048576K
}
Event: 2.341 GC heap before
{Heap before GC invocations=5 (full 0):
 PSYoungGen      total 37888K, used 37877K [0x00000000d5580000, 0x00000000d7f80000, 0x0000000100000000)
  eden space 32768K, 100% used [0x00000000d5580000,0x00000000d7580000,0x00000000d7580000)
  from space 5120K, 99% used [0x00000000d7a80000,0x00000000d7f7d750,0x00000000d7f80000)
  to   space 5120K, 0% used [0x00000000d7580000,0x00000000d7580000,0x00000000d7a80000)
 ParOldGen       total 86016K, used 2897K [0x0000000080000000, 0x0000000085400000, 0x00000000d5580000)
  object space 86016K, 3% used [0x0000000080000000,0x00000000802d4590,0x0000000085400000)
 Metaspace       used 17218K, capacity 17828K, committed 17920K, reserved 1064960K
  class space    used 2346K, capacity 2532K, committed 2560K, reserved 1048576K
Event: 2.349 GC heap after
Heap after GC invocations=5 (full 0):
 PSYoungGen      total 37888K, used 5088K [0x00000000d5580000, 0x00000000d7f80000, 0x0000000100000000)
  eden space 32768K, 0% used [0x00000000d5580000,0x00000000d5580000,0x00000000d7580000)
  from space 5120K, 99% used [0x00000000d7580000,0x00000000d7a78020,0x00000000d7a80000)
  to   space 5120K, 0% used [0x00000000d7a80000,0x00000000d7a80000,0x00000000d7f80000)
 ParOldGen       total 86016K, used 5463K [0x0000000080000000, 0x0000000085400000, 0x00000000d5580000)
  object space 86016K, 6% used [0x0000000080000000,0x0000000080555ff0,0x0000000085400000)
 Metaspace       used 17218K, capacity 17828K, committed 17920K, reserved 1064960K
  class space    used 2346K, capacity 2532K, committed 2560K, reserved 1048576K
}

Deoptimization events (10 events):
Event: 2.008 Thread 0x000000001c9e2800 Uncommon trap: reason=class_check action=maybe_recompile pc=0x00000000034f7cd8 method=java.util.regex.Matcher.match(II)Z @ 86
Event: 2.008 Thread 0x000000001c9e2800 Uncommon trap: reason=class_check action=maybe_recompile pc=0x000000000337ff0c method=java.util.regex.Matcher.match(II)Z @ 86
Event: 2.088 Thread 0x000000001c9e2800 Uncommon trap: reason=unstable_if action=reinterpret pc=0x00000000034fe44c method=java.io.File.getName()Ljava/lang/String; @ 16
Event: 2.088 Thread 0x000000001c9e2800 Uncommon trap: reason=unstable_if action=reinterpret pc=0x00000000034f621c method=java.lang.String.substring(I)Ljava/lang/String; @ 35
Event: 2.298 Thread 0x000000001c9e2800 Uncommon trap: reason=unstable_if action=reinterpret pc=0x00000000034f2bb0 method=java.util.LinkedHashMap.afterNodeInsertion(Z)V @ 1
Event: 2.299 Thread 0x000000001c9e2800 Uncommon trap: reason=unstable_if action=reinterpret pc=0x00000000034362c4 method=java.util.HashMap.getNode(ILjava/lang/Object;)Ljava/util/HashMap$Node; @ 129
Event: 2.299 Thread 0x000000001c9e2800 Uncommon trap: reason=bimorphic action=maybe_recompile pc=0x00000000036a243c method=java.util.HashMap.putVal(ILjava/lang/Object;Ljava/lang/Object;ZZ)Ljava/lang/Object; @ 203
Event: 2.301 Thread 0x000000001c9e2800 Uncommon trap: reason=unstable_if action=reinterpret pc=0x00000000034243d0 method=java.util.HashMap.getNode(ILjava/lang/Object;)Ljava/util/HashMap$Node; @ 129
Event: 2.301 Thread 0x000000001c9e2800 Uncommon trap: reason=bimorphic action=maybe_recompile pc=0x00000000036a243c method=java.util.HashMap.putVal(ILjava/lang/Object;Ljava/lang/Object;ZZ)Ljava/lang/Object; @ 203
Event: 2.362 Thread 0x000000001c9e2800 Uncommon trap: reason=unstable_if action=reinterpret pc=0x000000000359a340 method=sun.nio.cs.UTF_8$Decoder.decodeArrayLoop(Ljava/nio/ByteBuffer;Ljava/nio/CharBuffer;)Ljava/nio/charset/CoderResult; @ 110

Classes redefined (0 events):
No events

Internal exceptions (10 events):
Event: 1.657 Thread 0x000000001b0d8000 Exception <a 'java/lang/NoSuchMethodError': <clinit>> (0x00000000d584e938) thrown at [C:\src\AOSP-openjdk-git\hotspot\src\share\vm\prims\jni.cpp, line 1615]
Event: 1.659 Thread 0x000000001b0d8000 Exception <a 'java/lang/NoSuchMethodError': <clinit>> (0x00000000d5885a08) thrown at [C:\src\AOSP-openjdk-git\hotspot\src\share\vm\prims\jni.cpp, line 1615]
Event: 1.672 Thread 0x000000001b0d8000 Exception <a 'java/lang/NoSuchMethodError': <clinit>> (0x00000000d58f2ef0) thrown at [C:\src\AOSP-openjdk-git\hotspot\src\share\vm\prims\jni.cpp, line 1615]
Event: 1.679 Thread 0x000000001b0d8000 Exception <a 'java/lang/NoSuchMethodError': <clinit>> (0x00000000d592d4b0) thrown at [C:\src\AOSP-openjdk-git\hotspot\src\share\vm\prims\jni.cpp, line 1615]
Event: 1.686 Thread 0x000000001b0d8000 Exception <a 'java/lang/NoSuchMethodError': <clinit>> (0x00000000d59632c8) thrown at [C:\src\AOSP-openjdk-git\hotspot\src\share\vm\prims\jni.cpp, line 1615]
Event: 1.687 Thread 0x000000001b0d8000 Exception <a 'java/lang/NoSuchMethodError': <clinit>> (0x00000000d596f7f8) thrown at [C:\src\AOSP-openjdk-git\hotspot\src\share\vm\prims\jni.cpp, line 1615]
Event: 2.118 Thread 0x000000001c9e2800 Exception <a 'java/lang/NoSuchMethodError': java.lang.Object.lambda$and$0(Ljava/util/function/Predicate;Ljava/lang/Object;)Z> (0x00000000d5d1d618) thrown at [C:\src\AOSP-openjdk-git\hotspot\src\share\vm\interpreter\linkResolver.cpp, line 620]
Event: 2.122 Thread 0x000000001c9e2800 Exception <a 'java/lang/IncompatibleClassChangeError': Found class java.lang.Object, but interface was expected> (0x00000000d5d2d910) thrown at [C:\src\AOSP-openjdk-git\hotspot\src\share\vm\interpreter\linkResolver.cpp, line 653]
Event: 2.124 Thread 0x000000001c9e2800 Exception <a 'java/lang/NoSuchMethodError': java.lang.Object.lambda$or$2(Ljava/util/function/Predicate;Ljava/lang/Object;)Z> (0x00000000d5d32460) thrown at [C:\src\AOSP-openjdk-git\hotspot\src\share\vm\interpreter\linkResolver.cpp, line 620]
Event: 2.339 Thread 0x000000001c9e2800 Exception <a 'java/lang/NoSuchMethodError': java.lang.Object.lambda$static$0(Lorg/gradle/internal/state/ModelObject;)Ljava/lang/String;> (0x00000000d7561fe0) thrown at [C:\src\AOSP-openjdk-git\hotspot\src\share\vm\interpreter\linkResolver.cpp, line 620]

Events (10 events):
Event: 2.422 loading class org/gradle/api/internal/file/BaseDirFileResolver
Event: 2.422 loading class org/gradle/api/internal/file/BaseDirFileResolver done
Event: 2.423 loading class org/gradle/api/internal/file/AbstractBaseDirFileResolver
Event: 2.423 loading class org/gradle/api/internal/file/AbstractBaseDirFileResolver done
Event: 2.423 loading class org/gradle/api/PathValidation
Event: 2.423 loading class org/gradle/api/PathValidation done
Event: 2.424 loading class org/gradle/util/DeferredUtil
Event: 2.424 loading class org/gradle/util/DeferredUtil done
Event: 2.424 loading class org/gradle/internal/typeconversion/NotationConverterToNotationParserAdapter$ResultImpl
Event: 2.424 loading class org/gradle/internal/typeconversion/NotationConverterToNotationParserAdapter$ResultImpl done


Dynamic libraries:
0x00007ff6daa60000 - 0x00007ff6daa91000 	C:\Program Files\Android\Android Studio1\jre\bin\java.exe
0x00007ffbb3cb0000 - 0x00007ffbb3ea5000 	C:\WINDOWS\SYSTEM32\ntdll.dll
0x00007ffbb2d20000 - 0x00007ffbb2ddd000 	C:\WINDOWS\System32\KERNEL32.DLL
0x00007ffbb1640000 - 0x00007ffbb1908000 	C:\WINDOWS\System32\KERNELBASE.dll
0x00007ffbb1f50000 - 0x00007ffbb1ffc000 	C:\WINDOWS\System32\ADVAPI32.dll
0x00007ffbb2880000 - 0x00007ffbb291e000 	C:\WINDOWS\System32\msvcrt.dll
0x00007ffbb3900000 - 0x00007ffbb399b000 	C:\WINDOWS\System32\sechost.dll
0x00007ffbb2f50000 - 0x00007ffbb307b000 	C:\WINDOWS\System32\RPCRT4.dll
0x00007ffbb39a0000 - 0x00007ffbb3b40000 	C:\WINDOWS\System32\USER32.dll
0x00007ffbb1a20000 - 0x00007ffbb1a42000 	C:\WINDOWS\System32\win32u.dll
0x00007ffbb1f20000 - 0x00007ffbb1f4a000 	C:\WINDOWS\System32\GDI32.dll
0x00007ffbb1910000 - 0x00007ffbb1a1b000 	C:\WINDOWS\System32\gdi32full.dll
0x00007ffbb1c00000 - 0x00007ffbb1c9d000 	C:\WINDOWS\System32\msvcp_win.dll
0x00007ffbb1a50000 - 0x00007ffbb1b50000 	C:\WINDOWS\System32\ucrtbase.dll
0x00007ffb977b0000 - 0x00007ffb97a4a000 	C:\WINDOWS\WinSxS\amd64_microsoft.windows.common-controls_6595b64144ccf1df_6.0.19041.1052_none_60b8f8fd71f5e8cb\COMCTL32.dll
0x00007ffbb2eb0000 - 0x00007ffbb2ee0000 	C:\WINDOWS\System32\IMM32.DLL
0x000000005b1d0000 - 0x000000005b2a2000 	C:\Program Files\Android\Android Studio1\jre\jre\bin\msvcr100.dll
0x000000005a410000 - 0x000000005ac5b000 	C:\Program Files\Android\Android Studio1\jre\jre\bin\server\jvm.dll
0x00007ffbb3c60000 - 0x00007ffbb3c68000 	C:\WINDOWS\System32\PSAPI.DLL
0x00007ffba7b80000 - 0x00007ffba7b8a000 	C:\WINDOWS\SYSTEM32\VERSION.dll
0x00007ffbab530000 - 0x00007ffbab539000 	C:\WINDOWS\SYSTEM32\WSOCK32.dll
0x00007ffb95be0000 - 0x00007ffb95c07000 	C:\WINDOWS\SYSTEM32\WINMM.dll
0x00007ffbb1eb0000 - 0x00007ffbb1f1b000 	C:\WINDOWS\System32\WS2_32.dll
0x00007ffba9ba0000 - 0x00007ffba9baf000 	C:\Program Files\Android\Android Studio1\jre\jre\bin\verify.dll
0x00007ffba8990000 - 0x00007ffba89b9000 	C:\Program Files\Android\Android Studio1\jre\jre\bin\java.dll
0x00007ffba87d0000 - 0x00007ffba87e6000 	C:\Program Files\Android\Android Studio1\jre\jre\bin\zip.dll
0x00007ffbb3100000 - 0x00007ffbb383f000 	C:\WINDOWS\System32\SHELL32.dll
0x00007ffbaf520000 - 0x00007ffbafcb0000 	C:\WINDOWS\SYSTEM32\windows.storage.dll
0x00007ffbb29b0000 - 0x00007ffbb2d05000 	C:\WINDOWS\System32\combase.dll
0x00007ffbb0e60000 - 0x00007ffbb0e8c000 	C:\WINDOWS\SYSTEM32\Wldp.dll
0x00007ffbb2620000 - 0x00007ffbb26ce000 	C:\WINDOWS\System32\SHCORE.dll
0x00007ffbb3840000 - 0x00007ffbb3895000 	C:\WINDOWS\System32\shlwapi.dll
0x00007ffbb1330000 - 0x00007ffbb134f000 	C:\WINDOWS\SYSTEM32\profapi.dll
0x00007ffba7a20000 - 0x00007ffba7a3a000 	C:\Program Files\Android\Android Studio1\jre\jre\bin\net.dll
0x00007ffbb0bd0000 - 0x00007ffbb0c3a000 	C:\WINDOWS\system32\mswsock.dll
0x00007ffba7a00000 - 0x00007ffba7a13000 	C:\Program Files\Android\Android Studio1\jre\jre\bin\nio.dll
0x00007ffba76d0000 - 0x00007ffba76f7000 	C:\Users\Ankit kumar\.gradle\native\f6784746aeab05261644944871eae4fe03e0ef1612fff0a4a95f87b438bc6780\windows-amd64\native-platform.dll
0x00007ffba99a0000 - 0x00007ffba99ad000 	C:\Program Files\Android\Android Studio1\jre\jre\bin\management.dll
0x00007ffbb0da0000 - 0x00007ffbb0db8000 	C:\WINDOWS\SYSTEM32\CRYPTSP.dll
0x00007ffbb0500000 - 0x00007ffbb0534000 	C:\WINDOWS\system32\rsaenh.dll
0x00007ffbb1ca0000 - 0x00007ffbb1cc7000 	C:\WINDOWS\System32\bcrypt.dll
0x00007ffbb12f0000 - 0x00007ffbb131e000 	C:\WINDOWS\SYSTEM32\USERENV.dll
0x00007ffbb15b0000 - 0x00007ffbb1633000 	C:\WINDOWS\System32\bcryptprimitives.dll
0x00007ffbb0dc0000 - 0x00007ffbb0dcc000 	C:\WINDOWS\SYSTEM32\CRYPTBASE.dll
0x00007ffbb0870000 - 0x00007ffbb08ab000 	C:\WINDOWS\SYSTEM32\IPHLPAPI.DLL
0x00007ffbb2ee0000 - 0x00007ffbb2ee8000 	C:\WINDOWS\System32\NSI.dll
0x00007ffba6720000 - 0x00007ffba6737000 	C:\WINDOWS\SYSTEM32\dhcpcsvc6.DLL
0x00007ffba6700000 - 0x00007ffba671d000 	C:\WINDOWS\SYSTEM32\dhcpcsvc.DLL
0x00007ffbb08c0000 - 0x00007ffbb098c000 	C:\WINDOWS\SYSTEM32\DNSAPI.dll
0x00007ffba7b70000 - 0x00007ffba7b7b000 	C:\WINDOWS\SYSTEM32\WINNSI.DLL

VM Arguments:
jvm_args: -Xmx2048m -Dfile.encoding=UTF-8 -Duser.country=IN -Duser.language=en -Duser.variant 
java_command: org.gradle.launcher.daemon.bootstrap.GradleDaemon 6.5
java_class_path (initial): C:\Users\Ankit kumar\.gradle\wrapper\dists\gradle-6.5-bin\6nifqtx7604sqp1q6g8wikw7p\gradle-6.5\lib\gradle-launcher-6.5.jar
Launcher Type: SUN_STANDARD

Environment Variables:
PATH=C:\Users\Ankit kumar\AppData\Local\Android\Sdk\platform-tools;C:\Windows;C:\Windows\System32\Wbem;C:\Windows\System32\WindowsPowerShell\v1.0\;C:\Windows\System32\OpenSSH\;C:\Program Files (x86)\NVIDIA Corporation\PhysX\Common;C:\Program Files\Intel\WiFi\bin\;C:\Program Files\Common Files\Intel\WirelessCommon\;C:\Program Files\Java\jdk-11.0.5\bin;C:\WINDOWS\system32;C:\WINDOWS;C:\WINDOWS\System32\Wbem;C:\WINDOWS\System32\WindowsPowerShell\v1.0\;C:\WINDOWS\System32\OpenSSH\;C:\Program Files\PuTTY\;C:\Program Files\Git\cmd;C:\Users\Ankit kumar\AppData\Local\Microsoft\WindowsApps;C:\Users\Ankit kumar\AppData\Local\GitHubDesktop\bin
USERNAME=Ankit kumar
OS=Windows_NT
PROCESSOR_IDENTIFIER=Intel64 Family 6 Model 142 Stepping 12, GenuineIntel



---------------  S Y S T E M  ---------------

OS: Windows 10.0 , 64 bit Build 19041 (10.0.19041.1023)

CPU:total 8 (initial active 8) (4 cores per cpu, 2 threads per core) family 6 model 142 stepping 12, cmov, cx8, fxsr, mmx, sse, sse2, sse3, ssse3, sse4.1, sse4.2, popcnt, avx, avx2, aes, clmul, erms, 3dnowpref, lzcnt, ht, tsc, tscinvbit, bmi1, bmi2, adx

Memory: 4k page, physical 8236416k(1245944k free), swap 8236416k(5124k free)

vm_info: OpenJDK 64-Bit Server VM (25.242-b01) for windows-amd64 JRE (1.8.0_242-release-1644-b01), built by "builder" with MS VC++ 10.0 (VS2010)

time: Fri Jun 25 23:24:24 2021
timezone: India Standard Time
elapsed time: 2 seconds (0d 0h 0m 2s)

