#
# There is insufficient memory for the Java Runtime Environment to continue.
# Native memory allocation (malloc) failed to allocate 902976 bytes for Chunk::new
# Possible reasons:
#   The system is out of physical RAM or swap space
#   The process is running with CompressedOops enabled, and the Java Heap may be blocking the growth of the native heap
# Possible solutions:
#   Reduce memory load on the system
#   Increase physical memory or swap space
#   Check if swap backing store is full
#   Decrease Java heap size (-Xmx/-Xms)
#   Decrease number of Java threads
#   Decrease Java thread stack sizes (-Xss)
#   Set larger code cache with -XX:ReservedCodeCacheSize=
#   JVM is running with Unscaled Compressed Oops mode in which the Java heap is
#     placed in the first 4GB address space. The Java Heap base address is the
#     maximum limit for the native heap growth. Please use -XX:HeapBaseMinAddress
#     to set the Java Heap base and to place the Java Heap above 4GB virtual address.
# This output file may be truncated or incomplete.
#
#  Out of Memory Error (allocation.cpp:389), pid=9840, tid=0x00000000000005dc
#
# JRE version: OpenJDK Runtime Environment (8.0_242-b01) (build 1.8.0_242-release-1644-b01)
# Java VM: OpenJDK 64-Bit Server VM (25.242-b01 mixed mode windows-amd64 compressed oops)
# Failed to write core dump. Minidumps are not enabled by default on client versions of Windows
#

---------------  T H R E A D  ---------------

Current thread (0x000000001771d800):  JavaThread "C2 CompilerThread1" daemon [_thread_in_native, id=1500, stack(0x0000000019ed0000,0x0000000019fd0000)]

Stack: [0x0000000019ed0000,0x0000000019fd0000]
[error occurred during error reporting (printing stack bounds), id 0xc0000005]

Native frames: (J=compiled Java code, j=interpreted, Vv=VM code, C=native code)


Current CompileTask:
C2:  59799 19704       4       com.sun.org.apache.xerces.internal.impl.XMLNSDocumentScannerImpl::scanStartElement (1026 bytes)


---------------  P R O C E S S  ---------------

Java Threads: ( => current thread )
  0x000000001b435800 JavaThread "WorkerExecutor Queue Thread 8" [_thread_blocked, id=13296, stack(0x0000000039b70000,0x0000000039c70000)]
  0x000000001b435000 JavaThread "WorkerExecutor Queue Thread 7" [_thread_blocked, id=2428, stack(0x0000000039a70000,0x0000000039b70000)]
  0x000000001c2bd000 JavaThread "WorkerExecutor Queue Thread 6" [_thread_blocked, id=1200, stack(0x0000000039970000,0x0000000039a70000)]
  0x000000001c2c1800 JavaThread "WorkerExecutor Queue Thread 5" [_thread_blocked, id=5700, stack(0x0000000039870000,0x0000000039970000)]
  0x000000001c2bc000 JavaThread "WorkerExecutor Queue Thread 4" [_thread_blocked, id=11516, stack(0x0000000039770000,0x0000000039870000)]
  0x000000001c2bd800 JavaThread "WorkerExecutor Queue Thread 3" [_thread_blocked, id=12708, stack(0x0000000039670000,0x0000000039770000)]
  0x000000001eeb2800 JavaThread "WorkerExecutor Queue Thread 2" [_thread_blocked, id=2312, stack(0x0000000039570000,0x0000000039670000)]
  0x000000001eeb1800 JavaThread "WorkerExecutor Queue" [_thread_blocked, id=6544, stack(0x0000000039470000,0x0000000039570000)]
  0x000000001eeb1000 JavaThread "Cache worker for execution history cache (C:\Users\Ankit kumar\AndroidStudioProjects\BookStore\.gradle\6.5\executionHistory)" [_thread_blocked, id=3852, stack(0x0000000039170000,0x0000000039270000)]
  0x000000001eeab800 JavaThread "Execution worker for ':' Thread 7" [_thread_in_native, id=12532, stack(0x0000000039070000,0x0000000039170000)]
  0x000000001eeae000 JavaThread "Execution worker for ':' Thread 6" [_thread_blocked, id=12880, stack(0x0000000038f70000,0x0000000039070000)]
  0x000000001eeab000 JavaThread "Execution worker for ':' Thread 5" [_thread_blocked, id=3940, stack(0x0000000038e70000,0x0000000038f70000)]
  0x000000001fdc5800 JavaThread "Execution worker for ':' Thread 4" [_thread_blocked, id=3232, stack(0x0000000038d70000,0x0000000038e70000)]
  0x000000001fdc8800 JavaThread "Execution worker for ':' Thread 3" [_thread_blocked, id=12840, stack(0x0000000038c70000,0x0000000038d70000)]
  0x000000001fdc7000 JavaThread "Execution worker for ':' Thread 2" [_thread_blocked, id=10836, stack(0x0000000038b70000,0x0000000038c70000)]
  0x000000001fdbd000 JavaThread "Execution worker for ':'" [_thread_blocked, id=11804, stack(0x0000000035120000,0x0000000035220000)]
  0x000000001fdc3000 JavaThread "Cache worker for file content cache (C:\Users\Ankit kumar\AndroidStudioProjects\BookStore\.gradle\6.5\fileContent)" [_thread_blocked, id=3868, stack(0x0000000030a60000,0x0000000030b60000)]
  0x000000001fdbb800 JavaThread "pool-2-thread-1" [_thread_blocked, id=12512, stack(0x000000002e9a0000,0x000000002eaa0000)]
  0x000000001fdc2800 JavaThread "Cache worker for Build Output Cleanup Cache (C:\Users\Ankit kumar\AndroidStudioProjects\BookStore\.gradle\buildOutputCleanup)" [_thread_blocked, id=12444, stack(0x000000002e6a0000,0x000000002e7a0000)]
  0x000000001fdbb000 JavaThread "Build operations Thread 8" [_thread_blocked, id=11896, stack(0x000000002e5a0000,0x000000002e6a0000)]
  0x000000001fdb9800 JavaThread "Build operations Thread 7" [_thread_blocked, id=4480, stack(0x000000002dea0000,0x000000002dfa0000)]
  0x000000001fdc0000 JavaThread "Build operations Thread 6" [_thread_blocked, id=11472, stack(0x000000002dda0000,0x000000002dea0000)]
  0x000000001fdba000 JavaThread "Build operations Thread 5" [_thread_blocked, id=10536, stack(0x000000002dca0000,0x000000002dda0000)]
  0x000000001fdbe000 JavaThread "Build operations Thread 4" [_thread_blocked, id=2008, stack(0x000000002dba0000,0x000000002dca0000)]
  0x000000001fdbc800 JavaThread "Build operations Thread 3" [_thread_blocked, id=6720, stack(0x000000002d2d0000,0x000000002d3d0000)]
  0x000000003366f000 JavaThread "Build operations Thread 2" [_thread_blocked, id=8244, stack(0x000000002b5a0000,0x000000002b6a0000)]
  0x000000003366f800 JavaThread "gradle-enterprise-worker-0" [_thread_blocked, id=6372, stack(0x0000000025510000,0x0000000025610000)]
  0x000000003366c800 JavaThread "Build operations" [_thread_blocked, id=12952, stack(0x00000000246b0000,0x00000000247b0000)]
  0x000000003366b000 JavaThread "Cache worker for cache directory md-rule (C:\Users\Ankit kumar\.gradle\caches\6.5\md-rule)" [_thread_blocked, id=10820, stack(0x00000000240b0000,0x00000000241b0000)]
  0x000000003366d800 JavaThread "Cache worker for cache directory md-supplier (C:\Users\Ankit kumar\.gradle\caches\6.5\md-supplier)" [_thread_blocked, id=11560, stack(0x0000000023d40000,0x0000000023e40000)]
  0x000000003366a800 JavaThread "Cache worker for checksums cache (C:\Users\Ankit kumar\AndroidStudioProjects\BookStore\.gradle\checksums)" [_thread_blocked, id=3148, stack(0x0000000021f70000,0x0000000022070000)]
  0x000000003366c000 JavaThread "Cache worker for file hash cache (C:\Users\Ankit kumar\AndroidStudioProjects\BookStore\.gradle\6.5\fileHashes)" [_thread_blocked, id=12360, stack(0x0000000020dc0000,0x0000000020ec0000)]
  0x0000000033663000 JavaThread "Thread-160" [_thread_blocked, id=6824, stack(0x0000000020800000,0x0000000020900000)]
  0x0000000033665000 JavaThread "Stdin handler" [_thread_blocked, id=3508, stack(0x000000001e530000,0x000000001e630000)]
  0x0000000033669800 JavaThread "Asynchronous log dispatcher for DefaultDaemonConnection: socket connection from /127.0.0.1:54266 to /127.0.0.1:54272" [_thread_blocked, id=9780, stack(0x000000001dd30000,0x000000001de30000)]
  0x0000000033664800 JavaThread "Cancel handler" [_thread_blocked, id=4688, stack(0x000000001db30000,0x000000001dc30000)]
  0x0000000033663800 JavaThread "Handler for socket connection from /127.0.0.1:54266 to /127.0.0.1:54272" [_thread_in_native, id=8524, stack(0x000000001da30000,0x000000001db30000)]
  0x000000001fdbf800 JavaThread "Memory manager" [_thread_blocked, id=2452, stack(0x000000002d410000,0x000000002d510000)]
  0x000000001b43c000 JavaThread "jar transforms Thread 113" [_thread_blocked, id=2304, stack(0x000000002bbd0000,0x000000002bcd0000)]
  0x000000001b434000 JavaThread "jar transforms Thread 112" [_thread_blocked, id=13156, stack(0x000000002bad0000,0x000000002bbd0000)]
  0x000000001b438800 JavaThread "jar transforms Thread 111" [_thread_blocked, id=11280, stack(0x000000002b9d0000,0x000000002bad0000)]
  0x000000001b438000 JavaThread "jar transforms Thread 110" [_thread_blocked, id=5496, stack(0x000000002b8d0000,0x000000002b9d0000)]
  0x000000001b43b000 JavaThread "jar transforms Thread 109" [_thread_blocked, id=7884, stack(0x000000002b7d0000,0x000000002b8d0000)]
  0x000000001b439800 JavaThread "jar transforms Thread 108" [_thread_blocked, id=1252, stack(0x000000002b6d0000,0x000000002b7d0000)]
  0x000000001b43a800 JavaThread "jar transforms Thread 107" [_thread_blocked, id=6816, stack(0x0000000024ab0000,0x0000000024bb0000)]
  0x000000001b437000 JavaThread "jar transforms Thread 106" [_thread_blocked, id=148, stack(0x00000000249b0000,0x0000000024ab0000)]
  0x000000001b436800 JavaThread "jar transforms Thread 105" [_thread_blocked, id=11704, stack(0x000000002b3a0000,0x000000002b4a0000)]
  0x000000001b42f000 JavaThread "jar transforms Thread 104" [_thread_blocked, id=8224, stack(0x000000002b2a0000,0x000000002b3a0000)]
  0x000000001b42c800 JavaThread "jar transforms Thread 103" [_thread_blocked, id=3320, stack(0x000000002b1a0000,0x000000002b2a0000)]
  0x000000001b42d800 JavaThread "jar transforms Thread 102" [_thread_blocked, id=11892, stack(0x000000002b0a0000,0x000000002b1a0000)]
  0x000000001b432000 JavaThread "jar transforms Thread 101" [_thread_blocked, id=6076, stack(0x000000002afa0000,0x000000002b0a0000)]
  0x000000001b431000 JavaThread "jar transforms Thread 100" [_thread_blocked, id=2292, stack(0x000000002aea0000,0x000000002afa0000)]
  0x000000001b430800 JavaThread "jar transforms Thread 99" [_thread_blocked, id=12480, stack(0x000000002ada0000,0x000000002aea0000)]
  0x000000001b42e000 JavaThread "jar transforms Thread 98" [_thread_blocked, id=2620, stack(0x000000002aca0000,0x000000002ada0000)]
  0x000000001b433800 JavaThread "jar transforms Thread 97" [_thread_blocked, id=10264, stack(0x000000002aba0000,0x000000002aca0000)]
  0x000000001b432800 JavaThread "jar transforms Thread 96" [_thread_blocked, id=5628, stack(0x000000002aaa0000,0x000000002aba0000)]
  0x000000001b42f800 JavaThread "jar transforms Thread 95" [_thread_blocked, id=10864, stack(0x000000002a9a0000,0x000000002aaa0000)]
  0x000000001aa7a800 JavaThread "jar transforms Thread 94" [_thread_blocked, id=9452, stack(0x000000002a8a0000,0x000000002a9a0000)]
  0x000000001aa7a000 JavaThread "jar transforms Thread 93" [_thread_blocked, id=3208, stack(0x000000002a7a0000,0x000000002a8a0000)]
  0x000000001aa78800 JavaThread "jar transforms Thread 92" [_thread_blocked, id=280, stack(0x000000002a6a0000,0x000000002a7a0000)]
  0x000000001aa79000 JavaThread "jar transforms Thread 91" [_thread_blocked, id=8852, stack(0x000000002a5a0000,0x000000002a6a0000)]
  0x000000001aa77800 JavaThread "jar transforms Thread 90" [_thread_blocked, id=8272, stack(0x000000002a4a0000,0x000000002a5a0000)]
  0x000000001aa70000 JavaThread "jar transforms Thread 89" [_thread_blocked, id=11144, stack(0x000000002a3a0000,0x000000002a4a0000)]
  0x000000001aa77000 JavaThread "jar transforms Thread 88" [_thread_blocked, id=12108, stack(0x000000002a2a0000,0x000000002a3a0000)]
  0x000000001aa72800 JavaThread "jar transforms Thread 87" [_thread_blocked, id=5352, stack(0x000000002a1a0000,0x000000002a2a0000)]
  0x000000001aa76000 JavaThread "jar transforms Thread 86" [_thread_blocked, id=9692, stack(0x000000002a0a0000,0x000000002a1a0000)]
  0x000000001aa75800 JavaThread "jar transforms Thread 85" [_thread_blocked, id=7668, stack(0x0000000029fa0000,0x000000002a0a0000)]
  0x000000001aa6d800 JavaThread "jar transforms Thread 84" [_thread_blocked, id=9764, stack(0x0000000029ea0000,0x0000000029fa0000)]
  0x000000001aa74800 JavaThread "jar transforms Thread 83" [_thread_blocked, id=12828, stack(0x0000000029da0000,0x0000000029ea0000)]
  0x000000001aa6f000 JavaThread "jar transforms Thread 82" [_thread_blocked, id=7188, stack(0x0000000029ca0000,0x0000000029da0000)]
  0x000000001aa6e800 JavaThread "jar transforms Thread 81" [_thread_blocked, id=11900, stack(0x0000000029ba0000,0x0000000029ca0000)]
  0x000000001aa74000 JavaThread "jar transforms Thread 80" [_thread_blocked, id=6404, stack(0x0000000029aa0000,0x0000000029ba0000)]
  0x000000001aa6d000 JavaThread "jar transforms Thread 79" [_thread_blocked, id=2828, stack(0x00000000299a0000,0x0000000029aa0000)]
  0x000000001aa73000 JavaThread "jar transforms Thread 78" [_thread_blocked, id=7728, stack(0x00000000298a0000,0x00000000299a0000)]
  0x000000001aa71800 JavaThread "jar transforms Thread 77" [_thread_blocked, id=12356, stack(0x00000000297a0000,0x00000000298a0000)]
  0x000000001aa70800 JavaThread "jar transforms Thread 76" [_thread_blocked, id=12448, stack(0x00000000296a0000,0x00000000297a0000)]
  0x000000001aa6c000 JavaThread "jar transforms Thread 75" [_thread_blocked, id=4644, stack(0x00000000295a0000,0x00000000296a0000)]
  0x000000001aa6b800 JavaThread "jar transforms Thread 74" [_thread_blocked, id=2268, stack(0x00000000294a0000,0x00000000295a0000)]
  0x000000001b2dc000 JavaThread "jar transforms Thread 73" [_thread_blocked, id=12100, stack(0x00000000293a0000,0x00000000294a0000)]
  0x000000001b2db800 JavaThread "jar transforms Thread 72" [_thread_blocked, id=7104, stack(0x00000000292a0000,0x00000000293a0000)]
  0x000000001b2da800 JavaThread "jar transforms Thread 71" [_thread_blocked, id=12412, stack(0x00000000291a0000,0x00000000292a0000)]
  0x000000001b2da000 JavaThread "jar transforms Thread 70" [_thread_blocked, id=4620, stack(0x00000000290a0000,0x00000000291a0000)]
  0x000000001b2d9000 JavaThread "jar transforms Thread 69" [_thread_blocked, id=5524, stack(0x0000000028fa0000,0x00000000290a0000)]
  0x000000001b2d1800 JavaThread "jar transforms Thread 68" [_thread_blocked, id=2248, stack(0x0000000028ea0000,0x0000000028fa0000)]
  0x000000001b2d2800 JavaThread "jar transforms Thread 67" [_thread_blocked, id=10736, stack(0x0000000028da0000,0x0000000028ea0000)]
  0x000000001b2d8800 JavaThread "jar transforms Thread 66" [_thread_blocked, id=3104, stack(0x0000000028ca0000,0x0000000028da0000)]
  0x000000001b2d1000 JavaThread "jar transforms Thread 65" [_thread_blocked, id=1524, stack(0x0000000028ba0000,0x0000000028ca0000)]
  0x000000001b2d7800 JavaThread "jar transforms Thread 64" [_thread_blocked, id=1960, stack(0x0000000028aa0000,0x0000000028ba0000)]
  0x000000001b2d7000 JavaThread "jar transforms Thread 63" [_thread_blocked, id=11624, stack(0x00000000289a0000,0x0000000028aa0000)]
  0x000000001b2d6000 JavaThread "jar transforms Thread 62" [_thread_blocked, id=12888, stack(0x00000000288a0000,0x00000000289a0000)]
  0x000000001b2d5800 JavaThread "jar transforms Thread 61" [_thread_blocked, id=8880, stack(0x00000000287a0000,0x00000000288a0000)]
  0x000000001b2ce000 JavaThread "jar transforms Thread 60" [_thread_blocked, id=5888, stack(0x00000000286a0000,0x00000000287a0000)]
  0x000000001b2d4000 JavaThread "jar transforms Thread 59" [_thread_blocked, id=9852, stack(0x00000000285a0000,0x00000000286a0000)]
  0x000000001b2d0000 JavaThread "jar transforms Thread 58" [_thread_blocked, id=8516, stack(0x00000000284a0000,0x00000000285a0000)]
  0x000000001b2d3000 JavaThread "jar transforms Thread 57" [_thread_blocked, id=5376, stack(0x00000000283a0000,0x00000000284a0000)]
  0x000000001b2d4800 JavaThread "jar transforms Thread 56" [_thread_blocked, id=9012, stack(0x00000000282a0000,0x00000000283a0000)]
  0x000000001b2cf800 JavaThread "jar transforms Thread 55" [_thread_blocked, id=2664, stack(0x00000000281a0000,0x00000000282a0000)]
  0x000000001b2ce800 JavaThread "jar transforms Thread 54" [_thread_blocked, id=10084, stack(0x00000000280a0000,0x00000000281a0000)]
  0x000000001b2cd000 JavaThread "jar transforms Thread 53" [_thread_blocked, id=2576, stack(0x0000000027fa0000,0x00000000280a0000)]
  0x000000001c37a800 JavaThread "jar transforms Thread 52" [_thread_blocked, id=10828, stack(0x0000000027ea0000,0x0000000027fa0000)]
  0x000000001c37a000 JavaThread "jar transforms Thread 51" [_thread_blocked, id=2716, stack(0x0000000027da0000,0x0000000027ea0000)]
  0x000000001c37b800 JavaThread "jar transforms Thread 50" [_thread_blocked, id=11976, stack(0x0000000027ca0000,0x0000000027da0000)]
  0x000000001c379000 JavaThread "jar transforms Thread 49" [_thread_blocked, id=9416, stack(0x0000000027ba0000,0x0000000027ca0000)]
  0x000000001c37c000 JavaThread "jar transforms Thread 48" [_thread_blocked, id=5692, stack(0x0000000027aa0000,0x0000000027ba0000)]
  0x000000001c378800 JavaThread "jar transforms Thread 47" [_thread_blocked, id=6812, stack(0x00000000279a0000,0x0000000027aa0000)]
  0x000000001c377800 JavaThread "jar transforms Thread 46" [_thread_blocked, id=7408, stack(0x00000000278a0000,0x00000000279a0000)]
  0x000000001c377000 JavaThread "jar transforms Thread 45" [_thread_blocked, id=5904, stack(0x00000000277a0000,0x00000000278a0000)]
  0x000000001c36f800 JavaThread "jar transforms Thread 44" [_thread_blocked, id=8680, stack(0x00000000276a0000,0x00000000277a0000)]
  0x000000001c376000 JavaThread "jar transforms Thread 43" [_thread_blocked, id=7768, stack(0x00000000275a0000,0x00000000276a0000)]
  0x000000001c36e800 JavaThread "jar transforms Thread 42" [_thread_blocked, id=9328, stack(0x00000000274a0000,0x00000000275a0000)]
  0x000000001c375800 JavaThread "jar transforms Thread 41" [_thread_blocked, id=6620, stack(0x00000000273a0000,0x00000000274a0000)]
  0x000000001c371000 JavaThread "jar transforms Thread 40" [_thread_blocked, id=1876, stack(0x00000000272a0000,0x00000000273a0000)]
  0x000000001c36e000 JavaThread "jar transforms Thread 39" [_thread_blocked, id=11880, stack(0x00000000271a0000,0x00000000272a0000)]
  0x000000001c371800 JavaThread "jar transforms Thread 38" [_thread_blocked, id=4120, stack(0x00000000270a0000,0x00000000271a0000)]
  0x000000001c373000 JavaThread "jar transforms Thread 37" [_thread_blocked, id=8856, stack(0x0000000026fa0000,0x00000000270a0000)]
  0x000000001c374800 JavaThread "jar transforms Thread 36" [_thread_blocked, id=12576, stack(0x0000000026ea0000,0x0000000026fa0000)]
  0x000000001c370000 JavaThread "jar transforms Thread 35" [_thread_blocked, id=7620, stack(0x0000000026da0000,0x0000000026ea0000)]
  0x000000001c36d000 JavaThread "jar transforms Thread 34" [_thread_blocked, id=11372, stack(0x0000000026ca0000,0x0000000026da0000)]
  0x000000001c372800 JavaThread "jar transforms Thread 33" [_thread_blocked, id=2692, stack(0x0000000026ba0000,0x0000000026ca0000)]
  0x000000001c374000 JavaThread "jar transforms Thread 32" [_thread_blocked, id=3236, stack(0x0000000026aa0000,0x0000000026ba0000)]
  0x000000001e8b2800 JavaThread "jar transforms Thread 31" [_thread_blocked, id=876, stack(0x00000000269a0000,0x0000000026aa0000)]
  0x000000001e8b1000 JavaThread "jar transforms Thread 30" [_thread_blocked, id=9960, stack(0x00000000268a0000,0x00000000269a0000)]
  0x000000001e8b1800 JavaThread "jar transforms Thread 29" [_thread_blocked, id=3748, stack(0x00000000267a0000,0x00000000268a0000)]
  0x000000001e8b0000 JavaThread "jar transforms Thread 28" [_thread_blocked, id=7720, stack(0x00000000266a0000,0x00000000267a0000)]
  0x000000001e8af800 JavaThread "jar transforms Thread 27" [_thread_blocked, id=2972, stack(0x00000000265a0000,0x00000000266a0000)]
  0x000000001e8ae800 JavaThread "jar transforms Thread 26" [_thread_blocked, id=3380, stack(0x00000000264a0000,0x00000000265a0000)]
  0x000000001e8a7000 JavaThread "jar transforms Thread 25" [_thread_blocked, id=12688, stack(0x00000000263a0000,0x00000000264a0000)]
  0x000000001e8ae000 JavaThread "jar transforms Thread 24" [_thread_blocked, id=13268, stack(0x00000000262a0000,0x00000000263a0000)]
  0x000000001e8ad000 JavaThread "jar transforms Thread 23" [_thread_blocked, id=13260, stack(0x00000000261a0000,0x00000000262a0000)]
  0x000000001e8ab800 JavaThread "jar transforms Thread 22" [_thread_blocked, id=11512, stack(0x00000000260a0000,0x00000000261a0000)]
  0x000000001e8ac800 JavaThread "jar transforms Thread 21" [_thread_blocked, id=9988, stack(0x0000000025fa0000,0x00000000260a0000)]
  0x000000001e8a5800 JavaThread "jar transforms Thread 20" [_thread_blocked, id=5976, stack(0x0000000025ea0000,0x0000000025fa0000)]
  0x000000001e8ab000 JavaThread "jar transforms Thread 19" [_thread_blocked, id=1156, stack(0x0000000025da0000,0x0000000025ea0000)]
  0x000000001e8aa000 JavaThread "jar transforms Thread 18" [_thread_blocked, id=12272, stack(0x0000000025ca0000,0x0000000025da0000)]
  0x000000001e8a6800 JavaThread "jar transforms Thread 17" [_thread_blocked, id=6572, stack(0x0000000025ba0000,0x0000000025ca0000)]
  0x000000001e8a8000 JavaThread "jar transforms Thread 16" [_thread_blocked, id=4484, stack(0x0000000025aa0000,0x0000000025ba0000)]
  0x000000001e8a9800 JavaThread "jar transforms Thread 15" [_thread_blocked, id=9996, stack(0x00000000259a0000,0x0000000025aa0000)]
  0x000000001e8a8800 JavaThread "jar transforms Thread 14" [_thread_blocked, id=668, stack(0x00000000258a0000,0x00000000259a0000)]
  0x000000001e8a4000 JavaThread "jar transforms Thread 13" [_thread_blocked, id=12168, stack(0x00000000257a0000,0x00000000258a0000)]
  0x000000001e8a5000 JavaThread "jar transforms Thread 12" [_thread_blocked, id=11476, stack(0x00000000256a0000,0x00000000257a0000)]
  0x000000001e8a3800 JavaThread "jar transforms Thread 11" [_thread_blocked, id=13088, stack(0x00000000248b0000,0x00000000249b0000)]
  0x000000001eeb7000 JavaThread "jar transforms Thread 10" [_thread_blocked, id=3100, stack(0x0000000025410000,0x0000000025510000)]
  0x000000001eeb7800 JavaThread "jar transforms Thread 9" [_thread_blocked, id=11616, stack(0x0000000025310000,0x0000000025410000)]
  0x000000001eeb6000 JavaThread "jar transforms Thread 8" [_thread_blocked, id=1360, stack(0x0000000025210000,0x0000000025310000)]
  0x000000001eeb4800 JavaThread "jar transforms Thread 7" [_thread_blocked, id=3672, stack(0x0000000025110000,0x0000000025210000)]
  0x000000001eeb5800 JavaThread "jar transforms Thread 6" [_thread_blocked, id=2156, stack(0x0000000025010000,0x0000000025110000)]
  0x000000001eeb4000 JavaThread "jar transforms Thread 5" [_thread_blocked, id=10164, stack(0x0000000024f10000,0x0000000025010000)]
  0x000000001eeb8800 JavaThread "jar transforms Thread 4" [_thread_blocked, id=6120, stack(0x0000000024e10000,0x0000000024f10000)]
  0x000000001eeac800 JavaThread "jar transforms Thread 3" [_thread_blocked, id=5356, stack(0x0000000024d10000,0x0000000024e10000)]
  0x000000001eeb3000 JavaThread "jar transforms Thread 2" [_thread_blocked, id=12052, stack(0x0000000024c10000,0x0000000024d10000)]
  0x000000001c2bf000 JavaThread "Cache worker for file content cache (C:\Users\Ankit kumar\.gradle\caches\6.5\fileContent)" [_thread_blocked, id=8280, stack(0x0000000022870000,0x0000000022970000)]
  0x000000001c2be800 JavaThread "jar transforms" [_thread_blocked, id=6192, stack(0x0000000022770000,0x0000000022870000)]
  0x000000001c2c2000 JavaThread "Cache worker for execution history cache (C:\Users\Ankit kumar\.gradle\caches\6.5\executionHistory)" [_thread_blocked, id=10532, stack(0x0000000022070000,0x0000000022170000)]
  0x000000001c2bb800 JavaThread "Cache worker for file hash cache (C:\Users\Ankit kumar\.gradle\caches\6.5\fileHashes)" [_thread_blocked, id=4364, stack(0x000000001e430000,0x000000001e530000)]
  0x000000001c2c0800 JavaThread "File lock request listener" [_thread_in_native, id=2872, stack(0x000000001e330000,0x000000001e430000)]
  0x000000001c342000 JavaThread "Cache worker for journal cache (C:\Users\Ankit kumar\.gradle\caches\journal-1)" [_thread_blocked, id=12848, stack(0x000000001e230000,0x000000001e330000)]
  0x000000001a5c9800 JavaThread "Daemon worker" [_thread_blocked, id=6764, stack(0x000000001dc30000,0x000000001dd30000)]
  0x000000001b9dc000 JavaThread "Daemon" [_thread_blocked, id=13252, stack(0x000000001d730000,0x000000001d830000)]
  0x000000001c06c800 JavaThread "Daemon periodic checks" [_thread_blocked, id=9192, stack(0x000000001d630000,0x000000001d730000)]
  0x000000001bfcb000 JavaThread "Incoming local TCP Connector on port 54266" [_thread_in_native, id=13216, stack(0x000000001d3f0000,0x000000001d4f0000)]
  0x000000001bc16800 JavaThread "Daemon health stats" [_thread_blocked, id=9724, stack(0x000000001cdb0000,0x000000001ceb0000)]
  0x00000000195a3800 JavaThread "Service Thread" daemon [_thread_blocked, id=3044, stack(0x000000001a1d0000,0x000000001a2d0000)]
  0x0000000019512800 JavaThread "C1 CompilerThread3" daemon [_thread_blocked, id=3472, stack(0x000000001a0d0000,0x000000001a1d0000)]
  0x000000001950d000 JavaThread "C2 CompilerThread2" daemon [_thread_in_native, id=7384, stack(0x0000000019fd0000,0x000000001a0d0000)]
=>0x000000001771d800 JavaThread "C2 CompilerThread1" daemon [_thread_in_native, id=1500, stack(0x0000000019ed0000,0x0000000019fd0000)]
  0x0000000019506800 JavaThread "C2 CompilerThread0" daemon [_thread_in_vm, id=10848, stack(0x0000000019dd0000,0x0000000019ed0000)]
  0x0000000019505000 JavaThread "Attach Listener" daemon [_thread_blocked, id=11808, stack(0x0000000019cd0000,0x0000000019dd0000)]
  0x0000000019504000 JavaThread "Signal Dispatcher" daemon [_thread_blocked, id=12424, stack(0x0000000019bd0000,0x0000000019cd0000)]
  0x000000000269e000 JavaThread "Finalizer" daemon [_thread_blocked, id=8968, stack(0x00000000199d0000,0x0000000019ad0000)]
  0x0000000002697000 JavaThread "Reference Handler" daemon [_thread_blocked, id=1528, stack(0x00000000198d0000,0x00000000199d0000)]
  0x000000000259e800 JavaThread "main" [_thread_blocked, id=9060, stack(0x0000000002470000,0x0000000002570000)]

Other Threads:
  0x0000000017706000 VMThread [stack: 0x00000000193d0000,0x00000000194d0000] [id=2732]
  0x00000000195a4000 WatcherThread [stack: 0x000000001a2d0000,0x000000001a3d0000] [id=10448]

VM state:not at safepoint (normal execution)

VM Mutex/Monitor currently owned by a thread: None

heap address: 0x0000000080000000, size: 2048 MB, Compressed Oops mode: 32-bit
Narrow klass base: 0x0000000000000000, Narrow klass shift: 3
Compressed class space size: 1073741824 Address: 0x0000000100000000

Heap:
 PSYoungGen      total 477184K, used 351418K [0x00000000d5580000, 0x00000000f6980000, 0x0000000100000000)
  eden space 423936K, 82% used [0x00000000d5580000,0x00000000eacae8c0,0x00000000ef380000)
  from space 53248K, 0% used [0x00000000f3580000,0x00000000f3580000,0x00000000f6980000)
  to   space 55296K, 0% used [0x00000000ef380000,0x00000000ef380000,0x00000000f2980000)
 ParOldGen       total 148480K, used 83554K [0x0000000080000000, 0x0000000089100000, 0x00000000d5580000)
  object space 148480K, 56% used [0x0000000080000000,0x00000000851989f8,0x0000000089100000)
 Metaspace       used 118511K, capacity 124526K, committed 124824K, reserved 1157120K
  class space    used 15640K, capacity 16771K, committed 16816K, reserved 1048576K

Card table byte_map: [0x0000000011a60000,0x0000000011e70000] byte_map_base: 0x0000000011660000

Marking Bits: (ParMarkBitMap*) 0x00000000597cf030
 Begin Bits: [0x0000000012920000, 0x0000000014920000)
 End Bits:   [0x0000000014920000, 0x0000000016920000)

Polling page: 0x0000000000820000

CodeCache: size=245760Kb used=54201Kb max_used=54214Kb free=191558Kb
 bounds [0x00000000026a0000, 0x0000000005bd0000, 0x00000000116a0000]
 total_blobs=17555 nmethods=16600 adapters=864
 compilation: enabled

Compilation events (10 events):
Event: 59.763 Thread 0x0000000019506800 nmethod 19794 0x0000000005bb7650 code [0x0000000005bb77a0, 0x0000000005bb78f8]
Event: 59.763 Thread 0x0000000019506800 19817 %     4       sun.nio.cs.UTF_8$Decoder::decode @ 51 (779 bytes)
Event: 59.781 Thread 0x0000000019506800 nmethod 19817% 0x0000000005bb8210 code [0x0000000005bb8380, 0x0000000005bb8c58]
Event: 59.781 Thread 0x0000000019506800 19819       4       com.sun.org.apache.xerces.internal.parsers.AbstractSAXParser::startNamespaceMapping (77 bytes)
Event: 59.784 Thread 0x0000000019506800 nmethod 19819 0x0000000005bb7a90 code [0x0000000005bb7c00, 0x0000000005bb7e88]
Event: 59.784 Thread 0x0000000019506800 19820       4       sun.nio.cs.UTF_8$Decoder::decode (779 bytes)
Event: 59.787 Thread 0x0000000019512800 19821       3       com.sun.org.apache.xerces.internal.impl.XMLEntityManager::setupCurrentEntity (1214 bytes)
Event: 59.794 Thread 0x0000000019512800 nmethod 19821 0x0000000005bbf490 code [0x0000000005bbfac0, 0x0000000005bc4808]
Event: 59.794 Thread 0x0000000019512800 19822       3       com.sun.org.apache.xerces.internal.impl.XMLVersionDetector::fixupCurrentEntity (203 bytes)
Event: 59.795 Thread 0x0000000019512800 nmethod 19822 0x0000000005bb3e10 code [0x0000000005bb3fc0, 0x0000000005bb45e8]

GC Heap History (10 events):
Event: 29.312 GC heap before
{Heap before GC invocations=32 (full 16):
 PSYoungGen      total 464896K, used 420820K [0x00000000d5580000, 0x00000000f6100000, 0x0000000100000000)
  eden space 404992K, 100% used [0x00000000d5580000,0x00000000ee100000,0x00000000ee100000)
  from space 59904K, 26% used [0x00000000ee100000,0x00000000ef075290,0x00000000f1b80000)
  to   space 56832K, 0% used [0x00000000f2980000,0x00000000f2980000,0x00000000f6100000)
 ParOldGen       total 148480K, used 93478K [0x0000000080000000, 0x0000000089100000, 0x00000000d5580000)
  object space 148480K, 62% used [0x0000000080000000,0x0000000085b49b98,0x0000000089100000)
 Metaspace       used 81610K, capacity 85784K, committed 87448K, reserved 1124352K
  class space    used 11044K, capacity 11811K, committed 12208K, reserved 1048576K
Event: 29.363 GC heap after
Heap after GC invocations=32 (full 16):
 PSYoungGen      total 480768K, used 27027K [0x00000000d5580000, 0x00000000f6300000, 0x0000000100000000)
  eden space 423936K, 0% used [0x00000000d5580000,0x00000000d5580000,0x00000000ef380000)
  from space 56832K, 47% used [0x00000000f2980000,0x00000000f43e4fc8,0x00000000f6100000)
  to   space 55296K, 0% used [0x00000000ef380000,0x00000000ef380000,0x00000000f2980000)
 ParOldGen       total 148480K, used 93486K [0x0000000080000000, 0x0000000089100000, 0x00000000d5580000)
  object space 148480K, 62% used [0x0000000080000000,0x0000000085b4bb98,0x0000000089100000)
 Metaspace       used 81610K, capacity 85784K, committed 87448K, reserved 1124352K
  class space    used 11044K, capacity 11811K, committed 12208K, reserved 1048576K
}
Event: 30.810 GC heap before
{Heap before GC invocations=33 (full 16):
 PSYoungGen      total 480768K, used 450963K [0x00000000d5580000, 0x00000000f6300000, 0x0000000100000000)
  eden space 423936K, 100% used [0x00000000d5580000,0x00000000ef380000,0x00000000ef380000)
  from space 56832K, 47% used [0x00000000f2980000,0x00000000f43e4fc8,0x00000000f6100000)
  to   space 55296K, 0% used [0x00000000ef380000,0x00000000ef380000,0x00000000f2980000)
 ParOldGen       total 148480K, used 93486K [0x0000000080000000, 0x0000000089100000, 0x00000000d5580000)
  object space 148480K, 62% used [0x0000000080000000,0x0000000085b4bb98,0x0000000089100000)
 Metaspace       used 81633K, capacity 85790K, committed 87448K, reserved 1124352K
  class space    used 11045K, capacity 11812K, committed 12208K, reserved 1048576K
Event: 30.837 GC heap after
Heap after GC invocations=33 (full 16):
 PSYoungGen      total 479232K, used 13617K [0x00000000d5580000, 0x00000000f6980000, 0x0000000100000000)
  eden space 423936K, 0% used [0x00000000d5580000,0x00000000d5580000,0x00000000ef380000)
  from space 55296K, 24% used [0x00000000ef380000,0x00000000f00cc5b8,0x00000000f2980000)
  to   space 53248K, 0% used [0x00000000f3580000,0x00000000f3580000,0x00000000f6980000)
 ParOldGen       total 148480K, used 93494K [0x0000000080000000, 0x0000000089100000, 0x00000000d5580000)
  object space 148480K, 62% used [0x0000000080000000,0x0000000085b4db98,0x0000000089100000)
 Metaspace       used 81633K, capacity 85790K, committed 87448K, reserved 1124352K
  class space    used 11045K, capacity 11812K, committed 12208K, reserved 1048576K
}
Event: 32.848 GC heap before
{Heap before GC invocations=34 (full 16):
 PSYoungGen      total 479232K, used 437553K [0x00000000d5580000, 0x00000000f6980000, 0x0000000100000000)
  eden space 423936K, 100% used [0x00000000d5580000,0x00000000ef380000,0x00000000ef380000)
  from space 55296K, 24% used [0x00000000ef380000,0x00000000f00cc5b8,0x00000000f2980000)
  to   space 53248K, 0% used [0x00000000f3580000,0x00000000f3580000,0x00000000f6980000)
 ParOldGen       total 148480K, used 93494K [0x0000000080000000, 0x0000000089100000, 0x00000000d5580000)
  object space 148480K, 62% used [0x0000000080000000,0x0000000085b4db98,0x0000000089100000)
 Metaspace       used 85635K, capacity 90016K, committed 91032K, reserved 1128448K
  class space    used 11576K, capacity 12408K, committed 12720K, reserved 1048576K
Event: 32.937 GC heap after
Heap after GC invocations=34 (full 16):
 PSYoungGen      total 477184K, used 53235K [0x00000000d5580000, 0x00000000f6980000, 0x0000000100000000)
  eden space 423936K, 0% used [0x00000000d5580000,0x00000000d5580000,0x00000000ef380000)
  from space 53248K, 99% used [0x00000000f3580000,0x00000000f697ccc0,0x00000000f6980000)
  to   space 55296K, 0% used [0x00000000ef380000,0x00000000ef380000,0x00000000f2980000)
 ParOldGen       total 148480K, used 127965K [0x0000000080000000, 0x0000000089100000, 0x00000000d5580000)
  object space 148480K, 86% used [0x0000000080000000,0x0000000087cf74b8,0x0000000089100000)
 Metaspace       used 85635K, capacity 90016K, committed 91032K, reserved 1128448K
  class space    used 11576K, capacity 12408K, committed 12720K, reserved 1048576K
}
Event: 32.937 GC heap before
{Heap before GC invocations=35 (full 17):
 PSYoungGen      total 477184K, used 53235K [0x00000000d5580000, 0x00000000f6980000, 0x0000000100000000)
  eden space 423936K, 0% used [0x00000000d5580000,0x00000000d5580000,0x00000000ef380000)
  from space 53248K, 99% used [0x00000000f3580000,0x00000000f697ccc0,0x00000000f6980000)
  to   space 55296K, 0% used [0x00000000ef380000,0x00000000ef380000,0x00000000f2980000)
 ParOldGen       total 148480K, used 127965K [0x0000000080000000, 0x0000000089100000, 0x00000000d5580000)
  object space 148480K, 86% used [0x0000000080000000,0x0000000087cf74b8,0x0000000089100000)
 Metaspace       used 85635K, capacity 90016K, committed 91032K, reserved 1128448K
  class space    used 11576K, capacity 12408K, committed 12720K, reserved 1048576K
Event: 33.396 GC heap after
Heap after GC invocations=35 (full 17):
 PSYoungGen      total 477184K, used 0K [0x00000000d5580000, 0x00000000f6980000, 0x0000000100000000)
  eden space 423936K, 0% used [0x00000000d5580000,0x00000000d5580000,0x00000000ef380000)
  from space 53248K, 0% used [0x00000000f3580000,0x00000000f3580000,0x00000000f6980000)
  to   space 55296K, 0% used [0x00000000ef380000,0x00000000ef380000,0x00000000f2980000)
 ParOldGen       total 148480K, used 136170K [0x0000000080000000, 0x0000000089100000, 0x00000000d5580000)
  object space 148480K, 91% used [0x0000000080000000,0x00000000884fab78,0x0000000089100000)
 Metaspace       used 85612K, capacity 89954K, committed 91032K, reserved 1128448K
  class space    used 11568K, capacity 12393K, committed 12720K, reserved 1048576K
}
Event: 54.451 GC heap before
{Heap before GC invocations=36 (full 18):
 PSYoungGen      total 477184K, used 423936K [0x00000000d5580000, 0x00000000f6980000, 0x0000000100000000)
  eden space 423936K, 100% used [0x00000000d5580000,0x00000000ef380000,0x00000000ef380000)
  from space 53248K, 0% used [0x00000000f3580000,0x00000000f3580000,0x00000000f6980000)
  to   space 55296K, 0% used [0x00000000ef380000,0x00000000ef380000,0x00000000f2980000)
 ParOldGen       total 148480K, used 136170K [0x0000000080000000, 0x0000000089100000, 0x00000000d5580000)
  object space 148480K, 91% used [0x0000000080000000,0x00000000884fab78,0x0000000089100000)
 Metaspace       used 107317K, capacity 112886K, committed 112920K, reserved 1146880K
  class space    used 14092K, capacity 15129K, committed 15152K, reserved 1048576K
Event: 54.633 GC heap after
Heap after GC invocations=36 (full 18):
 PSYoungGen      total 477184K, used 0K [0x00000000d5580000, 0x00000000f6980000, 0x0000000100000000)
  eden space 423936K, 0% used [0x00000000d5580000,0x00000000d5580000,0x00000000ef380000)
  from space 53248K, 0% used [0x00000000f3580000,0x00000000f3580000,0x00000000f6980000)
  to   space 55296K, 0% used [0x00000000ef380000,0x00000000ef380000,0x00000000f2980000)
 ParOldGen       total 148480K, used 83554K [0x0000000080000000, 0x0000000089100000, 0x00000000d5580000)
  object space 148480K, 56% used [0x0000000080000000,0x00000000851989f8,0x0000000089100000)
 Metaspace       used 107242K, capacity 112712K, committed 112920K, reserved 1146880K
  class space    used 14069K, capacity 15071K, committed 15152K, reserved 1048576K
}

Deoptimization events (10 events):
Event: 59.250 Thread 0x000000001eeab800 Uncommon trap: reason=class_check action=maybe_recompile pc=0x0000000005a68b58 method=com.sun.org.apache.xerces.internal.dom.NamedNodeMapImpl.findNamePoint(Ljava/lang/String;I)I @ 54
Event: 59.250 Thread 0x000000001eeab800 Uncommon trap: reason=class_check action=maybe_recompile pc=0x0000000005a68b58 method=com.sun.org.apache.xerces.internal.dom.NamedNodeMapImpl.findNamePoint(Ljava/lang/String;I)I @ 54
Event: 59.250 Thread 0x000000001eeab800 Uncommon trap: reason=class_check action=maybe_recompile pc=0x0000000005a68b58 method=com.sun.org.apache.xerces.internal.dom.NamedNodeMapImpl.findNamePoint(Ljava/lang/String;I)I @ 54
Event: 59.250 Thread 0x000000001eeab800 Uncommon trap: reason=class_check action=maybe_recompile pc=0x0000000005a68b58 method=com.sun.org.apache.xerces.internal.dom.NamedNodeMapImpl.findNamePoint(Ljava/lang/String;I)I @ 54
Event: 59.284 Thread 0x000000001eeab800 Uncommon trap: reason=unstable_if action=reinterpret pc=0x0000000005a65474 method=sun.nio.cs.UTF_8$Decoder.decode([BII[C)I @ 90
Event: 59.579 Thread 0x000000001eeab800 Uncommon trap: reason=unstable_if action=reinterpret pc=0x0000000005b1aba8 method=com.sun.org.apache.xerces.internal.impl.XMLEntityScanner.arrangeCapacity(IZ)Z @ 59
Event: 59.579 Thread 0x000000001eeab800 Uncommon trap: reason=unstable_if action=reinterpret pc=0x000000000501aff8 method=com.sun.org.apache.xerces.internal.impl.XMLEntityScanner.scanLiteral(ILcom/sun/org/apache/xerces/internal/xni/XMLString;Z)I @ 44
Event: 59.595 Thread 0x000000001eeab800 Uncommon trap: reason=unstable_if action=reinterpret pc=0x0000000005aed99c method=com.sun.org.apache.xerces.internal.impl.XMLScanner.scanAttributeValue(Lcom/sun/org/apache/xerces/internal/xni/XMLString;Lcom/sun/org/apache/xerces/internal/xni/XMLString;Lja
Event: 59.708 Thread 0x000000001eeab800 Uncommon trap: reason=unstable_if action=reinterpret pc=0x0000000005a94bdc method=java.lang.Character.isSurrogate(C)Z @ 3
Event: 59.708 Thread 0x000000001eeab800 Uncommon trap: reason=unstable_if action=reinterpret pc=0x00000000041d1330 method=java.lang.Character.isSurrogate(C)Z @ 3

Classes redefined (0 events):
No events

Internal exceptions (10 events):
Event: 56.654 Thread 0x000000001fdba000 Exception <a 'sun/nio/fs/WindowsException'> (0x00000000e0838f38) thrown at [C:\src\AOSP-openjdk-git\hotspot\src\share\vm\prims\jni.cpp, line 710]
Event: 57.039 Thread 0x000000001fdbc800 Exception <a 'sun/nio/fs/WindowsException'> (0x00000000e10ba588) thrown at [C:\src\AOSP-openjdk-git\hotspot\src\share\vm\prims\jni.cpp, line 710]
Event: 57.045 Thread 0x000000001fdc0000 Exception <a 'sun/nio/fs/WindowsException'> (0x00000000e11a6e60) thrown at [C:\src\AOSP-openjdk-git\hotspot\src\share\vm\prims\jni.cpp, line 710]
Event: 57.146 Thread 0x000000001fdbc800 Exception <a 'sun/nio/fs/WindowsException'> (0x00000000e1539998) thrown at [C:\src\AOSP-openjdk-git\hotspot\src\share\vm\prims\jni.cpp, line 710]
Event: 57.342 Thread 0x000000001fdbc800 Exception <a 'sun/nio/fs/WindowsException'> (0x00000000e1fa4d80) thrown at [C:\src\AOSP-openjdk-git\hotspot\src\share\vm\prims\jni.cpp, line 710]
Event: 57.367 Thread 0x000000001fdba000 Exception <a 'sun/nio/fs/WindowsException'> (0x00000000e2146138) thrown at [C:\src\AOSP-openjdk-git\hotspot\src\share\vm\prims\jni.cpp, line 710]
Event: 57.485 Thread 0x000000003366f000 Exception <a 'sun/nio/fs/WindowsException'> (0x00000000e2be5df0) thrown at [C:\src\AOSP-openjdk-git\hotspot\src\share\vm\prims\jni.cpp, line 710]
Event: 58.808 Thread 0x000000001eeab800 Exception <a 'sun/nio/fs/WindowsException'> (0x00000000e5254ac8) thrown at [C:\src\AOSP-openjdk-git\hotspot\src\share\vm\prims\jni.cpp, line 710]
Event: 58.810 Thread 0x000000001eeab800 Exception <a 'sun/nio/fs/WindowsException'> (0x00000000e5261d60) thrown at [C:\src\AOSP-openjdk-git\hotspot\src\share\vm\prims\jni.cpp, line 710]
Event: 58.853 Thread 0x000000001eeab800 Exception <a 'sun/nio/fs/WindowsException'> (0x00000000e5268a48) thrown at [C:\src\AOSP-openjdk-git\hotspot\src\share\vm\prims\jni.cpp, line 710]

Events (10 events):
Event: 59.708 Thread 0x000000001eeab800 Uncommon trap: trap_request=0xffffff65 fr.pc=0x0000000005a94bdc
Event: 59.708 Thread 0x000000001eeab800 DEOPT PACKING pc=0x0000000005a94bdc sp=0x000000003916ab00
Event: 59.708 Thread 0x000000001eeab800 DEOPT UNPACKING pc=0x00000000026e557b sp=0x000000003916aa08 mode 2
Event: 59.708 Thread 0x000000001eeab800 Uncommon trap: trap_request=0xffffff65 fr.pc=0x00000000041d1330
Event: 59.708 Thread 0x000000001eeab800 DEOPT PACKING pc=0x00000000041d1330 sp=0x000000003916aa60
Event: 59.708 Thread 0x000000001eeab800 DEOPT UNPACKING pc=0x00000000026e557b sp=0x000000003916aa00 mode 2
Event: 59.783 Thread 0x000000001eeab800 DEOPT PACKING pc=0x0000000005b9fe30 sp=0x000000003916a950
Event: 59.783 Thread 0x000000001eeab800 DEOPT UNPACKING pc=0x00000000026e75d0 sp=0x000000003916a7d0 mode 0
Event: 59.793 Thread 0x000000001eeab800 DEOPT PACKING pc=0x0000000005b9fe30 sp=0x000000003916a950
Event: 59.793 Thread 0x000000001eeab800 DEOPT UNPACKING pc=0x00000000026e75d0 sp=0x000000003916a7d0 mode 0


Dynamic libraries:
0x00007ff6c4140000 - 0x00007ff6c4171000 	C:\Program Files\Android\Android Studio1\jre\bin\java.exe
0x00007fff6b710000 - 0x00007fff6b905000 	C:\WINDOWS\SYSTEM32\ntdll.dll
0x00007fff69ac0000 - 0x00007fff69b7d000 	C:\WINDOWS\System32\KERNEL32.DLL
0x00007fff69380000 - 0x00007fff69648000 	C:\WINDOWS\System32\KERNELBASE.dll
0x00007fff69b80000 - 0x00007fff69c2c000 	C:\WINDOWS\System32\ADVAPI32.dll
0x00007fff6b020000 - 0x00007fff6b0be000 	C:\WINDOWS\System32\msvcrt.dll
0x00007fff6a040000 - 0x00007fff6a0db000 	C:\WINDOWS\System32\sechost.dll
0x00007fff6aaf0000 - 0x00007fff6ac1b000 	C:\WINDOWS\System32\RPCRT4.dll
0x00007fff6ac20000 - 0x00007fff6adc0000 	C:\WINDOWS\System32\USER32.dll
0x00007fff68e50000 - 0x00007fff68e72000 	C:\WINDOWS\System32\win32u.dll
0x00007fff6a290000 - 0x00007fff6a2ba000 	C:\WINDOWS\System32\GDI32.dll
0x00007fff69010000 - 0x00007fff6911b000 	C:\WINDOWS\System32\gdi32full.dll
0x00007fff68e80000 - 0x00007fff68f1d000 	C:\WINDOWS\System32\msvcp_win.dll
0x00007fff69650000 - 0x00007fff69750000 	C:\WINDOWS\System32\ucrtbase.dll
0x00007fff4e930000 - 0x00007fff4ebca000 	C:\WINDOWS\WinSxS\amd64_microsoft.windows.common-controls_6595b64144ccf1df_6.0.19041.1052_none_60b8f8fd71f5e8cb\COMCTL32.dll
0x00007fff6ae70000 - 0x00007fff6aea0000 	C:\WINDOWS\System32\IMM32.DLL
0x0000000059dc0000 - 0x0000000059e92000 	C:\Program Files\Android\Android Studio1\jre\jre\bin\msvcr100.dll
0x0000000059000000 - 0x000000005984b000 	C:\Program Files\Android\Android Studio1\jre\jre\bin\server\jvm.dll
0x00007fff69a00000 - 0x00007fff69a08000 	C:\WINDOWS\System32\PSAPI.DLL
0x00007fff61390000 - 0x00007fff61399000 	C:\WINDOWS\SYSTEM32\WSOCK32.dll
0x00007fff50540000 - 0x00007fff50567000 	C:\WINDOWS\SYSTEM32\WINMM.dll
0x00007fff5e970000 - 0x00007fff5e97a000 	C:\WINDOWS\SYSTEM32\VERSION.dll
0x00007fff6aa00000 - 0x00007fff6aa6b000 	C:\WINDOWS\System32\WS2_32.dll
0x00007fff5fc90000 - 0x00007fff5fc9f000 	C:\Program Files\Android\Android Studio1\jre\jre\bin\verify.dll
0x00007fff42970000 - 0x00007fff42999000 	C:\Program Files\Android\Android Studio1\jre\jre\bin\java.dll
0x00007fff4bd90000 - 0x00007fff4bda6000 	C:\Program Files\Android\Android Studio1\jre\jre\bin\zip.dll
0x00007fff6a2c0000 - 0x00007fff6a9ff000 	C:\WINDOWS\System32\SHELL32.dll
0x00007fff66f80000 - 0x00007fff67710000 	C:\WINDOWS\SYSTEM32\windows.storage.dll
0x00007fff69c50000 - 0x00007fff69fa5000 	C:\WINDOWS\System32\combase.dll
0x00007fff688c0000 - 0x00007fff688ec000 	C:\WINDOWS\SYSTEM32\Wldp.dll
0x00007fff6adc0000 - 0x00007fff6ae6e000 	C:\WINDOWS\System32\SHCORE.dll
0x00007fff6b0c0000 - 0x00007fff6b115000 	C:\WINDOWS\System32\shlwapi.dll
0x00007fff68d90000 - 0x00007fff68daf000 	C:\WINDOWS\SYSTEM32\profapi.dll
0x00007fff42a40000 - 0x00007fff42a5a000 	C:\Program Files\Android\Android Studio1\jre\jre\bin\net.dll
0x00007fff68630000 - 0x00007fff6869a000 	C:\WINDOWS\system32\mswsock.dll
0x00007fff42a00000 - 0x00007fff42a13000 	C:\Program Files\Android\Android Studio1\jre\jre\bin\nio.dll
0x00007fff54830000 - 0x00007fff54857000 	C:\Users\Ankit kumar\.gradle\native\f6784746aeab05261644944871eae4fe03e0ef1612fff0a4a95f87b438bc6780\windows-amd64\native-platform.dll
0x00007fff5fc60000 - 0x00007fff5fc6d000 	C:\Program Files\Android\Android Studio1\jre\jre\bin\management.dll
0x00007fff68810000 - 0x00007fff68828000 	C:\WINDOWS\SYSTEM32\CRYPTSP.dll
0x00007fff67f60000 - 0x00007fff67f94000 	C:\WINDOWS\system32\rsaenh.dll
0x00007fff69750000 - 0x00007fff69777000 	C:\WINDOWS\System32\bcrypt.dll
0x00007fff68d10000 - 0x00007fff68d3e000 	C:\WINDOWS\SYSTEM32\USERENV.dll
0x00007fff68f80000 - 0x00007fff69003000 	C:\WINDOWS\System32\bcryptprimitives.dll
0x00007fff68800000 - 0x00007fff6880c000 	C:\WINDOWS\SYSTEM32\CRYPTBASE.dll
0x00007fff682d0000 - 0x00007fff6830b000 	C:\WINDOWS\SYSTEM32\IPHLPAPI.DLL
0x00007fff6b120000 - 0x00007fff6b128000 	C:\WINDOWS\System32\NSI.dll
0x00007fff5df30000 - 0x00007fff5df47000 	C:\WINDOWS\SYSTEM32\dhcpcsvc6.DLL
0x00007fff5d590000 - 0x00007fff5d5ad000 	C:\WINDOWS\SYSTEM32\dhcpcsvc.DLL
0x00007fff68320000 - 0x00007fff683ec000 	C:\WINDOWS\SYSTEM32\DNSAPI.dll
0x00007fff5dfc0000 - 0x00007fff5dfcb000 	C:\WINDOWS\SYSTEM32\WINNSI.DLL
0x00007fff61370000 - 0x00007fff6138e000 	C:\Users\Ankit kumar\AppData\Local\Temp\native-platform424629655405791582dir\native-platform.dll
0x00007fff614a0000 - 0x00007fff614c4000 	C:\Program Files\Android\Android Studio1\jre\jre\bin\sunec.dll
0x00007fff5dff0000 - 0x00007fff5dffa000 	C:\Windows\System32\rasadhlp.dll
0x00007fff56b60000 - 0x00007fff56bdf000 	C:\WINDOWS\System32\fwpuclnt.dll
0x00007fff613d0000 - 0x00007fff613db000 	C:\Program Files\Android\Android Studio1\jre\jre\bin\sunmscapi.dll
0x00007fff69170000 - 0x00007fff692cf000 	C:\WINDOWS\System32\CRYPT32.dll
0x00007fff34b80000 - 0x00007fff34b97000 	C:\WINDOWS\system32\napinsp.dll
0x00007fff34b60000 - 0x00007fff34b7b000 	C:\WINDOWS\system32\pnrpnsp.dll
0x00007fff60900000 - 0x00007fff60915000 	C:\WINDOWS\system32\wshbth.dll
0x00007fff611e0000 - 0x00007fff611fd000 	C:\WINDOWS\system32\NLAapi.dll
0x00007fff34b40000 - 0x00007fff34b52000 	C:\WINDOWS\System32\winrnr.dll
0x00007fff67b90000 - 0x00007fff67bc3000 	C:\WINDOWS\SYSTEM32\ntmarta.dll

VM Arguments:
jvm_args: -Xmx2048m -Dfile.encoding=UTF-8 -Duser.country=IN -Duser.language=en -Duser.variant 
java_command: org.gradle.launcher.daemon.bootstrap.GradleDaemon 6.5
java_class_path (initial): C:\Users\Ankit kumar\.gradle\wrapper\dists\gradle-6.5-bin\6nifqtx7604sqp1q6g8wikw7p\gradle-6.5\lib\gradle-launcher-6.5.jar
Launcher Type: SUN_STANDARD

Environment Variables:
PATH=C:\Users\Ankit kumar\AppData\Local\Android\Sdk\platform-tools;C:\Windows;C:\Windows\System32\Wbem;C:\Windows\System32\WindowsPowerShell\v1.0\;C:\Windows\System32\OpenSSH\;C:\Program Files (x86)\NVIDIA Corporation\PhysX\Common;C:\Program Files\Intel\WiFi\bin\;C:\Program Files\Common Files\Intel\WirelessCommon\;C:\Program Files\Java\jdk-11.0.5\bin;C:\WINDOWS\system32;C:\WINDOWS;C:\WINDOWS\System32\Wbem;C:\WINDOWS\System32\WindowsPowerShell\v1.0\;C:\WINDOWS\System32\OpenSSH\;C:\Program Files\PuTTY\;C:\Program Files\Git\cmd;C:\Users\Ankit kumar\AppData\Local\Microsoft\WindowsApps;C:\Users\Ankit kumar\AppData\Local\GitHubDesktop\bin
USERNAME=Ankit kumar
OS=Windows_NT
PROCESSOR_IDENTIFIER=Intel64 Family 6 Model 142 Stepping 12, GenuineIntel



---------------  S Y S T E M  ---------------

OS: Windows 10.0 , 64 bit Build 19041 (10.0.19041.1023)

CPU:total 8 (initial active 8) (4 cores per cpu, 2 threads per core) family 6 model 142 stepping 12, cmov, cx8, fxsr, mmx, sse, sse2, sse3, ssse3, sse4.1, sse4.2, popcnt, avx, avx2, aes, clmul, erms, 3dnowpref, lzcnt, ht, tsc, tscinvbit, bmi1, bmi2, adx

Memory: 4k page, physical 8236416k(731700k free), swap 8236416k(5888k free)

vm_info: OpenJDK 64-Bit Server VM (25.242-b01) for windows-amd64 JRE (1.8.0_242-release-1644-b01), built by "builder" with MS VC++ 10.0 (VS2010)

time: Mon Jun 14 13:15:19 2021
timezone: India Standard Time
elapsed time: 59 seconds (0d 0h 0m 59s)

