#
# There is insufficient memory for the Java Runtime Environment to continue.
# Native memory allocation (malloc) failed to allocate 32744 bytes for ChunkPool::allocate
# Possible reasons:
#   The system is out of physical RAM or swap space
#   The process is running with CompressedOops enabled, and the Java Heap may be blocking the growth of the native heap
# Possible solutions:
#   Reduce memory load on the system
#   Increase physical memory or swap space
#   Check if swap backing store is full
#   Decrease Java heap size (-Xmx/-Xms)
#   Decrease number of Java threads
#   Decrease Java thread stack sizes (-Xss)
#   Set larger code cache with -XX:ReservedCodeCacheSize=
#   JVM is running with Unscaled Compressed Oops mode in which the Java heap is
#     placed in the first 4GB address space. The Java Heap base address is the
#     maximum limit for the native heap growth. Please use -XX:HeapBaseMinAddress
#     to set the Java Heap base and to place the Java Heap above 4GB virtual address.
# This output file may be truncated or incomplete.
#
#  Out of Memory Error (allocation.cpp:272), pid=2364, tid=0x00000000000033b4
#
# JRE version: OpenJDK Runtime Environment (8.0_242-b01) (build 1.8.0_242-release-1644-b01)
# Java VM: OpenJDK 64-Bit Server VM (25.242-b01 mixed mode windows-amd64 compressed oops)
# Failed to write core dump. Minidumps are not enabled by default on client versions of Windows
#

---------------  T H R E A D  ---------------

Current thread (0x0000000002715000):  JavaThread "main" [_thread_in_vm, id=13236, stack(0x0000000002610000,0x0000000002710000)]

Stack: [0x0000000002610000,0x0000000002710000]
[error occurred during error reporting (printing stack bounds), id 0xc0000005]

Native frames: (J=compiled Java code, j=interpreted, Vv=VM code, C=native code)

Java frames: (J=compiled Java code, j=interpreted, Vv=VM code)
j  sun.misc.Unsafe.defineAnonymousClass(Ljava/lang/Class;[B[Ljava/lang/Object;)Ljava/lang/Class;+0
j  java.lang.invoke.InnerClassLambdaMetafactory.spinInnerClass()Ljava/lang/Class;+511
j  java.lang.invoke.InnerClassLambdaMetafactory.buildCallSite()Ljava/lang/invoke/CallSite;+1
j  java.lang.invoke.LambdaMetafactory.metafactory(Ljava/lang/invoke/MethodHandles$Lookup;Ljava/lang/String;Ljava/lang/invoke/MethodType;Ljava/lang/invoke/MethodType;Ljava/lang/invoke/MethodHandle;Ljava/lang/invoke/MethodType;)Ljava/lang/invoke/CallSite;+31
j  java.lang.invoke.LambdaForm$DMH.invokeStatic_L6_L(Ljava/lang/Object;Ljava/lang/Object;Ljava/lang/Object;Ljava/lang/Object;Ljava/lang/Object;Ljava/lang/Object;Ljava/lang/Object;)Ljava/lang/Object;+20
j  java.lang.invoke.LambdaForm$BMH.reinvoke(Ljava/lang/Object;Ljava/lang/Object;Ljava/lang/Object;Ljava/lang/Object;Ljava/lang/Object;Ljava/lang/Object;Ljava/lang/Object;)Ljava/lang/Object;+79
j  java.lang.invoke.LambdaForm$MH.invoke_MT(Ljava/lang/Object;Ljava/lang/Object;Ljava/lang/Object;Ljava/lang/Object;Ljava/lang/Object;Ljava/lang/Object;Ljava/lang/Object;Ljava/lang/Object;)Ljava/lang/Object;+30
j  java.lang.invoke.CallSite.makeSite(Ljava/lang/invoke/MethodHandle;Ljava/lang/String;Ljava/lang/invoke/MethodType;Ljava/lang/Object;Ljava/lang/Class;)Ljava/lang/invoke/CallSite;+184
j  java.lang.invoke.MethodHandleNatives.linkCallSiteImpl(Ljava/lang/Class;Ljava/lang/invoke/MethodHandle;Ljava/lang/String;Ljava/lang/invoke/MethodType;Ljava/lang/Object;[Ljava/lang/Object;)Ljava/lang/invoke/MemberName;+6
j  java.lang.invoke.MethodHandleNatives.linkCallSite(Ljava/lang/Object;Ljava/lang/Object;Ljava/lang/Object;Ljava/lang/Object;Ljava/lang/Object;[Ljava/lang/Object;)Ljava/lang/invoke/MemberName;+45
v  ~StubRoutines::call_stub
j  org.jetbrains.kotlin.com.intellij.openapi.vfs.CompactVirtualFileSet.iterator()Ljava/util/Iterator;+102
j  java.util.AbstractSet.hashCode()I+3
j  org.jetbrains.kotlin.com.intellij.psi.search.GlobalSearchScope$FilesScope.calcHashCode()I+4
j  org.jetbrains.kotlin.com.intellij.psi.search.SearchScope.hashCode()I+11
j  gnu.trove.TObjectHash.computeHashCode(Ljava/lang/Object;)I+5
J 1563 C1 gnu.trove.TObjectHash.insertionIndex(Ljava/lang/Object;)I (273 bytes) @ 0x0000000002cd9ec4 [0x0000000002cd9ca0+0x224]
j  gnu.trove.THashSet.add(Ljava/lang/Object;)Z+2
j  org.jetbrains.kotlin.com.intellij.psi.search.GlobalSearchScope$UnionScope.create([Lorg/jetbrains/kotlin/com/intellij/psi/search/GlobalSearchScope;)Lorg/jetbrains/kotlin/com/intellij/psi/search/GlobalSearchScope;+95
j  org.jetbrains.kotlin.com.intellij.psi.search.GlobalSearchScope.uniteWith(Lorg/jetbrains/kotlin/com/intellij/psi/search/GlobalSearchScope;)Lorg/jetbrains/kotlin/com/intellij/psi/search/GlobalSearchScope;+21
j  org.jetbrains.kotlin.cli.jvm.compiler.TopDownAnalyzerFacadeForJVM.newModuleSearchScope(Lorg/jetbrains/kotlin/com/intellij/openapi/project/Project;Ljava/util/Collection;)Lorg/jetbrains/kotlin/com/intellij/psi/search/GlobalSearchScope;+143
j  org.jetbrains.kotlin.cli.jvm.compiler.KotlinToJVMBytecodeCompiler$analyze$1.invoke()Lorg/jetbrains/kotlin/analyzer/AnalysisResult;+194
j  org.jetbrains.kotlin.cli.jvm.compiler.KotlinToJVMBytecodeCompiler$analyze$1.invoke()Ljava/lang/Object;+1
j  org.jetbrains.kotlin.cli.common.messages.AnalyzerWithCompilerReport.analyzeAndReport(Ljava/util/Collection;Lkotlin/jvm/functions/Function0;)V+16
j  org.jetbrains.kotlin.cli.jvm.compiler.KotlinToJVMBytecodeCompiler.analyze(Lorg/jetbrains/kotlin/cli/jvm/compiler/KotlinCoreEnvironment;Ljava/lang/String;)Lorg/jetbrains/kotlin/analyzer/AnalysisResult;+83
j  org.jetbrains.kotlin.cli.jvm.compiler.KotlinToJVMBytecodeCompiler.compileModules$cli(Lorg/jetbrains/kotlin/cli/jvm/compiler/KotlinCoreEnvironment;Ljava/io/File;Ljava/util/List;)Z+208
j  org.jetbrains.kotlin.cli.jvm.K2JVMCompiler.doExecute(Lorg/jetbrains/kotlin/cli/common/arguments/K2JVMCompilerArguments;Lorg/jetbrains/kotlin/config/CompilerConfiguration;Lorg/jetbrains/kotlin/com/intellij/openapi/Disposable;Lorg/jetbrains/kotlin/utils/KotlinPaths;)Lorg/jetbrains/kotlin/cli/common/ExitCode;+1023
j  org.jetbrains.kotlin.cli.jvm.K2JVMCompiler.doExecute(Lorg/jetbrains/kotlin/cli/common/arguments/CommonCompilerArguments;Lorg/jetbrains/kotlin/config/CompilerConfiguration;Lorg/jetbrains/kotlin/com/intellij/openapi/Disposable;Lorg/jetbrains/kotlin/utils/KotlinPaths;)Lorg/jetbrains/kotlin/cli/common/ExitCode;+9
j  org.jetbrains.kotlin.cli.common.CLICompiler.execImpl(Lorg/jetbrains/kotlin/cli/common/messages/MessageCollector;Lorg/jetbrains/kotlin/config/Services;Lorg/jetbrains/kotlin/cli/common/arguments/CommonCompilerArguments;)Lorg/jetbrains/kotlin/cli/common/ExitCode;+191
j  org.jetbrains.kotlin.cli.common.CLICompiler.execImpl(Lorg/jetbrains/kotlin/cli/common/messages/MessageCollector;Lorg/jetbrains/kotlin/config/Services;Lorg/jetbrains/kotlin/cli/common/arguments/CommonToolArguments;)Lorg/jetbrains/kotlin/cli/common/ExitCode;+7
j  org.jetbrains.kotlin.cli.common.CLITool.exec(Lorg/jetbrains/kotlin/cli/common/messages/MessageCollector;Lorg/jetbrains/kotlin/config/Services;Lorg/jetbrains/kotlin/cli/common/arguments/CommonToolArguments;)Lorg/jetbrains/kotlin/cli/common/ExitCode;+76
j  org.jetbrains.kotlin.cli.common.CLITool.exec(Ljava/io/PrintStream;Lorg/jetbrains/kotlin/config/Services;Lorg/jetbrains/kotlin/cli/common/messages/MessageRenderer;[Ljava/lang/String;)Lorg/jetbrains/kotlin/cli/common/ExitCode;+209
j  org.jetbrains.kotlin.cli.common.CLITool.exec(Ljava/io/PrintStream;[Ljava/lang/String;)Lorg/jetbrains/kotlin/cli/common/ExitCode;+152
j  org.jetbrains.kotlin.cli.common.CLITool$Companion.doMainNoExit(Lorg/jetbrains/kotlin/cli/common/CLITool;[Ljava/lang/String;)Lorg/jetbrains/kotlin/cli/common/ExitCode;+32
j  org.jetbrains.kotlin.cli.common.CLITool$Companion.doMain(Lorg/jetbrains/kotlin/cli/common/CLITool;[Ljava/lang/String;)V+53
j  org.jetbrains.kotlin.cli.jvm.K2JVMCompiler$Companion.main([Ljava/lang/String;)V+20
j  org.jetbrains.kotlin.cli.jvm.K2JVMCompiler.main([Ljava/lang/String;)V+4
v  ~StubRoutines::call_stub

---------------  P R O C E S S  ---------------

Java Threads: ( => current thread )
  0x00000000195eb800 JavaThread "Service Thread" daemon [_thread_blocked, id=9088, stack(0x000000001a210000,0x000000001a310000)]
  0x0000000019554800 JavaThread "C1 CompilerThread3" daemon [_thread_blocked, id=4860, stack(0x000000001a110000,0x000000001a210000)]
  0x000000001954e800 JavaThread "C2 CompilerThread2" daemon [_thread_in_native, id=8824, stack(0x000000001a010000,0x000000001a110000)]
  0x000000001954d000 JavaThread "C2 CompilerThread1" daemon [_thread_in_native, id=10288, stack(0x0000000019f10000,0x000000001a010000)]
  0x0000000019549800 JavaThread "C2 CompilerThread0" daemon [_thread_in_native, id=2608, stack(0x0000000019e10000,0x0000000019f10000)]
  0x0000000019544800 JavaThread "Attach Listener" daemon [_thread_blocked, id=6512, stack(0x0000000019d10000,0x0000000019e10000)]
  0x0000000019543800 JavaThread "Signal Dispatcher" daemon [_thread_blocked, id=1996, stack(0x0000000019c10000,0x0000000019d10000)]
  0x0000000017720000 JavaThread "Finalizer" daemon [_thread_blocked, id=9864, stack(0x0000000019a10000,0x0000000019b10000)]
  0x0000000019530800 JavaThread "Reference Handler" daemon [_thread_blocked, id=11476, stack(0x0000000019910000,0x0000000019a10000)]
=>0x0000000002715000 JavaThread "main" [_thread_in_vm, id=13236, stack(0x0000000002610000,0x0000000002710000)]

Other Threads:
  0x000000000280d000 VMThread [stack: 0x0000000019410000,0x0000000019510000] [id=9696]
  0x00000000195ec800 WatcherThread [stack: 0x000000001a310000,0x000000001a410000] [id=12380]

VM state:not at safepoint (normal execution)

VM Mutex/Monitor currently owned by a thread: None

heap address: 0x0000000082400000, size: 2012 MB, Compressed Oops mode: 32-bit
Narrow klass base: 0x0000000000000000, Narrow klass shift: 3
Compressed class space size: 1073741824 Address: 0x0000000100000000

Heap:
 PSYoungGen      total 37888K, used 30472K [0x00000000d6180000, 0x00000000d8b80000, 0x0000000100000000)
  eden space 32768K, 92% used [0x00000000d6180000,0x00000000d7f42298,0x00000000d8180000)
  from space 5120K, 0% used [0x00000000d8180000,0x00000000d8180000,0x00000000d8680000)
  to   space 5120K, 0% used [0x00000000d8680000,0x00000000d8680000,0x00000000d8b80000)
 ParOldGen       total 63488K, used 7326K [0x0000000082400000, 0x0000000086200000, 0x00000000d6180000)
  object space 63488K, 11% used [0x0000000082400000,0x0000000082b27a90,0x0000000086200000)
 Metaspace       used 21830K, capacity 22278K, committed 22528K, reserved 1073152K
  class space    used 2616K, capacity 2757K, committed 2816K, reserved 1048576K

Card table byte_map: [0x0000000011bd0000,0x0000000011fc0000] byte_map_base: 0x00000000117be000

Marking Bits: (ParMarkBitMap*) 0x000000006b1ff030
 Begin Bits: [0x0000000012a60000, 0x00000000149d0000)
 End Bits:   [0x00000000149d0000, 0x0000000016940000)

Polling page: 0x0000000000cb0000

CodeCache: size=245760Kb used=5280Kb max_used=5280Kb free=240479Kb
 bounds [0x0000000002810000, 0x0000000002d40000, 0x0000000011810000]
 total_blobs=2151 nmethods=1739 adapters=325
 compilation: enabled

Compilation events (10 events):
Event: 2.251 Thread 0x0000000019554800 1737       1       org.jetbrains.kotlin.cli.jvm.index.JavaRoot::component1 (5 bytes)
Event: 2.251 Thread 0x0000000019554800 nmethod 1737 0x0000000002d39710 code [0x0000000002d39860, 0x0000000002d39970]
Event: 2.256 Thread 0x000000001954d000 1738   !   4       java.net.URLClassLoader$1::run (63 bytes)
Event: 2.266 Thread 0x0000000019554800 1740       1       org.jetbrains.kotlin.com.intellij.psi.tree.IElementType::getIndex (5 bytes)
Event: 2.266 Thread 0x0000000019554800 nmethod 1740 0x0000000002d399d0 code [0x0000000002d39b20, 0x0000000002d39c30]
Event: 2.281 Thread 0x0000000019554800 1741       3       java.lang.invoke.MethodHandles$Lookup::<init> (15 bytes)
Event: 2.281 Thread 0x0000000019554800 nmethod 1741 0x0000000002d39c90 code [0x0000000002d39de0, 0x0000000002d39fb0]
Event: 2.281 Thread 0x0000000019554800 1743       3       jdk.internal.org.objectweb.asm.MethodWriter::visitCode (1 bytes)
Event: 2.281 Thread 0x0000000019554800 nmethod 1743 0x0000000002d3a050 code [0x0000000002d3a1a0, 0x0000000002d3a2f0]
Event: 2.281 Thread 0x0000000019554800 1742       3       java.lang.invoke.MethodHandles$Lookup::in (125 bytes)

GC Heap History (8 events):
Event: 0.972 GC heap before
{Heap before GC invocations=1 (full 0):
 PSYoungGen      total 37888K, used 32768K [0x00000000d6180000, 0x00000000d8b80000, 0x0000000100000000)
  eden space 32768K, 100% used [0x00000000d6180000,0x00000000d8180000,0x00000000d8180000)
  from space 5120K, 0% used [0x00000000d8680000,0x00000000d8680000,0x00000000d8b80000)
  to   space 5120K, 0% used [0x00000000d8180000,0x00000000d8180000,0x00000000d8680000)
 ParOldGen       total 86016K, used 0K [0x0000000082400000, 0x0000000087800000, 0x00000000d6180000)
  object space 86016K, 0% used [0x0000000082400000,0x0000000082400000,0x0000000087800000)
 Metaspace       used 9987K, capacity 10140K, committed 10368K, reserved 1058816K
  class space    used 1087K, capacity 1148K, committed 1152K, reserved 1048576K
Event: 0.977 GC heap after
Heap after GC invocations=1 (full 0):
 PSYoungGen      total 37888K, used 5100K [0x00000000d6180000, 0x00000000d8b80000, 0x0000000100000000)
  eden space 32768K, 0% used [0x00000000d6180000,0x00000000d6180000,0x00000000d8180000)
  from space 5120K, 99% used [0x00000000d8180000,0x00000000d867b290,0x00000000d8680000)
  to   space 5120K, 0% used [0x00000000d8680000,0x00000000d8680000,0x00000000d8b80000)
 ParOldGen       total 86016K, used 2545K [0x0000000082400000, 0x0000000087800000, 0x00000000d6180000)
  object space 86016K, 2% used [0x0000000082400000,0x000000008267c5c8,0x0000000087800000)
 Metaspace       used 9987K, capacity 10140K, committed 10368K, reserved 1058816K
  class space    used 1087K, capacity 1148K, committed 1152K, reserved 1048576K
}
Event: 1.571 GC heap before
{Heap before GC invocations=2 (full 0):
 PSYoungGen      total 37888K, used 37868K [0x00000000d6180000, 0x00000000d8b80000, 0x0000000100000000)
  eden space 32768K, 100% used [0x00000000d6180000,0x00000000d8180000,0x00000000d8180000)
  from space 5120K, 99% used [0x00000000d8180000,0x00000000d867b290,0x00000000d8680000)
  to   space 5120K, 0% used [0x00000000d8680000,0x00000000d8680000,0x00000000d8b80000)
 ParOldGen       total 86016K, used 2545K [0x0000000082400000, 0x0000000087800000, 0x00000000d6180000)
  object space 86016K, 2% used [0x0000000082400000,0x000000008267c5c8,0x0000000087800000)
 Metaspace       used 15591K, capacity 15918K, committed 16000K, reserved 1062912K
  class space    used 1817K, capacity 1907K, committed 1920K, reserved 1048576K
Event: 1.583 GC heap after
Heap after GC invocations=2 (full 0):
 PSYoungGen      total 37888K, used 5092K [0x00000000d6180000, 0x00000000d8b80000, 0x0000000100000000)
  eden space 32768K, 0% used [0x00000000d6180000,0x00000000d6180000,0x00000000d8180000)
  from space 5120K, 99% used [0x00000000d8680000,0x00000000d8b79090,0x00000000d8b80000)
  to   space 5120K, 0% used [0x00000000d8180000,0x00000000d8180000,0x00000000d8680000)
 ParOldGen       total 86016K, used 7432K [0x0000000082400000, 0x0000000087800000, 0x00000000d6180000)
  object space 86016K, 8% used [0x0000000082400000,0x0000000082b420c0,0x0000000087800000)
 Metaspace       used 15591K, capacity 15918K, committed 16000K, reserved 1062912K
  class space    used 1817K, capacity 1907K, committed 1920K, reserved 1048576K
}
Event: 1.808 GC heap before
{Heap before GC invocations=3 (full 0):
 PSYoungGen      total 37888K, used 16488K [0x00000000d6180000, 0x00000000d8b80000, 0x0000000100000000)
  eden space 32768K, 34% used [0x00000000d6180000,0x00000000d6ca10f8,0x00000000d8180000)
  from space 5120K, 99% used [0x00000000d8680000,0x00000000d8b79090,0x00000000d8b80000)
  to   space 5120K, 0% used [0x00000000d8180000,0x00000000d8180000,0x00000000d8680000)
 ParOldGen       total 86016K, used 7432K [0x0000000082400000, 0x0000000087800000, 0x00000000d6180000)
  object space 86016K, 8% used [0x0000000082400000,0x0000000082b420c0,0x0000000087800000)
 Metaspace       used 18493K, capacity 18816K, committed 18944K, reserved 1073152K
  class space    used 2172K, capacity 2292K, committed 2304K, reserved 1048576K
Event: 1.815 GC heap after
Heap after GC invocations=3 (full 0):
 PSYoungGen      total 37888K, used 5088K [0x00000000d6180000, 0x00000000d8b80000, 0x0000000100000000)
  eden space 32768K, 0% used [0x00000000d6180000,0x00000000d6180000,0x00000000d8180000)
  from space 5120K, 99% used [0x00000000d8180000,0x00000000d8678030,0x00000000d8680000)
  to   space 5120K, 0% used [0x00000000d8680000,0x00000000d8680000,0x00000000d8b80000)
 ParOldGen       total 86016K, used 9818K [0x0000000082400000, 0x0000000087800000, 0x00000000d6180000)
  object space 86016K, 11% used [0x0000000082400000,0x0000000082d969d0,0x0000000087800000)
 Metaspace       used 18493K, capacity 18816K, committed 18944K, reserved 1073152K
  class space    used 2172K, capacity 2292K, committed 2304K, reserved 1048576K
}
Event: 1.815 GC heap before
{Heap before GC invocations=4 (full 1):
 PSYoungGen      total 37888K, used 5088K [0x00000000d6180000, 0x00000000d8b80000, 0x0000000100000000)
  eden space 32768K, 0% used [0x00000000d6180000,0x00000000d6180000,0x00000000d8180000)
  from space 5120K, 99% used [0x00000000d8180000,0x00000000d8678030,0x00000000d8680000)
  to   space 5120K, 0% used [0x00000000d8680000,0x00000000d8680000,0x00000000d8b80000)
 ParOldGen       total 86016K, used 9818K [0x0000000082400000, 0x0000000087800000, 0x00000000d6180000)
  object space 86016K, 11% used [0x0000000082400000,0x0000000082d969d0,0x0000000087800000)
 Metaspace       used 18493K, capacity 18816K, committed 18944K, reserved 1073152K
  class space    used 2172K, capacity 2292K, committed 2304K, reserved 1048576K
Event: 1.855 GC heap after
Heap after GC invocations=4 (full 1):
 PSYoungGen      total 37888K, used 0K [0x00000000d6180000, 0x00000000d8b80000, 0x0000000100000000)
  eden space 32768K, 0% used [0x00000000d6180000,0x00000000d6180000,0x00000000d8180000)
  from space 5120K, 0% used [0x00000000d8180000,0x00000000d8180000,0x00000000d8680000)
  to   space 5120K, 0% used [0x00000000d8680000,0x00000000d8680000,0x00000000d8b80000)
 ParOldGen       total 63488K, used 7326K [0x0000000082400000, 0x0000000086200000, 0x00000000d6180000)
  object space 63488K, 11% used [0x0000000082400000,0x0000000082b27a90,0x0000000086200000)
 Metaspace       used 18493K, capacity 18816K, committed 18944K, reserved 1071104K
  class space    used 2172K, capacity 2292K, committed 2304K, reserved 1048576K
}

Deoptimization events (10 events):
Event: 1.895 Thread 0x0000000002715000 Uncommon trap: reason=unstable_if action=reinterpret pc=0x00000000029c3808 method=java.lang.String.startsWith(Ljava/lang/String;I)Z @ 25
Event: 2.123 Thread 0x0000000002715000 Uncommon trap: reason=unstable_if action=reinterpret pc=0x0000000002b8aa24 method=java.lang.String.<init>([CII)V @ 18
Event: 2.279 Thread 0x0000000002715000 Uncommon trap: reason=class_check action=maybe_recompile pc=0x0000000002d0b6a0 method=gnu.trove.TObjectHash.computeHashCode(Ljava/lang/Object;)I @ 5
Event: 2.279 Thread 0x0000000002715000 Uncommon trap: reason=class_check action=maybe_recompile pc=0x0000000002d0b6a0 method=gnu.trove.TObjectHash.computeHashCode(Ljava/lang/Object;)I @ 5
Event: 2.279 Thread 0x0000000002715000 Uncommon trap: reason=class_check action=maybe_recompile pc=0x0000000002d0b6a0 method=gnu.trove.TObjectHash.computeHashCode(Ljava/lang/Object;)I @ 5
Event: 2.279 Thread 0x0000000002715000 Uncommon trap: reason=class_check action=maybe_recompile pc=0x0000000002d0b6a0 method=gnu.trove.TObjectHash.computeHashCode(Ljava/lang/Object;)I @ 5
Event: 2.279 Thread 0x0000000002715000 Uncommon trap: reason=class_check action=maybe_recompile pc=0x0000000002d06d08 method=gnu.trove.TObjectHash.equals(Ljava/lang/Object;Ljava/lang/Object;)Z @ 6
Event: 2.279 Thread 0x0000000002715000 Uncommon trap: reason=class_check action=maybe_recompile pc=0x0000000002d06d08 method=gnu.trove.TObjectHash.equals(Ljava/lang/Object;Ljava/lang/Object;)Z @ 6
Event: 2.279 Thread 0x0000000002715000 Uncommon trap: reason=class_check action=maybe_recompile pc=0x0000000002d06d08 method=gnu.trove.TObjectHash.equals(Ljava/lang/Object;Ljava/lang/Object;)Z @ 6
Event: 2.279 Thread 0x0000000002715000 Uncommon trap: reason=class_check action=maybe_recompile pc=0x0000000002d06d08 method=gnu.trove.TObjectHash.equals(Ljava/lang/Object;Ljava/lang/Object;)Z @ 6

Classes redefined (0 events):
No events

Internal exceptions (10 events):
Event: 0.641 Thread 0x0000000002715000 Exception <a 'java/security/PrivilegedActionException'> (0x00000000d70278a8) thrown at [C:\src\AOSP-openjdk-git\hotspot\src\share\vm\prims\jvm.cpp, line 1502]
Event: 0.641 Thread 0x0000000002715000 Exception <a 'java/security/PrivilegedActionException'> (0x00000000d70293e8) thrown at [C:\src\AOSP-openjdk-git\hotspot\src\share\vm\prims\jvm.cpp, line 1502]
Event: 0.642 Thread 0x0000000002715000 Exception <a 'java/security/PrivilegedActionException'> (0x00000000d70297e0) thrown at [C:\src\AOSP-openjdk-git\hotspot\src\share\vm\prims\jvm.cpp, line 1502]
Event: 0.919 Thread 0x0000000002715000 Exception <a 'java/lang/ArrayIndexOutOfBoundsException'> (0x00000000d7d606c8) thrown at [C:\src\AOSP-openjdk-git\hotspot\src\share\vm\runtime\sharedRuntime.cpp, line 605]
Event: 1.068 Thread 0x0000000002715000 Exception <a 'java/lang/ArrayIndexOutOfBoundsException'> (0x00000000d673da48) thrown at [C:\src\AOSP-openjdk-git\hotspot\src\share\vm\runtime\sharedRuntime.cpp, line 605]
Event: 1.610 Thread 0x0000000002715000 Exception <a 'java/lang/NoSuchMethodError': java.lang.Object.lambda$comparing$77a9974f$1(Ljava/util/function/Function;Ljava/lang/Object;Ljava/lang/Object;)I> (0x00000000d6289d58) thrown at [C:\src\AOSP-openjdk-git\hotspot\src\share\vm\interpreter\linkReso
Event: 1.635 Thread 0x0000000002715000 Exception <a 'java/lang/NoSuchMethodError': java.lang.Object.lambda$static$0()J> (0x00000000d63c5a78) thrown at [C:\src\AOSP-openjdk-git\hotspot\src\share\vm\interpreter\linkResolver.cpp, line 620]
Event: 1.794 Thread 0x0000000002715000 Exception <a 'java/lang/NoSuchMethodError': java.lang.Object.lambda$static$0(I)[Lorg/jetbrains/kotlin/com/intellij/openapi/editor/event/DocumentListener;> (0x00000000d6b228b8) thrown at [C:\src\AOSP-openjdk-git\hotspot\src\share\vm\interpreter\linkResolve
Event: 1.877 Thread 0x0000000002715000 Exception <a 'java/lang/NoSuchMethodError': java.lang.Object.lambda$static$0(I)[Lorg/jetbrains/kotlin/com/intellij/psi/PsiAnnotation;> (0x00000000d62aeff0) thrown at [C:\src\AOSP-openjdk-git\hotspot\src\share\vm\interpreter\linkResolver.cpp, line 620]
Event: 1.973 Thread 0x0000000002715000 Exception <a 'java/lang/NoSuchMethodError': java.lang.Object.lambda$static$0(I)[Lorg/jetbrains/kotlin/com/intellij/psi/PsiElement;> (0x00000000d6743740) thrown at [C:\src\AOSP-openjdk-git\hotspot\src\share\vm\interpreter\linkResolver.cpp, line 620]

Events (10 events):
Event: 2.280 loading class org/jetbrains/kotlin/com/intellij/psi/search/GlobalSearchScope$UnionScope
Event: 2.280 loading class org/jetbrains/kotlin/com/intellij/psi/search/GlobalSearchScope$UnionScope done
Event: 2.280 loading class gnu/trove/TObjectHashIterator
Event: 2.280 loading class gnu/trove/TObjectHashIterator done
Event: 2.280 loading class org/jetbrains/kotlin/com/intellij/util/containers/SequenceIterator
Event: 2.280 loading class org/jetbrains/kotlin/com/intellij/util/containers/SequenceIterator done
Event: 2.281 loading class org/jetbrains/kotlin/com/intellij/openapi/vfs/VirtualFile
Event: 2.281 loading class org/jetbrains/kotlin/com/intellij/openapi/vfs/VirtualFile done
Event: 2.281 loading class org/jetbrains/kotlin/com/intellij/openapi/util/Condition
Event: 2.281 loading class org/jetbrains/kotlin/com/intellij/openapi/util/Condition done


Dynamic libraries:
0x00007ff7fcf10000 - 0x00007ff7fcf41000 	C:\Program Files\Android\Android Studio1\jre\jre\bin\java.exe
0x00007ffe6d3d0000 - 0x00007ffe6d5c5000 	C:\WINDOWS\SYSTEM32\ntdll.dll
0x00007ffe6b440000 - 0x00007ffe6b4fd000 	C:\WINDOWS\System32\KERNEL32.DLL
0x00007ffe6ad50000 - 0x00007ffe6b018000 	C:\WINDOWS\System32\KERNELBASE.dll
0x00007ffe6d0e0000 - 0x00007ffe6d18c000 	C:\WINDOWS\System32\ADVAPI32.dll
0x00007ffe6c4b0000 - 0x00007ffe6c54e000 	C:\WINDOWS\System32\msvcrt.dll
0x00007ffe6cab0000 - 0x00007ffe6cb4b000 	C:\WINDOWS\System32\sechost.dll
0x00007ffe6c780000 - 0x00007ffe6c8ab000 	C:\WINDOWS\System32\RPCRT4.dll
0x00007ffe6c5e0000 - 0x00007ffe6c780000 	C:\WINDOWS\System32\USER32.dll
0x00007ffe6b230000 - 0x00007ffe6b252000 	C:\WINDOWS\System32\win32u.dll
0x00007ffe6c480000 - 0x00007ffe6c4aa000 	C:\WINDOWS\System32\GDI32.dll
0x00007ffe6b300000 - 0x00007ffe6b40b000 	C:\WINDOWS\System32\gdi32full.dll
0x00007ffe6b260000 - 0x00007ffe6b2fd000 	C:\WINDOWS\System32\msvcp_win.dll
0x00007ffe6b020000 - 0x00007ffe6b120000 	C:\WINDOWS\System32\ucrtbase.dll
0x00007ffe50690000 - 0x00007ffe5092a000 	C:\WINDOWS\WinSxS\amd64_microsoft.windows.common-controls_6595b64144ccf1df_6.0.19041.1052_none_60b8f8fd71f5e8cb\COMCTL32.dll
0x00007ffe6c450000 - 0x00007ffe6c480000 	C:\WINDOWS\System32\IMM32.DLL
0x000000006b7f0000 - 0x000000006b8c2000 	C:\Program Files\Android\Android Studio1\jre\jre\bin\msvcr100.dll
0x000000006aa30000 - 0x000000006b27b000 	C:\Program Files\Android\Android Studio1\jre\jre\bin\server\jvm.dll
0x00007ffe6d320000 - 0x00007ffe6d328000 	C:\WINDOWS\System32\PSAPI.DLL
0x00007ffe49720000 - 0x00007ffe49729000 	C:\WINDOWS\SYSTEM32\WSOCK32.dll
0x00007ffe60500000 - 0x00007ffe6050a000 	C:\WINDOWS\SYSTEM32\VERSION.dll
0x00007ffe4ed90000 - 0x00007ffe4edb7000 	C:\WINDOWS\SYSTEM32\WINMM.dll
0x00007ffe6d190000 - 0x00007ffe6d1fb000 	C:\WINDOWS\System32\WS2_32.dll
0x00007ffe64c10000 - 0x00007ffe64c1f000 	C:\Program Files\Android\Android Studio1\jre\jre\bin\verify.dll
0x00007ffe62250000 - 0x00007ffe62279000 	C:\Program Files\Android\Android Studio1\jre\jre\bin\java.dll
0x00007ffe61e90000 - 0x00007ffe61ea6000 	C:\Program Files\Android\Android Studio1\jre\jre\bin\zip.dll
0x00007ffe6b5f0000 - 0x00007ffe6bd2f000 	C:\WINDOWS\System32\SHELL32.dll
0x00007ffe65b00000 - 0x00007ffe66290000 	C:\WINDOWS\SYSTEM32\windows.storage.dll
0x00007ffe6be00000 - 0x00007ffe6c155000 	C:\WINDOWS\System32\combase.dll
0x00007ffe6a580000 - 0x00007ffe6a5ac000 	C:\WINDOWS\SYSTEM32\Wldp.dll
0x00007ffe6c8b0000 - 0x00007ffe6c95e000 	C:\WINDOWS\System32\SHCORE.dll
0x00007ffe6d330000 - 0x00007ffe6d385000 	C:\WINDOWS\System32\shlwapi.dll
0x00007ffe6aa50000 - 0x00007ffe6aa6f000 	C:\WINDOWS\SYSTEM32\profapi.dll
0x00007ffe56cd0000 - 0x00007ffe56cea000 	C:\Program Files\Android\Android Studio1\jre\jre\bin\net.dll
0x00007ffe6a2f0000 - 0x00007ffe6a35a000 	C:\WINDOWS\system32\mswsock.dll
0x00007ffe56cb0000 - 0x00007ffe56cc3000 	C:\Program Files\Android\Android Studio1\jre\jre\bin\nio.dll

VM Arguments:
java_command: org.jetbrains.kotlin.cli.jvm.K2JVMCompiler -Xallow-no-source-files -classpath C:\Users\Ankit kumar\AndroidStudioProjects\BookStore\app\build\intermediates\compile_and_runtime_not_namespaced_r_class_jar\debug\R.jar;C:\Users\Ankit kumar\.gradle\caches\transforms-2\files-2.1\7a24a943ee537d63e1d7b56c0463db1c\jetified-core-ktx-1.5.0-api.jar;C:\Users\Ankit kumar\.gradle\caches\transforms-2\files-2.1\e16dd20e9c21990ae3e0e86b75ce1868\jetified-kotlin-stdlib-1.4.31.jar;C:\Users\Ankit kumar\.gradle\caches\transforms-2\files-2.1\61a5f92251c610c8168aee1576c96a43\jetified-kotlin-stdlib-common-1.4.31.jar;C:\Users\Ankit kumar\.gradle\caches\transforms-2\files-2.1\64fab6255f9d96d2c98a740788790a80\jetified-annotations-13.0.jar;C:\Users\Ankit kumar\.gradle\caches\transforms-2\files-2.1\bc1a2c7cb7818813a6fab924a288b4b5\material-1.3.0-api.jar;C:\Users\Ankit kumar\.gradle\caches\transforms-2\files-2.1\704217fa5a7e2e220f6bf1a6592173e5\constraintlayout-2.0.4-api.jar;C:\Users\Ankit kumar\.gradle\caches\transforms-2\files-2.1\39208cd8747b4fdf6fc50fe5d70486bf\appcompat-1.3.0-api.jar;C:\Users\Ankit kumar\.gradle\caches\transforms-2\files-2.1\ad4b802ea012b16f4d54ff4d31b3bb07\legacy-support-v4-1.0.0-api.jar;C:\Users\Ankit kumar\.gradle\caches\transforms-2\files-2.1\fe478707fbec09e0b09289ac5afe2e40\jetified-viewpager2-1.0.0-api.jar;C:\Users\Ankit kumar\.gradle\caches\transforms-2\files-2.1\e61186ddf872b5aec5d7903283651d5b\fragment-1.3.4-api.jar;C:\Users\Ankit kumar\.gradle\caches\transforms-2\files-2.1\f77f0fe561acbaa5f776a559197f9eec\jetified-activity-1.2.3-api.jar;C:\Users\Ankit kumar\.gradle\caches\transforms-2\files-2.1\c5f29e1565cb291694cc67cdef8657f2\jetified-appcompat-resources-1.3.0-api.jar;C:\Users\Ankit kumar\.gradle\caches\transforms-2\files-2.1\efb31814de20edc6573e06ad9b89f5b6\legacy-support-core-ui-1.0.0-api.jar;C:\Users\Ankit kumar\.gradle\caches\transforms-2\files-2.1\3dbef3eb4ed03c433873f44b80bcaa34\drawerlayout-1.0.0-api.jar;C:\Users\Ankit kumar\.gradle\caches\tra
java_class_path (initial): C:\Users\Ankit kumar\.gradle\caches\modules-2\files-2.1\org.jetbrains.kotlin\kotlin-compiler-embeddable\1.3.72\fb72232c8fa977d5e07d33c43381ddbdc5edab6\kotlin-compiler-embeddable-1.3.72.jar;C:\Users\Ankit kumar\.gradle\caches\modules-2\files-2.1\org.jetbrains.kotlin\kotlin-reflect\1.3.72\86613e1a669a701b0c660bfd2af4f82a7ae11fca\kotlin-reflect-1.3.72.jar;C:\Users\Ankit kumar\.gradle\caches\modules-2\files-2.1\org.jetbrains.kotlin\kotlin-stdlib\1.3.72\8032138f12c0180bc4e51fe139d4c52b46db6109\kotlin-stdlib-1.3.72.jar;C:\Users\Ankit kumar\.gradle\caches\modules-2\files-2.1\org.jetbrains.kotlin\kotlin-script-runtime\1.3.72\657d8d34d91e1964b4439378c09933e840bfe8d5\kotlin-script-runtime-1.3.72.jar;C:\Users\Ankit kumar\.gradle\caches\modules-2\files-2.1\org.jetbrains.kotlin\kotlin-daemon-embeddable\1.3.72\53bbaa2816dbf6bdb85f629451b1fcc88f2164d2\kotlin-daemon-embeddable-1.3.72.jar;C:\Users\Ankit kumar\.gradle\caches\modules-2\files-2.1\org.jetbrains.intellij.deps\trove4j\1.0.20181211\216c2e14b070f334479d800987affe4054cd563f\trove4j-1.0.20181211.jar;C:\Users\Ankit kumar\.gradle\caches\modules-2\files-2.1\org.jetbrains.kotlin\kotlin-stdlib-common\1.3.72\6ca8bee3d88957eaaaef077c41c908c9940492d8\kotlin-stdlib-common-1.3.72.jar;C:\Users\Ankit kumar\.gradle\caches\modules-2\files-2.1\org.jetbrains\annotations\13.0\919f0dfe192fb4e063e7dacadee7f8bb9a2672a9\annotations-13.0.jar;C:\Program Files\Android\Android Studio1\jre\lib\tools.jar
Launcher Type: SUN_STANDARD

Environment Variables:
PATH=C:\Users\Ankit kumar\AppData\Local\Android\Sdk\platform-tools;C:\Windows;C:\Windows\System32\Wbem;C:\Windows\System32\WindowsPowerShell\v1.0\;C:\Windows\System32\OpenSSH\;C:\Program Files (x86)\NVIDIA Corporation\PhysX\Common;C:\Program Files\Intel\WiFi\bin\;C:\Program Files\Common Files\Intel\WirelessCommon\;C:\Program Files\Java\jdk-11.0.5\bin;C:\WINDOWS\system32;C:\WINDOWS;C:\WINDOWS\System32\Wbem;C:\WINDOWS\System32\WindowsPowerShell\v1.0\;C:\WINDOWS\System32\OpenSSH\;C:\Program Files\PuTTY\;C:\Program Files\Git\cmd;C:\Users\Ankit kumar\AppData\Local\Microsoft\WindowsApps;C:\Users\Ankit kumar\AppData\Local\GitHubDesktop\bin
USERNAME=Ankit kumar
OS=Windows_NT
PROCESSOR_IDENTIFIER=Intel64 Family 6 Model 142 Stepping 12, GenuineIntel



---------------  S Y S T E M  ---------------

OS: Windows 10.0 , 64 bit Build 19041 (10.0.19041.1023)

CPU:total 8 (initial active 8) (4 cores per cpu, 2 threads per core) family 6 model 142 stepping 12, cmov, cx8, fxsr, mmx, sse, sse2, sse3, ssse3, sse4.1, sse4.2, popcnt, avx, avx2, aes, clmul, erms, 3dnowpref, lzcnt, ht, tsc, tscinvbit, bmi1, bmi2, adx

Memory: 4k page, physical 8236416k(1162716k free), swap 8236416k(5144k free)

vm_info: OpenJDK 64-Bit Server VM (25.242-b01) for windows-amd64 JRE (1.8.0_242-release-1644-b01), built by "builder" with MS VC++ 10.0 (VS2010)

time: Sat Jun 19 15:28:15 2021
timezone: India Standard Time
elapsed time: 2 seconds (0d 0h 0m 2s)

