#
# There is insufficient memory for the Java Runtime Environment to continue.
# Native memory allocation (malloc) failed to allocate 1178032 bytes for Chunk::new
# Possible reasons:
#   The system is out of physical RAM or swap space
#   The process is running with CompressedOops enabled, and the Java Heap may be blocking the growth of the native heap
# Possible solutions:
#   Reduce memory load on the system
#   Increase physical memory or swap space
#   Check if swap backing store is full
#   Decrease Java heap size (-Xmx/-Xms)
#   Decrease number of Java threads
#   Decrease Java thread stack sizes (-Xss)
#   Set larger code cache with -XX:ReservedCodeCacheSize=
#   JVM is running with Unscaled Compressed Oops mode in which the Java heap is
#     placed in the first 4GB address space. The Java Heap base address is the
#     maximum limit for the native heap growth. Please use -XX:HeapBaseMinAddress
#     to set the Java Heap base and to place the Java Heap above 4GB virtual address.
# This output file may be truncated or incomplete.
#
#  Out of Memory Error (allocation.cpp:389), pid=5168, tid=0x0000000000002ae8
#
# JRE version: OpenJDK Runtime Environment (8.0_242-b01) (build 1.8.0_242-release-1644-b01)
# Java VM: OpenJDK 64-Bit Server VM (25.242-b01 mixed mode windows-amd64 compressed oops)
# Failed to write core dump. Minidumps are not enabled by default on client versions of Windows
#

---------------  T H R E A D  ---------------

Current thread (0x0000000019b9d800):  JavaThread "C2 CompilerThread1" daemon [_thread_in_native, id=10984, stack(0x000000001a560000,0x000000001a660000)]

Stack: [0x000000001a560000,0x000000001a660000]
[error occurred during error reporting (printing stack bounds), id 0xc0000005]

Native frames: (J=compiled Java code, j=interpreted, Vv=VM code, C=native code)


Current CompileTask:
C2:   4224 2764       4       org.jetbrains.org.objectweb.asm.ClassReader::readMethod (1047 bytes)


---------------  P R O C E S S  ---------------

Java Threads: ( => current thread )
  0x0000000019c2f800 JavaThread "Service Thread" daemon [_thread_blocked, id=7788, stack(0x000000001a860000,0x000000001a960000)]
  0x0000000017dad800 JavaThread "C1 CompilerThread3" daemon [_thread_blocked, id=6456, stack(0x000000001a760000,0x000000001a860000)]
  0x0000000017dab000 JavaThread "C2 CompilerThread2" daemon [_thread_in_native, id=10112, stack(0x000000001a660000,0x000000001a760000)]
=>0x0000000019b9d800 JavaThread "C2 CompilerThread1" daemon [_thread_in_native, id=10984, stack(0x000000001a560000,0x000000001a660000)]
  0x0000000019b9a000 JavaThread "C2 CompilerThread0" daemon [_thread_in_native, id=6068, stack(0x000000001a460000,0x000000001a560000)]
  0x0000000019b99000 JavaThread "Attach Listener" daemon [_thread_blocked, id=11696, stack(0x000000001a360000,0x000000001a460000)]
  0x0000000019b98000 JavaThread "Signal Dispatcher" daemon [_thread_blocked, id=8524, stack(0x000000001a260000,0x000000001a360000)]
  0x0000000019b80800 JavaThread "Finalizer" daemon [_thread_blocked, id=13252, stack(0x000000001a060000,0x000000001a160000)]
  0x0000000017d9b800 JavaThread "Reference Handler" daemon [_thread_blocked, id=4864, stack(0x0000000019f60000,0x000000001a060000)]
  0x0000000002d94000 JavaThread "main" [_thread_in_vm, id=5404, stack(0x0000000002be0000,0x0000000002ce0000)]

Other Threads:
  0x0000000017d96000 VMThread [stack: 0x0000000019a60000,0x0000000019b60000] [id=7000]
  0x0000000019c38000 WatcherThread [stack: 0x000000001a960000,0x000000001aa60000] [id=12724]

VM state:not at safepoint (normal execution)

VM Mutex/Monitor currently owned by a thread: None

heap address: 0x0000000082400000, size: 2012 MB, Compressed Oops mode: 32-bit
Narrow klass base: 0x0000000000000000, Narrow klass shift: 3
Compressed class space size: 1073741824 Address: 0x0000000100000000

Heap:
 PSYoungGen      total 82944K, used 47712K [0x00000000d6180000, 0x00000000de080000, 0x0000000100000000)
  eden space 67072K, 71% used [0x00000000d6180000,0x00000000d9018180,0x00000000da300000)
  from space 15872K, 0% used [0x00000000db200000,0x00000000db200000,0x00000000dc180000)
  to   space 15360K, 0% used [0x00000000da300000,0x00000000da300000,0x00000000db200000)
 ParOldGen       total 66560K, used 24860K [0x0000000082400000, 0x0000000086500000, 0x00000000d6180000)
  object space 66560K, 37% used [0x0000000082400000,0x0000000083c47170,0x0000000086500000)
 Metaspace       used 36982K, capacity 37482K, committed 37888K, reserved 1083392K
  class space    used 4699K, capacity 4838K, committed 4864K, reserved 1048576K

Card table byte_map: [0x0000000012250000,0x0000000012640000] byte_map_base: 0x0000000011e3e000

Marking Bits: (ParMarkBitMap*) 0x00000000597cf030
 Begin Bits: [0x00000000130e0000, 0x0000000015050000)
 End Bits:   [0x0000000015050000, 0x0000000016fc0000)

Polling page: 0x00000000013b0000

CodeCache: size=245760Kb used=9833Kb max_used=9833Kb free=235926Kb
 bounds [0x0000000002e90000, 0x0000000003840000, 0x0000000011e90000]
 total_blobs=3448 nmethods=3005 adapters=356
 compilation: enabled

Compilation events (10 events):
Event: 4.209 Thread 0x0000000017dad800 3020       3       java.util.zip.InflaterInputStream::read (32 bytes)
Event: 4.210 Thread 0x0000000017dad800 nmethod 3020 0x0000000003808d10 code [0x0000000003808ea0, 0x0000000003809318]
Event: 4.210 Thread 0x0000000017dad800 3033       1       java.net.URLConnection::getUseCaches (5 bytes)
Event: 4.210 Thread 0x0000000017dad800 nmethod 3033 0x0000000003808a50 code [0x0000000003808ba0, 0x0000000003808cb0]
Event: 4.210 Thread 0x0000000017dad800 3035       1       kotlin.sequences.TransformingSequence::access$getSequence$p (5 bytes)
Event: 4.210 Thread 0x0000000017dad800 nmethod 3035 0x00000000038086d0 code [0x0000000003808820, 0x0000000003808910]
Event: 4.210 Thread 0x0000000017dad800 3036       1       org.jetbrains.kotlin.types.SimpleTypeImpl::getMemberScope (5 bytes)
Event: 4.210 Thread 0x0000000017dad800 nmethod 3036 0x0000000003830e50 code [0x0000000003830fa0, 0x00000000038310b0]
Event: 4.213 Thread 0x0000000017dad800 3037       1       org.jetbrains.kotlin.load.java.lazy.JavaResolverComponents::getLookupTracker (5 bytes)
Event: 4.213 Thread 0x0000000017dad800 nmethod 3037 0x0000000003831110 code [0x0000000003831260, 0x0000000003831370]

GC Heap History (10 events):
Event: 2.135 GC heap before
{Heap before GC invocations=4 (full 1):
 PSYoungGen      total 37888K, used 5092K [0x00000000d6180000, 0x00000000dab80000, 0x0000000100000000)
  eden space 32768K, 0% used [0x00000000d6180000,0x00000000d6180000,0x00000000d8180000)
  from space 5120K, 99% used [0x00000000d8180000,0x00000000d8679050,0x00000000d8680000)
  to   space 5120K, 0% used [0x00000000da680000,0x00000000da680000,0x00000000dab80000)
 ParOldGen       total 86016K, used 11627K [0x0000000082400000, 0x0000000087800000, 0x00000000d6180000)
  object space 86016K, 13% used [0x0000000082400000,0x0000000082f5af78,0x0000000087800000)
 Metaspace       used 20764K, capacity 21164K, committed 21296K, reserved 1069056K
  class space    used 2473K, capacity 2626K, committed 2688K, reserved 1048576K
Event: 2.169 GC heap after
Heap after GC invocations=4 (full 1):
 PSYoungGen      total 37888K, used 0K [0x00000000d6180000, 0x00000000dab80000, 0x0000000100000000)
  eden space 32768K, 0% used [0x00000000d6180000,0x00000000d6180000,0x00000000d8180000)
  from space 5120K, 0% used [0x00000000d8180000,0x00000000d8180000,0x00000000d8680000)
  to   space 5120K, 0% used [0x00000000da680000,0x00000000da680000,0x00000000dab80000)
 ParOldGen       total 66560K, used 9129K [0x0000000082400000, 0x0000000086500000, 0x00000000d6180000)
  object space 66560K, 13% used [0x0000000082400000,0x0000000082cea460,0x0000000086500000)
 Metaspace       used 20764K, capacity 21164K, committed 21296K, reserved 1069056K
  class space    used 2473K, capacity 2626K, committed 2688K, reserved 1048576K
}
Event: 2.647 GC heap before
{Heap before GC invocations=5 (full 1):
 PSYoungGen      total 37888K, used 32768K [0x00000000d6180000, 0x00000000dab80000, 0x0000000100000000)
  eden space 32768K, 100% used [0x00000000d6180000,0x00000000d8180000,0x00000000d8180000)
  from space 5120K, 0% used [0x00000000d8180000,0x00000000d8180000,0x00000000d8680000)
  to   space 5120K, 0% used [0x00000000da680000,0x00000000da680000,0x00000000dab80000)
 ParOldGen       total 66560K, used 9129K [0x0000000082400000, 0x0000000086500000, 0x00000000d6180000)
  object space 66560K, 13% used [0x0000000082400000,0x0000000082cea460,0x0000000086500000)
 Metaspace       used 23871K, capacity 24328K, committed 24576K, reserved 1071104K
  class space    used 2857K, capacity 3012K, committed 3072K, reserved 1048576K
Event: 2.653 GC heap after
Heap after GC invocations=5 (full 1):
 PSYoungGen      total 51712K, used 5109K [0x00000000d6180000, 0x00000000dab80000, 0x0000000100000000)
  eden space 46592K, 0% used [0x00000000d6180000,0x00000000d6180000,0x00000000d8f00000)
  from space 5120K, 99% used [0x00000000da680000,0x00000000dab7d458,0x00000000dab80000)
  to   space 5120K, 0% used [0x00000000da180000,0x00000000da180000,0x00000000da680000)
 ParOldGen       total 66560K, used 11441K [0x0000000082400000, 0x0000000086500000, 0x00000000d6180000)
  object space 66560K, 17% used [0x0000000082400000,0x0000000082f2c5f8,0x0000000086500000)
 Metaspace       used 23871K, capacity 24328K, committed 24576K, reserved 1071104K
  class space    used 2857K, capacity 3012K, committed 3072K, reserved 1048576K
}
Event: 3.369 GC heap before
{Heap before GC invocations=6 (full 1):
 PSYoungGen      total 51712K, used 51698K [0x00000000d6180000, 0x00000000dab80000, 0x0000000100000000)
  eden space 46592K, 99% used [0x00000000d6180000,0x00000000d8eff438,0x00000000d8f00000)
  from space 5120K, 99% used [0x00000000da680000,0x00000000dab7d458,0x00000000dab80000)
  to   space 5120K, 0% used [0x00000000da180000,0x00000000da180000,0x00000000da680000)
 ParOldGen       total 66560K, used 11441K [0x0000000082400000, 0x0000000086500000, 0x00000000d6180000)
  object space 66560K, 17% used [0x0000000082400000,0x0000000082f2c5f8,0x0000000086500000)
 Metaspace       used 31533K, capacity 31951K, committed 32384K, reserved 1077248K
  class space    used 4011K, capacity 4139K, committed 4224K, reserved 1048576K
Event: 3.379 GC heap after
Heap after GC invocations=6 (full 1):
 PSYoungGen      total 70656K, used 5090K [0x00000000d6180000, 0x00000000dc180000, 0x0000000100000000)
  eden space 65536K, 0% used [0x00000000d6180000,0x00000000d6180000,0x00000000da180000)
  from space 5120K, 99% used [0x00000000da180000,0x00000000da678918,0x00000000da680000)
  to   space 15872K, 0% used [0x00000000db200000,0x00000000db200000,0x00000000dc180000)
 ParOldGen       total 66560K, used 22583K [0x0000000082400000, 0x0000000086500000, 0x00000000d6180000)
  object space 66560K, 33% used [0x0000000082400000,0x0000000083a0dd48,0x0000000086500000)
 Metaspace       used 31533K, capacity 31951K, committed 32384K, reserved 1077248K
  class space    used 4011K, capacity 4139K, committed 4224K, reserved 1048576K
}
Event: 3.705 GC heap before
{Heap before GC invocations=7 (full 1):
 PSYoungGen      total 70656K, used 19403K [0x00000000d6180000, 0x00000000dc180000, 0x0000000100000000)
  eden space 65536K, 21% used [0x00000000d6180000,0x00000000d6f7a518,0x00000000da180000)
  from space 5120K, 99% used [0x00000000da180000,0x00000000da678918,0x00000000da680000)
  to   space 15872K, 0% used [0x00000000db200000,0x00000000db200000,0x00000000dc180000)
 ParOldGen       total 66560K, used 22583K [0x0000000082400000, 0x0000000086500000, 0x00000000d6180000)
  object space 66560K, 33% used [0x0000000082400000,0x0000000083a0dd48,0x0000000086500000)
 Metaspace       used 34637K, capacity 35135K, committed 35456K, reserved 1079296K
  class space    used 4479K, capacity 4611K, committed 4736K, reserved 1048576K
Event: 3.716 GC heap after
Heap after GC invocations=7 (full 1):
 PSYoungGen      total 82944K, used 8732K [0x00000000d6180000, 0x00000000de080000, 0x0000000100000000)
  eden space 67072K, 0% used [0x00000000d6180000,0x00000000d6180000,0x00000000da300000)
  from space 15872K, 55% used [0x00000000db200000,0x00000000dba87218,0x00000000dc180000)
  to   space 15360K, 0% used [0x00000000da300000,0x00000000da300000,0x00000000db200000)
 ParOldGen       total 66560K, used 22591K [0x0000000082400000, 0x0000000086500000, 0x00000000d6180000)
  object space 66560K, 33% used [0x0000000082400000,0x0000000083a0fd48,0x0000000086500000)
 Metaspace       used 34637K, capacity 35135K, committed 35456K, reserved 1079296K
  class space    used 4479K, capacity 4611K, committed 4736K, reserved 1048576K
}
Event: 3.716 GC heap before
{Heap before GC invocations=8 (full 2):
 PSYoungGen      total 82944K, used 8732K [0x00000000d6180000, 0x00000000de080000, 0x0000000100000000)
  eden space 67072K, 0% used [0x00000000d6180000,0x00000000d6180000,0x00000000da300000)
  from space 15872K, 55% used [0x00000000db200000,0x00000000dba87218,0x00000000dc180000)
  to   space 15360K, 0% used [0x00000000da300000,0x00000000da300000,0x00000000db200000)
 ParOldGen       total 66560K, used 22591K [0x0000000082400000, 0x0000000086500000, 0x00000000d6180000)
  object space 66560K, 33% used [0x0000000082400000,0x0000000083a0fd48,0x0000000086500000)
 Metaspace       used 34637K, capacity 35135K, committed 35456K, reserved 1079296K
  class space    used 4479K, capacity 4611K, committed 4736K, reserved 1048576K
Event: 3.799 GC heap after
Heap after GC invocations=8 (full 2):
 PSYoungGen      total 82944K, used 0K [0x00000000d6180000, 0x00000000de080000, 0x0000000100000000)
  eden space 67072K, 0% used [0x00000000d6180000,0x00000000d6180000,0x00000000da300000)
  from space 15872K, 0% used [0x00000000db200000,0x00000000db200000,0x00000000dc180000)
  to   space 15360K, 0% used [0x00000000da300000,0x00000000da300000,0x00000000db200000)
 ParOldGen       total 66560K, used 24860K [0x0000000082400000, 0x0000000086500000, 0x00000000d6180000)
  object space 66560K, 37% used [0x0000000082400000,0x0000000083c47170,0x0000000086500000)
 Metaspace       used 34637K, capacity 35135K, committed 35456K, reserved 1079296K
  class space    used 4479K, capacity 4611K, committed 4736K, reserved 1048576K
}

Deoptimization events (10 events):
Event: 3.930 Thread 0x0000000002d94000 Uncommon trap: reason=unstable_if action=reinterpret pc=0x0000000003646de0 method=org.jetbrains.org.objectweb.asm.ClassReader.readUtf(II[C)Ljava/lang/String; @ 41
Event: 3.946 Thread 0x0000000002d94000 Uncommon trap: reason=bimorphic action=maybe_recompile pc=0x0000000003432a00 method=org.jetbrains.kotlin.protobuf.CodedInputStream.tryRefillBuffer(I)Z @ 177
Event: 3.948 Thread 0x0000000002d94000 Uncommon trap: reason=bimorphic action=maybe_recompile pc=0x0000000003432a00 method=org.jetbrains.kotlin.protobuf.CodedInputStream.tryRefillBuffer(I)Z @ 177
Event: 3.948 Thread 0x0000000002d94000 Uncommon trap: reason=bimorphic action=maybe_recompile pc=0x0000000003431ea0 method=org.jetbrains.kotlin.protobuf.CodedInputStream.tryRefillBuffer(I)Z @ 177
Event: 3.973 Thread 0x0000000002d94000 Uncommon trap: reason=bimorphic action=maybe_recompile pc=0x0000000003629a20 method=gnu.trove.TObjectHash.index(Ljava/lang/Object;)I @ 126
Event: 3.973 Thread 0x0000000002d94000 Uncommon trap: reason=bimorphic action=maybe_recompile pc=0x0000000003629a20 method=gnu.trove.TObjectHash.index(Ljava/lang/Object;)I @ 126
Event: 3.979 Thread 0x0000000002d94000 Uncommon trap: reason=class_check action=maybe_recompile pc=0x00000000036fa19c method=org.jetbrains.kotlin.load.java.structure.impl.classFiles.BinaryClassSignatureParser.parseParameterizedClassRefSignature(Ljava/text/CharacterIterator;Lorg/jetbrains/kotli
Event: 3.990 Thread 0x0000000002d94000 Uncommon trap: reason=class_check action=maybe_recompile pc=0x00000000036fa19c method=org.jetbrains.kotlin.load.java.structure.impl.classFiles.BinaryClassSignatureParser.parseParameterizedClassRefSignature(Ljava/text/CharacterIterator;Lorg/jetbrains/kotli
Event: 3.990 Thread 0x0000000002d94000 Uncommon trap: reason=class_check action=maybe_recompile pc=0x00000000036fa19c method=org.jetbrains.kotlin.load.java.structure.impl.classFiles.BinaryClassSignatureParser.parseParameterizedClassRefSignature(Ljava/text/CharacterIterator;Lorg/jetbrains/kotli
Event: 3.992 Thread 0x0000000002d94000 Uncommon trap: reason=class_check action=maybe_recompile pc=0x00000000036fa19c method=org.jetbrains.kotlin.load.java.structure.impl.classFiles.BinaryClassSignatureParser.parseParameterizedClassRefSignature(Ljava/text/CharacterIterator;Lorg/jetbrains/kotli

Classes redefined (0 events):
No events

Internal exceptions (10 events):
Event: 2.965 Thread 0x0000000002d94000 Exception <a 'java/lang/ArrayIndexOutOfBoundsException'> (0x00000000d751da68) thrown at [C:\src\AOSP-openjdk-git\hotspot\src\share\vm\runtime\sharedRuntime.cpp, line 605]
Event: 2.965 Thread 0x0000000002d94000 Exception <a 'java/lang/ArrayIndexOutOfBoundsException'> (0x00000000d7523460) thrown at [C:\src\AOSP-openjdk-git\hotspot\src\share\vm\runtime\sharedRuntime.cpp, line 605]
Event: 2.965 Thread 0x0000000002d94000 Exception <a 'java/lang/ArrayIndexOutOfBoundsException'> (0x00000000d7524848) thrown at [C:\src\AOSP-openjdk-git\hotspot\src\share\vm\runtime\sharedRuntime.cpp, line 605]
Event: 2.968 Thread 0x0000000002d94000 Exception <a 'java/lang/ArrayIndexOutOfBoundsException'> (0x00000000d755d550) thrown at [C:\src\AOSP-openjdk-git\hotspot\src\share\vm\runtime\sharedRuntime.cpp, line 605]
Event: 2.973 Thread 0x0000000002d94000 Exception <a 'java/lang/ArrayIndexOutOfBoundsException'> (0x00000000d7590708) thrown at [C:\src\AOSP-openjdk-git\hotspot\src\share\vm\runtime\sharedRuntime.cpp, line 605]
Event: 2.984 Thread 0x0000000002d94000 Exception <a 'java/lang/ArrayIndexOutOfBoundsException'> (0x00000000d7627a48) thrown at [C:\src\AOSP-openjdk-git\hotspot\src\share\vm\runtime\sharedRuntime.cpp, line 605]
Event: 2.991 Thread 0x0000000002d94000 Exception <a 'java/lang/ArrayIndexOutOfBoundsException'> (0x00000000d7695e98) thrown at [C:\src\AOSP-openjdk-git\hotspot\src\share\vm\runtime\sharedRuntime.cpp, line 605]
Event: 3.502 Thread 0x0000000002d94000 Exception <a 'java/lang/NoSuchMethodError': java.lang.Object.lambda$static$0(I)[Lorg/jetbrains/kotlin/psi/KtExpression;> (0x00000000d66aaa10) thrown at [C:\src\AOSP-openjdk-git\hotspot\src\share\vm\interpreter\linkResolver.cpp, line 620]
Event: 3.563 Thread 0x0000000002d94000 Exception <a 'java/lang/NoSuchMethodError': java.lang.Object.lambda$static$0(I)[Lorg/jetbrains/kotlin/psi/KtDeclaration;> (0x00000000d6968928) thrown at [C:\src\AOSP-openjdk-git\hotspot\src\share\vm\interpreter\linkResolver.cpp, line 620]
Event: 3.600 Thread 0x0000000002d94000 Exception <a 'java/lang/NoSuchMethodError': java.lang.Object.lambda$static$0(I)[Lorg/jetbrains/kotlin/psi/KtTypeElement;> (0x00000000d6ab52e8) thrown at [C:\src\AOSP-openjdk-git\hotspot\src\share\vm\interpreter\linkResolver.cpp, line 620]

Events (10 events):
Event: 4.218 loading class org/jetbrains/kotlin/utils/FunctionsKt$DO_NOTHING_2$1
Event: 4.218 loading class org/jetbrains/kotlin/utils/FunctionsKt$DO_NOTHING_2$1 done
Event: 4.219 loading class org/jetbrains/kotlin/utils/FunctionsKt$DO_NOTHING_3$1
Event: 4.219 loading class org/jetbrains/kotlin/utils/FunctionsKt$DO_NOTHING_3$1 done
Event: 4.219 loading class org/jetbrains/kotlin/load/kotlin/TypeMappingConfiguration$DefaultImpls
Event: 4.219 loading class org/jetbrains/kotlin/load/kotlin/TypeMappingConfiguration$DefaultImpls done
Event: 4.219 loading class org/jetbrains/kotlin/builtins/FunctionTypesKt
Event: 4.219 loading class org/jetbrains/kotlin/builtins/FunctionTypesKt done
Event: 4.220 loading class org/jetbrains/kotlin/types/checker/SimpleClassicTypeSystemContext
Event: 4.220 loading class org/jetbrains/kotlin/types/checker/SimpleClassicTypeSystemContext done


Dynamic libraries:
0x00007ff7181b0000 - 0x00007ff7181e1000 	C:\Program Files\Android\Android Studio1\jre\jre\bin\java.exe
0x00007fff6b710000 - 0x00007fff6b905000 	C:\WINDOWS\SYSTEM32\ntdll.dll
0x00007fff69ac0000 - 0x00007fff69b7d000 	C:\WINDOWS\System32\KERNEL32.DLL
0x00007fff69380000 - 0x00007fff69648000 	C:\WINDOWS\System32\KERNELBASE.dll
0x00007fff69b80000 - 0x00007fff69c2c000 	C:\WINDOWS\System32\ADVAPI32.dll
0x00007fff6b020000 - 0x00007fff6b0be000 	C:\WINDOWS\System32\msvcrt.dll
0x00007fff6a040000 - 0x00007fff6a0db000 	C:\WINDOWS\System32\sechost.dll
0x00007fff6aaf0000 - 0x00007fff6ac1b000 	C:\WINDOWS\System32\RPCRT4.dll
0x00007fff6ac20000 - 0x00007fff6adc0000 	C:\WINDOWS\System32\USER32.dll
0x00007fff68e50000 - 0x00007fff68e72000 	C:\WINDOWS\System32\win32u.dll
0x00007fff6a290000 - 0x00007fff6a2ba000 	C:\WINDOWS\System32\GDI32.dll
0x00007fff69010000 - 0x00007fff6911b000 	C:\WINDOWS\System32\gdi32full.dll
0x00007fff68e80000 - 0x00007fff68f1d000 	C:\WINDOWS\System32\msvcp_win.dll
0x00007fff69650000 - 0x00007fff69750000 	C:\WINDOWS\System32\ucrtbase.dll
0x00007fff4e930000 - 0x00007fff4ebca000 	C:\WINDOWS\WinSxS\amd64_microsoft.windows.common-controls_6595b64144ccf1df_6.0.19041.1052_none_60b8f8fd71f5e8cb\COMCTL32.dll
0x00007fff6ae70000 - 0x00007fff6aea0000 	C:\WINDOWS\System32\IMM32.DLL
0x0000000059dc0000 - 0x0000000059e92000 	C:\Program Files\Android\Android Studio1\jre\jre\bin\msvcr100.dll
0x0000000059000000 - 0x000000005984b000 	C:\Program Files\Android\Android Studio1\jre\jre\bin\server\jvm.dll
0x00007fff69a00000 - 0x00007fff69a08000 	C:\WINDOWS\System32\PSAPI.DLL
0x00007fff61390000 - 0x00007fff61399000 	C:\WINDOWS\SYSTEM32\WSOCK32.dll
0x00007fff50540000 - 0x00007fff50567000 	C:\WINDOWS\SYSTEM32\WINMM.dll
0x00007fff5e970000 - 0x00007fff5e97a000 	C:\WINDOWS\SYSTEM32\VERSION.dll
0x00007fff6aa00000 - 0x00007fff6aa6b000 	C:\WINDOWS\System32\WS2_32.dll
0x00007fff5fc90000 - 0x00007fff5fc9f000 	C:\Program Files\Android\Android Studio1\jre\jre\bin\verify.dll
0x00007fff42970000 - 0x00007fff42999000 	C:\Program Files\Android\Android Studio1\jre\jre\bin\java.dll
0x00007fff4bd90000 - 0x00007fff4bda6000 	C:\Program Files\Android\Android Studio1\jre\jre\bin\zip.dll
0x00007fff6a2c0000 - 0x00007fff6a9ff000 	C:\WINDOWS\System32\SHELL32.dll
0x00007fff66f80000 - 0x00007fff67710000 	C:\WINDOWS\SYSTEM32\windows.storage.dll
0x00007fff69c50000 - 0x00007fff69fa5000 	C:\WINDOWS\System32\combase.dll
0x00007fff688c0000 - 0x00007fff688ec000 	C:\WINDOWS\SYSTEM32\Wldp.dll
0x00007fff6adc0000 - 0x00007fff6ae6e000 	C:\WINDOWS\System32\SHCORE.dll
0x00007fff6b0c0000 - 0x00007fff6b115000 	C:\WINDOWS\System32\shlwapi.dll
0x00007fff68d90000 - 0x00007fff68daf000 	C:\WINDOWS\SYSTEM32\profapi.dll
0x00007fff42a40000 - 0x00007fff42a5a000 	C:\Program Files\Android\Android Studio1\jre\jre\bin\net.dll
0x00007fff68630000 - 0x00007fff6869a000 	C:\WINDOWS\system32\mswsock.dll
0x00007fff63010000 - 0x00007fff63023000 	C:\Program Files\Android\Android Studio1\jre\jre\bin\nio.dll

VM Arguments:
java_command: org.jetbrains.kotlin.cli.jvm.K2JVMCompiler -Xallow-no-source-files -classpath C:\Users\Ankit kumar\AndroidStudioProjects\BookStore\app\build\intermediates\compile_and_runtime_not_namespaced_r_class_jar\debug\R.jar;C:\Users\Ankit kumar\.gradle\caches\transforms-2\files-2.1\7a24a943ee537d63e1d7b56c0463db1c\jetified-core-ktx-1.5.0-api.jar;C:\Users\Ankit kumar\.gradle\caches\transforms-2\files-2.1\e16dd20e9c21990ae3e0e86b75ce1868\jetified-kotlin-stdlib-1.4.31.jar;C:\Users\Ankit kumar\.gradle\caches\transforms-2\files-2.1\61a5f92251c610c8168aee1576c96a43\jetified-kotlin-stdlib-common-1.4.31.jar;C:\Users\Ankit kumar\.gradle\caches\transforms-2\files-2.1\64fab6255f9d96d2c98a740788790a80\jetified-annotations-13.0.jar;C:\Users\Ankit kumar\.gradle\caches\transforms-2\files-2.1\bc1a2c7cb7818813a6fab924a288b4b5\material-1.3.0-api.jar;C:\Users\Ankit kumar\.gradle\caches\transforms-2\files-2.1\704217fa5a7e2e220f6bf1a6592173e5\constraintlayout-2.0.4-api.jar;C:\Users\Ankit kumar\.gradle\caches\transforms-2\files-2.1\39208cd8747b4fdf6fc50fe5d70486bf\appcompat-1.3.0-api.jar;C:\Users\Ankit kumar\.gradle\caches\transforms-2\files-2.1\d5866860b2b4777a2003b6ecec73b4e6\cardview-1.0.0-api.jar;C:\Users\Ankit kumar\.gradle\caches\transforms-2\files-2.1\388acfb32b94fd5fa555bb1f429b200c\coordinatorlayout-1.1.0-api.jar;C:\Users\Ankit kumar\.gradle\caches\transforms-2\files-2.1\c2d4681649b9f02eeb28258def05cd61\dynamicanimation-1.0.0-api.jar;C:\Users\Ankit kumar\.gradle\caches\transforms-2\files-2.1\fe478707fbec09e0b09289ac5afe2e40\jetified-viewpager2-1.0.0-api.jar;C:\Users\Ankit kumar\.gradle\caches\transforms-2\files-2.1\e61186ddf872b5aec5d7903283651d5b\fragment-1.3.4-api.jar;C:\Users\Ankit kumar\.gradle\caches\transforms-2\files-2.1\460245ad4f195bcb7d21c53760145df2\recyclerview-1.1.0-api.jar;C:\Users\Ankit kumar\.gradle\caches\transforms-2\files-2.1\b0cbeb63cad2d83690393f37f320a266\transition-1.2.0-api.jar;C:\Users\Ankit kumar\.gradle\caches\transforms-2\files-2.1\c5f29e1565cb2
java_class_path (initial): C:\Users\Ankit kumar\.gradle\caches\modules-2\files-2.1\org.jetbrains.kotlin\kotlin-compiler-embeddable\1.3.72\fb72232c8fa977d5e07d33c43381ddbdc5edab6\kotlin-compiler-embeddable-1.3.72.jar;C:\Users\Ankit kumar\.gradle\caches\modules-2\files-2.1\org.jetbrains.kotlin\kotlin-reflect\1.3.72\86613e1a669a701b0c660bfd2af4f82a7ae11fca\kotlin-reflect-1.3.72.jar;C:\Users\Ankit kumar\.gradle\caches\modules-2\files-2.1\org.jetbrains.kotlin\kotlin-stdlib\1.3.72\8032138f12c0180bc4e51fe139d4c52b46db6109\kotlin-stdlib-1.3.72.jar;C:\Users\Ankit kumar\.gradle\caches\modules-2\files-2.1\org.jetbrains.kotlin\kotlin-script-runtime\1.3.72\657d8d34d91e1964b4439378c09933e840bfe8d5\kotlin-script-runtime-1.3.72.jar;C:\Users\Ankit kumar\.gradle\caches\modules-2\files-2.1\org.jetbrains.kotlin\kotlin-daemon-embeddable\1.3.72\53bbaa2816dbf6bdb85f629451b1fcc88f2164d2\kotlin-daemon-embeddable-1.3.72.jar;C:\Users\Ankit kumar\.gradle\caches\modules-2\files-2.1\org.jetbrains.intellij.deps\trove4j\1.0.20181211\216c2e14b070f334479d800987affe4054cd563f\trove4j-1.0.20181211.jar;C:\Users\Ankit kumar\.gradle\caches\modules-2\files-2.1\org.jetbrains.kotlin\kotlin-stdlib-common\1.3.72\6ca8bee3d88957eaaaef077c41c908c9940492d8\kotlin-stdlib-common-1.3.72.jar;C:\Users\Ankit kumar\.gradle\caches\modules-2\files-2.1\org.jetbrains\annotations\13.0\919f0dfe192fb4e063e7dacadee7f8bb9a2672a9\annotations-13.0.jar;C:\Program Files\Android\Android Studio1\jre\lib\tools.jar
Launcher Type: SUN_STANDARD

Environment Variables:
PATH=C:\Users\Ankit kumar\AppData\Local\Android\Sdk\platform-tools;C:\Windows;C:\Windows\System32\Wbem;C:\Windows\System32\WindowsPowerShell\v1.0\;C:\Windows\System32\OpenSSH\;C:\Program Files (x86)\NVIDIA Corporation\PhysX\Common;C:\Program Files\Intel\WiFi\bin\;C:\Program Files\Common Files\Intel\WirelessCommon\;C:\Program Files\Java\jdk-11.0.5\bin;C:\WINDOWS\system32;C:\WINDOWS;C:\WINDOWS\System32\Wbem;C:\WINDOWS\System32\WindowsPowerShell\v1.0\;C:\WINDOWS\System32\OpenSSH\;C:\Program Files\PuTTY\;C:\Program Files\Git\cmd;C:\Users\Ankit kumar\AppData\Local\Microsoft\WindowsApps;C:\Users\Ankit kumar\AppData\Local\GitHubDesktop\bin
USERNAME=Ankit kumar
OS=Windows_NT
PROCESSOR_IDENTIFIER=Intel64 Family 6 Model 142 Stepping 12, GenuineIntel



---------------  S Y S T E M  ---------------

OS: Windows 10.0 , 64 bit Build 19041 (10.0.19041.1023)

CPU:total 8 (initial active 8) (4 cores per cpu, 2 threads per core) family 6 model 142 stepping 12, cmov, cx8, fxsr, mmx, sse, sse2, sse3, ssse3, sse4.1, sse4.2, popcnt, avx, avx2, aes, clmul, erms, 3dnowpref, lzcnt, ht, tsc, tscinvbit, bmi1, bmi2, adx

Memory: 4k page, physical 8236416k(1233196k free), swap 8236416k(6336k free)

vm_info: OpenJDK 64-Bit Server VM (25.242-b01) for windows-amd64 JRE (1.8.0_242-release-1644-b01), built by "builder" with MS VC++ 10.0 (VS2010)

time: Mon Jun 14 13:27:19 2021
timezone: India Standard Time
elapsed time: 4 seconds (0d 0h 0m 4s)

