#
# There is insufficient memory for the Java Runtime Environment to continue.
# Native memory allocation (malloc) failed to allocate 1003200 bytes for Chunk::new
# Possible reasons:
#   The system is out of physical RAM or swap space
#   The process is running with CompressedOops enabled, and the Java Heap may be blocking the growth of the native heap
# Possible solutions:
#   Reduce memory load on the system
#   Increase physical memory or swap space
#   Check if swap backing store is full
#   Decrease Java heap size (-Xmx/-Xms)
#   Decrease number of Java threads
#   Decrease Java thread stack sizes (-Xss)
#   Set larger code cache with -XX:ReservedCodeCacheSize=
#   JVM is running with Unscaled Compressed Oops mode in which the Java heap is
#     placed in the first 4GB address space. The Java Heap base address is the
#     maximum limit for the native heap growth. Please use -XX:HeapBaseMinAddress
#     to set the Java Heap base and to place the Java Heap above 4GB virtual address.
# This output file may be truncated or incomplete.
#
#  Out of Memory Error (allocation.cpp:389), pid=11420, tid=0x000000000000026c
#
# JRE version: OpenJDK Runtime Environment (8.0_242-b01) (build 1.8.0_242-release-1644-b01)
# Java VM: OpenJDK 64-Bit Server VM (25.242-b01 mixed mode windows-amd64 compressed oops)
# Failed to write core dump. Minidumps are not enabled by default on client versions of Windows
#

---------------  T H R E A D  ---------------

Current thread (0x0000000019666800):  JavaThread "C2 CompilerThread0" daemon [_thread_in_native, id=620, stack(0x0000000019f30000,0x000000001a030000)]

Stack: [0x0000000019f30000,0x000000001a030000]
[error occurred during error reporting (printing stack bounds), id 0xc0000005]

Native frames: (J=compiled Java code, j=interpreted, Vv=VM code, C=native code)


Current CompileTask:
C2: 613723 18434       4       org.objectweb.asm.MethodWriter::putMethodInfo (1274 bytes)


---------------  P R O C E S S  ---------------

Java Threads: ( => current thread )
  0x000000001e965800 JavaThread "RMI TCP Connection(2)-127.0.0.1" daemon [_thread_in_native, id=5508, stack(0x00000000311d0000,0x00000000312d0000)]
  0x000000001e960000 JavaThread "Cache worker for execution history cache (C:\Users\Ankit kumar\AndroidStudioProjects\BookStore\.gradle\6.5\executionHistory)" [_thread_blocked, id=8728, stack(0x0000000030fd0000,0x00000000310d0000)]
  0x000000001e964800 JavaThread "Execution worker for ':' Thread 7" [_thread_in_native, id=8880, stack(0x0000000030ed0000,0x0000000030fd0000)]
  0x000000001e963000 JavaThread "Execution worker for ':' Thread 6" [_thread_blocked, id=8036, stack(0x0000000030dd0000,0x0000000030ed0000)]
  0x000000001e964000 JavaThread "Execution worker for ':' Thread 5" [_thread_blocked, id=10932, stack(0x0000000030cd0000,0x0000000030dd0000)]
  0x000000001e960800 JavaThread "Execution worker for ':' Thread 4" [_thread_blocked, id=13032, stack(0x0000000030bd0000,0x0000000030cd0000)]
  0x000000001e962000 JavaThread "Execution worker for ':' Thread 3" [_thread_blocked, id=8224, stack(0x0000000030ad0000,0x0000000030bd0000)]
  0x000000001e958800 JavaThread "Execution worker for ':' Thread 2" [_thread_blocked, id=9344, stack(0x00000000309d0000,0x0000000030ad0000)]
  0x000000001e95f000 JavaThread "Execution worker for ':'" [_thread_blocked, id=1568, stack(0x00000000308d0000,0x00000000309d0000)]
  0x000000001e95e800 JavaThread "Cache worker for file content cache (C:\Users\Ankit kumar\AndroidStudioProjects\BookStore\.gradle\6.5\fileContent)" [_thread_blocked, id=5368, stack(0x000000002de00000,0x000000002df00000)]
  0x000000001e95d000 JavaThread "pool-15-thread-1" [_thread_blocked, id=9720, stack(0x000000002db30000,0x000000002dc30000)]
  0x000000001e95a800 JavaThread "Cache worker for Build Output Cleanup Cache (C:\Users\Ankit kumar\AndroidStudioProjects\BookStore\.gradle\buildOutputCleanup)" [_thread_blocked, id=3792, stack(0x0000000024a40000,0x0000000024b40000)]
  0x000000001e95c000 JavaThread "Build operations Thread 8" [_thread_blocked, id=3148, stack(0x0000000024940000,0x0000000024a40000)]
  0x000000001e95a000 JavaThread "Build operations Thread 7" [_thread_blocked, id=2528, stack(0x0000000024840000,0x0000000024940000)]
  0x000000001e957000 JavaThread "Build operations Thread 6" [_thread_blocked, id=12396, stack(0x0000000024540000,0x0000000024640000)]
  0x000000001e959000 JavaThread "Build operations Thread 5" [_thread_blocked, id=8352, stack(0x0000000024440000,0x0000000024540000)]
  0x000000001e95d800 JavaThread "Build operations Thread 4" [_thread_blocked, id=12208, stack(0x0000000024340000,0x0000000024440000)]
  0x000000001e95b800 JavaThread "Build operations Thread 3" [_thread_blocked, id=2156, stack(0x0000000024240000,0x0000000024340000)]
  0x000000001e956000 JavaThread "Build operations Thread 2" [_thread_blocked, id=12040, stack(0x0000000024140000,0x0000000024240000)]
  0x000000001e957800 JavaThread "Build operations" [_thread_blocked, id=8840, stack(0x0000000024040000,0x0000000024140000)]
  0x000000001e94e800 JavaThread "Cache worker for cache directory md-rule (C:\Users\Ankit kumar\.gradle\caches\6.5\md-rule)" [_thread_blocked, id=7036, stack(0x00000000207f0000,0x00000000208f0000)]
  0x000000001e955800 JavaThread "Cache worker for cache directory md-supplier (C:\Users\Ankit kumar\.gradle\caches\6.5\md-supplier)" [_thread_blocked, id=12032, stack(0x000000001e050000,0x000000001e150000)]
  0x000000001e954800 JavaThread "Cache worker for checksums cache (C:\Users\Ankit kumar\AndroidStudioProjects\BookStore\.gradle\checksums)" [_thread_blocked, id=13256, stack(0x000000001dd50000,0x000000001de50000)]
  0x000000001e954000 JavaThread "Cache worker for file hash cache (C:\Users\Ankit kumar\AndroidStudioProjects\BookStore\.gradle\6.5\fileHashes)" [_thread_blocked, id=9388, stack(0x000000001dc50000,0x000000001dd50000)]
  0x000000001e94c800 JavaThread "Thread-714" [_thread_blocked, id=9340, stack(0x000000001db50000,0x000000001dc50000)]
  0x000000001e953000 JavaThread "Stdin handler" [_thread_blocked, id=8008, stack(0x000000001d850000,0x000000001d950000)]
  0x000000001e950000 JavaThread "Asynchronous log dispatcher for DefaultDaemonConnection: socket connection from /127.0.0.1:64044 to /127.0.0.1:63916" [_thread_blocked, id=2968, stack(0x000000001d410000,0x000000001d510000)]
  0x000000001e94b800 JavaThread "Cancel handler" [_thread_blocked, id=2376, stack(0x0000000000b70000,0x0000000000c70000)]
  0x000000001e952800 JavaThread "Handler for socket connection from /127.0.0.1:64044 to /127.0.0.1:63916" [_thread_in_native, id=9148, stack(0x0000000000a70000,0x0000000000b70000)]
  0x000000001e94f800 JavaThread "RMI Reaper" [_thread_blocked, id=872, stack(0x0000000034450000,0x0000000034550000)]
  0x000000001e94b000 JavaThread "RMI TCP Accept-0" daemon [_thread_in_native, id=9296, stack(0x0000000034350000,0x0000000034450000)]
  0x000000001e951800 JavaThread "GC Daemon" daemon [_thread_blocked, id=6344, stack(0x00000000326c0000,0x00000000327c0000)]
  0x000000001e951000 JavaThread "RMI RenewClean-[127.0.0.1:17950,org.jetbrains.kotlin.daemon.common.LoopbackNetworkInterface$ClientLoopbackSocketFactory@28707196]" daemon [_thread_blocked, id=11884, stack(0x0000000032010000,0x0000000032110000)]
  0x000000001e94e000 JavaThread "RMI Scheduler(0)" daemon [_thread_blocked, id=5064, stack(0x00000000312d0000,0x00000000313d0000)]
  0x000000002ae8b800 JavaThread "MarlinRenderer Disposer" daemon [_thread_blocked, id=10036, stack(0x0000000031be0000,0x0000000031ce0000)]
  0x000000002ae8d800 JavaThread "Java2D Disposer" daemon [_thread_blocked, id=12140, stack(0x0000000031ad0000,0x0000000031bd0000)]
  0x0000000019a04800 JavaThread "jar transforms Thread 452" [_thread_blocked, id=11280, stack(0x000000002d7c0000,0x000000002d8c0000)]
  0x0000000019a04000 JavaThread "jar transforms Thread 451" [_thread_blocked, id=3468, stack(0x000000002bdc0000,0x000000002bec0000)]
  0x0000000019a03000 JavaThread "jar transforms Thread 450" [_thread_blocked, id=9504, stack(0x000000002a840000,0x000000002a940000)]
  0x0000000019a07800 JavaThread "jar transforms Thread 449" [_thread_blocked, id=9884, stack(0x000000002a740000,0x000000002a840000)]
  0x0000000019a07000 JavaThread "jar transforms Thread 448" [_thread_blocked, id=8896, stack(0x000000002a640000,0x000000002a740000)]
  0x0000000019a02800 JavaThread "jar transforms Thread 447" [_thread_blocked, id=4492, stack(0x000000002a540000,0x000000002a640000)]
  0x000000001b04a000 JavaThread "jar transforms Thread 446" [_thread_blocked, id=668, stack(0x000000002a440000,0x000000002a540000)]
  0x000000001b049000 JavaThread "jar transforms Thread 445" [_thread_blocked, id=11196, stack(0x000000002a340000,0x000000002a440000)]
  0x000000001b04f000 JavaThread "jar transforms Thread 444" [_thread_blocked, id=11588, stack(0x000000002a240000,0x000000002a340000)]
  0x000000001b04d800 JavaThread "jar transforms Thread 443" [_thread_blocked, id=11288, stack(0x000000002a140000,0x000000002a240000)]
  0x000000001b04c000 JavaThread "jar transforms Thread 442" [_thread_blocked, id=5344, stack(0x000000002a040000,0x000000002a140000)]
  0x000000001b04a800 JavaThread "jar transforms Thread 441" [_thread_blocked, id=10972, stack(0x0000000029f40000,0x000000002a040000)]
  0x000000001b04b800 JavaThread "jar transforms Thread 440" [_thread_blocked, id=9088, stack(0x0000000029e40000,0x0000000029f40000)]
  0x000000001b04e800 JavaThread "jar transforms Thread 439" [_thread_blocked, id=12104, stack(0x0000000029d40000,0x0000000029e40000)]
  0x000000001b04d000 JavaThread "jar transforms Thread 438" [_thread_blocked, id=8284, stack(0x0000000029c40000,0x0000000029d40000)]
  0x000000001b041800 JavaThread "jar transforms Thread 437" [_thread_blocked, id=2988, stack(0x0000000029b40000,0x0000000029c40000)]
  0x000000001b048800 JavaThread "jar transforms Thread 436" [_thread_blocked, id=8644, stack(0x0000000029a40000,0x0000000029b40000)]
  0x000000001b041000 JavaThread "jar transforms Thread 435" [_thread_blocked, id=13144, stack(0x0000000029940000,0x0000000029a40000)]
  0x000000001b047800 JavaThread "jar transforms Thread 434" [_thread_blocked, id=4068, stack(0x0000000029840000,0x0000000029940000)]
  0x000000001b047000 JavaThread "jar transforms Thread 433" [_thread_blocked, id=6696, stack(0x0000000029740000,0x0000000029840000)]
  0x000000001b045800 JavaThread "jar transforms Thread 432" [_thread_blocked, id=9968, stack(0x0000000029640000,0x0000000029740000)]
  0x000000001b044800 JavaThread "jar transforms Thread 431" [_thread_blocked, id=8816, stack(0x0000000029540000,0x0000000029640000)]
  0x000000001b042800 JavaThread "jar transforms Thread 430" [_thread_blocked, id=3824, stack(0x0000000029440000,0x0000000029540000)]
  0x000000001b044000 JavaThread "jar transforms Thread 429" [_thread_blocked, id=11232, stack(0x0000000029340000,0x0000000029440000)]
  0x000000001b040000 JavaThread "jar transforms Thread 428" [_thread_blocked, id=3228, stack(0x0000000029240000,0x0000000029340000)]
  0x000000001b046000 JavaThread "jar transforms Thread 427" [_thread_blocked, id=8892, stack(0x0000000029140000,0x0000000029240000)]
  0x000000001b043000 JavaThread "jar transforms Thread 426" [_thread_blocked, id=11724, stack(0x0000000029040000,0x0000000029140000)]
  0x000000001eb48000 JavaThread "jar transforms Thread 425" [_thread_blocked, id=6984, stack(0x0000000028f40000,0x0000000029040000)]
  0x000000001eb45000 JavaThread "jar transforms Thread 424" [_thread_blocked, id=11200, stack(0x0000000028e40000,0x0000000028f40000)]
  0x000000001eb42000 JavaThread "jar transforms Thread 423" [_thread_blocked, id=2316, stack(0x0000000028d40000,0x0000000028e40000)]
  0x000000001eb47800 JavaThread "jar transforms Thread 422" [_thread_blocked, id=8960, stack(0x0000000028c40000,0x0000000028d40000)]
  0x000000001eb46800 JavaThread "jar transforms Thread 421" [_thread_blocked, id=7912, stack(0x0000000028b40000,0x0000000028c40000)]
  0x000000001eb43800 JavaThread "jar transforms Thread 420" [_thread_blocked, id=9488, stack(0x0000000028a40000,0x0000000028b40000)]
  0x000000001eb44800 JavaThread "jar transforms Thread 419" [_thread_blocked, id=10376, stack(0x0000000028940000,0x0000000028a40000)]
  0x000000001eb41800 JavaThread "jar transforms Thread 418" [_thread_blocked, id=1636, stack(0x0000000028840000,0x0000000028940000)]
  0x000000001eb43000 JavaThread "jar transforms Thread 417" [_thread_blocked, id=7516, stack(0x0000000028740000,0x0000000028840000)]
  0x000000001eb46000 JavaThread "jar transforms Thread 416" [_thread_blocked, id=9596, stack(0x0000000028640000,0x0000000028740000)]
  0x000000001eb39800 JavaThread "jar transforms Thread 415" [_thread_blocked, id=9576, stack(0x0000000028540000,0x0000000028640000)]
  0x000000001eb40800 JavaThread "jar transforms Thread 414" [_thread_blocked, id=1208, stack(0x0000000028440000,0x0000000028540000)]
  0x000000001eb3d800 JavaThread "jar transforms Thread 413" [_thread_blocked, id=11916, stack(0x0000000028340000,0x0000000028440000)]
  0x000000001eb39000 JavaThread "jar transforms Thread 412" [_thread_blocked, id=1940, stack(0x0000000028240000,0x0000000028340000)]
  0x000000001eb3f000 JavaThread "jar transforms Thread 411" [_thread_blocked, id=13224, stack(0x0000000028140000,0x0000000028240000)]
  0x000000001eb3f800 JavaThread "jar transforms Thread 410" [_thread_blocked, id=10964, stack(0x0000000028040000,0x0000000028140000)]
  0x000000001eb3c000 JavaThread "jar transforms Thread 409" [_thread_blocked, id=9232, stack(0x0000000027f40000,0x0000000028040000)]
  0x000000001eb3b000 JavaThread "jar transforms Thread 408" [_thread_blocked, id=9508, stack(0x0000000027e40000,0x0000000027f40000)]
  0x000000001eb3c800 JavaThread "jar transforms Thread 407" [_thread_blocked, id=9632, stack(0x0000000027d40000,0x0000000027e40000)]
  0x000000001eb3a800 JavaThread "jar transforms Thread 406" [_thread_blocked, id=7476, stack(0x0000000027c40000,0x0000000027d40000)]
  0x000000001eb3e000 JavaThread "jar transforms Thread 405" [_thread_blocked, id=10268, stack(0x0000000027b40000,0x0000000027c40000)]
  0x000000001c180800 JavaThread "jar transforms Thread 404" [_thread_blocked, id=10452, stack(0x0000000027a40000,0x0000000027b40000)]
  0x000000001c17f800 JavaThread "jar transforms Thread 403" [_thread_blocked, id=12884, stack(0x0000000027940000,0x0000000027a40000)]
  0x000000001c17f000 JavaThread "jar transforms Thread 402" [_thread_blocked, id=2404, stack(0x0000000027840000,0x0000000027940000)]
  0x000000001c182000 JavaThread "jar transforms Thread 401" [_thread_blocked, id=6932, stack(0x0000000027740000,0x0000000027840000)]
  0x000000001efec800 JavaThread "jar transforms Thread 400" [_thread_blocked, id=5324, stack(0x0000000027640000,0x0000000027740000)]
  0x000000001eff2800 JavaThread "jar transforms Thread 399" [_thread_blocked, id=12004, stack(0x0000000027540000,0x0000000027640000)]
  0x000000001eff2000 JavaThread "jar transforms Thread 398" [_thread_blocked, id=12952, stack(0x0000000027440000,0x0000000027540000)]
  0x000000001efed800 JavaThread "jar transforms Thread 397" [_thread_blocked, id=9852, stack(0x0000000027340000,0x0000000027440000)]
  0x000000001eff1000 JavaThread "jar transforms Thread 396" [_thread_blocked, id=2304, stack(0x0000000027240000,0x0000000027340000)]
  0x000000001eff0800 JavaThread "jar transforms Thread 395" [_thread_blocked, id=12656, stack(0x0000000027140000,0x0000000027240000)]
  0x000000001eff3800 JavaThread "jar transforms Thread 394" [_thread_blocked, id=5568, stack(0x0000000027040000,0x0000000027140000)]
  0x000000001efef000 JavaThread "jar transforms Thread 393" [_thread_blocked, id=7708, stack(0x0000000026f40000,0x0000000027040000)]
  0x000000001efee000 JavaThread "jar transforms Thread 392" [_thread_blocked, id=12488, stack(0x0000000026e40000,0x0000000026f40000)]
  0x000000001abc3000 JavaThread "jar transforms Thread 391" [_thread_blocked, id=3352, stack(0x0000000026d40000,0x0000000026e40000)]
  0x000000001abc7000 JavaThread "jar transforms Thread 390" [_thread_blocked, id=3372, stack(0x0000000026c40000,0x0000000026d40000)]
  0x000000001abc6000 JavaThread "jar transforms Thread 389" [_thread_blocked, id=1460, stack(0x0000000026b40000,0x0000000026c40000)]
  0x000000001abc5800 JavaThread "jar transforms Thread 388" [_thread_blocked, id=1784, stack(0x0000000026a40000,0x0000000026b40000)]
  0x000000001abc9000 JavaThread "jar transforms Thread 387" [_thread_blocked, id=8948, stack(0x0000000026940000,0x0000000026a40000)]
  0x000000001abc7800 JavaThread "jar transforms Thread 386" [_thread_blocked, id=12136, stack(0x0000000026840000,0x0000000026940000)]
  0x000000001abc4800 JavaThread "jar transforms Thread 385" [_thread_blocked, id=12588, stack(0x0000000026740000,0x0000000026840000)]
  0x000000001abc8800 JavaThread "jar transforms Thread 384" [_thread_blocked, id=6008, stack(0x0000000026640000,0x0000000026740000)]
  0x000000001abbb800 JavaThread "jar transforms Thread 383" [_thread_blocked, id=8100, stack(0x0000000026540000,0x0000000026640000)]
  0x000000001abc2800 JavaThread "jar transforms Thread 382" [_thread_blocked, id=12116, stack(0x0000000026440000,0x0000000026540000)]
  0x000000001abbb000 JavaThread "jar transforms Thread 381" [_thread_blocked, id=12948, stack(0x0000000026340000,0x0000000026440000)]
  0x000000001abc1800 JavaThread "jar transforms Thread 380" [_thread_blocked, id=12540, stack(0x0000000026240000,0x0000000026340000)]
  0x000000001abba000 JavaThread "jar transforms Thread 379" [_thread_blocked, id=5280, stack(0x0000000026140000,0x0000000026240000)]
  0x000000001abbe800 JavaThread "jar transforms Thread 378" [_thread_blocked, id=12664, stack(0x0000000026040000,0x0000000026140000)]
  0x000000001abc0000 JavaThread "jar transforms Thread 377" [_thread_blocked, id=9208, stack(0x0000000025f40000,0x0000000026040000)]
  0x000000001abbc800 JavaThread "jar transforms Thread 376" [_thread_blocked, id=12616, stack(0x0000000025e40000,0x0000000025f40000)]
  0x000000001f9f2800 JavaThread "jar transforms Thread 375" [_thread_blocked, id=6824, stack(0x0000000025d40000,0x0000000025e40000)]
  0x000000001f9f5000 JavaThread "jar transforms Thread 374" [_thread_blocked, id=8676, stack(0x0000000025c40000,0x0000000025d40000)]
  0x000000001f9f1000 JavaThread "jar transforms Thread 373" [_thread_blocked, id=4004, stack(0x0000000025b40000,0x0000000025c40000)]
  0x000000001f9f2000 JavaThread "jar transforms Thread 372" [_thread_blocked, id=12400, stack(0x0000000025a40000,0x0000000025b40000)]
  0x000000001f9f4000 JavaThread "jar transforms Thread 371" [_thread_blocked, id=6916, stack(0x0000000025940000,0x0000000025a40000)]
  0x000000001f9f6800 JavaThread "jar transforms Thread 370" [_thread_blocked, id=292, stack(0x0000000025840000,0x0000000025940000)]
  0x000000001f9f3800 JavaThread "jar transforms Thread 369" [_thread_blocked, id=12068, stack(0x0000000025740000,0x0000000025840000)]
  0x000000001f9e9800 JavaThread "jar transforms Thread 368" [_thread_blocked, id=6584, stack(0x0000000025640000,0x0000000025740000)]
  0x000000001f9f0800 JavaThread "jar transforms Thread 367" [_thread_blocked, id=9620, stack(0x0000000025540000,0x0000000025640000)]
  0x000000001f9e9000 JavaThread "jar transforms Thread 366" [_thread_blocked, id=3460, stack(0x0000000025440000,0x0000000025540000)]
  0x000000001f9ef800 JavaThread "jar transforms Thread 365" [_thread_blocked, id=13260, stack(0x0000000025340000,0x0000000025440000)]
  0x000000001f9ef000 JavaThread "jar transforms Thread 364" [_thread_blocked, id=12352, stack(0x0000000025240000,0x0000000025340000)]
  0x000000001f9ec800 JavaThread "jar transforms Thread 363" [_thread_blocked, id=6908, stack(0x0000000025140000,0x0000000025240000)]
  0x000000001f9e8000 JavaThread "jar transforms Thread 362" [_thread_blocked, id=2576, stack(0x0000000025040000,0x0000000025140000)]
  0x000000001f9ea800 JavaThread "jar transforms Thread 361" [_thread_blocked, id=2220, stack(0x0000000024f40000,0x0000000025040000)]
  0x000000001f9eb000 JavaThread "jar transforms Thread 360" [_thread_blocked, id=12036, stack(0x0000000024e40000,0x0000000024f40000)]
  0x000000001f9e7800 JavaThread "jar transforms Thread 359" [_thread_blocked, id=7128, stack(0x0000000024d40000,0x0000000024e40000)]
  0x000000001b689800 JavaThread "jar transforms Thread 358" [_thread_blocked, id=3916, stack(0x0000000024c40000,0x0000000024d40000)]
  0x000000001b689000 JavaThread "jar transforms Thread 357" [_thread_blocked, id=1032, stack(0x0000000024b40000,0x0000000024c40000)]
  0x000000001b67d800 JavaThread "jar transforms Thread 356" [_thread_blocked, id=9384, stack(0x0000000023d40000,0x0000000023e40000)]
  0x000000001b684800 JavaThread "jar transforms Thread 355" [_thread_blocked, id=5776, stack(0x0000000023c40000,0x0000000023d40000)]
  0x000000001b680000 JavaThread "jar transforms Thread 354" [_thread_blocked, id=5888, stack(0x0000000023b40000,0x0000000023c40000)]
  0x000000001b67c800 JavaThread "jar transforms Thread 353" [_thread_blocked, id=1960, stack(0x0000000023940000,0x0000000023a40000)]
  0x000000001b683800 JavaThread "jar transforms Thread 352" [_thread_blocked, id=4260, stack(0x0000000023840000,0x0000000023940000)]
  0x000000001b681800 JavaThread "jar transforms Thread 351" [_thread_blocked, id=8156, stack(0x0000000023640000,0x0000000023740000)]
  0x000000001b683000 JavaThread "jar transforms Thread 350" [_thread_blocked, id=12624, stack(0x0000000023540000,0x0000000023640000)]
  0x000000001b680800 JavaThread "jar transforms Thread 349" [_thread_blocked, id=2792, stack(0x0000000023440000,0x0000000023540000)]
  0x000000001f27a800 JavaThread "jar transforms Thread 348" [_thread_blocked, id=11796, stack(0x0000000023340000,0x0000000023440000)]
  0x000000001f279000 JavaThread "jar transforms Thread 347" [_thread_blocked, id=12432, stack(0x0000000023240000,0x0000000023340000)]
  0x000000001f27a000 JavaThread "jar transforms Thread 346" [_thread_blocked, id=11880, stack(0x0000000023140000,0x0000000023240000)]
  0x000000001f278800 JavaThread "jar transforms Thread 345" [_thread_blocked, id=10496, stack(0x0000000023040000,0x0000000023140000)]
  0x000000001f277800 JavaThread "jar transforms Thread 344" [_thread_blocked, id=3472, stack(0x0000000022f40000,0x0000000023040000)]
  0x000000001f27d800 JavaThread "jar transforms Thread 343" [_thread_blocked, id=12676, stack(0x0000000022740000,0x0000000022840000)]
  0x000000001f27c000 JavaThread "jar transforms Thread 342" [_thread_blocked, id=13104, stack(0x0000000022240000,0x0000000022340000)]
  0x000000001f27e800 JavaThread "jar transforms Thread 341" [_thread_blocked, id=6220, stack(0x0000000021e40000,0x0000000021f40000)]
  0x000000001f27b800 JavaThread "jar transforms Thread 340" [_thread_blocked, id=12280, stack(0x0000000020af0000,0x0000000020bf0000)]
  0x000000001f26f800 JavaThread "Daemon worker Thread 4" [_thread_blocked, id=8200, stack(0x000000001d310000,0x000000001d410000)]
  0x000000001f271000 JavaThread "Daemon Thread 4" [_thread_blocked, id=464, stack(0x0000000000970000,0x0000000000a70000)]
  0x000000001f276000 JavaThread "Memory manager" [_thread_blocked, id=1156, stack(0x0000000023a40000,0x0000000023b40000)]
  0x000000001c183800 JavaThread "Cache worker for file content cache (C:\Users\Ankit kumar\.gradle\caches\6.5\fileContent)" [_thread_blocked, id=8500, stack(0x0000000022840000,0x0000000022940000)]
  0x000000001c183000 JavaThread "Cache worker for execution history cache (C:\Users\Ankit kumar\.gradle\caches\6.5\executionHistory)" [_thread_blocked, id=7208, stack(0x0000000021f40000,0x0000000022040000)]
  0x000000001c185000 JavaThread "Cache worker for file hash cache (C:\Users\Ankit kumar\.gradle\caches\6.5\fileHashes)" [_thread_blocked, id=6064, stack(0x000000001e550000,0x000000001e650000)]
  0x000000001c181000 JavaThread "File lock request listener" [_thread_in_native, id=10688, stack(0x000000001e450000,0x000000001e550000)]
  0x000000001c1ec000 JavaThread "Cache worker for journal cache (C:\Users\Ankit kumar\.gradle\caches\journal-1)" [_thread_blocked, id=5284, stack(0x000000001e350000,0x000000001e450000)]
  0x000000001a602000 JavaThread "Daemon periodic checks" [_thread_blocked, id=7580, stack(0x000000001d750000,0x000000001d850000)]
  0x000000001c00e000 JavaThread "Incoming local TCP Connector on port 64044" [_thread_in_native, id=2364, stack(0x000000001d510000,0x000000001d610000)]
  0x000000001bd93000 JavaThread "Daemon health stats" [_thread_blocked, id=2884, stack(0x000000001ced0000,0x000000001cfd0000)]
  0x00000000196f8800 JavaThread "Service Thread" daemon [_thread_blocked, id=2072, stack(0x000000001a330000,0x000000001a430000)]
  0x000000001966f000 JavaThread "C1 CompilerThread3" daemon [_thread_blocked, id=3720, stack(0x000000001a230000,0x000000001a330000)]
  0x0000000019669800 JavaThread "C2 CompilerThread2" daemon [_thread_in_native, id=9184, stack(0x000000001a130000,0x000000001a230000)]
  0x000000001786b800 JavaThread "C2 CompilerThread1" daemon [_thread_in_native, id=4972, stack(0x000000001a030000,0x000000001a130000)]
=>0x0000000019666800 JavaThread "C2 CompilerThread0" daemon [_thread_in_native, id=620, stack(0x0000000019f30000,0x000000001a030000)]
  0x0000000019665000 JavaThread "Attach Listener" daemon [_thread_blocked, id=8944, stack(0x0000000019e30000,0x0000000019f30000)]
  0x0000000019664000 JavaThread "Signal Dispatcher" daemon [_thread_blocked, id=10076, stack(0x0000000019d30000,0x0000000019e30000)]
  0x00000000027ee000 JavaThread "Finalizer" daemon [_thread_blocked, id=1540, stack(0x0000000019b30000,0x0000000019c30000)]
  0x00000000027e7000 JavaThread "Reference Handler" daemon [_thread_blocked, id=10192, stack(0x0000000019a30000,0x0000000019b30000)]
  0x000000000252e800 JavaThread "main" [_thread_blocked, id=6028, stack(0x00000000025f0000,0x00000000026f0000)]

Other Threads:
  0x0000000017856000 VMThread [stack: 0x0000000019530000,0x0000000019630000] [id=10756]
  0x00000000196f9800 WatcherThread [stack: 0x000000001a430000,0x000000001a530000] [id=10436]

VM state:not at safepoint (normal execution)

VM Mutex/Monitor currently owned by a thread: None

heap address: 0x0000000080000000, size: 2048 MB, Compressed Oops mode: 32-bit
Narrow klass base: 0x0000000000000000, Narrow klass shift: 3
Compressed class space size: 1073741824 Address: 0x0000000100000000

Heap:
 PSYoungGen      total 300032K, used 187900K [0x00000000d5580000, 0x00000000eae80000, 0x0000000100000000)
  eden space 248832K, 54% used [0x00000000d5580000,0x00000000ddb00f28,0x00000000e4880000)
  from space 51200K, 99% used [0x00000000e4880000,0x00000000e7a7e130,0x00000000e7a80000)
  to   space 46080K, 0% used [0x00000000e7a80000,0x00000000e7a80000,0x00000000ea780000)
 ParOldGen       total 219136K, used 86911K [0x0000000080000000, 0x000000008d600000, 0x00000000d5580000)
  object space 219136K, 39% used [0x0000000080000000,0x00000000854dfe48,0x000000008d600000)
 Metaspace       used 110807K, capacity 118018K, committed 118168K, reserved 1150976K
  class space    used 14480K, capacity 16005K, committed 16048K, reserved 1048576K

Card table byte_map: [0x0000000011bb0000,0x0000000011fc0000] byte_map_base: 0x00000000117b0000

Marking Bits: (ParMarkBitMap*) 0x00000000597cf030
 Begin Bits: [0x0000000012a70000, 0x0000000014a70000)
 End Bits:   [0x0000000014a70000, 0x0000000016a70000)

Polling page: 0x0000000000cc0000

CodeCache: size=245760Kb used=51909Kb max_used=51937Kb free=193850Kb
 bounds [0x00000000027f0000, 0x0000000005af0000, 0x00000000117f0000]
 total_blobs=16300 nmethods=15261 adapters=950
 compilation: enabled

Compilation events (10 events):
Event: 613.486 Thread 0x0000000019669800 nmethod 18452% 0x0000000005ac63d0 code [0x0000000005ac67a0, 0x0000000005ac6e98]
Event: 613.486 Thread 0x0000000019669800 18451       4       org.objectweb.asm.ClassReader::readMethod (1061 bytes)
Event: 613.499 Thread 0x000000001966f000 18475       2       org.gradle.internal.normalization.java.impl.ApiMemberSelector::visitAnnotation (33 bytes)
Event: 613.500 Thread 0x000000001966f000 nmethod 18475 0x0000000005ac5950 code [0x0000000005ac5b00, 0x0000000005ac6018]
Event: 613.547 Thread 0x000000001966f000 18477       1       com.google.common.collect.ComparisonChain$InactiveComparisonChain::compareFalseFirst (2 bytes)
Event: 613.547 Thread 0x000000001966f000 nmethod 18477 0x0000000005ac5690 code [0x0000000005ac57e0, 0x0000000005ac58f0]
Event: 613.664 Thread 0x0000000019669800 nmethod 18451 0x0000000005ae3090 code [0x0000000005ae3580, 0x0000000005ae84f0]
Event: 613.664 Thread 0x0000000019669800 18476       4       org.objectweb.asm.ClassReader::<init> (371 bytes)
Event: 613.672 Thread 0x0000000019669800 nmethod 18476 0x0000000005aa5e90 code [0x0000000005aa60c0, 0x0000000005aa6638]
Event: 613.672 Thread 0x0000000019669800 18456       4       org.objectweb.asm.ClassWriter::toByteArray (1513 bytes)

GC Heap History (10 events):
Event: 344.005 GC heap before
{Heap before GC invocations=21 (full 4):
 PSYoungGen      total 254464K, used 220160K [0x00000000d5580000, 0x00000000e7980000, 0x0000000100000000)
  eden space 220160K, 100% used [0x00000000d5580000,0x00000000e2c80000,0x00000000e2c80000)
  from space 34304K, 0% used [0x00000000e4f00000,0x00000000e4f00000,0x00000000e7080000)
  to   space 35328K, 0% used [0x00000000e2c80000,0x00000000e2c80000,0x00000000e4f00000)
 ParOldGen       total 219136K, used 67037K [0x0000000080000000, 0x000000008d600000, 0x00000000d5580000)
  object space 219136K, 30% used [0x0000000080000000,0x00000000841775b8,0x000000008d600000)
 Metaspace       used 96934K, capacity 102070K, committed 102296K, reserved 1138688K
  class space    used 12813K, capacity 13919K, committed 14000K, reserved 1048576K
Event: 344.018 GC heap after
Heap after GC invocations=21 (full 4):
 PSYoungGen      total 255488K, used 12246K [0x00000000d5580000, 0x00000000e8380000, 0x0000000100000000)
  eden space 220160K, 0% used [0x00000000d5580000,0x00000000d5580000,0x00000000e2c80000)
  from space 35328K, 34% used [0x00000000e2c80000,0x00000000e3875890,0x00000000e4f00000)
  to   space 33792K, 0% used [0x00000000e6280000,0x00000000e6280000,0x00000000e8380000)
 ParOldGen       total 219136K, used 67045K [0x0000000080000000, 0x000000008d600000, 0x00000000d5580000)
  object space 219136K, 30% used [0x0000000080000000,0x00000000841795b8,0x000000008d600000)
 Metaspace       used 96934K, capacity 102070K, committed 102296K, reserved 1138688K
  class space    used 12813K, capacity 13919K, committed 14000K, reserved 1048576K
}
Event: 521.144 GC heap before
{Heap before GC invocations=22 (full 4):
 PSYoungGen      total 255488K, used 232406K [0x00000000d5580000, 0x00000000e8380000, 0x0000000100000000)
  eden space 220160K, 100% used [0x00000000d5580000,0x00000000e2c80000,0x00000000e2c80000)
  from space 35328K, 34% used [0x00000000e2c80000,0x00000000e3875890,0x00000000e4f00000)
  to   space 33792K, 0% used [0x00000000e6280000,0x00000000e6280000,0x00000000e8380000)
 ParOldGen       total 219136K, used 67045K [0x0000000080000000, 0x000000008d600000, 0x00000000d5580000)
  object space 219136K, 30% used [0x0000000080000000,0x00000000841795b8,0x000000008d600000)
 Metaspace       used 100424K, capacity 106092K, committed 106392K, reserved 1140736K
  class space    used 13193K, capacity 14419K, committed 14512K, reserved 1048576K
Event: 521.165 GC heap after
Heap after GC invocations=22 (full 4):
 PSYoungGen      total 269312K, used 23410K [0x00000000d5580000, 0x00000000e8180000, 0x0000000100000000)
  eden space 237568K, 0% used [0x00000000d5580000,0x00000000d5580000,0x00000000e3d80000)
  from space 31744K, 73% used [0x00000000e6280000,0x00000000e795cb70,0x00000000e8180000)
  to   space 34816K, 0% used [0x00000000e3d80000,0x00000000e3d80000,0x00000000e5f80000)
 ParOldGen       total 219136K, used 67053K [0x0000000080000000, 0x000000008d600000, 0x00000000d5580000)
  object space 219136K, 30% used [0x0000000080000000,0x000000008417b5b8,0x000000008d600000)
 Metaspace       used 100424K, capacity 106092K, committed 106392K, reserved 1140736K
  class space    used 13193K, capacity 14419K, committed 14512K, reserved 1048576K
}
Event: 529.567 GC heap before
{Heap before GC invocations=23 (full 4):
 PSYoungGen      total 269312K, used 260978K [0x00000000d5580000, 0x00000000e8180000, 0x0000000100000000)
  eden space 237568K, 100% used [0x00000000d5580000,0x00000000e3d80000,0x00000000e3d80000)
  from space 31744K, 73% used [0x00000000e6280000,0x00000000e795cb70,0x00000000e8180000)
  to   space 34816K, 0% used [0x00000000e3d80000,0x00000000e3d80000,0x00000000e5f80000)
 ParOldGen       total 219136K, used 67053K [0x0000000080000000, 0x000000008d600000, 0x00000000d5580000)
  object space 219136K, 30% used [0x0000000080000000,0x000000008417b5b8,0x000000008d600000)
 Metaspace       used 102361K, capacity 108390K, committed 108696K, reserved 1142784K
  class space    used 13407K, capacity 14692K, committed 14768K, reserved 1048576K
Event: 529.599 GC heap after
Heap after GC invocations=23 (full 4):
 PSYoungGen      total 272384K, used 34785K [0x00000000d5580000, 0x00000000ea780000, 0x0000000100000000)
  eden space 237568K, 0% used [0x00000000d5580000,0x00000000d5580000,0x00000000e3d80000)
  from space 34816K, 99% used [0x00000000e3d80000,0x00000000e5f78480,0x00000000e5f80000)
  to   space 46080K, 0% used [0x00000000e7a80000,0x00000000e7a80000,0x00000000ea780000)
 ParOldGen       total 219136K, used 82640K [0x0000000080000000, 0x000000008d600000, 0x00000000d5580000)
  object space 219136K, 37% used [0x0000000080000000,0x00000000850b4258,0x000000008d600000)
 Metaspace       used 102361K, capacity 108390K, committed 108696K, reserved 1142784K
  class space    used 13407K, capacity 14692K, committed 14768K, reserved 1048576K
}
Event: 582.161 GC heap before
{Heap before GC invocations=24 (full 4):
 PSYoungGen      total 272384K, used 272353K [0x00000000d5580000, 0x00000000ea780000, 0x0000000100000000)
  eden space 237568K, 100% used [0x00000000d5580000,0x00000000e3d80000,0x00000000e3d80000)
  from space 34816K, 99% used [0x00000000e3d80000,0x00000000e5f78480,0x00000000e5f80000)
  to   space 46080K, 0% used [0x00000000e7a80000,0x00000000e7a80000,0x00000000ea780000)
 ParOldGen       total 219136K, used 82640K [0x0000000080000000, 0x000000008d600000, 0x00000000d5580000)
  object space 219136K, 37% used [0x0000000080000000,0x00000000850b4258,0x000000008d600000)
 Metaspace       used 107990K, capacity 114514K, committed 114584K, reserved 1148928K
  class space    used 14123K, capacity 15519K, committed 15536K, reserved 1048576K
Event: 582.203 GC heap after
Heap after GC invocations=24 (full 4):
 PSYoungGen      total 294912K, used 40123K [0x00000000d5580000, 0x00000000eae80000, 0x0000000100000000)
  eden space 248832K, 0% used [0x00000000d5580000,0x00000000d5580000,0x00000000e4880000)
  from space 46080K, 87% used [0x00000000e7a80000,0x00000000ea1aefd0,0x00000000ea780000)
  to   space 51200K, 0% used [0x00000000e4880000,0x00000000e4880000,0x00000000e7a80000)
 ParOldGen       total 219136K, used 82648K [0x0000000080000000, 0x000000008d600000, 0x00000000d5580000)
  object space 219136K, 37% used [0x0000000080000000,0x00000000850b6258,0x000000008d600000)
 Metaspace       used 107990K, capacity 114514K, committed 114584K, reserved 1148928K
  class space    used 14123K, capacity 15519K, committed 15536K, reserved 1048576K
}
Event: 612.965 GC heap before
{Heap before GC invocations=25 (full 4):
 PSYoungGen      total 294912K, used 288955K [0x00000000d5580000, 0x00000000eae80000, 0x0000000100000000)
  eden space 248832K, 100% used [0x00000000d5580000,0x00000000e4880000,0x00000000e4880000)
  from space 46080K, 87% used [0x00000000e7a80000,0x00000000ea1aefd0,0x00000000ea780000)
  to   space 51200K, 0% used [0x00000000e4880000,0x00000000e4880000,0x00000000e7a80000)
 ParOldGen       total 219136K, used 82648K [0x0000000080000000, 0x000000008d600000, 0x00000000d5580000)
  object space 219136K, 37% used [0x0000000080000000,0x00000000850b6258,0x000000008d600000)
 Metaspace       used 110757K, capacity 118012K, committed 118168K, reserved 1150976K
  class space    used 14478K, capacity 16004K, committed 16048K, reserved 1048576K
Event: 613.007 GC heap after
Heap after GC invocations=25 (full 4):
 PSYoungGen      total 300032K, used 51192K [0x00000000d5580000, 0x00000000eae80000, 0x0000000100000000)
  eden space 248832K, 0% used [0x00000000d5580000,0x00000000d5580000,0x00000000e4880000)
  from space 51200K, 99% used [0x00000000e4880000,0x00000000e7a7e130,0x00000000e7a80000)
  to   space 46080K, 0% used [0x00000000e7a80000,0x00000000e7a80000,0x00000000ea780000)
 ParOldGen       total 219136K, used 86911K [0x0000000080000000, 0x000000008d600000, 0x00000000d5580000)
  object space 219136K, 39% used [0x0000000080000000,0x00000000854dfe48,0x000000008d600000)
 Metaspace       used 110757K, capacity 118012K, committed 118168K, reserved 1150976K
  class space    used 14478K, capacity 16004K, committed 16048K, reserved 1048576K
}

Deoptimization events (10 events):
Event: 613.025 Thread 0x000000001e964800 Uncommon trap: reason=unstable_if action=reinterpret pc=0x0000000005969eb0 method=org.gradle.internal.normalization.java.impl.AnnotatableMember.compare(Lorg/gradle/internal/normalization/java/impl/AnnotatableMember;)Lcom/google/common/collect/ComparisonCh
Event: 613.043 Thread 0x000000001e964800 Uncommon trap: reason=unstable_if action=reinterpret pc=0x0000000005a33904 method=org.objectweb.asm.SymbolTable.addConstantIntegerOrFloat(II)Lorg/objectweb/asm/Symbol; @ 44
Event: 613.043 Thread 0x000000001e964800 Uncommon trap: reason=unstable_if action=reinterpret pc=0x0000000005a3dc48 method=org.objectweb.asm.SymbolTable.addConstantIntegerOrFloat(II)Lorg/objectweb/asm/Symbol; @ 44
Event: 613.087 Thread 0x000000001e964800 Uncommon trap: reason=unstable_if action=reinterpret pc=0x0000000005a5c678 method=org.objectweb.asm.ClassReader.readUtf(II[C)Ljava/lang/String; @ 41
Event: 613.087 Thread 0x000000001e964800 Uncommon trap: reason=unstable_if action=reinterpret pc=0x000000000355dce0 method=org.objectweb.asm.ByteVector.putUTF8(Ljava/lang/String;)Lorg/objectweb/asm/ByteVector; @ 100
Event: 613.087 Thread 0x000000001e964800 Uncommon trap: reason=unstable_if action=reinterpret pc=0x0000000003a353cc method=org.objectweb.asm.ByteVector.encodeUtf8(Ljava/lang/String;II)Lorg/objectweb/asm/ByteVector; @ 51
Event: 613.087 Thread 0x000000001e964800 Uncommon trap: reason=unstable_if action=reinterpret pc=0x00000000029b30a8 method=org.objectweb.asm.ByteVector.putUTF8(Ljava/lang/String;)Lorg/objectweb/asm/ByteVector; @ 100
Event: 613.087 Thread 0x000000001e964800 Uncommon trap: reason=unstable_if action=reinterpret pc=0x000000000293fd4c method=org.objectweb.asm.ByteVector.encodeUtf8(Ljava/lang/String;II)Lorg/objectweb/asm/ByteVector; @ 208
Event: 613.087 Thread 0x000000001e964800 Uncommon trap: reason=unstable_if action=reinterpret pc=0x0000000003541850 method=org.objectweb.asm.ByteVector.putUTF8(Ljava/lang/String;)Lorg/objectweb/asm/ByteVector; @ 100
Event: 613.275 Thread 0x000000001e964800 Uncommon trap: reason=unstable_if action=reinterpret pc=0x0000000005ab0d8c method=org.objectweb.asm.ClassReader.readField(Lorg/objectweb/asm/ClassVisitor;Lorg/objectweb/asm/Context;I)I @ 115

Classes redefined (0 events):
No events

Internal exceptions (10 events):
Event: 593.565 Thread 0x000000001e964800 Exception <a 'sun/nio/fs/WindowsException'> (0x00000000e33731b8) thrown at [C:\src\AOSP-openjdk-git\hotspot\src\share\vm\prims\jni.cpp, line 710]
Event: 593.565 Thread 0x000000001e964800 Exception <a 'sun/nio/fs/WindowsException'> (0x00000000e3373ec0) thrown at [C:\src\AOSP-openjdk-git\hotspot\src\share\vm\prims\jni.cpp, line 710]
Event: 595.632 Thread 0x000000001e964800 Exception <a 'java/net/ConnectException': Connection refused: connect> (0x00000000e345f7a0) thrown at [C:\src\AOSP-openjdk-git\hotspot\src\share\vm\prims\jni.cpp, line 737]
Event: 597.676 Thread 0x000000001e964800 Exception <a 'java/net/ConnectException': Connection refused: connect> (0x00000000e3460838) thrown at [C:\src\AOSP-openjdk-git\hotspot\src\share\vm\prims\jni.cpp, line 737]
Event: 599.757 Thread 0x000000001e964800 Exception <a 'java/net/ConnectException': Connection refused: connect> (0x00000000e34618d0) thrown at [C:\src\AOSP-openjdk-git\hotspot\src\share\vm\prims\jni.cpp, line 737]
Event: 600.835 Thread 0x000000001e964800 JVM_StopThread thread JavaThread 0x000000001e94d000 as oop 0x00000000e3480570 [exception 0x0000000030fcb090]
Event: 602.862 Thread 0x000000001e964800 Exception <a 'java/net/ConnectException': Connection refused: connect> (0x00000000e34a03e0) thrown at [C:\src\AOSP-openjdk-git\hotspot\src\share\vm\prims\jni.cpp, line 737]
Event: 604.908 Thread 0x000000001e964800 Exception <a 'java/net/ConnectException': Connection refused: connect> (0x00000000e34a1478) thrown at [C:\src\AOSP-openjdk-git\hotspot\src\share\vm\prims\jni.cpp, line 737]
Event: 606.972 Thread 0x000000001e964800 Exception <a 'java/net/ConnectException': Connection refused: connect> (0x00000000e34a2510) thrown at [C:\src\AOSP-openjdk-git\hotspot\src\share\vm\prims\jni.cpp, line 737]
Event: 607.038 Thread 0x000000001e94d000 Exception <a 'java/lang/InterruptedException'> (0x00000000e34d4f20) thrown at [C:\src\AOSP-openjdk-git\hotspot\src\share\vm\runtime\objectMonitor.cpp, line 1680]

Events (10 events):
Event: 613.568 Thread 0x000000001e964800 DEOPT PACKING pc=0x0000000005987c5c sp=0x0000000030fccb00
Event: 613.568 Thread 0x000000001e964800 DEOPT UNPACKING pc=0x00000000028375d0 sp=0x0000000030fcc858 mode 0
Event: 613.585 Thread 0x000000001e964800 DEOPT PACKING pc=0x0000000005987c5c sp=0x0000000030fccb00
Event: 613.585 Thread 0x000000001e964800 DEOPT UNPACKING pc=0x00000000028375d0 sp=0x0000000030fcc858 mode 0
Event: 613.606 Thread 0x000000001e964800 DEOPT PACKING pc=0x0000000005987c5c sp=0x0000000030fccb00
Event: 613.607 Thread 0x000000001e964800 DEOPT UNPACKING pc=0x00000000028375d0 sp=0x0000000030fcc858 mode 0
Event: 613.630 Thread 0x000000001e964800 DEOPT PACKING pc=0x0000000005987c5c sp=0x0000000030fccb00
Event: 613.630 Thread 0x000000001e964800 DEOPT UNPACKING pc=0x00000000028375d0 sp=0x0000000030fcc858 mode 0
Event: 613.651 Thread 0x000000001e964800 DEOPT PACKING pc=0x0000000005987c5c sp=0x0000000030fccb00
Event: 613.651 Thread 0x000000001e964800 DEOPT UNPACKING pc=0x00000000028375d0 sp=0x0000000030fcc858 mode 0


Dynamic libraries:
0x00007ff6c4140000 - 0x00007ff6c4171000 	C:\Program Files\Android\Android Studio1\jre\bin\java.exe
0x00007fff6b710000 - 0x00007fff6b905000 	C:\WINDOWS\SYSTEM32\ntdll.dll
0x00007fff69ac0000 - 0x00007fff69b7d000 	C:\WINDOWS\System32\KERNEL32.DLL
0x00007fff69380000 - 0x00007fff69648000 	C:\WINDOWS\System32\KERNELBASE.dll
0x00007fff69b80000 - 0x00007fff69c2c000 	C:\WINDOWS\System32\ADVAPI32.dll
0x00007fff6b020000 - 0x00007fff6b0be000 	C:\WINDOWS\System32\msvcrt.dll
0x00007fff6a040000 - 0x00007fff6a0db000 	C:\WINDOWS\System32\sechost.dll
0x00007fff6aaf0000 - 0x00007fff6ac1b000 	C:\WINDOWS\System32\RPCRT4.dll
0x00007fff6ac20000 - 0x00007fff6adc0000 	C:\WINDOWS\System32\USER32.dll
0x00007fff68e50000 - 0x00007fff68e72000 	C:\WINDOWS\System32\win32u.dll
0x00007fff6a290000 - 0x00007fff6a2ba000 	C:\WINDOWS\System32\GDI32.dll
0x00007fff69010000 - 0x00007fff6911b000 	C:\WINDOWS\System32\gdi32full.dll
0x00007fff68e80000 - 0x00007fff68f1d000 	C:\WINDOWS\System32\msvcp_win.dll
0x00007fff69650000 - 0x00007fff69750000 	C:\WINDOWS\System32\ucrtbase.dll
0x00007fff4e930000 - 0x00007fff4ebca000 	C:\WINDOWS\WinSxS\amd64_microsoft.windows.common-controls_6595b64144ccf1df_6.0.19041.1052_none_60b8f8fd71f5e8cb\COMCTL32.dll
0x00007fff6ae70000 - 0x00007fff6aea0000 	C:\WINDOWS\System32\IMM32.DLL
0x0000000059dc0000 - 0x0000000059e92000 	C:\Program Files\Android\Android Studio1\jre\jre\bin\msvcr100.dll
0x0000000059000000 - 0x000000005984b000 	C:\Program Files\Android\Android Studio1\jre\jre\bin\server\jvm.dll
0x00007fff69a00000 - 0x00007fff69a08000 	C:\WINDOWS\System32\PSAPI.DLL
0x00007fff50540000 - 0x00007fff50567000 	C:\WINDOWS\SYSTEM32\WINMM.dll
0x00007fff61390000 - 0x00007fff61399000 	C:\WINDOWS\SYSTEM32\WSOCK32.dll
0x00007fff5e970000 - 0x00007fff5e97a000 	C:\WINDOWS\SYSTEM32\VERSION.dll
0x00007fff6aa00000 - 0x00007fff6aa6b000 	C:\WINDOWS\System32\WS2_32.dll
0x00007fff5fc90000 - 0x00007fff5fc9f000 	C:\Program Files\Android\Android Studio1\jre\jre\bin\verify.dll
0x00007fff42970000 - 0x00007fff42999000 	C:\Program Files\Android\Android Studio1\jre\jre\bin\java.dll
0x00007fff4bd90000 - 0x00007fff4bda6000 	C:\Program Files\Android\Android Studio1\jre\jre\bin\zip.dll
0x00007fff6a2c0000 - 0x00007fff6a9ff000 	C:\WINDOWS\System32\SHELL32.dll
0x00007fff66f80000 - 0x00007fff67710000 	C:\WINDOWS\SYSTEM32\windows.storage.dll
0x00007fff69c50000 - 0x00007fff69fa5000 	C:\WINDOWS\System32\combase.dll
0x00007fff688c0000 - 0x00007fff688ec000 	C:\WINDOWS\SYSTEM32\Wldp.dll
0x00007fff6adc0000 - 0x00007fff6ae6e000 	C:\WINDOWS\System32\SHCORE.dll
0x00007fff6b0c0000 - 0x00007fff6b115000 	C:\WINDOWS\System32\shlwapi.dll
0x00007fff68d90000 - 0x00007fff68daf000 	C:\WINDOWS\SYSTEM32\profapi.dll
0x00007fff42a40000 - 0x00007fff42a5a000 	C:\Program Files\Android\Android Studio1\jre\jre\bin\net.dll
0x00007fff68630000 - 0x00007fff6869a000 	C:\WINDOWS\system32\mswsock.dll
0x00007fff63010000 - 0x00007fff63023000 	C:\Program Files\Android\Android Studio1\jre\jre\bin\nio.dll
0x00007fff54820000 - 0x00007fff54847000 	C:\Users\Ankit kumar\.gradle\native\f6784746aeab05261644944871eae4fe03e0ef1612fff0a4a95f87b438bc6780\windows-amd64\native-platform.dll
0x00007fff63000000 - 0x00007fff6300d000 	C:\Program Files\Android\Android Studio1\jre\jre\bin\management.dll
0x00007fff68810000 - 0x00007fff68828000 	C:\WINDOWS\SYSTEM32\CRYPTSP.dll
0x00007fff67f60000 - 0x00007fff67f94000 	C:\WINDOWS\system32\rsaenh.dll
0x00007fff69750000 - 0x00007fff69777000 	C:\WINDOWS\System32\bcrypt.dll
0x00007fff68d10000 - 0x00007fff68d3e000 	C:\WINDOWS\SYSTEM32\USERENV.dll
0x00007fff68f80000 - 0x00007fff69003000 	C:\WINDOWS\System32\bcryptprimitives.dll
0x00007fff68800000 - 0x00007fff6880c000 	C:\WINDOWS\SYSTEM32\CRYPTBASE.dll
0x00007fff682d0000 - 0x00007fff6830b000 	C:\WINDOWS\SYSTEM32\IPHLPAPI.DLL
0x00007fff6b120000 - 0x00007fff6b128000 	C:\WINDOWS\System32\NSI.dll
0x00007fff5df30000 - 0x00007fff5df47000 	C:\WINDOWS\SYSTEM32\dhcpcsvc6.DLL
0x00007fff5d590000 - 0x00007fff5d5ad000 	C:\WINDOWS\SYSTEM32\dhcpcsvc.DLL
0x00007fff68320000 - 0x00007fff683ec000 	C:\WINDOWS\SYSTEM32\DNSAPI.dll
0x00007fff5dfc0000 - 0x00007fff5dfcb000 	C:\WINDOWS\SYSTEM32\WINNSI.DLL
0x00007fff54850000 - 0x00007fff54874000 	C:\Program Files\Android\Android Studio1\jre\jre\bin\sunec.dll
0x00007fff5dff0000 - 0x00007fff5dffa000 	C:\Windows\System32\rasadhlp.dll
0x00007fff56b60000 - 0x00007fff56bdf000 	C:\WINDOWS\System32\fwpuclnt.dll
0x00007fff62ff0000 - 0x00007fff62ffb000 	C:\Program Files\Android\Android Studio1\jre\jre\bin\sunmscapi.dll
0x00007fff69170000 - 0x00007fff692cf000 	C:\WINDOWS\System32\CRYPT32.dll
0x00007fff37120000 - 0x00007fff372bc000 	C:\Program Files\Android\Android Studio1\jre\jre\bin\awt.dll
0x00007fff69860000 - 0x00007fff6992d000 	C:\WINDOWS\System32\OLEAUT32.dll
0x00007fff636c0000 - 0x00007fff636ef000 	C:\WINDOWS\SYSTEM32\dwmapi.dll
0x00007fff61fc0000 - 0x00007fff62580000 	C:\WINDOWS\SYSTEM32\d2d1.dll
0x00007fff63160000 - 0x00007fff631f0000 	C:\WINDOWS\SYSTEM32\apphelp.dll
0x00007fff63340000 - 0x00007fff633de000 	C:\WINDOWS\system32\uxtheme.dll
0x00007fff62fb0000 - 0x00007fff62fce000 	C:\Users\Ankit kumar\AppData\Local\Temp\native-platform7234657449238117052dir\native-platform.dll

VM Arguments:
jvm_args: -Xmx2048m -Dfile.encoding=UTF-8 -Duser.country=IN -Duser.language=en -Duser.variant 
java_command: org.gradle.launcher.daemon.bootstrap.GradleDaemon 6.5
java_class_path (initial): C:\Users\Ankit kumar\.gradle\wrapper\dists\gradle-6.5-bin\6nifqtx7604sqp1q6g8wikw7p\gradle-6.5\lib\gradle-launcher-6.5.jar
Launcher Type: SUN_STANDARD

Environment Variables:
PATH=C:\Users\Ankit kumar\AppData\Local\Android\Sdk\platform-tools;C:\Windows;C:\Windows\System32\Wbem;C:\Windows\System32\WindowsPowerShell\v1.0\;C:\Windows\System32\OpenSSH\;C:\Program Files (x86)\NVIDIA Corporation\PhysX\Common;C:\Program Files\Intel\WiFi\bin\;C:\Program Files\Common Files\Intel\WirelessCommon\;C:\Program Files\Java\jdk-11.0.5\bin;C:\WINDOWS\system32;C:\WINDOWS;C:\WINDOWS\System32\Wbem;C:\WINDOWS\System32\WindowsPowerShell\v1.0\;C:\WINDOWS\System32\OpenSSH\;C:\Program Files\PuTTY\;C:\Program Files\Git\cmd;C:\Users\Ankit kumar\AppData\Local\Microsoft\WindowsApps;C:\Users\Ankit kumar\AppData\Local\GitHubDesktop\bin
USERNAME=Ankit kumar
OS=Windows_NT
PROCESSOR_IDENTIFIER=Intel64 Family 6 Model 142 Stepping 12, GenuineIntel



---------------  S Y S T E M  ---------------

OS: Windows 10.0 , 64 bit Build 19041 (10.0.19041.1023)

CPU:total 8 (initial active 8) (4 cores per cpu, 2 threads per core) family 6 model 142 stepping 12, cmov, cx8, fxsr, mmx, sse, sse2, sse3, ssse3, sse4.1, sse4.2, popcnt, avx, avx2, aes, clmul, erms, 3dnowpref, lzcnt, ht, tsc, tscinvbit, bmi1, bmi2, adx

Memory: 4k page, physical 8236416k(1190288k free), swap 8236416k(5192k free)

vm_info: OpenJDK 64-Bit Server VM (25.242-b01) for windows-amd64 JRE (1.8.0_242-release-1644-b01), built by "builder" with MS VC++ 10.0 (VS2010)

time: Mon Jun 14 13:28:25 2021
timezone: India Standard Time
elapsed time: 613 seconds (0d 0h 10m 13s)

