#
# There is insufficient memory for the Java Runtime Environment to continue.
# Native memory allocation (malloc) failed to allocate 789856 bytes for Chunk::new
# Possible reasons:
#   The system is out of physical RAM or swap space
#   The process is running with CompressedOops enabled, and the Java Heap may be blocking the growth of the native heap
# Possible solutions:
#   Reduce memory load on the system
#   Increase physical memory or swap space
#   Check if swap backing store is full
#   Decrease Java heap size (-Xmx/-Xms)
#   Decrease number of Java threads
#   Decrease Java thread stack sizes (-Xss)
#   Set larger code cache with -XX:ReservedCodeCacheSize=
#   JVM is running with Unscaled Compressed Oops mode in which the Java heap is
#     placed in the first 4GB address space. The Java Heap base address is the
#     maximum limit for the native heap growth. Please use -XX:HeapBaseMinAddress
#     to set the Java Heap base and to place the Java Heap above 4GB virtual address.
# This output file may be truncated or incomplete.
#
#  Out of Memory Error (allocation.cpp:389), pid=11884, tid=0x0000000000002d50
#
# JRE version: OpenJDK Runtime Environment (8.0_242-b01) (build 1.8.0_242-release-1644-b01)
# Java VM: OpenJDK 64-Bit Server VM (25.242-b01 mixed mode windows-amd64 compressed oops)
# Failed to write core dump. Minidumps are not enabled by default on client versions of Windows
#

---------------  T H R E A D  ---------------

Current thread (0x00000000179da800):  JavaThread "C2 CompilerThread0" daemon [_thread_in_native, id=11600, stack(0x000000001a0c0000,0x000000001a1c0000)]

Stack: [0x000000001a0c0000,0x000000001a1c0000]
[error occurred during error reporting (printing stack bounds), id 0xc0000005]

Native frames: (J=compiled Java code, j=interpreted, Vv=VM code, C=native code)


Current CompileTask:
C2:   2511 1497       4       java.net.URLClassLoader$1::run (5 bytes)


---------------  P R O C E S S  ---------------

Java Threads: ( => current thread )
  0x000000001c526800 JavaThread "File lock request listener" [_thread_in_native, id=13168, stack(0x000000001e620000,0x000000001e720000)]
  0x000000001c32d000 JavaThread "Cache worker for journal cache (C:\Users\Ankit kumar\.gradle\caches\journal-1)" [_thread_blocked, id=8752, stack(0x000000001e520000,0x000000001e620000)]
  0x000000001a808000 JavaThread "Thread-9" [_thread_blocked, id=7008, stack(0x000000001e220000,0x000000001e320000)]
  0x000000001a8ac800 JavaThread "Stdin handler" [_thread_blocked, id=7052, stack(0x000000001e120000,0x000000001e220000)]
  0x000000001c184800 JavaThread "Asynchronous log dispatcher for DefaultDaemonConnection: socket connection from /127.0.0.1:59699 to /127.0.0.1:59700" [_thread_blocked, id=7244, stack(0x000000001e020000,0x000000001e120000)]
  0x000000001ab34000 JavaThread "Daemon worker" [_thread_in_vm, id=11528, stack(0x000000001df20000,0x000000001e020000)]
  0x000000001ab39000 JavaThread "Cancel handler" [_thread_blocked, id=6300, stack(0x000000001de20000,0x000000001df20000)]
  0x000000001bf19000 JavaThread "Handler for socket connection from /127.0.0.1:59699 to /127.0.0.1:59700" [_thread_in_native, id=6656, stack(0x000000001dd20000,0x000000001de20000)]
  0x000000001c1da000 JavaThread "Daemon" [_thread_blocked, id=7928, stack(0x000000001dc20000,0x000000001dd20000)]
  0x000000001c1db000 JavaThread "Daemon periodic checks" [_thread_blocked, id=2344, stack(0x000000001d920000,0x000000001da20000)]
  0x000000001c1d2800 JavaThread "Incoming local TCP Connector on port 59699" [_thread_in_native, id=8656, stack(0x000000001d6e0000,0x000000001d7e0000)]
  0x000000001bfdd800 JavaThread "Daemon health stats" [_thread_blocked, id=4364, stack(0x000000001d0a0000,0x000000001d1a0000)]
  0x000000001987f800 JavaThread "Service Thread" daemon [_thread_blocked, id=12412, stack(0x000000001a4c0000,0x000000001a5c0000)]
  0x00000000197fa800 JavaThread "C1 CompilerThread3" daemon [_thread_blocked, id=5552, stack(0x000000001a3c0000,0x000000001a4c0000)]
  0x00000000197eb000 JavaThread "C2 CompilerThread2" daemon [_thread_in_native, id=2816, stack(0x000000001a2c0000,0x000000001a3c0000)]
  0x00000000179de000 JavaThread "C2 CompilerThread1" daemon [_thread_blocked, id=9804, stack(0x000000001a1c0000,0x000000001a2c0000)]
=>0x00000000179da800 JavaThread "C2 CompilerThread0" daemon [_thread_in_native, id=11600, stack(0x000000001a0c0000,0x000000001a1c0000)]
  0x00000000179d9000 JavaThread "Attach Listener" daemon [_thread_blocked, id=12812, stack(0x0000000019fc0000,0x000000001a0c0000)]
  0x00000000197e6000 JavaThread "Signal Dispatcher" daemon [_thread_blocked, id=6768, stack(0x0000000019ec0000,0x0000000019fc0000)]
  0x000000000292e000 JavaThread "Finalizer" daemon [_thread_blocked, id=13748, stack(0x0000000019cb0000,0x0000000019db0000)]
  0x0000000002927000 JavaThread "Reference Handler" daemon [_thread_blocked, id=10612, stack(0x0000000019bb0000,0x0000000019cb0000)]
  0x00000000026de800 JavaThread "main" [_thread_blocked, id=10704, stack(0x0000000002730000,0x0000000002830000)]

Other Threads:
  0x00000000179c6000 VMThread [stack: 0x00000000196b0000,0x00000000197b0000] [id=6804]
  0x0000000019880800 WatcherThread [stack: 0x000000001a5c0000,0x000000001a6c0000] [id=8568]

VM state:not at safepoint (normal execution)

VM Mutex/Monitor currently owned by a thread: None

heap address: 0x0000000080000000, size: 2048 MB, Compressed Oops mode: 32-bit
Narrow klass base: 0x0000000000000000, Narrow klass shift: 3
Compressed class space size: 1073741824 Address: 0x0000000100000000

Heap:
 PSYoungGen      total 37888K, used 10511K [0x00000000d5580000, 0x00000000d9f80000, 0x0000000100000000)
  eden space 32768K, 16% used [0x00000000d5580000,0x00000000d5ac5e78,0x00000000d7580000)
  from space 5120K, 99% used [0x00000000d7a80000,0x00000000d7f7e140,0x00000000d7f80000)
  to   space 5120K, 0% used [0x00000000d7580000,0x00000000d7580000,0x00000000d7a80000)
 ParOldGen       total 86016K, used 2858K [0x0000000080000000, 0x0000000085400000, 0x00000000d5580000)
  object space 86016K, 3% used [0x0000000080000000,0x00000000802cab88,0x0000000085400000)
 Metaspace       used 15299K, capacity 15830K, committed 16128K, reserved 1062912K
  class space    used 2018K, capacity 2185K, committed 2304K, reserved 1048576K

Card table byte_map: [0x0000000011cf0000,0x0000000012100000] byte_map_base: 0x00000000118f0000

Marking Bits: (ParMarkBitMap*) 0x000000005abdf030
 Begin Bits: [0x0000000012bb0000, 0x0000000014bb0000)
 End Bits:   [0x0000000014bb0000, 0x0000000016bb0000)

Polling page: 0x00000000026a0000

CodeCache: size=245760Kb used=5364Kb max_used=5374Kb free=240396Kb
 bounds [0x0000000002930000, 0x0000000002e80000, 0x0000000011930000]
 total_blobs=1893 nmethods=1504 adapters=302
 compilation: enabled

Compilation events (10 events):
Event: 2.495 Thread 0x00000000197fa800 1503       3       com.google.common.collect.AbstractIndexedListIterator::hasNext (17 bytes)
Event: 2.495 Thread 0x00000000197fa800 nmethod 1503 0x0000000002e6b910 code [0x0000000002e6ba60, 0x0000000002e6bc10]
Event: 2.495 Thread 0x00000000197fa800 1505       3       org.gradle.internal.file.DefaultFileHierarchySet$Node::sizeOfCommonPrefix (10 bytes)
Event: 2.495 Thread 0x00000000197fa800 nmethod 1505 0x0000000002e66210 code [0x0000000002e66380, 0x0000000002e66568]
Event: 2.495 Thread 0x00000000197fa800 1506       3       org.gradle.internal.file.FilePathUtil::sizeOfCommonPrefix (10 bytes)
Event: 2.496 Thread 0x00000000197fa800 nmethod 1506 0x0000000002e65e90 code [0x0000000002e66000, 0x0000000002e66168]
Event: 2.496 Thread 0x00000000197fa800 1507       3       com.google.common.collect.AbstractIndexedListIterator::next (31 bytes)
Event: 2.496 Thread 0x00000000197fa800 nmethod 1507 0x0000000002e65750 code [0x0000000002e658e0, 0x0000000002e65d38]
Event: 2.496 Thread 0x00000000197fa800 1508       1       com.google.common.collect.RegularImmutableList::size (5 bytes)
Event: 2.496 Thread 0x00000000197fa800 nmethod 1508 0x0000000002e65490 code [0x0000000002e655e0, 0x0000000002e656f0]

GC Heap History (8 events):
Event: 1.006 GC heap before
{Heap before GC invocations=1 (full 0):
 PSYoungGen      total 37888K, used 32768K [0x00000000d5580000, 0x00000000d7f80000, 0x0000000100000000)
  eden space 32768K, 100% used [0x00000000d5580000,0x00000000d7580000,0x00000000d7580000)
  from space 5120K, 0% used [0x00000000d7a80000,0x00000000d7a80000,0x00000000d7f80000)
  to   space 5120K, 0% used [0x00000000d7580000,0x00000000d7580000,0x00000000d7a80000)
 ParOldGen       total 86016K, used 0K [0x0000000080000000, 0x0000000085400000, 0x00000000d5580000)
  object space 86016K, 0% used [0x0000000080000000,0x0000000080000000,0x0000000085400000)
 Metaspace       used 7527K, capacity 7774K, committed 8064K, reserved 1056768K
  class space    used 929K, capacity 1037K, committed 1152K, reserved 1048576K
Event: 1.012 GC heap after
Heap after GC invocations=1 (full 0):
 PSYoungGen      total 37888K, used 4476K [0x00000000d5580000, 0x00000000d7f80000, 0x0000000100000000)
  eden space 32768K, 0% used [0x00000000d5580000,0x00000000d5580000,0x00000000d7580000)
  from space 5120K, 87% used [0x00000000d7580000,0x00000000d79df138,0x00000000d7a80000)
  to   space 5120K, 0% used [0x00000000d7a80000,0x00000000d7a80000,0x00000000d7f80000)
 ParOldGen       total 86016K, used 16K [0x0000000080000000, 0x0000000085400000, 0x00000000d5580000)
  object space 86016K, 0% used [0x0000000080000000,0x0000000080004000,0x0000000085400000)
 Metaspace       used 7527K, capacity 7774K, committed 8064K, reserved 1056768K
  class space    used 929K, capacity 1037K, committed 1152K, reserved 1048576K
}
Event: 1.258 GC heap before
{Heap before GC invocations=2 (full 0):
 PSYoungGen      total 37888K, used 37244K [0x00000000d5580000, 0x00000000d7f80000, 0x0000000100000000)
  eden space 32768K, 100% used [0x00000000d5580000,0x00000000d7580000,0x00000000d7580000)
  from space 5120K, 87% used [0x00000000d7580000,0x00000000d79df138,0x00000000d7a80000)
  to   space 5120K, 0% used [0x00000000d7a80000,0x00000000d7a80000,0x00000000d7f80000)
 ParOldGen       total 86016K, used 16K [0x0000000080000000, 0x0000000085400000, 0x00000000d5580000)
  object space 86016K, 0% used [0x0000000080000000,0x0000000080004000,0x0000000085400000)
 Metaspace       used 7695K, capacity 7966K, committed 8320K, reserved 1056768K
  class space    used 938K, capacity 1037K, committed 1152K, reserved 1048576K
Event: 1.261 GC heap after
Heap after GC invocations=2 (full 0):
 PSYoungGen      total 37888K, used 3201K [0x00000000d5580000, 0x00000000d7f80000, 0x0000000100000000)
  eden space 32768K, 0% used [0x00000000d5580000,0x00000000d5580000,0x00000000d7580000)
  from space 5120K, 62% used [0x00000000d7a80000,0x00000000d7da05e8,0x00000000d7f80000)
  to   space 5120K, 0% used [0x00000000d7580000,0x00000000d7580000,0x00000000d7a80000)
 ParOldGen       total 86016K, used 24K [0x0000000080000000, 0x0000000085400000, 0x00000000d5580000)
  object space 86016K, 0% used [0x0000000080000000,0x0000000080006000,0x0000000085400000)
 Metaspace       used 7695K, capacity 7966K, committed 8320K, reserved 1056768K
  class space    used 938K, capacity 1037K, committed 1152K, reserved 1048576K
}
Event: 2.094 GC heap before
{Heap before GC invocations=3 (full 0):
 PSYoungGen      total 37888K, used 35969K [0x00000000d5580000, 0x00000000d7f80000, 0x0000000100000000)
  eden space 32768K, 100% used [0x00000000d5580000,0x00000000d7580000,0x00000000d7580000)
  from space 5120K, 62% used [0x00000000d7a80000,0x00000000d7da05e8,0x00000000d7f80000)
  to   space 5120K, 0% used [0x00000000d7580000,0x00000000d7580000,0x00000000d7a80000)
 ParOldGen       total 86016K, used 24K [0x0000000080000000, 0x0000000085400000, 0x00000000d5580000)
  object space 86016K, 0% used [0x0000000080000000,0x0000000080006000,0x0000000085400000)
 Metaspace       used 11150K, capacity 11434K, committed 11648K, reserved 1058816K
  class space    used 1471K, capacity 1575K, committed 1664K, reserved 1048576K
Event: 2.099 GC heap after
Heap after GC invocations=3 (full 0):
 PSYoungGen      total 37888K, used 5104K [0x00000000d5580000, 0x00000000d7f80000, 0x0000000100000000)
  eden space 32768K, 0% used [0x00000000d5580000,0x00000000d5580000,0x00000000d7580000)
  from space 5120K, 99% used [0x00000000d7580000,0x00000000d7a7c030,0x00000000d7a80000)
  to   space 5120K, 0% used [0x00000000d7a80000,0x00000000d7a80000,0x00000000d7f80000)
 ParOldGen       total 86016K, used 685K [0x0000000080000000, 0x0000000085400000, 0x00000000d5580000)
  object space 86016K, 0% used [0x0000000080000000,0x00000000800ab5f8,0x0000000085400000)
 Metaspace       used 11150K, capacity 11434K, committed 11648K, reserved 1058816K
  class space    used 1471K, capacity 1575K, committed 1664K, reserved 1048576K
}
Event: 2.424 GC heap before
{Heap before GC invocations=4 (full 0):
 PSYoungGen      total 37888K, used 37872K [0x00000000d5580000, 0x00000000d7f80000, 0x0000000100000000)
  eden space 32768K, 100% used [0x00000000d5580000,0x00000000d7580000,0x00000000d7580000)
  from space 5120K, 99% used [0x00000000d7580000,0x00000000d7a7c030,0x00000000d7a80000)
  to   space 5120K, 0% used [0x00000000d7a80000,0x00000000d7a80000,0x00000000d7f80000)
 ParOldGen       total 86016K, used 685K [0x0000000080000000, 0x0000000085400000, 0x00000000d5580000)
  object space 86016K, 0% used [0x0000000080000000,0x00000000800ab5f8,0x0000000085400000)
 Metaspace       used 14316K, capacity 14800K, committed 14976K, reserved 1062912K
  class space    used 1964K, capacity 2120K, committed 2176K, reserved 1048576K
Event: 2.433 GC heap after
Heap after GC invocations=4 (full 0):
 PSYoungGen      total 37888K, used 5112K [0x00000000d5580000, 0x00000000d9f80000, 0x0000000100000000)
  eden space 32768K, 0% used [0x00000000d5580000,0x00000000d5580000,0x00000000d7580000)
  from space 5120K, 99% used [0x00000000d7a80000,0x00000000d7f7e140,0x00000000d7f80000)
  to   space 5120K, 0% used [0x00000000d7580000,0x00000000d7580000,0x00000000d7a80000)
 ParOldGen       total 86016K, used 2858K [0x0000000080000000, 0x0000000085400000, 0x00000000d5580000)
  object space 86016K, 3% used [0x0000000080000000,0x00000000802cab88,0x0000000085400000)
 Metaspace       used 14316K, capacity 14800K, committed 14976K, reserved 1062912K
  class space    used 1964K, capacity 2120K, committed 2176K, reserved 1048576K
}

Deoptimization events (10 events):
Event: 2.138 Thread 0x000000001bf19000 Uncommon trap: reason=unstable_if action=reinterpret pc=0x0000000002d510a8 method=java.util.concurrent.ConcurrentHashMap.putVal(Ljava/lang/Object;Ljava/lang/Object;Z)Ljava/lang/Object; @ 206
Event: 2.184 Thread 0x000000001ab34000 Uncommon trap: reason=bimorphic action=maybe_recompile pc=0x0000000002bf80b8 method=java.util.HashMap.putVal(ILjava/lang/Object;Ljava/lang/Object;ZZ)Ljava/lang/Object; @ 253
Event: 2.184 Thread 0x000000001ab34000 Uncommon trap: reason=bimorphic action=maybe_recompile pc=0x0000000002bf80b8 method=java.util.HashMap.putVal(ILjava/lang/Object;Ljava/lang/Object;ZZ)Ljava/lang/Object; @ 253
Event: 2.184 Thread 0x000000001ab34000 Uncommon trap: reason=bimorphic action=maybe_recompile pc=0x0000000002bf80b8 method=java.util.HashMap.putVal(ILjava/lang/Object;Ljava/lang/Object;ZZ)Ljava/lang/Object; @ 253
Event: 2.185 Thread 0x000000001ab34000 Uncommon trap: reason=bimorphic action=maybe_recompile pc=0x0000000002bf80b8 method=java.util.HashMap.putVal(ILjava/lang/Object;Ljava/lang/Object;ZZ)Ljava/lang/Object; @ 253
Event: 2.185 Thread 0x000000001ab34000 Uncommon trap: reason=bimorphic action=maybe_recompile pc=0x0000000002bf5ae4 method=java.util.HashMap.putVal(ILjava/lang/Object;Ljava/lang/Object;ZZ)Ljava/lang/Object; @ 253
Event: 2.378 Thread 0x000000001ab34000 Uncommon trap: reason=class_check action=maybe_recompile pc=0x0000000002c61f98 method=java.util.regex.Matcher.match(II)Z @ 86
Event: 2.379 Thread 0x000000001ab34000 Uncommon trap: reason=class_check action=maybe_recompile pc=0x0000000002c61f98 method=java.util.regex.Matcher.match(II)Z @ 86
Event: 2.379 Thread 0x000000001ab34000 Uncommon trap: reason=class_check action=maybe_recompile pc=0x0000000002c61f98 method=java.util.regex.Matcher.match(II)Z @ 86
Event: 2.379 Thread 0x000000001ab34000 Uncommon trap: reason=class_check action=maybe_recompile pc=0x0000000002ae21cc method=java.util.regex.Matcher.match(II)Z @ 86

Classes redefined (0 events):
No events

Internal exceptions (10 events):
Event: 0.644 Thread 0x00000000026de800 Exception <a 'java/lang/ArrayIndexOutOfBoundsException'> (0x00000000d6c1e1f0) thrown at [C:\src\AOSP-openjdk-git\hotspot\src\share\vm\runtime\sharedRuntime.cpp, line 605]
Event: 0.645 Thread 0x00000000026de800 Exception <a 'java/lang/ArrayIndexOutOfBoundsException'> (0x00000000d6c2ba40) thrown at [C:\src\AOSP-openjdk-git\hotspot\src\share\vm\runtime\sharedRuntime.cpp, line 605]
Event: 2.105 Thread 0x00000000026de800 Exception <a 'java/io/IOException'> (0x00000000d55d5840) thrown at [C:\src\AOSP-openjdk-git\hotspot\src\share\vm\prims\jni.cpp, line 710]
Event: 2.139 Thread 0x000000001bf19000 Exception <a 'java/lang/NoSuchMethodError': <clinit>> (0x00000000d58440b8) thrown at [C:\src\AOSP-openjdk-git\hotspot\src\share\vm\prims\jni.cpp, line 1615]
Event: 2.140 Thread 0x000000001bf19000 Exception <a 'java/lang/NoSuchMethodError': <clinit>> (0x00000000d584d7c0) thrown at [C:\src\AOSP-openjdk-git\hotspot\src\share\vm\prims\jni.cpp, line 1615]
Event: 2.142 Thread 0x000000001bf19000 Exception <a 'java/lang/NoSuchMethodError': <clinit>> (0x00000000d58848a0) thrown at [C:\src\AOSP-openjdk-git\hotspot\src\share\vm\prims\jni.cpp, line 1615]
Event: 2.150 Thread 0x000000001bf19000 Exception <a 'java/lang/NoSuchMethodError': <clinit>> (0x00000000d58f1dc0) thrown at [C:\src\AOSP-openjdk-git\hotspot\src\share\vm\prims\jni.cpp, line 1615]
Event: 2.155 Thread 0x000000001bf19000 Exception <a 'java/lang/NoSuchMethodError': <clinit>> (0x00000000d592c318) thrown at [C:\src\AOSP-openjdk-git\hotspot\src\share\vm\prims\jni.cpp, line 1615]
Event: 2.160 Thread 0x000000001bf19000 Exception <a 'java/lang/NoSuchMethodError': <clinit>> (0x00000000d5962128) thrown at [C:\src\AOSP-openjdk-git\hotspot\src\share\vm\prims\jni.cpp, line 1615]
Event: 2.162 Thread 0x000000001bf19000 Exception <a 'java/lang/NoSuchMethodError': <clinit>> (0x00000000d596e658) thrown at [C:\src\AOSP-openjdk-git\hotspot\src\share\vm\prims\jni.cpp, line 1615]

Events (10 events):
Event: 2.502 loading class com/google/common/collect/MapMakerInternalMap$InternalEntry
Event: 2.502 loading class com/google/common/collect/MapMakerInternalMap$InternalEntry done
Event: 2.503 loading class com/google/common/collect/MapMakerInternalMap$WeakKeyDummyValueEntry$Helper
Event: 2.503 loading class com/google/common/collect/MapMakerInternalMap$WeakKeyDummyValueEntry$Helper done
Event: 2.503 loading class com/google/common/collect/MapMakerInternalMap$Segment
Event: 2.503 loading class com/google/common/collect/MapMakerInternalMap$Segment done
Event: 2.505 loading class com/google/common/collect/MapMakerInternalMap$WeakKeyDummyValueSegment
Event: 2.505 loading class com/google/common/collect/MapMakerInternalMap$WeakKeyDummyValueSegment done
Event: 2.507 loading class org/gradle/api/internal/changedetection/state/CrossBuildFileHashCache$Kind
Event: 2.507 loading class org/gradle/api/internal/changedetection/state/CrossBuildFileHashCache$Kind done


Dynamic libraries:
0x00007ff6daa60000 - 0x00007ff6daa91000 	C:\Program Files\Android\Android Studio1\jre\bin\java.exe
0x00007ffbb3cb0000 - 0x00007ffbb3ea5000 	C:\WINDOWS\SYSTEM32\ntdll.dll
0x00007ffbb2d20000 - 0x00007ffbb2ddd000 	C:\WINDOWS\System32\KERNEL32.DLL
0x00007ffbb1640000 - 0x00007ffbb1908000 	C:\WINDOWS\System32\KERNELBASE.dll
0x00007ffbb1f50000 - 0x00007ffbb1ffc000 	C:\WINDOWS\System32\ADVAPI32.dll
0x00007ffbb2880000 - 0x00007ffbb291e000 	C:\WINDOWS\System32\msvcrt.dll
0x00007ffbb3900000 - 0x00007ffbb399b000 	C:\WINDOWS\System32\sechost.dll
0x00007ffbb2f50000 - 0x00007ffbb307b000 	C:\WINDOWS\System32\RPCRT4.dll
0x00007ffbb39a0000 - 0x00007ffbb3b40000 	C:\WINDOWS\System32\USER32.dll
0x00007ffbb1a20000 - 0x00007ffbb1a42000 	C:\WINDOWS\System32\win32u.dll
0x00007ffbb1f20000 - 0x00007ffbb1f4a000 	C:\WINDOWS\System32\GDI32.dll
0x00007ffbb1910000 - 0x00007ffbb1a1b000 	C:\WINDOWS\System32\gdi32full.dll
0x00007ffbb1c00000 - 0x00007ffbb1c9d000 	C:\WINDOWS\System32\msvcp_win.dll
0x00007ffbb1a50000 - 0x00007ffbb1b50000 	C:\WINDOWS\System32\ucrtbase.dll
0x00007ffb977b0000 - 0x00007ffb97a4a000 	C:\WINDOWS\WinSxS\amd64_microsoft.windows.common-controls_6595b64144ccf1df_6.0.19041.1052_none_60b8f8fd71f5e8cb\COMCTL32.dll
0x00007ffbb2eb0000 - 0x00007ffbb2ee0000 	C:\WINDOWS\System32\IMM32.DLL
0x000000005b1d0000 - 0x000000005b2a2000 	C:\Program Files\Android\Android Studio1\jre\jre\bin\msvcr100.dll
0x000000005a410000 - 0x000000005ac5b000 	C:\Program Files\Android\Android Studio1\jre\jre\bin\server\jvm.dll
0x00007ffbb3c60000 - 0x00007ffbb3c68000 	C:\WINDOWS\System32\PSAPI.DLL
0x00007ffbab530000 - 0x00007ffbab539000 	C:\WINDOWS\SYSTEM32\WSOCK32.dll
0x00007ffba7b80000 - 0x00007ffba7b8a000 	C:\WINDOWS\SYSTEM32\VERSION.dll
0x00007ffb95be0000 - 0x00007ffb95c07000 	C:\WINDOWS\SYSTEM32\WINMM.dll
0x00007ffbb1eb0000 - 0x00007ffbb1f1b000 	C:\WINDOWS\System32\WS2_32.dll
0x00007ffba9ba0000 - 0x00007ffba9baf000 	C:\Program Files\Android\Android Studio1\jre\jre\bin\verify.dll
0x00007ffba8990000 - 0x00007ffba89b9000 	C:\Program Files\Android\Android Studio1\jre\jre\bin\java.dll
0x00007ffba87d0000 - 0x00007ffba87e6000 	C:\Program Files\Android\Android Studio1\jre\jre\bin\zip.dll
0x00007ffbb3100000 - 0x00007ffbb383f000 	C:\WINDOWS\System32\SHELL32.dll
0x00007ffbaf520000 - 0x00007ffbafcb0000 	C:\WINDOWS\SYSTEM32\windows.storage.dll
0x00007ffbb29b0000 - 0x00007ffbb2d05000 	C:\WINDOWS\System32\combase.dll
0x00007ffbb0e60000 - 0x00007ffbb0e8c000 	C:\WINDOWS\SYSTEM32\Wldp.dll
0x00007ffbb2620000 - 0x00007ffbb26ce000 	C:\WINDOWS\System32\SHCORE.dll
0x00007ffbb3840000 - 0x00007ffbb3895000 	C:\WINDOWS\System32\shlwapi.dll
0x00007ffbb1330000 - 0x00007ffbb134f000 	C:\WINDOWS\SYSTEM32\profapi.dll
0x00007ffba7a20000 - 0x00007ffba7a3a000 	C:\Program Files\Android\Android Studio1\jre\jre\bin\net.dll
0x00007ffbb0bd0000 - 0x00007ffbb0c3a000 	C:\WINDOWS\system32\mswsock.dll
0x00007ffba7a00000 - 0x00007ffba7a13000 	C:\Program Files\Android\Android Studio1\jre\jre\bin\nio.dll
0x00007ffba76d0000 - 0x00007ffba76f7000 	C:\Users\Ankit kumar\.gradle\native\f6784746aeab05261644944871eae4fe03e0ef1612fff0a4a95f87b438bc6780\windows-amd64\native-platform.dll
0x00007ffba99a0000 - 0x00007ffba99ad000 	C:\Program Files\Android\Android Studio1\jre\jre\bin\management.dll
0x00007ffbb0da0000 - 0x00007ffbb0db8000 	C:\WINDOWS\SYSTEM32\CRYPTSP.dll
0x00007ffbb0500000 - 0x00007ffbb0534000 	C:\WINDOWS\system32\rsaenh.dll
0x00007ffbb1ca0000 - 0x00007ffbb1cc7000 	C:\WINDOWS\System32\bcrypt.dll
0x00007ffbb12f0000 - 0x00007ffbb131e000 	C:\WINDOWS\SYSTEM32\USERENV.dll
0x00007ffbb15b0000 - 0x00007ffbb1633000 	C:\WINDOWS\System32\bcryptprimitives.dll
0x00007ffbb0dc0000 - 0x00007ffbb0dcc000 	C:\WINDOWS\SYSTEM32\CRYPTBASE.dll
0x00007ffbb0870000 - 0x00007ffbb08ab000 	C:\WINDOWS\SYSTEM32\IPHLPAPI.DLL
0x00007ffbb2ee0000 - 0x00007ffbb2ee8000 	C:\WINDOWS\System32\NSI.dll
0x00007ffba6720000 - 0x00007ffba6737000 	C:\WINDOWS\SYSTEM32\dhcpcsvc6.DLL
0x00007ffba6700000 - 0x00007ffba671d000 	C:\WINDOWS\SYSTEM32\dhcpcsvc.DLL
0x00007ffbb08c0000 - 0x00007ffbb098c000 	C:\WINDOWS\SYSTEM32\DNSAPI.dll
0x00007ffba7b70000 - 0x00007ffba7b7b000 	C:\WINDOWS\SYSTEM32\WINNSI.DLL

VM Arguments:
jvm_args: -Xmx2048m -Dfile.encoding=UTF-8 -Duser.country=IN -Duser.language=en -Duser.variant 
java_command: org.gradle.launcher.daemon.bootstrap.GradleDaemon 6.5
java_class_path (initial): C:\Users\Ankit kumar\.gradle\wrapper\dists\gradle-6.5-bin\6nifqtx7604sqp1q6g8wikw7p\gradle-6.5\lib\gradle-launcher-6.5.jar
Launcher Type: SUN_STANDARD

Environment Variables:
PATH=C:\Users\Ankit kumar\AppData\Local\Android\Sdk\platform-tools;C:\Windows;C:\Windows\System32\Wbem;C:\Windows\System32\WindowsPowerShell\v1.0\;C:\Windows\System32\OpenSSH\;C:\Program Files (x86)\NVIDIA Corporation\PhysX\Common;C:\Program Files\Intel\WiFi\bin\;C:\Program Files\Common Files\Intel\WirelessCommon\;C:\Program Files\Java\jdk-11.0.5\bin;C:\WINDOWS\system32;C:\WINDOWS;C:\WINDOWS\System32\Wbem;C:\WINDOWS\System32\WindowsPowerShell\v1.0\;C:\WINDOWS\System32\OpenSSH\;C:\Program Files\PuTTY\;C:\Program Files\Git\cmd;C:\Users\Ankit kumar\AppData\Local\Microsoft\WindowsApps;C:\Users\Ankit kumar\AppData\Local\GitHubDesktop\bin
USERNAME=Ankit kumar
OS=Windows_NT
PROCESSOR_IDENTIFIER=Intel64 Family 6 Model 142 Stepping 12, GenuineIntel



---------------  S Y S T E M  ---------------

OS: Windows 10.0 , 64 bit Build 19041 (10.0.19041.1023)

CPU:total 8 (initial active 8) (4 cores per cpu, 2 threads per core) family 6 model 142 stepping 12, cmov, cx8, fxsr, mmx, sse, sse2, sse3, ssse3, sse4.1, sse4.2, popcnt, avx, avx2, aes, clmul, erms, 3dnowpref, lzcnt, ht, tsc, tscinvbit, bmi1, bmi2, adx

Memory: 4k page, physical 8236416k(1281624k free), swap 8236416k(5252k free)

vm_info: OpenJDK 64-Bit Server VM (25.242-b01) for windows-amd64 JRE (1.8.0_242-release-1644-b01), built by "builder" with MS VC++ 10.0 (VS2010)

time: Fri Jun 25 23:24:17 2021
timezone: India Standard Time
elapsed time: 2 seconds (0d 0h 0m 2s)

