#
# There is insufficient memory for the Java Runtime Environment to continue.
# Native memory allocation (malloc) failed to allocate 949376 bytes for Chunk::new
# Possible reasons:
#   The system is out of physical RAM or swap space
#   The process is running with CompressedOops enabled, and the Java Heap may be blocking the growth of the native heap
# Possible solutions:
#   Reduce memory load on the system
#   Increase physical memory or swap space
#   Check if swap backing store is full
#   Decrease Java heap size (-Xmx/-Xms)
#   Decrease number of Java threads
#   Decrease Java thread stack sizes (-Xss)
#   Set larger code cache with -XX:ReservedCodeCacheSize=
#   JVM is running with Unscaled Compressed Oops mode in which the Java heap is
#     placed in the first 4GB address space. The Java Heap base address is the
#     maximum limit for the native heap growth. Please use -XX:HeapBaseMinAddress
#     to set the Java Heap base and to place the Java Heap above 4GB virtual address.
# This output file may be truncated or incomplete.
#
#  Out of Memory Error (allocation.cpp:389), pid=12528, tid=0x000000000000180c
#
# JRE version: OpenJDK Runtime Environment (8.0_242-b01) (build 1.8.0_242-release-1644-b01)
# Java VM: OpenJDK 64-Bit Server VM (25.242-b01 mixed mode windows-amd64 compressed oops)
# Failed to write core dump. Minidumps are not enabled by default on client versions of Windows
#

---------------  T H R E A D  ---------------

Current thread (0x00000000182ea800):  JavaThread "C2 CompilerThread0" daemon [_thread_in_native, id=6156, stack(0x000000001a9a0000,0x000000001aaa0000)]

Stack: [0x000000001a9a0000,0x000000001aaa0000]
[error occurred during error reporting (printing stack bounds), id 0xc0000005]

Native frames: (J=compiled Java code, j=interpreted, Vv=VM code, C=native code)


Current CompileTask:
C2:  92244 16131       4       org.gradle.internal.component.model.ComponentAttributeMatcher::match (259 bytes)


---------------  P R O C E S S  ---------------

Java Threads: ( => current thread )
  0x0000000026012000 JavaThread "ForkJoinPool-3-worker-0" daemon [_thread_blocked, id=6872, stack(0x0000000034d20000,0x0000000034e20000)]
  0x000000002600a800 JavaThread "ForkJoinPool-3-worker-7" daemon [_thread_blocked, id=7544, stack(0x0000000034c20000,0x0000000034d20000)]
  0x0000000026011800 JavaThread "ForkJoinPool-3-worker-6" daemon [_thread_blocked, id=7428, stack(0x0000000034b20000,0x0000000034c20000)]
  0x0000000026010800 JavaThread "ForkJoinPool-3-worker-5" daemon [_thread_blocked, id=9276, stack(0x0000000034a20000,0x0000000034b20000)]
  0x0000000026010000 JavaThread "ForkJoinPool-3-worker-4" daemon [_thread_blocked, id=148, stack(0x0000000034920000,0x0000000034a20000)]
  0x0000000026008800 JavaThread "ForkJoinPool-3-worker-3" daemon [_thread_in_Java, id=7456, stack(0x0000000034820000,0x0000000034920000)]
  0x000000002600e800 JavaThread "ForkJoinPool-3-worker-2" daemon [_thread_blocked, id=9600, stack(0x00000000331d0000,0x00000000332d0000)]
  0x000000002600a000 JavaThread "ForkJoinPool-3-worker-1" daemon [_thread_blocked, id=2872, stack(0x0000000032fd0000,0x00000000330d0000)]
  0x000000002600c000 JavaThread "WorkerExecutor Queue Thread 9" [_thread_blocked, id=12992, stack(0x0000000033ca0000,0x0000000033da0000)]
  0x0000000026007000 JavaThread "WorkerExecutor Queue Thread 8" [_thread_blocked, id=3764, stack(0x0000000033ba0000,0x0000000033ca0000)]
  0x000000002600d800 JavaThread "WorkerExecutor Queue Thread 7" [_thread_blocked, id=4000, stack(0x0000000033aa0000,0x0000000033ba0000)]
  0x0000000026007800 JavaThread "WorkerExecutor Queue Thread 6" [_thread_blocked, id=3688, stack(0x00000000339a0000,0x0000000033aa0000)]
  0x0000000021fb4800 JavaThread "WorkerExecutor Queue Thread 5" [_thread_blocked, id=8472, stack(0x00000000336a0000,0x00000000337a0000)]
  0x0000000027456000 JavaThread "WorkerExecutor Queue Thread 4" [_thread_blocked, id=12376, stack(0x00000000335a0000,0x00000000336a0000)]
  0x0000000027454800 JavaThread "WorkerExecutor Queue Thread 3" [_thread_blocked, id=8468, stack(0x00000000334a0000,0x00000000335a0000)]
  0x0000000027453800 JavaThread "WorkerExecutor Queue Thread 2" [_thread_blocked, id=11540, stack(0x00000000333a0000,0x00000000334a0000)]
  0x0000000027458000 JavaThread "WorkerExecutor Queue" [_thread_blocked, id=12056, stack(0x00000000330d0000,0x00000000331d0000)]
  0x0000000027453000 JavaThread "Cache worker for Java compile cache (C:\Users\Ankit kumar\AndroidStudioProjects\BookStore\.gradle\6.5\javaCompile)" [_thread_blocked, id=12328, stack(0x00000000328d0000,0x00000000329d0000)]
  0x0000000027455000 JavaThread "Cache worker for Java compile cache (C:\Users\Ankit kumar\.gradle\caches\6.5\javaCompile)" [_thread_blocked, id=12572, stack(0x00000000327d0000,0x00000000328d0000)]
  0x00000000223f2000 JavaThread "Cache worker for execution history cache (C:\Users\Ankit kumar\AndroidStudioProjects\BookStore\.gradle\6.5\executionHistory)" [_thread_blocked, id=8012, stack(0x00000000324d0000,0x00000000325d0000)]
  0x00000000223f9000 JavaThread "Execution worker for ':' Thread 7" [_thread_blocked, id=3748, stack(0x00000000323d0000,0x00000000324d0000)]
  0x00000000223f3000 JavaThread "Execution worker for ':' Thread 6" [_thread_blocked, id=2972, stack(0x0000000032070000,0x0000000032170000)]
  0x00000000223f1800 JavaThread "Execution worker for ':' Thread 5" [_thread_blocked, id=1252, stack(0x0000000031f70000,0x0000000032070000)]
  0x00000000223f6000 JavaThread "Execution worker for ':' Thread 4" [_thread_blocked, id=5884, stack(0x0000000031e70000,0x0000000031f70000)]
  0x00000000223f7800 JavaThread "Execution worker for ':' Thread 3" [_thread_blocked, id=6784, stack(0x0000000031d70000,0x0000000031e70000)]
  0x00000000223f6800 JavaThread "Execution worker for ':' Thread 2" [_thread_blocked, id=7480, stack(0x0000000030e40000,0x0000000030f40000)]
  0x00000000223f4800 JavaThread "Execution worker for ':'" [_thread_blocked, id=3068, stack(0x000000002e0e0000,0x000000002e1e0000)]
  0x000000001f611800 JavaThread "Cache worker for file content cache (C:\Users\Ankit kumar\AndroidStudioProjects\BookStore\.gradle\6.5\fileContent)" [_thread_blocked, id=6732, stack(0x0000000030d40000,0x0000000030e40000)]
  0x000000001f612000 JavaThread "pool-5-thread-1" [_thread_blocked, id=636, stack(0x000000002d8e0000,0x000000002d9e0000)]
  0x000000001f610800 JavaThread "Cache worker for Build Output Cleanup Cache (C:\Users\Ankit kumar\AndroidStudioProjects\BookStore\.gradle\buildOutputCleanup)" [_thread_blocked, id=9272, stack(0x0000000024490000,0x0000000024590000)]
  0x000000001f610000 JavaThread "Build operations Thread 8" [_thread_blocked, id=8096, stack(0x0000000024390000,0x0000000024490000)]
  0x000000001f60f000 JavaThread "Build operations Thread 7" [_thread_blocked, id=1400, stack(0x0000000024290000,0x0000000024390000)]
  0x000000001f60e800 JavaThread "Build operations Thread 6" [_thread_blocked, id=12044, stack(0x0000000023f90000,0x0000000024090000)]
  0x000000001f607000 JavaThread "Build operations Thread 5" [_thread_blocked, id=9836, stack(0x0000000023e90000,0x0000000023f90000)]
  0x000000001f60d800 JavaThread "Build operations Thread 4" [_thread_blocked, id=11644, stack(0x0000000023d90000,0x0000000023e90000)]
  0x000000001f60d000 JavaThread "Build operations Thread 3" [_thread_blocked, id=6372, stack(0x0000000023c90000,0x0000000023d90000)]
  0x000000001f60c000 JavaThread "Build operations Thread 2" [_thread_blocked, id=1360, stack(0x0000000023b90000,0x0000000023c90000)]
  0x000000001f609000 JavaThread "Build operations" [_thread_blocked, id=1736, stack(0x0000000023a90000,0x0000000023b90000)]
  0x000000001f60b800 JavaThread "Cache worker for cache directory md-rule (C:\Users\Ankit kumar\.gradle\caches\6.5\md-rule)" [_thread_blocked, id=7584, stack(0x0000000021460000,0x0000000021560000)]
  0x000000001f608800 JavaThread "Cache worker for cache directory md-supplier (C:\Users\Ankit kumar\.gradle\caches\6.5\md-supplier)" [_thread_blocked, id=11616, stack(0x0000000021360000,0x0000000021460000)]
  0x000000001f60a800 JavaThread "Cache worker for checksums cache (C:\Users\Ankit kumar\AndroidStudioProjects\BookStore\.gradle\checksums)" [_thread_blocked, id=2128, stack(0x0000000021260000,0x0000000021360000)]
  0x000000001f60a000 JavaThread "Cache worker for file hash cache (C:\Users\Ankit kumar\AndroidStudioProjects\BookStore\.gradle\6.5\fileHashes)" [_thread_blocked, id=4880, stack(0x000000001eac0000,0x000000001ebc0000)]
  0x000000001f606000 JavaThread "Thread-293" [_thread_blocked, id=11360, stack(0x000000001e7c0000,0x000000001e8c0000)]
  0x000000001f604800 JavaThread "Stdin handler" [_thread_blocked, id=8652, stack(0x000000001e6c0000,0x000000001e7c0000)]
  0x000000001f607800 JavaThread "Asynchronous log dispatcher for DefaultDaemonConnection: socket connection from /127.0.0.1:63636 to /127.0.0.1:51911" [_thread_blocked, id=12604, stack(0x000000001e5c0000,0x000000001e6c0000)]
  0x000000001f604000 JavaThread "Cancel handler" [_thread_blocked, id=3016, stack(0x0000000001510000,0x0000000001610000)]
  0x000000001f603000 JavaThread "Handler for socket connection from /127.0.0.1:63636 to /127.0.0.1:51911" [_thread_in_native, id=12544, stack(0x0000000001410000,0x0000000001510000)]
  0x000000001f605800 JavaThread "jar transforms Thread 226" [_thread_blocked, id=6584, stack(0x000000002d7e0000,0x000000002d8e0000)]
  0x0000000021257000 JavaThread "jar transforms Thread 225" [_thread_blocked, id=9620, stack(0x000000002d5e0000,0x000000002d6e0000)]
  0x0000000021256800 JavaThread "jar transforms Thread 224" [_thread_blocked, id=3460, stack(0x000000002d4e0000,0x000000002d5e0000)]
  0x0000000021255800 JavaThread "jar transforms Thread 223" [_thread_blocked, id=13260, stack(0x000000002d3e0000,0x000000002d4e0000)]
  0x0000000021255000 JavaThread "jar transforms Thread 222" [_thread_blocked, id=12352, stack(0x000000002d2e0000,0x000000002d3e0000)]
  0x0000000021254000 JavaThread "jar transforms Thread 221" [_thread_blocked, id=6908, stack(0x000000002d1e0000,0x000000002d2e0000)]
  0x000000002124c800 JavaThread "jar transforms Thread 220" [_thread_blocked, id=2576, stack(0x000000002d0e0000,0x000000002d1e0000)]
  0x0000000021253800 JavaThread "jar transforms Thread 219" [_thread_blocked, id=2220, stack(0x000000002cfe0000,0x000000002d0e0000)]
  0x0000000021252800 JavaThread "jar transforms Thread 218" [_thread_blocked, id=12036, stack(0x000000002cee0000,0x000000002cfe0000)]
  0x000000002124b000 JavaThread "jar transforms Thread 217" [_thread_blocked, id=7516, stack(0x000000002cde0000,0x000000002cee0000)]
  0x0000000021252000 JavaThread "jar transforms Thread 216" [_thread_blocked, id=9384, stack(0x000000002cce0000,0x000000002cde0000)]
  0x000000002124c000 JavaThread "jar transforms Thread 215" [_thread_blocked, id=1636, stack(0x000000002cbe0000,0x000000002cce0000)]
  0x000000002124a800 JavaThread "jar transforms Thread 214" [_thread_blocked, id=7128, stack(0x000000002cae0000,0x000000002cbe0000)]
  0x0000000021250800 JavaThread "jar transforms Thread 213" [_thread_blocked, id=9148, stack(0x000000002c9e0000,0x000000002cae0000)]
  0x0000000021251000 JavaThread "jar transforms Thread 212" [_thread_blocked, id=10376, stack(0x000000002c8e0000,0x000000002c9e0000)]
  0x000000002124f800 JavaThread "jar transforms Thread 211" [_thread_blocked, id=1032, stack(0x000000002c7e0000,0x000000002c8e0000)]
  0x000000002124d800 JavaThread "jar transforms Thread 210" [_thread_blocked, id=3916, stack(0x000000002c6e0000,0x000000002c7e0000)]
  0x0000000021248000 JavaThread "jar transforms Thread 209" [_thread_blocked, id=9596, stack(0x000000002c5e0000,0x000000002c6e0000)]
  0x000000002124f000 JavaThread "jar transforms Thread 208" [_thread_blocked, id=12032, stack(0x000000002c4e0000,0x000000002c5e0000)]
  0x0000000021249000 JavaThread "jar transforms Thread 207" [_thread_blocked, id=12208, stack(0x000000002c3e0000,0x000000002c4e0000)]
  0x0000000021249800 JavaThread "jar transforms Thread 206" [_thread_blocked, id=2528, stack(0x000000002c2e0000,0x000000002c3e0000)]
  0x000000002124e000 JavaThread "jar transforms Thread 205" [_thread_blocked, id=9720, stack(0x000000002c1e0000,0x000000002c2e0000)]
  0x00000000207de000 JavaThread "jar transforms Thread 204" [_thread_blocked, id=11724, stack(0x000000002c0e0000,0x000000002c1e0000)]
  0x00000000207dd000 JavaThread "jar transforms Thread 203" [_thread_blocked, id=9576, stack(0x000000002bfe0000,0x000000002c0e0000)]
  0x00000000207db000 JavaThread "jar transforms Thread 202" [_thread_blocked, id=8224, stack(0x000000002bee0000,0x000000002bfe0000)]
  0x00000000207dc800 JavaThread "jar transforms Thread 201" [_thread_blocked, id=6984, stack(0x000000002bde0000,0x000000002bee0000)]
  0x00000000207da000 JavaThread "jar transforms Thread 200" [_thread_blocked, id=4260, stack(0x000000002bce0000,0x000000002bde0000)]
  0x00000000207e1000 JavaThread "jar transforms Thread 199" [_thread_blocked, id=9608, stack(0x000000002bbe0000,0x000000002bce0000)]
  0x00000000207de800 JavaThread "jar transforms Thread 198" [_thread_blocked, id=2304, stack(0x000000002bae0000,0x000000002bbe0000)]
  0x00000000207df800 JavaThread "jar transforms Thread 197" [_thread_blocked, id=8816, stack(0x000000002b9e0000,0x000000002bae0000)]
  0x00000000207db800 JavaThread "jar transforms Thread 196" [_thread_blocked, id=4492, stack(0x000000002b8e0000,0x000000002b9e0000)]
  0x00000000207e0000 JavaThread "jar transforms Thread 195" [_thread_blocked, id=8728, stack(0x000000002b7e0000,0x000000002b8e0000)]
  0x00000000207d2800 JavaThread "jar transforms Thread 194" [_thread_blocked, id=6220, stack(0x000000002b6e0000,0x000000002b7e0000)]
  0x00000000207d8800 JavaThread "jar transforms Thread 193" [_thread_blocked, id=9296, stack(0x000000002b5e0000,0x000000002b6e0000)]
  0x00000000207d6800 JavaThread "jar transforms Thread 192" [_thread_blocked, id=3148, stack(0x000000002b4e0000,0x000000002b5e0000)]
  0x00000000207d8000 JavaThread "jar transforms Thread 191" [_thread_blocked, id=12104, stack(0x000000002b3e0000,0x000000002b4e0000)]
  0x00000000207d5000 JavaThread "jar transforms Thread 190" [_thread_blocked, id=1940, stack(0x000000002b2e0000,0x000000002b3e0000)]
  0x00000000207d7000 JavaThread "jar transforms Thread 189" [_thread_blocked, id=2792, stack(0x000000002b1e0000,0x000000002b2e0000)]
  0x00000000207d5800 JavaThread "jar transforms Thread 188" [_thread_blocked, id=2156, stack(0x000000002b0e0000,0x000000002b1e0000)]
  0x00000000207d9800 JavaThread "jar transforms Thread 187" [_thread_blocked, id=10496, stack(0x000000002afe0000,0x000000002b0e0000)]
  0x00000000207d3800 JavaThread "jar transforms Thread 186" [_thread_blocked, id=13032, stack(0x000000002aee0000,0x000000002afe0000)]
  0x00000000207d2000 JavaThread "jar transforms Thread 185" [_thread_blocked, id=10452, stack(0x000000002ade0000,0x000000002aee0000)]
  0x00000000207d4000 JavaThread "jar transforms Thread 184" [_thread_blocked, id=12004, stack(0x000000002ace0000,0x000000002ade0000)]
  0x0000000027a74800 JavaThread "jar transforms Thread 183" [_thread_blocked, id=10036, stack(0x000000002abe0000,0x000000002ace0000)]
  0x0000000027a73800 JavaThread "jar transforms Thread 182" [_thread_blocked, id=9340, stack(0x000000002aae0000,0x000000002abe0000)]
  0x0000000027a73000 JavaThread "jar transforms Thread 181" [_thread_blocked, id=7036, stack(0x000000002a9e0000,0x000000002aae0000)]
  0x0000000027a71800 JavaThread "jar transforms Thread 180" [_thread_blocked, id=7476, stack(0x000000002a8e0000,0x000000002a9e0000)]
  0x0000000027a76000 JavaThread "jar transforms Thread 179" [_thread_blocked, id=6696, stack(0x000000002a7e0000,0x000000002a8e0000)]
  0x0000000027a72000 JavaThread "jar transforms Thread 178" [_thread_blocked, id=8644, stack(0x000000002a6e0000,0x000000002a7e0000)]
  0x0000000027a76800 JavaThread "jar transforms Thread 177" [_thread_blocked, id=4068, stack(0x000000002a5e0000,0x000000002a6e0000)]
  0x0000000027a70800 JavaThread "jar transforms Thread 176" [_thread_blocked, id=13144, stack(0x000000002a4e0000,0x000000002a5e0000)]
  0x0000000027a70000 JavaThread "jar transforms Thread 175" [_thread_blocked, id=9884, stack(0x000000002a3e0000,0x000000002a4e0000)]
  0x0000000027a6f000 JavaThread "jar transforms Thread 174" [_thread_blocked, id=5368, stack(0x000000002a2e0000,0x000000002a3e0000)]
  0x0000000027a75000 JavaThread "jar transforms Thread 173" [_thread_blocked, id=2364, stack(0x000000002a1e0000,0x000000002a2e0000)]
  0x0000000027a67800 JavaThread "jar transforms Thread 172" [_thread_blocked, id=8200, stack(0x000000002a0e0000,0x000000002a1e0000)]
  0x0000000027a6e800 JavaThread "jar transforms Thread 171" [_thread_blocked, id=10964, stack(0x0000000029fe0000,0x000000002a0e0000)]
  0x0000000027a6d800 JavaThread "jar transforms Thread 170" [_thread_blocked, id=3792, stack(0x0000000029ee0000,0x0000000029fe0000)]
  0x0000000027a6a000 JavaThread "jar transforms Thread 169" [_thread_blocked, id=5888, stack(0x0000000029de0000,0x0000000029ee0000)]
  0x0000000027a6c000 JavaThread "jar transforms Thread 168" [_thread_blocked, id=13104, stack(0x0000000029ce0000,0x0000000029de0000)]
  0x0000000027a6d000 JavaThread "jar transforms Thread 167" [_thread_blocked, id=1156, stack(0x0000000029be0000,0x0000000029ce0000)]
  0x0000000027a6a800 JavaThread "jar transforms Thread 166" [_thread_blocked, id=8896, stack(0x0000000029ae0000,0x0000000029be0000)]
  0x0000000027a69000 JavaThread "jar transforms Thread 165" [_thread_blocked, id=9968, stack(0x00000000299e0000,0x0000000029ae0000)]
  0x0000000027a6b800 JavaThread "jar transforms Thread 164" [_thread_blocked, id=11588, stack(0x00000000298e0000,0x00000000299e0000)]
  0x0000000027a68800 JavaThread "jar transforms Thread 163" [_thread_blocked, id=11880, stack(0x00000000297e0000,0x00000000298e0000)]
  0x000000001bf05000 JavaThread "jar transforms Thread 162" [_thread_blocked, id=12952, stack(0x00000000296e0000,0x00000000297e0000)]
  0x000000001bf04800 JavaThread "jar transforms Thread 161" [_thread_blocked, id=1568, stack(0x00000000295e0000,0x00000000296e0000)]
  0x000000001bf03800 JavaThread "jar transforms Thread 160" [_thread_blocked, id=9504, stack(0x00000000294e0000,0x00000000295e0000)]
  0x000000001bf06800 JavaThread "jar transforms Thread 159" [_thread_blocked, id=2376, stack(0x00000000293e0000,0x00000000294e0000)]
  0x000000001bf08000 JavaThread "jar transforms Thread 158" [_thread_blocked, id=2316, stack(0x00000000292e0000,0x00000000293e0000)]
  0x000000001bf03000 JavaThread "jar transforms Thread 157" [_thread_blocked, id=2404, stack(0x00000000291e0000,0x00000000292e0000)]
  0x000000001bf01800 JavaThread "jar transforms Thread 156" [_thread_blocked, id=5776, stack(0x00000000290e0000,0x00000000291e0000)]
  0x000000001bf02000 JavaThread "jar transforms Thread 155" [_thread_blocked, id=12396, stack(0x0000000028fe0000,0x00000000290e0000)]
  0x000000001bf07800 JavaThread "jar transforms Thread 154" [_thread_blocked, id=12884, stack(0x0000000028ee0000,0x0000000028fe0000)]
  0x000000001bf06000 JavaThread "jar transforms Thread 153" [_thread_blocked, id=9852, stack(0x0000000028de0000,0x0000000028ee0000)]
  0x000000001c82d000 JavaThread "jar transforms Thread 152" [_thread_blocked, id=10972, stack(0x0000000028ce0000,0x0000000028de0000)]
  0x000000001c82c800 JavaThread "jar transforms Thread 151" [_thread_blocked, id=10268, stack(0x0000000028be0000,0x0000000028ce0000)]
  0x000000001c82b800 JavaThread "jar transforms Thread 150" [_thread_blocked, id=5344, stack(0x0000000028ae0000,0x0000000028be0000)]
  0x000000001c829800 JavaThread "jar transforms Thread 149" [_thread_blocked, id=11280, stack(0x00000000289e0000,0x0000000028ae0000)]
  0x000000001c82a000 JavaThread "jar transforms Thread 148" [_thread_blocked, id=8284, stack(0x00000000288e0000,0x00000000289e0000)]
  0x000000001c82e800 JavaThread "jar transforms Thread 147" [_thread_blocked, id=2968, stack(0x00000000287e0000,0x00000000288e0000)]
  0x000000001c828800 JavaThread "jar transforms Thread 146" [_thread_blocked, id=3468, stack(0x00000000286e0000,0x00000000287e0000)]
  0x000000001c82b000 JavaThread "jar transforms Thread 145" [_thread_blocked, id=8352, stack(0x00000000285e0000,0x00000000286e0000)]
  0x0000000021fba800 JavaThread "jar transforms Thread 144" [_thread_blocked, id=464, stack(0x00000000284e0000,0x00000000285e0000)]
  0x0000000021fb9800 JavaThread "jar transforms Thread 143" [_thread_blocked, id=3536, stack(0x00000000283e0000,0x00000000284e0000)]
  0x0000000021fb9000 JavaThread "jar transforms Thread 142" [_thread_blocked, id=8036, stack(0x00000000282e0000,0x00000000283e0000)]
  0x0000000021fb8000 JavaThread "jar transforms Thread 141" [_thread_blocked, id=12676, stack(0x00000000281e0000,0x00000000282e0000)]
  0x0000000021fbb000 JavaThread "jar transforms Thread 140" [_thread_blocked, id=11796, stack(0x00000000280e0000,0x00000000281e0000)]
  0x0000000021fb7800 JavaThread "jar transforms Thread 139" [_thread_blocked, id=8008, stack(0x0000000027de0000,0x0000000027ee0000)]
  0x0000000021fb6800 JavaThread "jar transforms Thread 138" [_thread_blocked, id=3824, stack(0x0000000027ce0000,0x0000000027de0000)]
  0x0000000021faf000 JavaThread "jar transforms Thread 137" [_thread_blocked, id=10932, stack(0x0000000026980000,0x0000000026a80000)]
  0x0000000021fb6000 JavaThread "jar transforms Thread 136" [_thread_blocked, id=3228, stack(0x0000000026880000,0x0000000026980000)]
  0x0000000021fb5000 JavaThread "jar transforms Thread 135" [_thread_blocked, id=9388, stack(0x0000000026780000,0x0000000026880000)]
  0x0000000021fae800 JavaThread "jar transforms Thread 134" [_thread_blocked, id=5324, stack(0x0000000026680000,0x0000000026780000)]
  0x0000000021fad800 JavaThread "jar transforms Thread 133" [_thread_blocked, id=9088, stack(0x0000000026580000,0x0000000026680000)]
  0x0000000021fb1800 JavaThread "jar transforms Thread 132" [_thread_blocked, id=12140, stack(0x0000000026480000,0x0000000026580000)]
  0x0000000021fb3000 JavaThread "jar transforms Thread 131" [_thread_blocked, id=8892, stack(0x0000000024d90000,0x0000000024e90000)]
  0x0000000027456800 JavaThread "jar transforms Thread 130" [_thread_blocked, id=1960, stack(0x0000000023990000,0x0000000023a90000)]
  0x000000002744a800 JavaThread "jar transforms Thread 129" [_thread_blocked, id=13256, stack(0x0000000023890000,0x0000000023990000)]
  0x0000000027451800 JavaThread "jar transforms Thread 128" [_thread_blocked, id=8500, stack(0x0000000023790000,0x0000000023890000)]
  0x000000002744a000 JavaThread "jar transforms Thread 127" [_thread_blocked, id=7208, stack(0x0000000023690000,0x0000000023790000)]
  0x0000000027450800 JavaThread "jar transforms Thread 126" [_thread_blocked, id=11200, stack(0x0000000023590000,0x0000000023690000)]
  0x000000002744e800 JavaThread "jar transforms Thread 125" [_thread_blocked, id=9488, stack(0x0000000023390000,0x0000000023490000)]
  0x0000000027449000 JavaThread "jar transforms Thread 124" [_thread_blocked, id=13224, stack(0x0000000023290000,0x0000000023390000)]
  0x000000002744d000 JavaThread "jar transforms Thread 123" [_thread_blocked, id=6064, stack(0x0000000023190000,0x0000000023290000)]
  0x0000000027450000 JavaThread "jar transforms Thread 122" [_thread_blocked, id=10688, stack(0x0000000023090000,0x0000000023190000)]
  0x0000000022400800 JavaThread "jar transforms Thread 121" [_thread_blocked, id=5284, stack(0x0000000022f90000,0x0000000023090000)]
  0x00000000223ff800 JavaThread "jar transforms Thread 120" [_thread_blocked, id=1208, stack(0x0000000022e90000,0x0000000022f90000)]
  0x00000000223ff000 JavaThread "jar transforms Thread 119" [_thread_blocked, id=12432, stack(0x0000000022d90000,0x0000000022e90000)]
  0x00000000223fe000 JavaThread "jar transforms Thread 118" [_thread_blocked, id=11196, stack(0x0000000022c90000,0x0000000022d90000)]
  0x00000000223fc800 JavaThread "jar transforms Thread 117" [_thread_blocked, id=7912, stack(0x0000000022b90000,0x0000000022c90000)]
  0x00000000223fc000 JavaThread "jar transforms Thread 116" [_thread_blocked, id=7580, stack(0x00000000227d0000,0x00000000228d0000)]
  0x00000000223f3800 JavaThread "jar transforms Thread 115" [_thread_blocked, id=6028, stack(0x00000000226d0000,0x00000000227d0000)]
  0x00000000223fa800 JavaThread "jar transforms Thread 114" [_thread_blocked, id=11232, stack(0x00000000225d0000,0x00000000226d0000)]
  0x00000000223f8000 JavaThread "Daemon worker Thread 2" [_thread_blocked, id=10192, stack(0x000000001e2c0000,0x000000001e3c0000)]
  0x00000000223f5000 JavaThread "Daemon Thread 2" [_thread_blocked, id=9520, stack(0x0000000001310000,0x0000000001410000)]
  0x000000002744b800 JavaThread "Memory manager" [_thread_blocked, id=9080, stack(0x000000002dfe0000,0x000000002e0e0000)]
  0x0000000021fac000 JavaThread "Cache worker for file content cache (C:\Users\Ankit kumar\.gradle\caches\6.5\fileContent)" [_thread_blocked, id=8680, stack(0x0000000024c90000,0x0000000024d90000)]
  0x0000000021fb2000 JavaThread "Cache worker for execution history cache (C:\Users\Ankit kumar\.gradle\caches\6.5\executionHistory)" [_thread_blocked, id=9960, stack(0x0000000024790000,0x0000000024890000)]
  0x000000001c82e000 JavaThread "Cache worker for file hash cache (C:\Users\Ankit kumar\.gradle\caches\6.5\fileHashes)" [_thread_blocked, id=10244, stack(0x000000001efc0000,0x000000001f0c0000)]
  0x000000001c82f800 JavaThread "File lock request listener" [_thread_in_native, id=9052, stack(0x000000001eec0000,0x000000001efc0000)]
  0x000000001ce95800 JavaThread "Cache worker for journal cache (C:\Users\Ankit kumar\.gradle\caches\journal-1)" [_thread_blocked, id=2992, stack(0x000000001edc0000,0x000000001eec0000)]
  0x000000001b2f2000 JavaThread "Daemon periodic checks" [_thread_blocked, id=3576, stack(0x000000001e1c0000,0x000000001e2c0000)]
  0x000000001c956000 JavaThread "Incoming local TCP Connector on port 63636" [_thread_in_native, id=11376, stack(0x000000001df80000,0x000000001e080000)]
  0x000000001b038000 JavaThread "Daemon health stats" [_thread_blocked, id=1236, stack(0x000000001d940000,0x000000001da40000)]
  0x000000001a169000 JavaThread "Service Thread" daemon [_thread_blocked, id=7448, stack(0x000000001ada0000,0x000000001aea0000)]
  0x000000001a0ec000 JavaThread "C1 CompilerThread3" daemon [_thread_in_vm, id=12440, stack(0x000000001aca0000,0x000000001ada0000)]
  0x000000001a0da000 JavaThread "C2 CompilerThread2" daemon [_thread_in_native, id=13112, stack(0x000000001aba0000,0x000000001aca0000)]
  0x00000000182ee000 JavaThread "C2 CompilerThread1" daemon [_thread_in_native, id=6204, stack(0x000000001aaa0000,0x000000001aba0000)]
=>0x00000000182ea800 JavaThread "C2 CompilerThread0" daemon [_thread_in_native, id=6156, stack(0x000000001a9a0000,0x000000001aaa0000)]
  0x00000000182e9000 JavaThread "Attach Listener" daemon [_thread_blocked, id=12876, stack(0x000000001a8a0000,0x000000001a9a0000)]
  0x000000001a0d6000 JavaThread "Signal Dispatcher" daemon [_thread_blocked, id=9656, stack(0x000000001a7a0000,0x000000001a8a0000)]
  0x000000000326d800 JavaThread "Finalizer" daemon [_thread_blocked, id=10164, stack(0x000000001a5a0000,0x000000001a6a0000)]
  0x0000000003267000 JavaThread "Reference Handler" daemon [_thread_blocked, id=8600, stack(0x000000001a4a0000,0x000000001a5a0000)]
  0x000000000306e800 JavaThread "main" [_thread_blocked, id=12216, stack(0x0000000003070000,0x0000000003170000)]

Other Threads:
  0x00000000182d6000 VMThread [stack: 0x0000000019fa0000,0x000000001a0a0000] [id=7404]
  0x000000001a16a000 WatcherThread [stack: 0x000000001aea0000,0x000000001afa0000] [id=9592]

VM state:not at safepoint (normal execution)

VM Mutex/Monitor currently owned by a thread: None

heap address: 0x0000000080000000, size: 2048 MB, Compressed Oops mode: 32-bit
Narrow klass base: 0x0000000000000000, Narrow klass shift: 3
Compressed class space size: 1073741824 Address: 0x0000000100000000

Heap:
 PSYoungGen      total 372224K, used 257133K [0x00000000d5580000, 0x00000000ee400000, 0x0000000100000000)
  eden space 340480K, 68% used [0x00000000d5580000,0x00000000e3a83318,0x00000000ea200000)
  from space 31744K, 71% used [0x00000000ec500000,0x00000000edb183f8,0x00000000ee400000)
  to   space 33792K, 0% used [0x00000000ea200000,0x00000000ea200000,0x00000000ec300000)
 ParOldGen       total 175104K, used 72676K [0x0000000080000000, 0x000000008ab00000, 0x00000000d5580000)
  object space 175104K, 41% used [0x0000000080000000,0x00000000846f9330,0x000000008ab00000)
 Metaspace       used 109477K, capacity 116032K, committed 116312K, reserved 1148928K
  class space    used 14678K, capacity 15963K, committed 16000K, reserved 1048576K

Card table byte_map: [0x0000000012630000,0x0000000012a40000] byte_map_base: 0x0000000012230000

Marking Bits: (ParMarkBitMap*) 0x00000000597cf030
 Begin Bits: [0x00000000134f0000, 0x00000000154f0000)
 End Bits:   [0x00000000154f0000, 0x00000000174f0000)

Polling page: 0x0000000001710000

CodeCache: size=245760Kb used=44799Kb max_used=44799Kb free=200960Kb
 bounds [0x0000000003270000, 0x0000000005e70000, 0x0000000012270000]
 total_blobs=14891 nmethods=13948 adapters=852
 compilation: enabled

Compilation events (10 events):
Event: 92.232 Thread 0x000000001a0ec000 nmethod 16315 0x0000000005e3d950 code [0x0000000005e3daa0, 0x0000000005e3dc50]
Event: 92.232 Thread 0x000000001a0ec000 16320       3       com.android.tools.r8.dex.n$d::<init> (19 bytes)
Event: 92.232 Thread 0x000000001a0ec000 nmethod 16320 0x0000000005e3dcd0 code [0x0000000005e3de20, 0x0000000005e3e010]
Event: 92.232 Thread 0x000000001a0ec000 16321       3       com.android.tools.r8.dex.n$d::<init> (7 bytes)
Event: 92.232 Thread 0x000000001a0ec000 nmethod 16321 0x0000000005e3e0d0 code [0x0000000005e3e240, 0x0000000005e3e490]
Event: 92.232 Thread 0x000000001a0ec000 16318       3       com.android.tools.r8.code.u1::<init> (18 bytes)
Event: 92.233 Thread 0x000000001a0ec000 nmethod 16318 0x0000000005e3e590 code [0x0000000005e3e700, 0x0000000005e3e9d0]
Event: 92.233 Thread 0x000000001a0ec000 16334       3       com.android.tools.r8.dex.n::a (910 bytes)
Event: 92.239 Thread 0x000000001a0da000 nmethod 16288 0x0000000005e43a90 code [0x0000000005e43e20, 0x0000000005e46158]
Event: 92.239 Thread 0x000000001a0da000 16296       4       com.android.tools.r8.dex.n::a (83 bytes)

GC Heap History (10 events):
Event: 78.013 GC heap before
{Heap before GC invocations=18 (full 3):
 PSYoungGen      total 263168K, used 258770K [0x00000000d5580000, 0x00000000e7000000, 0x0000000100000000)
  eden space 241152K, 100% used [0x00000000d5580000,0x00000000e4100000,0x00000000e4100000)
  from space 22016K, 80% used [0x00000000e5880000,0x00000000e69b4ab8,0x00000000e6e00000)
  to   space 24064K, 0% used [0x00000000e4100000,0x00000000e4100000,0x00000000e5880000)
 ParOldGen       total 123904K, used 42495K [0x0000000080000000, 0x0000000087900000, 0x00000000d5580000)
  object space 123904K, 34% used [0x0000000080000000,0x000000008297ff40,0x0000000087900000)
 Metaspace       used 92933K, capacity 98020K, committed 98264K, reserved 1134592K
  class space    used 12431K, capacity 13472K, committed 13568K, reserved 1048576K
Event: 78.037 GC heap after
Heap after GC invocations=18 (full 3):
 PSYoungGen      total 265216K, used 24059K [0x00000000d5580000, 0x00000000ea500000, 0x0000000100000000)
  eden space 241152K, 0% used [0x00000000d5580000,0x00000000d5580000,0x00000000e4100000)
  from space 24064K, 99% used [0x00000000e4100000,0x00000000e587ed98,0x00000000e5880000)
  to   space 30720K, 0% used [0x00000000e8700000,0x00000000e8700000,0x00000000ea500000)
 ParOldGen       total 123904K, used 50707K [0x0000000080000000, 0x0000000087900000, 0x00000000d5580000)
  object space 123904K, 40% used [0x0000000080000000,0x0000000083184cc8,0x0000000087900000)
 Metaspace       used 92933K, capacity 98020K, committed 98264K, reserved 1134592K
  class space    used 12431K, capacity 13472K, committed 13568K, reserved 1048576K
}
Event: 78.188 GC heap before
{Heap before GC invocations=19 (full 3):
 PSYoungGen      total 265216K, used 52655K [0x00000000d5580000, 0x00000000ea500000, 0x0000000100000000)
  eden space 241152K, 11% used [0x00000000d5580000,0x00000000d716d228,0x00000000e4100000)
  from space 24064K, 99% used [0x00000000e4100000,0x00000000e587ed98,0x00000000e5880000)
  to   space 30720K, 0% used [0x00000000e8700000,0x00000000e8700000,0x00000000ea500000)
 ParOldGen       total 123904K, used 50707K [0x0000000080000000, 0x0000000087900000, 0x00000000d5580000)
  object space 123904K, 40% used [0x0000000080000000,0x0000000083184cc8,0x0000000087900000)
 Metaspace       used 93175K, capacity 98302K, committed 98380K, reserved 1134592K
  class space    used 12444K, capacity 13492K, committed 13568K, reserved 1048576K
Event: 78.211 GC heap after
Heap after GC invocations=19 (full 3):
 PSYoungGen      total 312832K, used 1280K [0x00000000d5580000, 0x00000000ecc80000, 0x0000000100000000)
  eden space 282112K, 0% used [0x00000000d5580000,0x00000000d5580000,0x00000000e6900000)
  from space 30720K, 4% used [0x00000000e8700000,0x00000000e8840000,0x00000000ea500000)
  to   space 30720K, 0% used [0x00000000e6900000,0x00000000e6900000,0x00000000e8700000)
 ParOldGen       total 123904K, used 74230K [0x0000000080000000, 0x0000000087900000, 0x00000000d5580000)
  object space 123904K, 59% used [0x0000000080000000,0x000000008487dba8,0x0000000087900000)
 Metaspace       used 93175K, capacity 98302K, committed 98380K, reserved 1134592K
  class space    used 12444K, capacity 13492K, committed 13568K, reserved 1048576K
}
Event: 78.211 GC heap before
{Heap before GC invocations=20 (full 4):
 PSYoungGen      total 312832K, used 1280K [0x00000000d5580000, 0x00000000ecc80000, 0x0000000100000000)
  eden space 282112K, 0% used [0x00000000d5580000,0x00000000d5580000,0x00000000e6900000)
  from space 30720K, 4% used [0x00000000e8700000,0x00000000e8840000,0x00000000ea500000)
  to   space 30720K, 0% used [0x00000000e6900000,0x00000000e6900000,0x00000000e8700000)
 ParOldGen       total 123904K, used 74230K [0x0000000080000000, 0x0000000087900000, 0x00000000d5580000)
  object space 123904K, 59% used [0x0000000080000000,0x000000008487dba8,0x0000000087900000)
 Metaspace       used 93175K, capacity 98302K, committed 98380K, reserved 1134592K
  class space    used 12444K, capacity 13492K, committed 13568K, reserved 1048576K
Event: 78.507 GC heap after
Heap after GC invocations=20 (full 4):
 PSYoungGen      total 312832K, used 0K [0x00000000d5580000, 0x00000000ecc80000, 0x0000000100000000)
  eden space 282112K, 0% used [0x00000000d5580000,0x00000000d5580000,0x00000000e6900000)
  from space 30720K, 0% used [0x00000000e8700000,0x00000000e8700000,0x00000000ea500000)
  to   space 30720K, 0% used [0x00000000e6900000,0x00000000e6900000,0x00000000e8700000)
 ParOldGen       total 175104K, used 54824K [0x0000000080000000, 0x000000008ab00000, 0x00000000d5580000)
  object space 175104K, 31% used [0x0000000080000000,0x000000008358a328,0x000000008ab00000)
 Metaspace       used 92685K, capacity 96860K, committed 98380K, reserved 1134592K
  class space    used 12287K, capacity 13195K, committed 13568K, reserved 1048576K
}
Event: 88.105 GC heap before
{Heap before GC invocations=21 (full 4):
 PSYoungGen      total 312832K, used 282112K [0x00000000d5580000, 0x00000000ecc80000, 0x0000000100000000)
  eden space 282112K, 100% used [0x00000000d5580000,0x00000000e6900000,0x00000000e6900000)
  from space 30720K, 0% used [0x00000000e8700000,0x00000000e8700000,0x00000000ea500000)
  to   space 30720K, 0% used [0x00000000e6900000,0x00000000e6900000,0x00000000e8700000)
 ParOldGen       total 175104K, used 54824K [0x0000000080000000, 0x000000008ab00000, 0x00000000d5580000)
  object space 175104K, 31% used [0x0000000080000000,0x000000008358a328,0x000000008ab00000)
 Metaspace       used 94843K, capacity 99508K, committed 100184K, reserved 1136640K
  class space    used 12522K, capacity 13518K, committed 13696K, reserved 1048576K
Event: 88.121 GC heap after
Heap after GC invocations=21 (full 4):
 PSYoungGen      total 312832K, used 19749K [0x00000000d5580000, 0x00000000ee400000, 0x0000000100000000)
  eden space 282112K, 0% used [0x00000000d5580000,0x00000000d5580000,0x00000000e6900000)
  from space 30720K, 64% used [0x00000000e6900000,0x00000000e7c49560,0x00000000e8700000)
  to   space 31744K, 0% used [0x00000000ec500000,0x00000000ec500000,0x00000000ee400000)
 ParOldGen       total 175104K, used 54832K [0x0000000080000000, 0x000000008ab00000, 0x00000000d5580000)
  object space 175104K, 31% used [0x0000000080000000,0x000000008358c328,0x000000008ab00000)
 Metaspace       used 94843K, capacity 99508K, committed 100184K, reserved 1136640K
  class space    used 12522K, capacity 13518K, committed 13696K, reserved 1048576K
}
Event: 90.606 GC heap before
{Heap before GC invocations=22 (full 4):
 PSYoungGen      total 312832K, used 301861K [0x00000000d5580000, 0x00000000ee400000, 0x0000000100000000)
  eden space 282112K, 100% used [0x00000000d5580000,0x00000000e6900000,0x00000000e6900000)
  from space 30720K, 64% used [0x00000000e6900000,0x00000000e7c49560,0x00000000e8700000)
  to   space 31744K, 0% used [0x00000000ec500000,0x00000000ec500000,0x00000000ee400000)
 ParOldGen       total 175104K, used 54832K [0x0000000080000000, 0x000000008ab00000, 0x00000000d5580000)
  object space 175104K, 31% used [0x0000000080000000,0x000000008358c328,0x000000008ab00000)
 Metaspace       used 102742K, capacity 108056K, committed 108248K, reserved 1142784K
  class space    used 13632K, capacity 14757K, committed 14848K, reserved 1048576K
Event: 90.641 GC heap after
Heap after GC invocations=22 (full 4):
 PSYoungGen      total 372224K, used 22624K [0x00000000d5580000, 0x00000000ee400000, 0x0000000100000000)
  eden space 340480K, 0% used [0x00000000d5580000,0x00000000d5580000,0x00000000ea200000)
  from space 31744K, 71% used [0x00000000ec500000,0x00000000edb183f8,0x00000000ee400000)
  to   space 33792K, 0% used [0x00000000ea200000,0x00000000ea200000,0x00000000ec300000)
 ParOldGen       total 175104K, used 72676K [0x0000000080000000, 0x000000008ab00000, 0x00000000d5580000)
  object space 175104K, 41% used [0x0000000080000000,0x00000000846f9330,0x000000008ab00000)
 Metaspace       used 102742K, capacity 108056K, committed 108248K, reserved 1142784K
  class space    used 13632K, capacity 14757K, committed 14848K, reserved 1048576K
}

Deoptimization events (10 events):
Event: 92.169 Thread 0x000000002600e800 Uncommon trap: reason=class_check action=maybe_recompile pc=0x0000000005e15d60 method=com.android.tools.r8.dex.n.a(ILjava/util/function/Supplier;)Ljava/lang/Object; @ 33
Event: 92.169 Thread 0x0000000026010000 Uncommon trap: reason=class_check action=maybe_recompile pc=0x0000000005e15d60 method=com.android.tools.r8.dex.n.a(ILjava/util/function/Supplier;)Ljava/lang/Object; @ 33
Event: 92.169 Thread 0x0000000026012000 Uncommon trap: reason=class_check action=maybe_recompile pc=0x0000000005e15d60 method=com.android.tools.r8.dex.n.a(ILjava/util/function/Supplier;)Ljava/lang/Object; @ 33
Event: 92.169 Thread 0x000000002600a800 Uncommon trap: reason=class_check action=maybe_recompile pc=0x0000000005e15d60 method=com.android.tools.r8.dex.n.a(ILjava/util/function/Supplier;)Ljava/lang/Object; @ 33
Event: 92.169 Thread 0x0000000026010800 Uncommon trap: reason=class_check action=maybe_recompile pc=0x0000000005e15d60 method=com.android.tools.r8.dex.n.a(ILjava/util/function/Supplier;)Ljava/lang/Object; @ 33
Event: 92.219 Thread 0x0000000026012000 Uncommon trap: reason=unstable_if action=reinterpret pc=0x0000000003f37970 method=java.util.Arrays.hashCode([Ljava/lang/Object;)I @ 1
Event: 92.219 Thread 0x000000002600a000 Uncommon trap: reason=unstable_if action=reinterpret pc=0x0000000003f37970 method=java.util.Arrays.hashCode([Ljava/lang/Object;)I @ 1
Event: 92.219 Thread 0x0000000026010800 Uncommon trap: reason=unstable_if action=reinterpret pc=0x0000000003f37970 method=java.util.Arrays.hashCode([Ljava/lang/Object;)I @ 1
Event: 92.219 Thread 0x000000002600e800 Uncommon trap: reason=unstable_if action=reinterpret pc=0x0000000003f37970 method=java.util.Arrays.hashCode([Ljava/lang/Object;)I @ 1
Event: 92.221 Thread 0x0000000026010000 Uncommon trap: reason=unstable_if action=reinterpret pc=0x00000000044f8b50 method=java.util.concurrent.ConcurrentLinkedQueue.offer(Ljava/lang/Object;)Z @ 40

Classes redefined (0 events):
No events

Internal exceptions (10 events):
Event: 91.285 Thread 0x0000000027456000 Exception <a 'sun/nio/fs/WindowsException'> (0x00000000dbf68aa8) thrown at [C:\src\AOSP-openjdk-git\hotspot\src\share\vm\prims\jni.cpp, line 710]
Event: 91.285 Thread 0x0000000027456000 Exception <a 'sun/nio/fs/WindowsException'> (0x00000000dbf68fe0) thrown at [C:\src\AOSP-openjdk-git\hotspot\src\share\vm\prims\jni.cpp, line 710]
Event: 91.285 Thread 0x0000000027456000 Exception <a 'sun/nio/fs/WindowsException'> (0x00000000dbf69e08) thrown at [C:\src\AOSP-openjdk-git\hotspot\src\share\vm\prims\jni.cpp, line 710]
Event: 91.299 Thread 0x0000000027456000 Exception <a 'sun/nio/fs/WindowsException'> (0x00000000dc048a00) thrown at [C:\src\AOSP-openjdk-git\hotspot\src\share\vm\prims\jni.cpp, line 710]
Event: 91.816 Thread 0x00000000223f9000 Exception <a 'java/lang/NoSuchMethodError': <clinit>> (0x00000000df0c4208) thrown at [C:\src\AOSP-openjdk-git\hotspot\src\share\vm\prims\jni.cpp, line 1615]
Event: 91.882 Thread 0x0000000027453800 Exception <a 'sun/nio/fs/WindowsException'> (0x00000000e00cfc88) thrown at [C:\src\AOSP-openjdk-git\hotspot\src\share\vm\prims\jni.cpp, line 710]
Event: 92.219 Thread 0x0000000026012000 Implicit null exception at 0x0000000003f3786f to 0x0000000003f37961
Event: 92.219 Thread 0x000000002600a000 Implicit null exception at 0x0000000003f3786f to 0x0000000003f37961
Event: 92.219 Thread 0x000000002600e800 Implicit null exception at 0x0000000003f3786f to 0x0000000003f37961
Event: 92.219 Thread 0x0000000026010800 Implicit null exception at 0x0000000003f3786f to 0x0000000003f37961

Events (10 events):
Event: 92.231 loading class com/android/tools/r8/graph/J$d
Event: 92.231 loading class com/android/tools/r8/graph/J$d done
Event: 92.232 loading class com/android/tools/r8/graph/J$e
Event: 92.232 loading class com/android/tools/r8/graph/J$e done
Event: 92.232 loading class com/android/tools/r8/graph/J$e
Event: 92.232 loading class com/android/tools/r8/graph/J$e done
Event: 92.233 loading class com/android/tools/r8/graph/J$b
Event: 92.233 loading class com/android/tools/r8/graph/J$b done
Event: 92.234 loading class com/android/tools/r8/graph/J$b
Event: 92.234 loading class com/android/tools/r8/graph/J$b done


Dynamic libraries:
0x00007ff6c4140000 - 0x00007ff6c4171000 	C:\Program Files\Android\Android Studio1\jre\bin\java.exe
0x00007fff6b710000 - 0x00007fff6b905000 	C:\WINDOWS\SYSTEM32\ntdll.dll
0x00007fff69ac0000 - 0x00007fff69b7d000 	C:\WINDOWS\System32\KERNEL32.DLL
0x00007fff69380000 - 0x00007fff69648000 	C:\WINDOWS\System32\KERNELBASE.dll
0x00007fff69b80000 - 0x00007fff69c2c000 	C:\WINDOWS\System32\ADVAPI32.dll
0x00007fff6b020000 - 0x00007fff6b0be000 	C:\WINDOWS\System32\msvcrt.dll
0x00007fff6a040000 - 0x00007fff6a0db000 	C:\WINDOWS\System32\sechost.dll
0x00007fff6aaf0000 - 0x00007fff6ac1b000 	C:\WINDOWS\System32\RPCRT4.dll
0x00007fff6ac20000 - 0x00007fff6adc0000 	C:\WINDOWS\System32\USER32.dll
0x00007fff68e50000 - 0x00007fff68e72000 	C:\WINDOWS\System32\win32u.dll
0x00007fff6a290000 - 0x00007fff6a2ba000 	C:\WINDOWS\System32\GDI32.dll
0x00007fff69010000 - 0x00007fff6911b000 	C:\WINDOWS\System32\gdi32full.dll
0x00007fff68e80000 - 0x00007fff68f1d000 	C:\WINDOWS\System32\msvcp_win.dll
0x00007fff69650000 - 0x00007fff69750000 	C:\WINDOWS\System32\ucrtbase.dll
0x00007fff4e930000 - 0x00007fff4ebca000 	C:\WINDOWS\WinSxS\amd64_microsoft.windows.common-controls_6595b64144ccf1df_6.0.19041.1052_none_60b8f8fd71f5e8cb\COMCTL32.dll
0x00007fff6ae70000 - 0x00007fff6aea0000 	C:\WINDOWS\System32\IMM32.DLL
0x0000000059dc0000 - 0x0000000059e92000 	C:\Program Files\Android\Android Studio1\jre\jre\bin\msvcr100.dll
0x0000000059000000 - 0x000000005984b000 	C:\Program Files\Android\Android Studio1\jre\jre\bin\server\jvm.dll
0x00007fff69a00000 - 0x00007fff69a08000 	C:\WINDOWS\System32\PSAPI.DLL
0x00007fff61390000 - 0x00007fff61399000 	C:\WINDOWS\SYSTEM32\WSOCK32.dll
0x00007fff50540000 - 0x00007fff50567000 	C:\WINDOWS\SYSTEM32\WINMM.dll
0x00007fff5e970000 - 0x00007fff5e97a000 	C:\WINDOWS\SYSTEM32\VERSION.dll
0x00007fff6aa00000 - 0x00007fff6aa6b000 	C:\WINDOWS\System32\WS2_32.dll
0x00007fff5fc90000 - 0x00007fff5fc9f000 	C:\Program Files\Android\Android Studio1\jre\jre\bin\verify.dll
0x00007fff42970000 - 0x00007fff42999000 	C:\Program Files\Android\Android Studio1\jre\jre\bin\java.dll
0x00007fff4bd90000 - 0x00007fff4bda6000 	C:\Program Files\Android\Android Studio1\jre\jre\bin\zip.dll
0x00007fff6a2c0000 - 0x00007fff6a9ff000 	C:\WINDOWS\System32\SHELL32.dll
0x00007fff66f80000 - 0x00007fff67710000 	C:\WINDOWS\SYSTEM32\windows.storage.dll
0x00007fff69c50000 - 0x00007fff69fa5000 	C:\WINDOWS\System32\combase.dll
0x00007fff688c0000 - 0x00007fff688ec000 	C:\WINDOWS\SYSTEM32\Wldp.dll
0x00007fff6adc0000 - 0x00007fff6ae6e000 	C:\WINDOWS\System32\SHCORE.dll
0x00007fff6b0c0000 - 0x00007fff6b115000 	C:\WINDOWS\System32\shlwapi.dll
0x00007fff68d90000 - 0x00007fff68daf000 	C:\WINDOWS\SYSTEM32\profapi.dll
0x00007fff42a40000 - 0x00007fff42a5a000 	C:\Program Files\Android\Android Studio1\jre\jre\bin\net.dll
0x00007fff68630000 - 0x00007fff6869a000 	C:\WINDOWS\system32\mswsock.dll
0x00007fff63010000 - 0x00007fff63023000 	C:\Program Files\Android\Android Studio1\jre\jre\bin\nio.dll
0x00007fff54820000 - 0x00007fff54847000 	C:\Users\Ankit kumar\.gradle\native\f6784746aeab05261644944871eae4fe03e0ef1612fff0a4a95f87b438bc6780\windows-amd64\native-platform.dll
0x00007fff63000000 - 0x00007fff6300d000 	C:\Program Files\Android\Android Studio1\jre\jre\bin\management.dll
0x00007fff68810000 - 0x00007fff68828000 	C:\WINDOWS\SYSTEM32\CRYPTSP.dll
0x00007fff67f60000 - 0x00007fff67f94000 	C:\WINDOWS\system32\rsaenh.dll
0x00007fff69750000 - 0x00007fff69777000 	C:\WINDOWS\System32\bcrypt.dll
0x00007fff68d10000 - 0x00007fff68d3e000 	C:\WINDOWS\SYSTEM32\USERENV.dll
0x00007fff68f80000 - 0x00007fff69003000 	C:\WINDOWS\System32\bcryptprimitives.dll
0x00007fff68800000 - 0x00007fff6880c000 	C:\WINDOWS\SYSTEM32\CRYPTBASE.dll
0x00007fff682d0000 - 0x00007fff6830b000 	C:\WINDOWS\SYSTEM32\IPHLPAPI.DLL
0x00007fff6b120000 - 0x00007fff6b128000 	C:\WINDOWS\System32\NSI.dll
0x00007fff5df30000 - 0x00007fff5df47000 	C:\WINDOWS\SYSTEM32\dhcpcsvc6.DLL
0x00007fff5d590000 - 0x00007fff5d5ad000 	C:\WINDOWS\SYSTEM32\dhcpcsvc.DLL
0x00007fff68320000 - 0x00007fff683ec000 	C:\WINDOWS\SYSTEM32\DNSAPI.dll
0x00007fff5dfc0000 - 0x00007fff5dfcb000 	C:\WINDOWS\SYSTEM32\WINNSI.DLL
0x00007fff54850000 - 0x00007fff54874000 	C:\Program Files\Android\Android Studio1\jre\jre\bin\sunec.dll
0x00007fff5dff0000 - 0x00007fff5dffa000 	C:\Windows\System32\rasadhlp.dll
0x00007fff56b60000 - 0x00007fff56bdf000 	C:\WINDOWS\System32\fwpuclnt.dll
0x00007fff62ff0000 - 0x00007fff62ffb000 	C:\Program Files\Android\Android Studio1\jre\jre\bin\sunmscapi.dll
0x00007fff69170000 - 0x00007fff692cf000 	C:\WINDOWS\System32\CRYPT32.dll

VM Arguments:
jvm_args: -Xmx2048m -Dfile.encoding=UTF-8 -Duser.country=IN -Duser.language=en -Duser.variant 
java_command: org.gradle.launcher.daemon.bootstrap.GradleDaemon 6.5
java_class_path (initial): C:\Users\Ankit kumar\.gradle\wrapper\dists\gradle-6.5-bin\6nifqtx7604sqp1q6g8wikw7p\gradle-6.5\lib\gradle-launcher-6.5.jar
Launcher Type: SUN_STANDARD

Environment Variables:
PATH=C:\Users\Ankit kumar\AppData\Local\Android\Sdk\platform-tools;C:\Windows;C:\Windows\System32\Wbem;C:\Windows\System32\WindowsPowerShell\v1.0\;C:\Windows\System32\OpenSSH\;C:\Program Files (x86)\NVIDIA Corporation\PhysX\Common;C:\Program Files\Intel\WiFi\bin\;C:\Program Files\Common Files\Intel\WirelessCommon\;C:\Program Files\Java\jdk-11.0.5\bin;C:\WINDOWS\system32;C:\WINDOWS;C:\WINDOWS\System32\Wbem;C:\WINDOWS\System32\WindowsPowerShell\v1.0\;C:\WINDOWS\System32\OpenSSH\;C:\Program Files\PuTTY\;C:\Program Files\Git\cmd;C:\Users\Ankit kumar\AppData\Local\Microsoft\WindowsApps;C:\Users\Ankit kumar\AppData\Local\GitHubDesktop\bin
USERNAME=Ankit kumar
OS=Windows_NT
PROCESSOR_IDENTIFIER=Intel64 Family 6 Model 142 Stepping 12, GenuineIntel



---------------  S Y S T E M  ---------------

OS: Windows 10.0 , 64 bit Build 19041 (10.0.19041.1023)

CPU:total 8 (initial active 8) (4 cores per cpu, 2 threads per core) family 6 model 142 stepping 12, cmov, cx8, fxsr, mmx, sse, sse2, sse3, ssse3, sse4.1, sse4.2, popcnt, avx, avx2, aes, clmul, erms, 3dnowpref, lzcnt, ht, tsc, tscinvbit, bmi1, bmi2, adx

Memory: 4k page, physical 8236416k(1218940k free), swap 8236416k(5248k free)

vm_info: OpenJDK 64-Bit Server VM (25.242-b01) for windows-amd64 JRE (1.8.0_242-release-1644-b01), built by "builder" with MS VC++ 10.0 (VS2010)

time: Mon Jun 14 13:31:31 2021
timezone: India Standard Time
elapsed time: 92 seconds (0d 0h 1m 32s)

