#
# There is insufficient memory for the Java Runtime Environment to continue.
# Native memory allocation (malloc) failed to allocate 1008336 bytes for Chunk::new
# Possible reasons:
#   The system is out of physical RAM or swap space
#   The process is running with CompressedOops enabled, and the Java Heap may be blocking the growth of the native heap
# Possible solutions:
#   Reduce memory load on the system
#   Increase physical memory or swap space
#   Check if swap backing store is full
#   Decrease Java heap size (-Xmx/-Xms)
#   Decrease number of Java threads
#   Decrease Java thread stack sizes (-Xss)
#   Set larger code cache with -XX:ReservedCodeCacheSize=
#   JVM is running with Unscaled Compressed Oops mode in which the Java heap is
#     placed in the first 4GB address space. The Java Heap base address is the
#     maximum limit for the native heap growth. Please use -XX:HeapBaseMinAddress
#     to set the Java Heap base and to place the Java Heap above 4GB virtual address.
# This output file may be truncated or incomplete.
#
#  Out of Memory Error (allocation.cpp:389), pid=13284, tid=0x0000000000002328
#
# JRE version: OpenJDK Runtime Environment (8.0_242-b01) (build 1.8.0_242-release-1644-b01)
# Java VM: OpenJDK 64-Bit Server VM (25.242-b01 mixed mode windows-amd64 compressed oops)
# Failed to write core dump. Minidumps are not enabled by default on client versions of Windows
#

---------------  T H R E A D  ---------------

Current thread (0x00000000193fe800):  JavaThread "C2 CompilerThread1" daemon [_thread_in_native, id=9000, stack(0x0000000019dc0000,0x0000000019ec0000)]

Stack: [0x0000000019dc0000,0x0000000019ec0000]
[error occurred during error reporting (printing stack bounds), id 0xc0000005]

Native frames: (J=compiled Java code, j=interpreted, Vv=VM code, C=native code)


Current CompileTask:
C2:   4578 2828   !   4       org.jetbrains.kotlin.metadata.ProtoBuf$Function::<init> (1112 bytes)


---------------  P R O C E S S  ---------------

Java Threads: ( => current thread )
  0x0000000019443800 JavaThread "Service Thread" daemon [_thread_blocked, id=10024, stack(0x000000001a0c0000,0x000000001a1c0000)]
  0x00000000175ee800 JavaThread "C1 CompilerThread3" daemon [_thread_blocked, id=13188, stack(0x0000000019fc0000,0x000000001a0c0000)]
  0x00000000175ec800 JavaThread "C2 CompilerThread2" daemon [_thread_in_native, id=14184, stack(0x0000000019ec0000,0x0000000019fc0000)]
=>0x00000000193fe800 JavaThread "C2 CompilerThread1" daemon [_thread_in_native, id=9000, stack(0x0000000019dc0000,0x0000000019ec0000)]
  0x00000000193fb000 JavaThread "C2 CompilerThread0" daemon [_thread_in_native, id=9700, stack(0x0000000019cc0000,0x0000000019dc0000)]
  0x00000000193fa000 JavaThread "Attach Listener" daemon [_thread_blocked, id=1400, stack(0x0000000019bc0000,0x0000000019cc0000)]
  0x00000000193f9800 JavaThread "Signal Dispatcher" daemon [_thread_blocked, id=2512, stack(0x0000000019ac0000,0x0000000019bc0000)]
  0x00000000193e0800 JavaThread "Finalizer" daemon [_thread_blocked, id=5968, stack(0x00000000198c0000,0x00000000199c0000)]
  0x00000000175db800 JavaThread "Reference Handler" daemon [_thread_blocked, id=8848, stack(0x00000000197c0000,0x00000000198c0000)]
  0x00000000025d4000 JavaThread "main" [_thread_in_vm, id=4772, stack(0x0000000002440000,0x0000000002540000)]

Other Threads:
  0x00000000175d6000 VMThread [stack: 0x00000000192c0000,0x00000000193c0000] [id=13696]
  0x0000000019444800 WatcherThread [stack: 0x000000001a1c0000,0x000000001a2c0000] [id=3052]

VM state:not at safepoint (normal execution)

VM Mutex/Monitor currently owned by a thread: None

heap address: 0x0000000082400000, size: 2012 MB, Compressed Oops mode: 32-bit
Narrow klass base: 0x0000000000000000, Narrow klass shift: 3
Compressed class space size: 1073741824 Address: 0x0000000100000000

Heap:
 PSYoungGen      total 131584K, used 45809K [0x00000000d6180000, 0x00000000dfc00000, 0x0000000100000000)
  eden space 126464K, 36% used [0x00000000d6180000,0x00000000d8e3c498,0x00000000ddd00000)
  from space 5120K, 0% used [0x00000000de180000,0x00000000de180000,0x00000000de680000)
  to   space 15872K, 0% used [0x00000000dec80000,0x00000000dec80000,0x00000000dfc00000)
 ParOldGen       total 121344K, used 19224K [0x0000000082400000, 0x0000000089a80000, 0x00000000d6180000)
  object space 121344K, 15% used [0x0000000082400000,0x00000000836c6108,0x0000000089a80000)
 Metaspace       used 36539K, capacity 37054K, committed 37376K, reserved 1081344K
  class space    used 4645K, capacity 4778K, committed 4864K, reserved 1048576K

Card table byte_map: [0x0000000011a90000,0x0000000011e80000] byte_map_base: 0x000000001167e000

Marking Bits: (ParMarkBitMap*) 0x000000005088f030
 Begin Bits: [0x0000000012920000, 0x0000000014890000)
 End Bits:   [0x0000000014890000, 0x0000000016800000)

Polling page: 0x0000000000c10000

CodeCache: size=245760Kb used=9639Kb max_used=9639Kb free=236120Kb
 bounds [0x00000000026d0000, 0x0000000003050000, 0x00000000116d0000]
 total_blobs=3435 nmethods=2996 adapters=352
 compilation: enabled

Compilation events (10 events):
Event: 4.567 Thread 0x00000000175ee800 3010       1       org.jetbrains.kotlin.load.java.structure.impl.classFiles.BinaryJavaField::isEnumEntry (5 bytes)
Event: 4.567 Thread 0x00000000175ee800 nmethod 3010 0x000000000303ce90 code [0x000000000303cfe0, 0x000000000303d0f0]
Event: 4.567 Thread 0x00000000175ee800 3024       2       java.util.HashMap::afterNodeAccess (1 bytes)
Event: 4.567 Thread 0x00000000175ee800 nmethod 3024 0x000000000303d150 code [0x000000000303d2a0, 0x000000000303d3f0]
Event: 4.567 Thread 0x00000000175ee800 3025       1       org.jetbrains.kotlin.load.java.structure.impl.classFiles.BinaryJavaField::getAccess (5 bytes)
Event: 4.567 Thread 0x00000000175ee800 nmethod 3025 0x000000000303d450 code [0x000000000303d5a0, 0x000000000303d6b0]
Event: 4.570 Thread 0x00000000175ee800 3026       2       org.jetbrains.kotlin.load.java.structure.impl.classFiles.ClassifierResolutionContext::mapInternalNameToClassId$frontend_java (102 bytes)
Event: 4.572 Thread 0x00000000175ee800 nmethod 3026 0x000000000303d710 code [0x000000000303da00, 0x000000000303e518]
Event: 4.572 Thread 0x00000000175ee800 3027   !   2       org.jetbrains.kotlin.storage.LockBasedStorageManager$MapBasedMemoizedFunction::invoke (281 bytes)
Event: 4.574 Thread 0x00000000175ee800 nmethod 3027 0x000000000303efd0 code [0x000000000303f2e0, 0x000000000303fc58]

GC Heap History (10 events):
Event: 2.195 GC heap before
{Heap before GC invocations=3 (full 0):
 PSYoungGen      total 70656K, used 23880K [0x00000000d6180000, 0x00000000dab80000, 0x0000000100000000)
  eden space 65536K, 28% used [0x00000000d6180000,0x00000000d73d6220,0x00000000da180000)
  from space 5120K, 99% used [0x00000000da680000,0x00000000dab7c010,0x00000000dab80000)
  to   space 5120K, 0% used [0x00000000da180000,0x00000000da180000,0x00000000da680000)
 ParOldGen       total 86016K, used 7395K [0x0000000082400000, 0x0000000087800000, 0x00000000d6180000)
  object space 86016K, 8% used [0x0000000082400000,0x0000000082b38ca0,0x0000000087800000)
 Metaspace       used 20770K, capacity 21168K, committed 21296K, reserved 1069056K
  class space    used 2474K, capacity 2626K, committed 2688K, reserved 1048576K
Event: 2.207 GC heap after
Heap after GC invocations=3 (full 0):
 PSYoungGen      total 70656K, used 5092K [0x00000000d6180000, 0x00000000deb80000, 0x0000000100000000)
  eden space 65536K, 0% used [0x00000000d6180000,0x00000000d6180000,0x00000000da180000)
  from space 5120K, 99% used [0x00000000da180000,0x00000000da679030,0x00000000da680000)
  to   space 5120K, 0% used [0x00000000de680000,0x00000000de680000,0x00000000deb80000)
 ParOldGen       total 86016K, used 11614K [0x0000000082400000, 0x0000000087800000, 0x00000000d6180000)
  object space 86016K, 13% used [0x0000000082400000,0x0000000082f579b0,0x0000000087800000)
 Metaspace       used 20770K, capacity 21168K, committed 21296K, reserved 1069056K
  class space    used 2474K, capacity 2626K, committed 2688K, reserved 1048576K
}
Event: 2.207 GC heap before
{Heap before GC invocations=4 (full 1):
 PSYoungGen      total 70656K, used 5092K [0x00000000d6180000, 0x00000000deb80000, 0x0000000100000000)
  eden space 65536K, 0% used [0x00000000d6180000,0x00000000d6180000,0x00000000da180000)
  from space 5120K, 99% used [0x00000000da180000,0x00000000da679030,0x00000000da680000)
  to   space 5120K, 0% used [0x00000000de680000,0x00000000de680000,0x00000000deb80000)
 ParOldGen       total 86016K, used 11614K [0x0000000082400000, 0x0000000087800000, 0x00000000d6180000)
  object space 86016K, 13% used [0x0000000082400000,0x0000000082f579b0,0x0000000087800000)
 Metaspace       used 20770K, capacity 21168K, committed 21296K, reserved 1069056K
  class space    used 2474K, capacity 2626K, committed 2688K, reserved 1048576K
Event: 2.264 GC heap after
Heap after GC invocations=4 (full 1):
 PSYoungGen      total 70656K, used 0K [0x00000000d6180000, 0x00000000deb80000, 0x0000000100000000)
  eden space 65536K, 0% used [0x00000000d6180000,0x00000000d6180000,0x00000000da180000)
  from space 5120K, 0% used [0x00000000da180000,0x00000000da180000,0x00000000da680000)
  to   space 5120K, 0% used [0x00000000de680000,0x00000000de680000,0x00000000deb80000)
 ParOldGen       total 68096K, used 9128K [0x0000000082400000, 0x0000000086680000, 0x00000000d6180000)
  object space 68096K, 13% used [0x0000000082400000,0x0000000082cea168,0x0000000086680000)
 Metaspace       used 20770K, capacity 21168K, committed 21296K, reserved 1069056K
  class space    used 2474K, capacity 2626K, committed 2688K, reserved 1048576K
}
Event: 3.355 GC heap before
{Heap before GC invocations=5 (full 1):
 PSYoungGen      total 70656K, used 65536K [0x00000000d6180000, 0x00000000deb80000, 0x0000000100000000)
  eden space 65536K, 100% used [0x00000000d6180000,0x00000000da180000,0x00000000da180000)
  from space 5120K, 0% used [0x00000000da180000,0x00000000da180000,0x00000000da680000)
  to   space 5120K, 0% used [0x00000000de680000,0x00000000de680000,0x00000000deb80000)
 ParOldGen       total 68096K, used 9128K [0x0000000082400000, 0x0000000086680000, 0x00000000d6180000)
  object space 68096K, 13% used [0x0000000082400000,0x0000000082cea168,0x0000000086680000)
 Metaspace       used 29396K, capacity 29857K, committed 30208K, reserved 1075200K
  class space    used 3647K, capacity 3784K, committed 3840K, reserved 1048576K
Event: 3.369 GC heap after
Heap after GC invocations=5 (full 1):
 PSYoungGen      total 95232K, used 5106K [0x00000000d6180000, 0x00000000deb80000, 0x0000000100000000)
  eden space 90112K, 0% used [0x00000000d6180000,0x00000000d6180000,0x00000000db980000)
  from space 5120K, 99% used [0x00000000de680000,0x00000000deb7c958,0x00000000deb80000)
  to   space 5120K, 0% used [0x00000000de180000,0x00000000de180000,0x00000000de680000)
 ParOldGen       total 68096K, used 20095K [0x0000000082400000, 0x0000000086680000, 0x00000000d6180000)
  object space 68096K, 29% used [0x0000000082400000,0x000000008379fda8,0x0000000086680000)
 Metaspace       used 29396K, capacity 29857K, committed 30208K, reserved 1075200K
  class space    used 3647K, capacity 3784K, committed 3840K, reserved 1048576K
}
Event: 3.947 GC heap before
{Heap before GC invocations=6 (full 1):
 PSYoungGen      total 95232K, used 32480K [0x00000000d6180000, 0x00000000deb80000, 0x0000000100000000)
  eden space 90112K, 30% used [0x00000000d6180000,0x00000000d7c3b7b0,0x00000000db980000)
  from space 5120K, 99% used [0x00000000de680000,0x00000000deb7c958,0x00000000deb80000)
  to   space 5120K, 0% used [0x00000000de180000,0x00000000de180000,0x00000000de680000)
 ParOldGen       total 68096K, used 20095K [0x0000000082400000, 0x0000000086680000, 0x00000000d6180000)
  object space 68096K, 29% used [0x0000000082400000,0x000000008379fda8,0x0000000086680000)
 Metaspace       used 34643K, capacity 35153K, committed 35456K, reserved 1079296K
  class space    used 4477K, capacity 4616K, committed 4736K, reserved 1048576K
Event: 3.961 GC heap after
Heap after GC invocations=6 (full 1):
 PSYoungGen      total 131584K, used 5099K [0x00000000d6180000, 0x00000000dfc00000, 0x0000000100000000)
  eden space 126464K, 0% used [0x00000000d6180000,0x00000000d6180000,0x00000000ddd00000)
  from space 5120K, 99% used [0x00000000de180000,0x00000000de67add8,0x00000000de680000)
  to   space 15872K, 0% used [0x00000000dec80000,0x00000000dec80000,0x00000000dfc00000)
 ParOldGen       total 68096K, used 26691K [0x0000000082400000, 0x0000000086680000, 0x00000000d6180000)
  object space 68096K, 39% used [0x0000000082400000,0x0000000083e10f08,0x0000000086680000)
 Metaspace       used 34643K, capacity 35153K, committed 35456K, reserved 1079296K
  class space    used 4477K, capacity 4616K, committed 4736K, reserved 1048576K
}
Event: 3.961 GC heap before
{Heap before GC invocations=7 (full 2):
 PSYoungGen      total 131584K, used 5099K [0x00000000d6180000, 0x00000000dfc00000, 0x0000000100000000)
  eden space 126464K, 0% used [0x00000000d6180000,0x00000000d6180000,0x00000000ddd00000)
  from space 5120K, 99% used [0x00000000de180000,0x00000000de67add8,0x00000000de680000)
  to   space 15872K, 0% used [0x00000000dec80000,0x00000000dec80000,0x00000000dfc00000)
 ParOldGen       total 68096K, used 26691K [0x0000000082400000, 0x0000000086680000, 0x00000000d6180000)
  object space 68096K, 39% used [0x0000000082400000,0x0000000083e10f08,0x0000000086680000)
 Metaspace       used 34643K, capacity 35153K, committed 35456K, reserved 1079296K
  class space    used 4477K, capacity 4616K, committed 4736K, reserved 1048576K
Event: 4.067 GC heap after
Heap after GC invocations=7 (full 2):
 PSYoungGen      total 131584K, used 0K [0x00000000d6180000, 0x00000000dfc00000, 0x0000000100000000)
  eden space 126464K, 0% used [0x00000000d6180000,0x00000000d6180000,0x00000000ddd00000)
  from space 5120K, 0% used [0x00000000de180000,0x00000000de180000,0x00000000de680000)
  to   space 15872K, 0% used [0x00000000dec80000,0x00000000dec80000,0x00000000dfc00000)
 ParOldGen       total 121344K, used 19224K [0x0000000082400000, 0x0000000089a80000, 0x00000000d6180000)
  object space 121344K, 15% used [0x0000000082400000,0x00000000836c6108,0x0000000089a80000)
 Metaspace       used 34643K, capacity 35153K, committed 35456K, reserved 1079296K
  class space    used 4477K, capacity 4616K, committed 4736K, reserved 1048576K
}

Deoptimization events (10 events):
Event: 4.340 Thread 0x00000000025d4000 Uncommon trap: reason=bimorphic action=maybe_recompile pc=0x0000000002c99b00 method=org.jetbrains.kotlin.protobuf.CodedInputStream.tryRefillBuffer(I)Z @ 177
Event: 4.343 Thread 0x00000000025d4000 Uncommon trap: reason=bimorphic action=maybe_recompile pc=0x0000000002c99b00 method=org.jetbrains.kotlin.protobuf.CodedInputStream.tryRefillBuffer(I)Z @ 177
Event: 4.380 Thread 0x00000000025d4000 Uncommon trap: reason=bimorphic action=maybe_recompile pc=0x0000000002e65790 method=gnu.trove.TObjectHash.index(Ljava/lang/Object;)I @ 126
Event: 4.380 Thread 0x00000000025d4000 Uncommon trap: reason=bimorphic action=maybe_recompile pc=0x0000000002e65790 method=gnu.trove.TObjectHash.index(Ljava/lang/Object;)I @ 126
Event: 4.562 Thread 0x00000000025d4000 Uncommon trap: reason=bimorphic action=maybe_recompile pc=0x0000000002e232d8 method=java.util.HashMap.putVal(ILjava/lang/Object;Ljava/lang/Object;ZZ)Ljava/lang/Object; @ 203
Event: 4.562 Thread 0x00000000025d4000 Uncommon trap: reason=bimorphic action=maybe_recompile pc=0x0000000002e232d8 method=java.util.HashMap.putVal(ILjava/lang/Object;Ljava/lang/Object;ZZ)Ljava/lang/Object; @ 203
Event: 4.562 Thread 0x00000000025d4000 Uncommon trap: reason=bimorphic action=maybe_recompile pc=0x0000000002e232d8 method=java.util.HashMap.putVal(ILjava/lang/Object;Ljava/lang/Object;ZZ)Ljava/lang/Object; @ 203
Event: 4.562 Thread 0x00000000025d4000 Uncommon trap: reason=bimorphic action=maybe_recompile pc=0x0000000002e232d8 method=java.util.HashMap.putVal(ILjava/lang/Object;Ljava/lang/Object;ZZ)Ljava/lang/Object; @ 203
Event: 4.563 Thread 0x00000000025d4000 Uncommon trap: reason=bimorphic action=maybe_recompile pc=0x0000000002ad7e54 method=java.util.HashMap.putVal(ILjava/lang/Object;Ljava/lang/Object;ZZ)Ljava/lang/Object; @ 203
Event: 4.563 Thread 0x00000000025d4000 Uncommon trap: reason=bimorphic action=maybe_recompile pc=0x0000000002abb338 method=java.util.HashMap.putVal(ILjava/lang/Object;Ljava/lang/Object;ZZ)Ljava/lang/Object; @ 203

Classes redefined (0 events):
No events

Internal exceptions (10 events):
Event: 3.151 Thread 0x00000000025d4000 Exception <a 'java/lang/ArrayIndexOutOfBoundsException'> (0x00000000d94b2528) thrown at [C:\src\AOSP-openjdk-git\hotspot\src\share\vm\runtime\sharedRuntime.cpp, line 605]
Event: 3.151 Thread 0x00000000025d4000 Exception <a 'java/lang/ArrayIndexOutOfBoundsException'> (0x00000000d94b42a8) thrown at [C:\src\AOSP-openjdk-git\hotspot\src\share\vm\runtime\sharedRuntime.cpp, line 605]
Event: 3.152 Thread 0x00000000025d4000 Exception <a 'java/lang/ArrayIndexOutOfBoundsException'> (0x00000000d94b8a58) thrown at [C:\src\AOSP-openjdk-git\hotspot\src\share\vm\runtime\sharedRuntime.cpp, line 605]
Event: 3.162 Thread 0x00000000025d4000 Exception <a 'java/lang/ArrayIndexOutOfBoundsException'> (0x00000000d9551b00) thrown at [C:\src\AOSP-openjdk-git\hotspot\src\share\vm\runtime\sharedRuntime.cpp, line 605]
Event: 3.162 Thread 0x00000000025d4000 Exception <a 'java/lang/ArrayIndexOutOfBoundsException'> (0x00000000d9552f68) thrown at [C:\src\AOSP-openjdk-git\hotspot\src\share\vm\runtime\sharedRuntime.cpp, line 605]
Event: 3.162 Thread 0x00000000025d4000 Exception <a 'java/lang/ArrayIndexOutOfBoundsException'> (0x00000000d9558960) thrown at [C:\src\AOSP-openjdk-git\hotspot\src\share\vm\runtime\sharedRuntime.cpp, line 605]
Event: 3.162 Thread 0x00000000025d4000 Exception <a 'java/lang/ArrayIndexOutOfBoundsException'> (0x00000000d9559d48) thrown at [C:\src\AOSP-openjdk-git\hotspot\src\share\vm\runtime\sharedRuntime.cpp, line 605]
Event: 3.750 Thread 0x00000000025d4000 Exception <a 'java/lang/NoSuchMethodError': java.lang.Object.lambda$static$0(I)[Lorg/jetbrains/kotlin/psi/KtExpression;> (0x00000000d7331518) thrown at [C:\src\AOSP-openjdk-git\hotspot\src\share\vm\interpreter\linkResolver.cpp, line 620]
Event: 3.807 Thread 0x00000000025d4000 Exception <a 'java/lang/NoSuchMethodError': java.lang.Object.lambda$static$0(I)[Lorg/jetbrains/kotlin/psi/KtDeclaration;> (0x00000000d75f4518) thrown at [C:\src\AOSP-openjdk-git\hotspot\src\share\vm\interpreter\linkResolver.cpp, line 620]
Event: 3.846 Thread 0x00000000025d4000 Exception <a 'java/lang/NoSuchMethodError': java.lang.Object.lambda$static$0(I)[Lorg/jetbrains/kotlin/psi/KtTypeElement;> (0x00000000d7744ea0) thrown at [C:\src\AOSP-openjdk-git\hotspot\src\share\vm\interpreter\linkResolver.cpp, line 620]

Events (10 events):
Event: 4.571 loading class org/jetbrains/kotlin/resolve/jvm/kotlinSignature/SignaturesPropagationData
Event: 4.571 loading class org/jetbrains/kotlin/resolve/jvm/kotlinSignature/SignaturesPropagationData done
Event: 4.572 loading class org/jetbrains/kotlin/resolve/jvm/jvmSignature/KotlinToJvmSignatureMapper
Event: 4.572 loading class org/jetbrains/kotlin/resolve/jvm/jvmSignature/KotlinToJvmSignatureMapper done
Event: 4.572 loading class org/jetbrains/kotlin/codegen/signature/KotlinToJvmSignatureMapperImpl
Event: 4.572 loading class org/jetbrains/kotlin/codegen/signature/KotlinToJvmSignatureMapperImpl done
Event: 4.573 loading class org/jetbrains/kotlin/codegen/state/KotlinTypeMapper
Event: 4.573 loading class org/jetbrains/kotlin/codegen/state/KotlinTypeMapper done
Event: 4.575 loading class org/jetbrains/kotlin/codegen/state/KotlinTypeMapperBase
Event: 4.575 loading class org/jetbrains/kotlin/codegen/state/KotlinTypeMapperBase done


Dynamic libraries:
0x00007ff721b90000 - 0x00007ff721bc1000 	C:\Program Files\Android\Android Studio1\jre\jre\bin\java.exe
0x00007ffc0af50000 - 0x00007ffc0b145000 	C:\WINDOWS\SYSTEM32\ntdll.dll
0x00007ffc0ae50000 - 0x00007ffc0af0d000 	C:\WINDOWS\System32\KERNEL32.DLL
0x00007ffc08a60000 - 0x00007ffc08d28000 	C:\WINDOWS\System32\KERNELBASE.dll
0x00007ffc09620000 - 0x00007ffc096cc000 	C:\WINDOWS\System32\ADVAPI32.dll
0x00007ffc09100000 - 0x00007ffc0919e000 	C:\WINDOWS\System32\msvcrt.dll
0x00007ffc09980000 - 0x00007ffc09a1b000 	C:\WINDOWS\System32\sechost.dll
0x00007ffc08fd0000 - 0x00007ffc090fb000 	C:\WINDOWS\System32\RPCRT4.dll
0x00007ffc09750000 - 0x00007ffc098f0000 	C:\WINDOWS\System32\USER32.dll
0x00007ffc08840000 - 0x00007ffc08862000 	C:\WINDOWS\System32\win32u.dll
0x00007ffc09e40000 - 0x00007ffc09e6a000 	C:\WINDOWS\System32\GDI32.dll
0x00007ffc08dc0000 - 0x00007ffc08ecb000 	C:\WINDOWS\System32\gdi32full.dll
0x00007ffc08f20000 - 0x00007ffc08fbd000 	C:\WINDOWS\System32\msvcp_win.dll
0x00007ffc08690000 - 0x00007ffc08790000 	C:\WINDOWS\System32\ucrtbase.dll
0x00007ffbedf50000 - 0x00007ffbee1ea000 	C:\WINDOWS\WinSxS\amd64_microsoft.windows.common-controls_6595b64144ccf1df_6.0.19041.1052_none_60b8f8fd71f5e8cb\COMCTL32.dll
0x00007ffc098f0000 - 0x00007ffc09920000 	C:\WINDOWS\System32\IMM32.DLL
0x0000000050e80000 - 0x0000000050f52000 	C:\Program Files\Android\Android Studio1\jre\jre\bin\msvcr100.dll
0x00000000500c0000 - 0x000000005090b000 	C:\Program Files\Android\Android Studio1\jre\jre\bin\server\jvm.dll
0x00007ffc09f90000 - 0x00007ffc09f98000 	C:\WINDOWS\System32\PSAPI.DLL
0x00007ffbecc50000 - 0x00007ffbecc77000 	C:\WINDOWS\SYSTEM32\WINMM.dll
0x00007ffbfdf90000 - 0x00007ffbfdf9a000 	C:\WINDOWS\SYSTEM32\VERSION.dll
0x00007ffbebac0000 - 0x00007ffbebac9000 	C:\WINDOWS\SYSTEM32\WSOCK32.dll
0x00007ffc09e70000 - 0x00007ffc09edb000 	C:\WINDOWS\System32\WS2_32.dll
0x00007ffbebab0000 - 0x00007ffbebabf000 	C:\Program Files\Android\Android Studio1\jre\jre\bin\verify.dll
0x00007ffbe5590000 - 0x00007ffbe55b9000 	C:\Program Files\Android\Android Studio1\jre\jre\bin\java.dll
0x00007ffbeba90000 - 0x00007ffbebaa6000 	C:\Program Files\Android\Android Studio1\jre\jre\bin\zip.dll
0x00007ffc0a150000 - 0x00007ffc0a88f000 	C:\WINDOWS\System32\SHELL32.dll
0x00007ffc067c0000 - 0x00007ffc06f50000 	C:\WINDOWS\SYSTEM32\windows.storage.dll
0x00007ffc0aad0000 - 0x00007ffc0ae25000 	C:\WINDOWS\System32\combase.dll
0x00007ffc08100000 - 0x00007ffc0812c000 	C:\WINDOWS\SYSTEM32\Wldp.dll
0x00007ffc09ee0000 - 0x00007ffc09f8e000 	C:\WINDOWS\System32\SHCORE.dll
0x00007ffc09920000 - 0x00007ffc09975000 	C:\WINDOWS\System32\shlwapi.dll
0x00007ffc085d0000 - 0x00007ffc085ef000 	C:\WINDOWS\SYSTEM32\profapi.dll
0x00007ffbe6d30000 - 0x00007ffbe6d4a000 	C:\Program Files\Android\Android Studio1\jre\jre\bin\net.dll
0x00007ffc07e70000 - 0x00007ffc07eda000 	C:\WINDOWS\system32\mswsock.dll
0x00007ffbe5570000 - 0x00007ffbe5583000 	C:\Program Files\Android\Android Studio1\jre\jre\bin\nio.dll

VM Arguments:
java_command: org.jetbrains.kotlin.cli.jvm.K2JVMCompiler -Xallow-no-source-files -classpath C:\Users\Ankit kumar\AndroidStudioProjects\BookStore\app\build\intermediates\compile_and_runtime_not_namespaced_r_class_jar\debug\R.jar;C:\Users\Ankit kumar\.gradle\caches\transforms-2\files-2.1\7a24a943ee537d63e1d7b56c0463db1c\jetified-core-ktx-1.5.0-api.jar;C:\Users\Ankit kumar\.gradle\caches\transforms-2\files-2.1\e16dd20e9c21990ae3e0e86b75ce1868\jetified-kotlin-stdlib-1.4.31.jar;C:\Users\Ankit kumar\.gradle\caches\transforms-2\files-2.1\61a5f92251c610c8168aee1576c96a43\jetified-kotlin-stdlib-common-1.4.31.jar;C:\Users\Ankit kumar\.gradle\caches\transforms-2\files-2.1\64fab6255f9d96d2c98a740788790a80\jetified-annotations-13.0.jar;C:\Users\Ankit kumar\.gradle\caches\transforms-2\files-2.1\bc1a2c7cb7818813a6fab924a288b4b5\material-1.3.0-api.jar;C:\Users\Ankit kumar\.gradle\caches\transforms-2\files-2.1\704217fa5a7e2e220f6bf1a6592173e5\constraintlayout-2.0.4-api.jar;C:\Users\Ankit kumar\.gradle\caches\transforms-2\files-2.1\39208cd8747b4fdf6fc50fe5d70486bf\appcompat-1.3.0-api.jar;C:\Users\Ankit kumar\.gradle\caches\transforms-2\files-2.1\fe478707fbec09e0b09289ac5afe2e40\jetified-viewpager2-1.0.0-api.jar;C:\Users\Ankit kumar\.gradle\caches\transforms-2\files-2.1\e61186ddf872b5aec5d7903283651d5b\fragment-1.3.4-api.jar;C:\Users\Ankit kumar\.gradle\caches\transforms-2\files-2.1\f77f0fe561acbaa5f776a559197f9eec\jetified-activity-1.2.3-api.jar;C:\Users\Ankit kumar\.gradle\caches\transforms-2\files-2.1\c5f29e1565cb291694cc67cdef8657f2\jetified-appcompat-resources-1.3.0-api.jar;C:\Users\Ankit kumar\.gradle\caches\transforms-2\files-2.1\3dbef3eb4ed03c433873f44b80bcaa34\drawerlayout-1.0.0-api.jar;C:\Users\Ankit kumar\.gradle\caches\transforms-2\files-2.1\388acfb32b94fd5fa555bb1f429b200c\coordinatorlayout-1.1.0-api.jar;C:\Users\Ankit kumar\.gradle\caches\transforms-2\files-2.1\c2d4681649b9f02eeb28258def05cd61\dynamicanimation-1.0.0-api.jar;C:\Users\Ankit kumar\.gradle\caches\transform
java_class_path (initial): C:\Users\Ankit kumar\.gradle\caches\modules-2\files-2.1\org.jetbrains.kotlin\kotlin-compiler-embeddable\1.3.72\fb72232c8fa977d5e07d33c43381ddbdc5edab6\kotlin-compiler-embeddable-1.3.72.jar;C:\Users\Ankit kumar\.gradle\caches\modules-2\files-2.1\org.jetbrains.kotlin\kotlin-reflect\1.3.72\86613e1a669a701b0c660bfd2af4f82a7ae11fca\kotlin-reflect-1.3.72.jar;C:\Users\Ankit kumar\.gradle\caches\modules-2\files-2.1\org.jetbrains.kotlin\kotlin-stdlib\1.3.72\8032138f12c0180bc4e51fe139d4c52b46db6109\kotlin-stdlib-1.3.72.jar;C:\Users\Ankit kumar\.gradle\caches\modules-2\files-2.1\org.jetbrains.kotlin\kotlin-script-runtime\1.3.72\657d8d34d91e1964b4439378c09933e840bfe8d5\kotlin-script-runtime-1.3.72.jar;C:\Users\Ankit kumar\.gradle\caches\modules-2\files-2.1\org.jetbrains.kotlin\kotlin-daemon-embeddable\1.3.72\53bbaa2816dbf6bdb85f629451b1fcc88f2164d2\kotlin-daemon-embeddable-1.3.72.jar;C:\Users\Ankit kumar\.gradle\caches\modules-2\files-2.1\org.jetbrains.intellij.deps\trove4j\1.0.20181211\216c2e14b070f334479d800987affe4054cd563f\trove4j-1.0.20181211.jar;C:\Users\Ankit kumar\.gradle\caches\modules-2\files-2.1\org.jetbrains.kotlin\kotlin-stdlib-common\1.3.72\6ca8bee3d88957eaaaef077c41c908c9940492d8\kotlin-stdlib-common-1.3.72.jar;C:\Users\Ankit kumar\.gradle\caches\modules-2\files-2.1\org.jetbrains\annotations\13.0\919f0dfe192fb4e063e7dacadee7f8bb9a2672a9\annotations-13.0.jar;C:\Program Files\Android\Android Studio1\jre\lib\tools.jar
Launcher Type: SUN_STANDARD

Environment Variables:
PATH=C:\Users\Ankit kumar\AppData\Local\Android\Sdk\platform-tools;C:\Windows;C:\Windows\System32\Wbem;C:\Windows\System32\WindowsPowerShell\v1.0\;C:\Windows\System32\OpenSSH\;C:\Program Files (x86)\NVIDIA Corporation\PhysX\Common;C:\Program Files\Intel\WiFi\bin\;C:\Program Files\Common Files\Intel\WirelessCommon\;C:\Program Files\Java\jdk-11.0.5\bin;C:\WINDOWS\system32;C:\WINDOWS;C:\WINDOWS\System32\Wbem;C:\WINDOWS\System32\WindowsPowerShell\v1.0\;C:\WINDOWS\System32\OpenSSH\;C:\Program Files\PuTTY\;C:\Program Files\Git\cmd;C:\Users\Ankit kumar\AppData\Local\Microsoft\WindowsApps;C:\Users\Ankit kumar\AppData\Local\GitHubDesktop\bin
USERNAME=Ankit kumar
OS=Windows_NT
PROCESSOR_IDENTIFIER=Intel64 Family 6 Model 142 Stepping 12, GenuineIntel



---------------  S Y S T E M  ---------------

OS: Windows 10.0 , 64 bit Build 19041 (10.0.19041.1023)

CPU:total 8 (initial active 8) (4 cores per cpu, 2 threads per core) family 6 model 142 stepping 12, cmov, cx8, fxsr, mmx, sse, sse2, sse3, ssse3, sse4.1, sse4.2, popcnt, avx, avx2, aes, clmul, erms, 3dnowpref, lzcnt, ht, tsc, tscinvbit, bmi1, bmi2, adx

Memory: 4k page, physical 8236416k(1211416k free), swap 8236416k(5932k free)

vm_info: OpenJDK 64-Bit Server VM (25.242-b01) for windows-amd64 JRE (1.8.0_242-release-1644-b01), built by "builder" with MS VC++ 10.0 (VS2010)

time: Fri Jun 18 16:10:28 2021
timezone: India Standard Time
elapsed time: 4 seconds (0d 0h 0m 4s)

