#
# There is insufficient memory for the Java Runtime Environment to continue.
# Native memory allocation (malloc) failed to allocate 1470240 bytes for Chunk::new
# Possible reasons:
#   The system is out of physical RAM or swap space
#   The process is running with CompressedOops enabled, and the Java Heap may be blocking the growth of the native heap
# Possible solutions:
#   Reduce memory load on the system
#   Increase physical memory or swap space
#   Check if swap backing store is full
#   Decrease Java heap size (-Xmx/-Xms)
#   Decrease number of Java threads
#   Decrease Java thread stack sizes (-Xss)
#   Set larger code cache with -XX:ReservedCodeCacheSize=
#   JVM is running with Unscaled Compressed Oops mode in which the Java heap is
#     placed in the first 4GB address space. The Java Heap base address is the
#     maximum limit for the native heap growth. Please use -XX:HeapBaseMinAddress
#     to set the Java Heap base and to place the Java Heap above 4GB virtual address.
# This output file may be truncated or incomplete.
#
#  Out of Memory Error (allocation.cpp:389), pid=13044, tid=0x0000000000002464
#
# JRE version: OpenJDK Runtime Environment (8.0_242-b01) (build 1.8.0_242-release-1644-b01)
# Java VM: OpenJDK 64-Bit Server VM (25.242-b01 mixed mode windows-amd64 compressed oops)
# Failed to write core dump. Minidumps are not enabled by default on client versions of Windows
#

---------------  T H R E A D  ---------------

Current thread (0x00000000176db800):  JavaThread "C2 CompilerThread1" daemon [_thread_in_native, id=9316, stack(0x0000000019ea0000,0x0000000019fa0000)]

Stack: [0x0000000019ea0000,0x0000000019fa0000]
[error occurred during error reporting (printing stack bounds), id 0xc0000005]

Native frames: (J=compiled Java code, j=interpreted, Vv=VM code, C=native code)


Current CompileTask:
C2:   5701 2634       4       groovy.lang.MetaClassImpl$1MOPIter::methodNameAction (325 bytes)


---------------  P R O C E S S  ---------------

Java Threads: ( => current thread )
  0x000000001f54c000 JavaThread "jar transforms Thread 41" [_thread_new, id=1276, stack(0x0000000000000000,0x0000000000000000)]
  0x000000001f547800 JavaThread "jar transforms Thread 40" [_thread_blocked, id=15092, stack(0x0000000026010000,0x0000000026110000)]
  0x000000001f549000 JavaThread "jar transforms Thread 39" [_thread_blocked, id=276, stack(0x00000000239e0000,0x0000000023ae0000)]
  0x000000001f54d000 JavaThread "jar transforms Thread 38" [_thread_blocked, id=10292, stack(0x0000000025f10000,0x0000000026010000)]
  0x000000001f54b800 JavaThread "jar transforms Thread 37" [_thread_blocked, id=9796, stack(0x0000000025e10000,0x0000000025f10000)]
  0x000000001f54e800 JavaThread "jar transforms Thread 36" [_thread_blocked, id=3024, stack(0x0000000025d10000,0x0000000025e10000)]
  0x000000001f546800 JavaThread "jar transforms Thread 35" [_thread_blocked, id=2836, stack(0x0000000025c10000,0x0000000025d10000)]
  0x000000001f54a000 JavaThread "jar transforms Thread 34" [_thread_blocked, id=8120, stack(0x0000000025b10000,0x0000000025c10000)]
  0x000000001f54d800 JavaThread "jar transforms Thread 33" [_thread_blocked, id=13336, stack(0x0000000025a10000,0x0000000025b10000)]
  0x000000001b3ab800 JavaThread "jar transforms Thread 32" [_thread_blocked, id=10104, stack(0x0000000025910000,0x0000000025a10000)]
  0x000000001b3aa800 JavaThread "jar transforms Thread 31" [_thread_blocked, id=16340, stack(0x0000000025810000,0x0000000025910000)]
  0x000000001b3aa000 JavaThread "jar transforms Thread 30" [_thread_blocked, id=10508, stack(0x0000000025710000,0x0000000025810000)]
  0x000000001b3a2800 JavaThread "jar transforms Thread 29" [_thread_blocked, id=3404, stack(0x0000000025610000,0x0000000025710000)]
  0x000000001b3a9000 JavaThread "jar transforms Thread 28" [_thread_blocked, id=3300, stack(0x0000000025510000,0x0000000025610000)]
  0x000000001b3a7000 JavaThread "jar transforms Thread 27" [_thread_blocked, id=11028, stack(0x0000000025410000,0x0000000025510000)]
  0x000000001b3a8800 JavaThread "jar transforms Thread 26" [_thread_blocked, id=15572, stack(0x0000000025310000,0x0000000025410000)]
  0x000000001b3a7800 JavaThread "jar transforms Thread 25" [_thread_blocked, id=8188, stack(0x0000000025210000,0x0000000025310000)]
  0x000000001b39f800 JavaThread "jar transforms Thread 24" [_thread_blocked, id=3476, stack(0x0000000025110000,0x0000000025210000)]
  0x000000001b3a6000 JavaThread "jar transforms Thread 23" [_thread_blocked, id=15764, stack(0x0000000025010000,0x0000000025110000)]
  0x000000001b39e800 JavaThread "jar transforms Thread 22" [_thread_blocked, id=3744, stack(0x0000000024f10000,0x0000000025010000)]
  0x000000001b3a1800 JavaThread "jar transforms Thread 21" [_thread_blocked, id=9788, stack(0x0000000024e10000,0x0000000024f10000)]
  0x000000001b3a5800 JavaThread "jar transforms Thread 20" [_thread_blocked, id=4104, stack(0x0000000024d10000,0x0000000024e10000)]
  0x000000001b39e000 JavaThread "jar transforms Thread 19" [_thread_blocked, id=10644, stack(0x0000000024c10000,0x0000000024d10000)]
  0x000000001b3a1000 JavaThread "jar transforms Thread 18" [_thread_blocked, id=11972, stack(0x0000000024b10000,0x0000000024c10000)]
  0x000000001b3a4800 JavaThread "jar transforms Thread 17" [_thread_blocked, id=16284, stack(0x0000000024a10000,0x0000000024b10000)]
  0x000000001b39d000 JavaThread "jar transforms Thread 16" [_thread_blocked, id=15752, stack(0x0000000024910000,0x0000000024a10000)]
  0x000000001b3a0000 JavaThread "jar transforms Thread 15" [_thread_blocked, id=2700, stack(0x0000000024810000,0x0000000024910000)]
  0x000000001b3a4000 JavaThread "jar transforms Thread 14" [_thread_blocked, id=15488, stack(0x0000000024710000,0x0000000024810000)]
  0x000000001b39c800 JavaThread "jar transforms Thread 13" [_thread_blocked, id=10640, stack(0x0000000024610000,0x0000000024710000)]
  0x000000001b3a3000 JavaThread "jar transforms Thread 12" [_thread_blocked, id=10628, stack(0x0000000024510000,0x0000000024610000)]
  0x000000001c33b000 JavaThread "jar transforms Thread 11" [_thread_blocked, id=2480, stack(0x0000000024410000,0x0000000024510000)]
  0x000000001c33a000 JavaThread "jar transforms Thread 10" [_thread_blocked, id=7708, stack(0x0000000024310000,0x0000000024410000)]
  0x000000001c33b800 JavaThread "jar transforms Thread 9" [_thread_blocked, id=6692, stack(0x0000000024210000,0x0000000024310000)]
  0x000000001c339800 JavaThread "jar transforms Thread 8" [_thread_blocked, id=11792, stack(0x0000000024110000,0x0000000024210000)]
  0x000000001c33d000 JavaThread "jar transforms Thread 7" [_thread_blocked, id=15248, stack(0x0000000024010000,0x0000000024110000)]
  0x000000001c33c800 JavaThread "jar transforms Thread 6" [_thread_blocked, id=14900, stack(0x0000000023f10000,0x0000000024010000)]
  0x000000001c338800 JavaThread "jar transforms Thread 5" [_thread_blocked, id=15480, stack(0x0000000023e10000,0x0000000023f10000)]
  0x000000001c331000 JavaThread "jar transforms Thread 4" [_thread_blocked, id=16152, stack(0x0000000023d10000,0x0000000023e10000)]
  0x000000001c338000 JavaThread "jar transforms Thread 3" [_thread_blocked, id=10740, stack(0x0000000023c10000,0x0000000023d10000)]
  0x000000001c337000 JavaThread "jar transforms Thread 2" [_thread_blocked, id=12728, stack(0x0000000023b10000,0x0000000023c10000)]
  0x000000001c336800 JavaThread "Build operations Thread 8" [_thread_blocked, id=5588, stack(0x00000000235d0000,0x00000000236d0000)]
  0x000000001c335800 JavaThread "Build operations Thread 7" [_thread_blocked, id=15976, stack(0x00000000234d0000,0x00000000235d0000)]
  0x000000001c32e000 JavaThread "Build operations Thread 6" [_thread_blocked, id=10172, stack(0x00000000233d0000,0x00000000234d0000)]
  0x000000001c332800 JavaThread "Build operations Thread 5" [_thread_blocked, id=1224, stack(0x00000000232d0000,0x00000000233d0000)]
  0x000000001c335000 JavaThread "Build operations Thread 4" [_thread_blocked, id=1932, stack(0x00000000231d0000,0x00000000232d0000)]
  0x000000001c32d800 JavaThread "Build operations Thread 3" [_thread_blocked, id=3684, stack(0x00000000230d0000,0x00000000231d0000)]
  0x000000001c332000 JavaThread "Build operations Thread 2" [_thread_blocked, id=15928, stack(0x0000000022fd0000,0x00000000230d0000)]
  0x000000001c333800 JavaThread "Build operations" [_thread_blocked, id=9604, stack(0x0000000022ed0000,0x0000000022fd0000)]
  0x000000001c037000 JavaThread "Cache worker for file content cache (C:\Users\Ankit kumar\.gradle\caches\6.5\fileContent)" [_thread_blocked, id=10868, stack(0x00000000227d0000,0x00000000228d0000)]
  0x000000001c035800 JavaThread "jar transforms" [_thread_blocked, id=4408, stack(0x00000000226d0000,0x00000000227d0000)]
  0x000000001c031800 JavaThread "Cache worker for execution history cache (C:\Users\Ankit kumar\.gradle\caches\6.5\executionHistory)" [_thread_blocked, id=9068, stack(0x0000000020c20000,0x0000000020d20000)]
  0x000000001c034000 JavaThread "Cache worker for cache directory md-rule (C:\Users\Ankit kumar\.gradle\caches\6.5\md-rule)" [_thread_blocked, id=15184, stack(0x0000000020760000,0x0000000020860000)]
  0x000000001c032800 JavaThread "Cache worker for cache directory md-supplier (C:\Users\Ankit kumar\.gradle\caches\6.5\md-supplier)" [_thread_blocked, id=12636, stack(0x0000000020660000,0x0000000020760000)]
  0x000000001c034800 JavaThread "Cache worker for checksums cache (C:\Users\Ankit kumar\AndroidStudioProjects\BookStore\.gradle\checksums)" [_thread_blocked, id=11700, stack(0x0000000021fd0000,0x00000000220d0000)]
  0x000000001c030000 JavaThread "Cache worker for file hash cache (C:\Users\Ankit kumar\AndroidStudioProjects\BookStore\.gradle\6.5\fileHashes)" [_thread_blocked, id=8264, stack(0x0000000020910000,0x0000000020a10000)]
  0x000000001c036000 JavaThread "Cache worker for file hash cache (C:\Users\Ankit kumar\.gradle\caches\6.5\fileHashes)" [_thread_blocked, id=2460, stack(0x000000001e3c0000,0x000000001e4c0000)]
  0x000000001c033000 JavaThread "File lock request listener" [_thread_in_native, id=3004, stack(0x000000001e2c0000,0x000000001e3c0000)]
  0x000000001bfcf800 JavaThread "Cache worker for journal cache (C:\Users\Ankit kumar\.gradle\caches\journal-1)" [_thread_blocked, id=14872, stack(0x000000001e1c0000,0x000000001e2c0000)]
  0x000000001a754800 JavaThread "Thread-9" [_thread_blocked, id=9188, stack(0x000000001dec0000,0x000000001dfc0000)]
  0x000000001a753800 JavaThread "Stdin handler" [_thread_blocked, id=6760, stack(0x000000001ddc0000,0x000000001dec0000)]
  0x000000001a74d800 JavaThread "Asynchronous log dispatcher for DefaultDaemonConnection: socket connection from /127.0.0.1:62362 to /127.0.0.1:62363" [_thread_blocked, id=5144, stack(0x000000001dcc0000,0x000000001ddc0000)]
  0x000000001a71b000 JavaThread "Daemon worker" [_thread_in_Java, id=16376, stack(0x000000001dbc0000,0x000000001dcc0000)]
  0x000000001a71e000 JavaThread "Cancel handler" [_thread_blocked, id=13296, stack(0x000000001dac0000,0x000000001dbc0000)]
  0x000000001b11f000 JavaThread "Handler for socket connection from /127.0.0.1:62362 to /127.0.0.1:62363" [_thread_in_native, id=2940, stack(0x000000001d9c0000,0x000000001dac0000)]
  0x000000001b11e800 JavaThread "Daemon" [_thread_blocked, id=15604, stack(0x000000001d6c0000,0x000000001d7c0000)]
  0x000000001b11b000 JavaThread "Daemon periodic checks" [_thread_blocked, id=12220, stack(0x000000001d5c0000,0x000000001d6c0000)]
  0x000000001bb8c000 JavaThread "Incoming local TCP Connector on port 62362" [_thread_in_native, id=14108, stack(0x000000001d380000,0x000000001d480000)]
  0x000000001bd5a000 JavaThread "Daemon health stats" [_thread_blocked, id=1660, stack(0x000000001cd40000,0x000000001ce40000)]
  0x0000000019511000 JavaThread "Service Thread" daemon [_thread_blocked, id=11648, stack(0x000000001a1a0000,0x000000001a2a0000)]
  0x00000000194e1800 JavaThread "C1 CompilerThread3" daemon [_thread_blocked, id=3592, stack(0x000000001a0a0000,0x000000001a1a0000)]
  0x00000000194dd000 JavaThread "C2 CompilerThread2" daemon [_thread_in_native, id=13936, stack(0x0000000019fa0000,0x000000001a0a0000)]
=>0x00000000176db800 JavaThread "C2 CompilerThread1" daemon [_thread_in_native, id=9316, stack(0x0000000019ea0000,0x0000000019fa0000)]
  0x00000000194d6800 JavaThread "C2 CompilerThread0" daemon [_thread_in_native, id=11800, stack(0x0000000019da0000,0x0000000019ea0000)]
  0x00000000194d5000 JavaThread "Attach Listener" daemon [_thread_blocked, id=3420, stack(0x0000000019ca0000,0x0000000019da0000)]
  0x00000000194d4000 JavaThread "Signal Dispatcher" daemon [_thread_blocked, id=13816, stack(0x0000000019ba0000,0x0000000019ca0000)]
  0x00000000025ae000 JavaThread "Finalizer" daemon [_thread_blocked, id=13004, stack(0x00000000199a0000,0x0000000019aa0000)]
  0x00000000025a7000 JavaThread "Reference Handler" daemon [_thread_blocked, id=3880, stack(0x00000000198a0000,0x00000000199a0000)]
  0x0000000000b9e800 JavaThread "main" [_thread_blocked, id=8764, stack(0x0000000000be0000,0x0000000000ce0000)]

Other Threads:
  0x00000000176c6000 VMThread [stack: 0x00000000193a0000,0x00000000194a0000] [id=2368]
  0x0000000019511800 WatcherThread [stack: 0x000000001a2a0000,0x000000001a3a0000] [id=4528]

VM state:not at safepoint (normal execution)

VM Mutex/Monitor currently owned by a thread: None

heap address: 0x0000000080000000, size: 2048 MB, Compressed Oops mode: 32-bit
Narrow klass base: 0x0000000000000000, Narrow klass shift: 3
Compressed class space size: 1073741824 Address: 0x0000000100000000

Heap:
 PSYoungGen      total 101376K, used 61993K [0x00000000d5580000, 0x00000000dc480000, 0x0000000100000000)
  eden space 91136K, 68% used [0x00000000d5580000,0x00000000d920a728,0x00000000dae80000)
  from space 10240K, 0% used [0x00000000dba80000,0x00000000dba80000,0x00000000dc480000)
  to   space 11264K, 0% used [0x00000000dae80000,0x00000000dae80000,0x00000000db980000)
 ParOldGen       total 81408K, used 15350K [0x0000000080000000, 0x0000000084f80000, 0x00000000d5580000)
  object space 81408K, 18% used [0x0000000080000000,0x0000000080efd8e8,0x0000000084f80000)
 Metaspace       used 36308K, capacity 37786K, committed 37928K, reserved 1081344K
  class space    used 4996K, capacity 5308K, committed 5424K, reserved 1048576K

Card table byte_map: [0x0000000011a20000,0x0000000011e30000] byte_map_base: 0x0000000011620000

Marking Bits: (ParMarkBitMap*) 0x0000000068e9f030
 Begin Bits: [0x00000000128e0000, 0x00000000148e0000)
 End Bits:   [0x00000000148e0000, 0x00000000168e0000)

Polling page: 0x0000000002490000

CodeCache: size=245760Kb used=12319Kb max_used=12330Kb free=233440Kb
 bounds [0x0000000002660000, 0x0000000003280000, 0x0000000011660000]
 total_blobs=4274 nmethods=3573 adapters=613
 compilation: enabled

Compilation events (10 events):
Event: 5.695 Thread 0x00000000194e1800 nmethod 3573 0x0000000003266250 code [0x00000000032663c0, 0x0000000003266650]
Event: 5.695 Thread 0x00000000194e1800 3574       3       java.util.regex.Pattern$Curly::study (153 bytes)
Event: 5.695 Thread 0x00000000194e1800 nmethod 3574 0x0000000003267710 code [0x00000000032678a0, 0x0000000003267e58]
Event: 5.695 Thread 0x00000000194d6800 3575       4       org.gradle.internal.snapshot.PathUtil::isFileSeparator (20 bytes)
Event: 5.695 Thread 0x00000000194e1800 3576       3       java.util.concurrent.ThreadPoolExecutor::runStateOf (5 bytes)
Event: 5.695 Thread 0x00000000194e1800 nmethod 3576 0x0000000003265f50 code [0x00000000032660a0, 0x00000000032661d0]
Event: 5.695 Thread 0x00000000194e1800 3577       3       org.gradle.internal.snapshot.VfsRelativePath::compareToFirstSegment (203 bytes)
Event: 5.696 Thread 0x00000000194d6800 nmethod 3575 0x0000000003262790 code [0x00000000032628c0, 0x0000000003262918]
Event: 5.698 Thread 0x00000000194e1800 nmethod 3577 0x0000000003268610 code [0x00000000032688c0, 0x000000000326a0f8]
Event: 5.698 Thread 0x00000000194e1800 3579   !   3       com.google.common.cache.LocalCache$Segment::runLockedCleanup (39 bytes)

GC Heap History (10 events):
Event: 3.002 GC heap before
{Heap before GC invocations=8 (full 1):
 PSYoungGen      total 75264K, used 4492K [0x00000000d5580000, 0x00000000daa80000, 0x0000000100000000)
  eden space 64512K, 0% used [0x00000000d5580000,0x00000000d5580000,0x00000000d9480000)
  from space 10752K, 41% used [0x00000000d9480000,0x00000000d98e3060,0x00000000d9f00000)
  to   space 9728K, 0% used [0x00000000d9f00000,0x00000000d9f00000,0x00000000da880000)
 ParOldGen       total 86016K, used 7982K [0x0000000080000000, 0x0000000085400000, 0x00000000d5580000)
  object space 86016K, 9% used [0x0000000080000000,0x00000000807cb910,0x0000000085400000)
 Metaspace       used 20595K, capacity 21224K, committed 21296K, reserved 1067008K
  class space    used 2881K, capacity 3076K, committed 3120K, reserved 1048576K
Event: 3.040 GC heap after
Heap after GC invocations=8 (full 1):
 PSYoungGen      total 75264K, used 0K [0x00000000d5580000, 0x00000000daa80000, 0x0000000100000000)
  eden space 64512K, 0% used [0x00000000d5580000,0x00000000d5580000,0x00000000d9480000)
  from space 10752K, 0% used [0x00000000d9480000,0x00000000d9480000,0x00000000d9f00000)
  to   space 9728K, 0% used [0x00000000d9f00000,0x00000000d9f00000,0x00000000da880000)
 ParOldGen       total 51200K, used 7034K [0x0000000080000000, 0x0000000083200000, 0x00000000d5580000)
  object space 51200K, 13% used [0x0000000080000000,0x00000000806de880,0x0000000083200000)
 Metaspace       used 20595K, capacity 21224K, committed 21296K, reserved 1067008K
  class space    used 2881K, capacity 3076K, committed 3120K, reserved 1048576K
}
Event: 3.870 GC heap before
{Heap before GC invocations=9 (full 1):
 PSYoungGen      total 75264K, used 64512K [0x00000000d5580000, 0x00000000daa80000, 0x0000000100000000)
  eden space 64512K, 100% used [0x00000000d5580000,0x00000000d9480000,0x00000000d9480000)
  from space 10752K, 0% used [0x00000000d9480000,0x00000000d9480000,0x00000000d9f00000)
  to   space 9728K, 0% used [0x00000000d9f00000,0x00000000d9f00000,0x00000000da880000)
 ParOldGen       total 51200K, used 7034K [0x0000000080000000, 0x0000000083200000, 0x00000000d5580000)
  object space 51200K, 13% used [0x0000000080000000,0x00000000806de880,0x0000000083200000)
 Metaspace       used 28466K, capacity 29310K, committed 29616K, reserved 1075200K
  class space    used 3944K, capacity 4187K, committed 4272K, reserved 1048576K
Event: 3.880 GC heap after
Heap after GC invocations=9 (full 1):
 PSYoungGen      total 73728K, used 8138K [0x00000000d5580000, 0x00000000dd980000, 0x0000000100000000)
  eden space 64000K, 0% used [0x00000000d5580000,0x00000000d5580000,0x00000000d9400000)
  from space 9728K, 83% used [0x00000000d9f00000,0x00000000da6f2990,0x00000000da880000)
  to   space 11264K, 0% used [0x00000000d9400000,0x00000000d9400000,0x00000000d9f00000)
 ParOldGen       total 51200K, used 7042K [0x0000000080000000, 0x0000000083200000, 0x00000000d5580000)
  object space 51200K, 13% used [0x0000000080000000,0x00000000806e0880,0x0000000083200000)
 Metaspace       used 28466K, capacity 29310K, committed 29616K, reserved 1075200K
  class space    used 3944K, capacity 4187K, committed 4272K, reserved 1048576K
}
Event: 4.713 GC heap before
{Heap before GC invocations=10 (full 1):
 PSYoungGen      total 73728K, used 72138K [0x00000000d5580000, 0x00000000dd980000, 0x0000000100000000)
  eden space 64000K, 100% used [0x00000000d5580000,0x00000000d9400000,0x00000000d9400000)
  from space 9728K, 83% used [0x00000000d9f00000,0x00000000da6f2990,0x00000000da880000)
  to   space 11264K, 0% used [0x00000000d9400000,0x00000000d9400000,0x00000000d9f00000)
 ParOldGen       total 51200K, used 7042K [0x0000000080000000, 0x0000000083200000, 0x00000000d5580000)
  object space 51200K, 13% used [0x0000000080000000,0x00000000806e0880,0x0000000083200000)
 Metaspace       used 32636K, capacity 33636K, committed 33712K, reserved 1079296K
  class space    used 4452K, capacity 4718K, committed 4784K, reserved 1048576K
Event: 4.727 GC heap after
Heap after GC invocations=10 (full 1):
 PSYoungGen      total 75264K, used 9455K [0x00000000d5580000, 0x00000000dc600000, 0x0000000100000000)
  eden space 64000K, 0% used [0x00000000d5580000,0x00000000d5580000,0x00000000d9400000)
  from space 11264K, 83% used [0x00000000d9400000,0x00000000d9d3bfa8,0x00000000d9f00000)
  to   space 11776K, 0% used [0x00000000dba80000,0x00000000dba80000,0x00000000dc600000)
 ParOldGen       total 51200K, used 7050K [0x0000000080000000, 0x0000000083200000, 0x00000000d5580000)
  object space 51200K, 13% used [0x0000000080000000,0x00000000806e2880,0x0000000083200000)
 Metaspace       used 32636K, capacity 33636K, committed 33712K, reserved 1079296K
  class space    used 4452K, capacity 4718K, committed 4784K, reserved 1048576K
}
Event: 5.044 GC heap before
{Heap before GC invocations=11 (full 1):
 PSYoungGen      total 75264K, used 47729K [0x00000000d5580000, 0x00000000dc600000, 0x0000000100000000)
  eden space 64000K, 59% used [0x00000000d5580000,0x00000000d7ae0750,0x00000000d9400000)
  from space 11264K, 83% used [0x00000000d9400000,0x00000000d9d3bfa8,0x00000000d9f00000)
  to   space 11776K, 0% used [0x00000000dba80000,0x00000000dba80000,0x00000000dc600000)
 ParOldGen       total 51200K, used 7050K [0x0000000080000000, 0x0000000083200000, 0x00000000d5580000)
  object space 51200K, 13% used [0x0000000080000000,0x00000000806e2880,0x0000000083200000)
 Metaspace       used 34317K, capacity 35414K, committed 35496K, reserved 1079296K
  class space    used 4725K, capacity 5002K, committed 5040K, reserved 1048576K
Event: 5.053 GC heap after
Heap after GC invocations=11 (full 1):
 PSYoungGen      total 101376K, used 5920K [0x00000000d5580000, 0x00000000dc480000, 0x0000000100000000)
  eden space 91136K, 0% used [0x00000000d5580000,0x00000000d5580000,0x00000000dae80000)
  from space 10240K, 57% used [0x00000000dba80000,0x00000000dc0483a0,0x00000000dc480000)
  to   space 11264K, 0% used [0x00000000dae80000,0x00000000dae80000,0x00000000db980000)
 ParOldGen       total 51200K, used 10155K [0x0000000080000000, 0x0000000083200000, 0x00000000d5580000)
  object space 51200K, 19% used [0x0000000080000000,0x00000000809eae60,0x0000000083200000)
 Metaspace       used 34317K, capacity 35414K, committed 35496K, reserved 1079296K
  class space    used 4725K, capacity 5002K, committed 5040K, reserved 1048576K
}
Event: 5.053 GC heap before
{Heap before GC invocations=12 (full 2):
 PSYoungGen      total 101376K, used 5920K [0x00000000d5580000, 0x00000000dc480000, 0x0000000100000000)
  eden space 91136K, 0% used [0x00000000d5580000,0x00000000d5580000,0x00000000dae80000)
  from space 10240K, 57% used [0x00000000dba80000,0x00000000dc0483a0,0x00000000dc480000)
  to   space 11264K, 0% used [0x00000000dae80000,0x00000000dae80000,0x00000000db980000)
 ParOldGen       total 51200K, used 10155K [0x0000000080000000, 0x0000000083200000, 0x00000000d5580000)
  object space 51200K, 19% used [0x0000000080000000,0x00000000809eae60,0x0000000083200000)
 Metaspace       used 34317K, capacity 35414K, committed 35496K, reserved 1079296K
  class space    used 4725K, capacity 5002K, committed 5040K, reserved 1048576K
Event: 5.167 GC heap after
Heap after GC invocations=12 (full 2):
 PSYoungGen      total 101376K, used 0K [0x00000000d5580000, 0x00000000dc480000, 0x0000000100000000)
  eden space 91136K, 0% used [0x00000000d5580000,0x00000000d5580000,0x00000000dae80000)
  from space 10240K, 0% used [0x00000000dba80000,0x00000000dba80000,0x00000000dc480000)
  to   space 11264K, 0% used [0x00000000dae80000,0x00000000dae80000,0x00000000db980000)
 ParOldGen       total 81408K, used 15350K [0x0000000080000000, 0x0000000084f80000, 0x00000000d5580000)
  object space 81408K, 18% used [0x0000000080000000,0x0000000080efd8e8,0x0000000084f80000)
 Metaspace       used 34317K, capacity 35414K, committed 35496K, reserved 1079296K
  class space    used 4725K, capacity 5002K, committed 5040K, reserved 1048576K
}

Deoptimization events (10 events):
Event: 4.941 Thread 0x000000001a71b000 Uncommon trap: reason=unstable_if action=reinterpret pc=0x0000000002925c60 method=java.net.URI.match(CJJ)Z @ 45
Event: 5.003 Thread 0x000000001a71b000 Uncommon trap: reason=unstable_if action=reinterpret pc=0x0000000002831e20 method=java.net.URI.match(CJJ)Z @ 45
Event: 5.267 Thread 0x000000001a71b000 Uncommon trap: reason=bimorphic action=maybe_recompile pc=0x0000000002e14d68 method=java.io.BufferedInputStream.read([BII)I @ 101
Event: 5.595 Thread 0x000000001a71b000 Uncommon trap: reason=unstable_if action=reinterpret pc=0x0000000002bdc290 method=java.util.concurrent.ConcurrentHashMap.addCount(JI)V @ 168
Event: 5.595 Thread 0x000000001a71b000 Uncommon trap: reason=unstable_if action=reinterpret pc=0x0000000002c4cc54 method=java.util.concurrent.ConcurrentHashMap.transfer([Ljava/util/concurrent/ConcurrentHashMap$Node;[Ljava/util/concurrent/ConcurrentHashMap$Node;)V @ 34
Event: 5.596 Thread 0x000000001c333800 Uncommon trap: reason=unstable_if action=reinterpret pc=0x0000000002c4cc84 method=java.util.concurrent.ConcurrentHashMap.transfer([Ljava/util/concurrent/ConcurrentHashMap$Node;[Ljava/util/concurrent/ConcurrentHashMap$Node;)V @ 277
Event: 5.596 Thread 0x000000001c333800 Uncommon trap: reason=unstable_if action=reinterpret pc=0x0000000002bdc290 method=java.util.concurrent.ConcurrentHashMap.addCount(JI)V @ 168
Event: 5.606 Thread 0x000000001c32d800 Uncommon trap: reason=unstable_if action=reinterpret pc=0x00000000031c455c method=com.esotericsoftware.kryo.io.Input.readUtf8Length(I)I @ 9
Event: 5.607 Thread 0x000000001a71b000 Uncommon trap: reason=unstable_if action=reinterpret pc=0x00000000031b0ca4 method=com.esotericsoftware.kryo.io.Input.readUtf8Length(I)I @ 9
Event: 5.612 Thread 0x000000001c335800 Uncommon trap: reason=unstable_if action=reinterpret pc=0x0000000002b48b9c method=java.util.concurrent.ConcurrentHashMap.addCount(JI)V @ 34

Classes redefined (0 events):
No events

Internal exceptions (10 events):
Event: 4.928 Thread 0x000000001a71b000 Exception <a 'java/lang/ClassNotFoundException': groovy/lang/GStringCustomizer> (0x00000000d68652a0) thrown at [C:\src\AOSP-openjdk-git\hotspot\src\share\vm\classfile\systemDictionary.cpp, line 210]
Event: 4.929 Thread 0x000000001a71b000 Exception <a 'java/lang/ClassNotFoundException': groovy/lang/GString$1Customizer> (0x00000000d68936e8) thrown at [C:\src\AOSP-openjdk-git\hotspot\src\share\vm\classfile\systemDictionary.cpp, line 210]
Event: 4.932 Thread 0x000000001a71b000 Exception <a 'java/lang/ClassNotFoundException': org/codehaus/groovy/runtime/GStringImplBeanInfo> (0x00000000d69424e0) thrown at [C:\src\AOSP-openjdk-git\hotspot\src\share\vm\classfile\systemDictionary.cpp, line 210]
Event: 4.933 Thread 0x000000001a71b000 Exception <a 'java/lang/ClassNotFoundException': org/codehaus/groovy/runtime/GStringImplCustomizer> (0x00000000d696e548) thrown at [C:\src\AOSP-openjdk-git\hotspot\src\share\vm\classfile\systemDictionary.cpp, line 210]
Event: 4.979 Thread 0x000000001a71b000 Exception <a 'java/lang/NoSuchMethodError': java.lang.Object.lambda$static$0(Lorg/gradle/api/internal/artifacts/configurations/MutationValidator$MutationType;)V> (0x00000000d6f3b5a8) thrown at [C:\src\AOSP-openjdk-git\hotspot\src\share\vm\interpreter\link
Event: 5.183 Thread 0x000000001a71b000 Exception <a 'java/lang/NoSuchMethodError': java.lang.Object.lambda$static$0(Lorg/gradle/internal/component/model/DependencyMetadata;)Lorg/gradle/api/internal/artifacts/ivyservice/dependencysubstitution/DependencySubstitutionApplicator$SubstitutionResult;
Event: 5.217 Thread 0x000000001a71b000 Exception <a 'java/lang/IncompatibleClassChangeError': Found class java.lang.Object, but interface was expected> (0x00000000d5e103f0) thrown at [C:\src\AOSP-openjdk-git\hotspot\src\share\vm\interpreter\linkResolver.cpp, line 653]
Event: 5.219 Thread 0x000000001a71b000 Exception <a 'java/lang/NoSuchMethodError': java.lang.Object.lambda$thenComparing$36697e65$1(Ljava/util/Comparator;Ljava/lang/Object;Ljava/lang/Object;)I> (0x00000000d5e1bea0) thrown at [C:\src\AOSP-openjdk-git\hotspot\src\share\vm\interpreter\linkResolve
Event: 5.313 Thread 0x000000001a71b000 Exception <a 'java/lang/NoSuchMethodError': java.lang.Object.lambda$static$0()Z> (0x00000000d697b270) thrown at [C:\src\AOSP-openjdk-git\hotspot\src\share\vm\interpreter\linkResolver.cpp, line 620]
Event: 5.582 Thread 0x000000001a71b000 Exception <a 'java/lang/NoSuchMethodError': java.lang.Object.lambda$static$0(Lorg/gradle/api/internal/artifacts/ivyservice/resolveengine/artifact/ArtifactVisitor;)V> (0x00000000d7888e30) thrown at [C:\src\AOSP-openjdk-git\hotspot\src\share\vm\interpreter\

Events (10 events):
Event: 5.687 Thread 0x000000001b3a2800 Thread added: 0x000000001b3a2800
Event: 5.688 Thread 0x000000001b3aa000 Thread added: 0x000000001b3aa000
Event: 5.690 Thread 0x000000001b3aa800 Thread added: 0x000000001b3aa800
Event: 5.691 Thread 0x000000001b3ab800 Thread added: 0x000000001b3ab800
Event: 5.692 Thread 0x000000001f54d800 Thread added: 0x000000001f54d800
Event: 5.693 Thread 0x000000001f54a000 Thread added: 0x000000001f54a000
Event: 5.694 Thread 0x000000001f546800 Thread added: 0x000000001f546800
Event: 5.695 Thread 0x000000001f54e800 Thread added: 0x000000001f54e800
Event: 5.697 Thread 0x000000001f54b800 Thread added: 0x000000001f54b800
Event: 5.698 Thread 0x000000001f54d000 Thread added: 0x000000001f54d000


Dynamic libraries:
0x00007ff6a68c0000 - 0x00007ff6a68f1000 	C:\Program Files\Android\Android Studio1\jre\bin\java.exe
0x00007ff95f330000 - 0x00007ff95f525000 	C:\WINDOWS\SYSTEM32\ntdll.dll
0x00007ff95e6e0000 - 0x00007ff95e79d000 	C:\WINDOWS\System32\KERNEL32.DLL
0x00007ff95cc00000 - 0x00007ff95cec8000 	C:\WINDOWS\System32\KERNELBASE.dll
0x00007ff95ecb0000 - 0x00007ff95ed5c000 	C:\WINDOWS\System32\ADVAPI32.dll
0x00007ff95d960000 - 0x00007ff95d9fe000 	C:\WINDOWS\System32\msvcrt.dll
0x00007ff95d790000 - 0x00007ff95d82b000 	C:\WINDOWS\System32\sechost.dll
0x00007ff95d830000 - 0x00007ff95d95b000 	C:\WINDOWS\System32\RPCRT4.dll
0x00007ff95e900000 - 0x00007ff95eaa0000 	C:\WINDOWS\System32\USER32.dll
0x00007ff95ced0000 - 0x00007ff95cef2000 	C:\WINDOWS\System32\win32u.dll
0x00007ff95e8d0000 - 0x00007ff95e8fa000 	C:\WINDOWS\System32\GDI32.dll
0x00007ff95caf0000 - 0x00007ff95cbfb000 	C:\WINDOWS\System32\gdi32full.dll
0x00007ff95cf00000 - 0x00007ff95cf9d000 	C:\WINDOWS\System32\msvcp_win.dll
0x00007ff95d2a0000 - 0x00007ff95d3a0000 	C:\WINDOWS\System32\ucrtbase.dll
0x00007ff9422e0000 - 0x00007ff94257a000 	C:\WINDOWS\WinSxS\amd64_microsoft.windows.common-controls_6595b64144ccf1df_6.0.19041.1052_none_60b8f8fd71f5e8cb\COMCTL32.dll
0x00007ff95e3d0000 - 0x00007ff95e400000 	C:\WINDOWS\System32\IMM32.DLL
0x0000000069490000 - 0x0000000069562000 	C:\Program Files\Android\Android Studio1\jre\jre\bin\msvcr100.dll
0x00000000686d0000 - 0x0000000068f1b000 	C:\Program Files\Android\Android Studio1\jre\jre\bin\server\jvm.dll
0x00007ff95f280000 - 0x00007ff95f288000 	C:\WINDOWS\System32\PSAPI.DLL
0x00007ff952370000 - 0x00007ff95237a000 	C:\WINDOWS\SYSTEM32\VERSION.dll
0x00007ff942600000 - 0x00007ff942627000 	C:\WINDOWS\SYSTEM32\WINMM.dll
0x00007ff955220000 - 0x00007ff955229000 	C:\WINDOWS\SYSTEM32\WSOCK32.dll
0x00007ff95e670000 - 0x00007ff95e6db000 	C:\WINDOWS\System32\WS2_32.dll
0x00007ff955040000 - 0x00007ff95504f000 	C:\Program Files\Android\Android Studio1\jre\jre\bin\verify.dll
0x00007ff9538f0000 - 0x00007ff953919000 	C:\Program Files\Android\Android Studio1\jre\jre\bin\java.dll
0x00007ff953e60000 - 0x00007ff953e76000 	C:\Program Files\Android\Android Studio1\jre\jre\bin\zip.dll
0x00007ff95dae0000 - 0x00007ff95e21f000 	C:\WINDOWS\System32\SHELL32.dll
0x00007ff957a60000 - 0x00007ff9581f0000 	C:\WINDOWS\SYSTEM32\windows.storage.dll
0x00007ff95d430000 - 0x00007ff95d785000 	C:\WINDOWS\System32\combase.dll
0x00007ff95c4e0000 - 0x00007ff95c50c000 	C:\WINDOWS\SYSTEM32\Wldp.dll
0x00007ff95e400000 - 0x00007ff95e4ae000 	C:\WINDOWS\System32\SHCORE.dll
0x00007ff95e580000 - 0x00007ff95e5d5000 	C:\WINDOWS\System32\shlwapi.dll
0x00007ff95c9b0000 - 0x00007ff95c9cf000 	C:\WINDOWS\SYSTEM32\profapi.dll
0x00007ff953840000 - 0x00007ff95385a000 	C:\Program Files\Android\Android Studio1\jre\jre\bin\net.dll
0x00007ff95c250000 - 0x00007ff95c2ba000 	C:\WINDOWS\system32\mswsock.dll
0x00007ff9518e0000 - 0x00007ff9518f3000 	C:\Program Files\Android\Android Studio1\jre\jre\bin\nio.dll
0x00007ff947ad0000 - 0x00007ff947af7000 	C:\Users\Ankit kumar\.gradle\native\f6784746aeab05261644944871eae4fe03e0ef1612fff0a4a95f87b438bc6780\windows-amd64\native-platform.dll
0x00007ff953a50000 - 0x00007ff953a5d000 	C:\Program Files\Android\Android Studio1\jre\jre\bin\management.dll
0x00007ff95c420000 - 0x00007ff95c438000 	C:\WINDOWS\SYSTEM32\CRYPTSP.dll
0x00007ff95bb80000 - 0x00007ff95bbb4000 	C:\WINDOWS\system32\rsaenh.dll
0x00007ff95cac0000 - 0x00007ff95cae7000 	C:\WINDOWS\System32\bcrypt.dll
0x00007ff95c970000 - 0x00007ff95c99e000 	C:\WINDOWS\SYSTEM32\USERENV.dll
0x00007ff95cfa0000 - 0x00007ff95d023000 	C:\WINDOWS\System32\bcryptprimitives.dll
0x00007ff95c440000 - 0x00007ff95c44c000 	C:\WINDOWS\SYSTEM32\CRYPTBASE.dll
0x00007ff95bef0000 - 0x00007ff95bf2b000 	C:\WINDOWS\SYSTEM32\IPHLPAPI.DLL
0x00007ff95e660000 - 0x00007ff95e668000 	C:\WINDOWS\System32\NSI.dll
0x00007ff951450000 - 0x00007ff951467000 	C:\WINDOWS\SYSTEM32\dhcpcsvc6.DLL
0x00007ff951430000 - 0x00007ff95144d000 	C:\WINDOWS\SYSTEM32\dhcpcsvc.DLL
0x00007ff95bf40000 - 0x00007ff95c00c000 	C:\WINDOWS\SYSTEM32\DNSAPI.dll
0x00007ff950ea0000 - 0x00007ff950eab000 	C:\WINDOWS\SYSTEM32\WINNSI.DLL

VM Arguments:
jvm_args: -Xmx2048m -Dfile.encoding=UTF-8 -Duser.country=IN -Duser.language=en -Duser.variant 
java_command: org.gradle.launcher.daemon.bootstrap.GradleDaemon 6.5
java_class_path (initial): C:\Users\Ankit kumar\.gradle\wrapper\dists\gradle-6.5-bin\6nifqtx7604sqp1q6g8wikw7p\gradle-6.5\lib\gradle-launcher-6.5.jar
Launcher Type: SUN_STANDARD

Environment Variables:
PATH=C:\Users\Ankit kumar\AppData\Local\Android\Sdk\platform-tools;C:\Windows;C:\Windows\System32\Wbem;C:\Windows\System32\WindowsPowerShell\v1.0\;C:\Windows\System32\OpenSSH\;C:\Program Files (x86)\NVIDIA Corporation\PhysX\Common;C:\Program Files\Intel\WiFi\bin\;C:\Program Files\Common Files\Intel\WirelessCommon\;C:\Program Files\Java\jdk-11.0.5\bin;C:\WINDOWS\system32;C:\WINDOWS;C:\WINDOWS\System32\Wbem;C:\WINDOWS\System32\WindowsPowerShell\v1.0\;C:\WINDOWS\System32\OpenSSH\;C:\Program Files\PuTTY\;C:\Program Files\Git\cmd;C:\Users\Ankit kumar\AppData\Local\Microsoft\WindowsApps;C:\Users\Ankit kumar\AppData\Local\GitHubDesktop\bin
USERNAME=Ankit kumar
OS=Windows_NT
PROCESSOR_IDENTIFIER=Intel64 Family 6 Model 142 Stepping 12, GenuineIntel



---------------  S Y S T E M  ---------------

OS: Windows 10.0 , 64 bit Build 19041 (10.0.19041.1023)

CPU:total 8 (initial active 8) (4 cores per cpu, 2 threads per core) family 6 model 142 stepping 12, cmov, cx8, fxsr, mmx, sse, sse2, sse3, ssse3, sse4.1, sse4.2, popcnt, avx, avx2, aes, clmul, erms, 3dnowpref, lzcnt, ht, tsc, tscinvbit, bmi1, bmi2, adx

Memory: 4k page, physical 8236416k(1407384k free), swap 8236416k(5316k free)

vm_info: OpenJDK 64-Bit Server VM (25.242-b01) for windows-amd64 JRE (1.8.0_242-release-1644-b01), built by "builder" with MS VC++ 10.0 (VS2010)

time: Tue Jun 15 23:22:10 2021
timezone: India Standard Time
elapsed time: 5 seconds (0d 0h 0m 5s)

