#
# There is insufficient memory for the Java Runtime Environment to continue.
# Native memory allocation (malloc) failed to allocate 495856 bytes for Chunk::new
# Possible reasons:
#   The system is out of physical RAM or swap space
#   The process is running with CompressedOops enabled, and the Java Heap may be blocking the growth of the native heap
# Possible solutions:
#   Reduce memory load on the system
#   Increase physical memory or swap space
#   Check if swap backing store is full
#   Decrease Java heap size (-Xmx/-Xms)
#   Decrease number of Java threads
#   Decrease Java thread stack sizes (-Xss)
#   Set larger code cache with -XX:ReservedCodeCacheSize=
#   JVM is running with Unscaled Compressed Oops mode in which the Java heap is
#     placed in the first 4GB address space. The Java Heap base address is the
#     maximum limit for the native heap growth. Please use -XX:HeapBaseMinAddress
#     to set the Java Heap base and to place the Java Heap above 4GB virtual address.
# This output file may be truncated or incomplete.
#
#  Out of Memory Error (allocation.cpp:389), pid=10424, tid=0x00000000000036c4
#
# JRE version: OpenJDK Runtime Environment (8.0_242-b01) (build 1.8.0_242-release-1644-b01)
# Java VM: OpenJDK 64-Bit Server VM (25.242-b01 mixed mode windows-amd64 compressed oops)
# Failed to write core dump. Minidumps are not enabled by default on client versions of Windows
#

---------------  T H R E A D  ---------------

Current thread (0x0000000017bbb800):  JavaThread "C2 CompilerThread1" daemon [_thread_in_native, id=14020, stack(0x000000001a3a0000,0x000000001a4a0000)]

Stack: [0x000000001a3a0000,0x000000001a4a0000]
[error occurred during error reporting (printing stack bounds), id 0xc0000005]

Native frames: (J=compiled Java code, j=interpreted, Vv=VM code, C=native code)


Current CompileTask:
C2:  13639 8869   !   4       java.io.ObjectInputStream::readSerialData (367 bytes)


---------------  P R O C E S S  ---------------

Java Threads: ( => current thread )
  0x00000000233e6000 JavaThread "stdout" [_thread_in_native, id=8248, stack(0x00000000314e0000,0x00000000315e0000)]
  0x00000000233e4800 JavaThread "stderr" [_thread_in_native, id=9588, stack(0x00000000313e0000,0x00000000314e0000)]
  0x00000000233e1000 JavaThread "stdout" [_thread_in_native, id=844, stack(0x00000000312e0000,0x00000000313e0000)]
  0x00000000233e2800 JavaThread "stderr" [_thread_in_native, id=5832, stack(0x00000000311e0000,0x00000000312e0000)]
  0x00000000233e1800 JavaThread "stdout" [_thread_in_native, id=12520, stack(0x00000000310e0000,0x00000000311e0000)]
  0x00000000233e0000 JavaThread "stderr" [_thread_in_native, id=7652, stack(0x0000000030fe0000,0x00000000310e0000)]
  0x00000000233e4000 JavaThread "stdout" [_thread_in_native, id=4932, stack(0x0000000030ee0000,0x0000000030fe0000)]
  0x00000000233e5800 JavaThread "stderr" [_thread_in_native, id=6036, stack(0x0000000030de0000,0x0000000030ee0000)]
  0x00000000233d9000 JavaThread "stdout" [_thread_in_native, id=14168, stack(0x0000000030ce0000,0x0000000030de0000)]
  0x00000000233d7800 JavaThread "stderr" [_thread_in_native, id=11872, stack(0x0000000030be0000,0x0000000030ce0000)]
  0x00000000233d8800 JavaThread "stdout" [_thread_in_native, id=7132, stack(0x0000000030ae0000,0x0000000030be0000)]
  0x00000000233de800 JavaThread "stderr" [_thread_in_native, id=8056, stack(0x00000000309e0000,0x0000000030ae0000)]
  0x00000000233da800 JavaThread "stdout" [_thread_in_native, id=14268, stack(0x00000000308e0000,0x00000000309e0000)]
  0x00000000233dd000 JavaThread "stderr" [_thread_in_native, id=13808, stack(0x00000000307e0000,0x00000000308e0000)]
  0x00000000233da000 JavaThread "stdout" [_thread_in_native, id=14088, stack(0x00000000306e0000,0x00000000307e0000)]
  0x00000000233d7000 JavaThread "stderr" [_thread_in_native, id=4544, stack(0x00000000305e0000,0x00000000306e0000)]
  0x00000000233dc000 JavaThread "pool-2-thread-1" [_thread_blocked, id=12956, stack(0x00000000302a0000,0x00000000303a0000)]
  0x00000000233dd800 JavaThread "MarlinRenderer Disposer" daemon [_thread_blocked, id=11400, stack(0x00000000301a0000,0x00000000302a0000)]
  0x00000000233db800 JavaThread "Java2D Disposer" daemon [_thread_blocked, id=5368, stack(0x000000002fe80000,0x000000002ff80000)]
  0x000000001bb4b000 JavaThread "WorkerExecutor Queue Thread 8" [_thread_blocked, id=6492, stack(0x000000002fd80000,0x000000002fe80000)]
  0x000000001bb49000 JavaThread "WorkerExecutor Queue Thread 7" [_thread_blocked, id=10048, stack(0x000000002fc80000,0x000000002fd80000)]
  0x000000001bb44800 JavaThread "WorkerExecutor Queue Thread 6" [_thread_blocked, id=8556, stack(0x000000002fb80000,0x000000002fc80000)]
  0x000000001bb4a800 JavaThread "WorkerExecutor Queue Thread 5" [_thread_blocked, id=7476, stack(0x000000002fa80000,0x000000002fb80000)]
  0x000000001bb48000 JavaThread "WorkerExecutor Queue Thread 4" [_thread_blocked, id=288, stack(0x000000002f980000,0x000000002fa80000)]
  0x000000001bb46000 JavaThread "WorkerExecutor Queue Thread 3" [_thread_blocked, id=1004, stack(0x000000002f880000,0x000000002f980000)]
  0x000000001bb49800 JavaThread "WorkerExecutor Queue Thread 2" [_thread_blocked, id=2296, stack(0x000000002f780000,0x000000002f880000)]
  0x000000001bb45000 JavaThread "WorkerExecutor Queue" [_thread_blocked, id=2272, stack(0x000000002f680000,0x000000002f780000)]
  0x000000001f4cd000 JavaThread "Cache worker for execution history cache (C:\Users\Ankit kumar\AndroidStudioProjects\BookStore\.gradle\6.5\executionHistory)" [_thread_blocked, id=12992, stack(0x000000002f180000,0x000000002f280000)]
  0x000000001f4cb800 JavaThread "Execution worker for ':' Thread 7" [_thread_blocked, id=960, stack(0x000000002f080000,0x000000002f180000)]
  0x000000001f4d2000 JavaThread "Execution worker for ':' Thread 6" [_thread_blocked, id=12748, stack(0x000000002ef80000,0x000000002f080000)]
  0x000000001f4cc000 JavaThread "Execution worker for ':' Thread 5" [_thread_blocked, id=12040, stack(0x000000002ee80000,0x000000002ef80000)]
  0x000000001f4d0800 JavaThread "Execution worker for ':' Thread 4" [_thread_blocked, id=12916, stack(0x000000002ed80000,0x000000002ee80000)]
  0x000000001f4cf000 JavaThread "Execution worker for ':' Thread 3" [_thread_blocked, id=13920, stack(0x000000002ec80000,0x000000002ed80000)]
  0x000000001f4cd800 JavaThread "Execution worker for ':' Thread 2" [_thread_blocked, id=5932, stack(0x000000002eb80000,0x000000002ec80000)]
  0x000000001f4d1800 JavaThread "Execution worker for ':'" [_thread_blocked, id=11360, stack(0x000000002e660000,0x000000002e760000)]
  0x000000001f4d0000 JavaThread "Cache worker for file content cache (C:\Users\Ankit kumar\AndroidStudioProjects\BookStore\.gradle\6.5\fileContent)" [_thread_blocked, id=8004, stack(0x000000002e560000,0x000000002e660000)]
  0x000000001f4ce800 JavaThread "Memory manager" [_thread_blocked, id=7940, stack(0x000000002d490000,0x000000002d590000)]
  0x0000000021ca6800 JavaThread "pool-1-thread-1" [_thread_blocked, id=6808, stack(0x000000002c390000,0x000000002c490000)]
  0x0000000021ca6000 JavaThread "Cache worker for Build Output Cleanup Cache (C:\Users\Ankit kumar\AndroidStudioProjects\BookStore\.gradle\buildOutputCleanup)" [_thread_blocked, id=2620, stack(0x0000000027800000,0x0000000027900000)]
  0x0000000021ca4800 JavaThread "jar transforms Thread 113" [_thread_blocked, id=7036, stack(0x000000002c090000,0x000000002c190000)]
  0x0000000021caa800 JavaThread "jar transforms Thread 112" [_thread_blocked, id=11180, stack(0x000000002be90000,0x000000002bf90000)]
  0x0000000021ca9800 JavaThread "jar transforms Thread 111" [_thread_blocked, id=4264, stack(0x000000002bd90000,0x000000002be90000)]
  0x0000000021ca7800 JavaThread "jar transforms Thread 110" [_thread_blocked, id=14284, stack(0x000000002bc90000,0x000000002bd90000)]
  0x0000000021ca9000 JavaThread "jar transforms Thread 109" [_thread_blocked, id=6224, stack(0x000000002bb90000,0x000000002bc90000)]
  0x0000000021ca8000 JavaThread "jar transforms Thread 108" [_thread_blocked, id=9160, stack(0x000000002ba90000,0x000000002bb90000)]
  0x0000000021ca5000 JavaThread "jar transforms Thread 107" [_thread_blocked, id=12252, stack(0x000000002b990000,0x000000002ba90000)]
  0x0000000021cab000 JavaThread "jar transforms Thread 106" [_thread_blocked, id=6076, stack(0x000000002b890000,0x000000002b990000)]
  0x0000000021c9c800 JavaThread "jar transforms Thread 105" [_thread_blocked, id=12680, stack(0x000000002b790000,0x000000002b890000)]
  0x0000000021ca3800 JavaThread "jar transforms Thread 104" [_thread_blocked, id=9732, stack(0x000000002b690000,0x000000002b790000)]
  0x0000000021c9c000 JavaThread "jar transforms Thread 103" [_thread_blocked, id=7072, stack(0x000000002b590000,0x000000002b690000)]
  0x0000000021ca1800 JavaThread "jar transforms Thread 102" [_thread_blocked, id=6480, stack(0x000000002b490000,0x000000002b590000)]
  0x0000000021ca0000 JavaThread "jar transforms Thread 101" [_thread_blocked, id=6560, stack(0x000000002b390000,0x000000002b490000)]
  0x0000000021c9f000 JavaThread "jar transforms Thread 100" [_thread_blocked, id=12100, stack(0x000000002b290000,0x000000002b390000)]
  0x0000000021ca2000 JavaThread "jar transforms Thread 99" [_thread_blocked, id=10296, stack(0x0000000024dd0000,0x0000000024ed0000)]
  0x0000000021c9d800 JavaThread "jar transforms Thread 98" [_thread_blocked, id=872, stack(0x0000000024cd0000,0x0000000024dd0000)]
  0x0000000021ca3000 JavaThread "jar transforms Thread 97" [_thread_blocked, id=12720, stack(0x000000002af80000,0x000000002b080000)]
  0x0000000021ca0800 JavaThread "jar transforms Thread 96" [_thread_blocked, id=3824, stack(0x000000002ae80000,0x000000002af80000)]
  0x0000000021c9e800 JavaThread "jar transforms Thread 95" [_thread_blocked, id=12936, stack(0x000000002ad80000,0x000000002ae80000)]
  0x000000001b146800 JavaThread "jar transforms Thread 94" [_thread_blocked, id=5020, stack(0x000000002ac80000,0x000000002ad80000)]
  0x000000001b146000 JavaThread "jar transforms Thread 93" [_thread_blocked, id=10764, stack(0x000000002ab80000,0x000000002ac80000)]
  0x000000001b144800 JavaThread "jar transforms Thread 92" [_thread_blocked, id=13012, stack(0x000000002aa80000,0x000000002ab80000)]
  0x000000001b145000 JavaThread "jar transforms Thread 91" [_thread_blocked, id=8260, stack(0x000000002a980000,0x000000002aa80000)]
  0x000000001b143800 JavaThread "jar transforms Thread 90" [_thread_blocked, id=7388, stack(0x000000002a880000,0x000000002a980000)]
  0x000000001b13c000 JavaThread "jar transforms Thread 89" [_thread_blocked, id=11768, stack(0x000000002a780000,0x000000002a880000)]
  0x000000001b143000 JavaThread "jar transforms Thread 88" [_thread_blocked, id=12220, stack(0x000000002a680000,0x000000002a780000)]
  0x000000001b13b800 JavaThread "jar transforms Thread 87" [_thread_blocked, id=12868, stack(0x000000002a580000,0x000000002a680000)]
  0x000000001b142000 JavaThread "jar transforms Thread 86" [_thread_blocked, id=5936, stack(0x000000002a480000,0x000000002a580000)]
  0x000000001b141800 JavaThread "jar transforms Thread 85" [_thread_blocked, id=3780, stack(0x000000002a380000,0x000000002a480000)]
  0x000000001b13a800 JavaThread "jar transforms Thread 84" [_thread_blocked, id=10900, stack(0x000000002a280000,0x000000002a380000)]
  0x000000001b140800 JavaThread "jar transforms Thread 83" [_thread_blocked, id=8296, stack(0x000000002a180000,0x000000002a280000)]
  0x000000001b140000 JavaThread "jar transforms Thread 82" [_thread_blocked, id=9536, stack(0x000000002a080000,0x000000002a180000)]
  0x000000001b13f000 JavaThread "jar transforms Thread 81" [_thread_blocked, id=13172, stack(0x0000000029f80000,0x000000002a080000)]
  0x000000001b137800 JavaThread "jar transforms Thread 80" [_thread_blocked, id=13760, stack(0x0000000029e80000,0x0000000029f80000)]
  0x000000001b13d800 JavaThread "jar transforms Thread 79" [_thread_blocked, id=13040, stack(0x0000000029d80000,0x0000000029e80000)]
  0x000000001b13a000 JavaThread "jar transforms Thread 78" [_thread_blocked, id=7448, stack(0x0000000029c80000,0x0000000029d80000)]
  0x000000001b13e800 JavaThread "jar transforms Thread 77" [_thread_blocked, id=9580, stack(0x0000000029b80000,0x0000000029c80000)]
  0x000000001b13d000 JavaThread "jar transforms Thread 76" [_thread_blocked, id=9748, stack(0x0000000029a80000,0x0000000029b80000)]
  0x000000001b139000 JavaThread "jar transforms Thread 75" [_thread_blocked, id=13772, stack(0x0000000029980000,0x0000000029a80000)]
  0x000000001b138800 JavaThread "jar transforms Thread 74" [_thread_blocked, id=14056, stack(0x0000000029880000,0x0000000029980000)]
  0x000000001cfb6000 JavaThread "jar transforms Thread 73" [_thread_blocked, id=3460, stack(0x0000000029780000,0x0000000029880000)]
  0x000000001cfb5000 JavaThread "jar transforms Thread 72" [_thread_blocked, id=7684, stack(0x0000000029680000,0x0000000029780000)]
  0x000000001cfb3800 JavaThread "jar transforms Thread 71" [_thread_blocked, id=8612, stack(0x0000000029580000,0x0000000029680000)]
  0x000000001cfb0800 JavaThread "jar transforms Thread 70" [_thread_blocked, id=9576, stack(0x0000000029480000,0x0000000029580000)]
  0x000000001cfb7800 JavaThread "jar transforms Thread 69" [_thread_blocked, id=12080, stack(0x0000000029380000,0x0000000029480000)]
  0x000000001cfb3000 JavaThread "jar transforms Thread 68" [_thread_blocked, id=2904, stack(0x0000000029280000,0x0000000029380000)]
  0x000000001cfb6800 JavaThread "jar transforms Thread 67" [_thread_blocked, id=2468, stack(0x0000000029180000,0x0000000029280000)]
  0x000000001cfb4800 JavaThread "jar transforms Thread 66" [_thread_blocked, id=10540, stack(0x0000000029080000,0x0000000029180000)]
  0x000000001cfb0000 JavaThread "jar transforms Thread 65" [_thread_blocked, id=11708, stack(0x0000000028f80000,0x0000000029080000)]
  0x000000001cfb2000 JavaThread "jar transforms Thread 64" [_thread_blocked, id=11852, stack(0x0000000028e80000,0x0000000028f80000)]
  0x000000001cfb1800 JavaThread "jar transforms Thread 63" [_thread_blocked, id=12568, stack(0x0000000028d80000,0x0000000028e80000)]
  0x000000001cfa8000 JavaThread "jar transforms Thread 62" [_thread_blocked, id=3264, stack(0x0000000028c80000,0x0000000028d80000)]
  0x000000001cfac800 JavaThread "jar transforms Thread 61" [_thread_blocked, id=9468, stack(0x0000000028b80000,0x0000000028c80000)]
  0x000000001cfaf000 JavaThread "jar transforms Thread 60" [_thread_blocked, id=4304, stack(0x0000000028a80000,0x0000000028b80000)]
  0x000000001cfac000 JavaThread "jar transforms Thread 59" [_thread_blocked, id=12524, stack(0x0000000028980000,0x0000000028a80000)]
  0x000000001cfab000 JavaThread "jar transforms Thread 58" [_thread_blocked, id=2912, stack(0x0000000028880000,0x0000000028980000)]
  0x000000001cfa9000 JavaThread "jar transforms Thread 57" [_thread_blocked, id=4240, stack(0x0000000028780000,0x0000000028880000)]
  0x000000001cfaa800 JavaThread "jar transforms Thread 56" [_thread_blocked, id=3604, stack(0x0000000028680000,0x0000000028780000)]
  0x000000001cfae800 JavaThread "jar transforms Thread 55" [_thread_blocked, id=10692, stack(0x0000000028580000,0x0000000028680000)]
  0x000000001cfa9800 JavaThread "jar transforms Thread 54" [_thread_blocked, id=13044, stack(0x0000000028480000,0x0000000028580000)]
  0x000000001cfad800 JavaThread "jar transforms Thread 53" [_thread_blocked, id=13072, stack(0x0000000028380000,0x0000000028480000)]
  0x000000001b526800 JavaThread "jar transforms Thread 52" [_thread_blocked, id=12800, stack(0x0000000028280000,0x0000000028380000)]
  0x000000001b526000 JavaThread "jar transforms Thread 51" [_thread_blocked, id=6804, stack(0x0000000028180000,0x0000000028280000)]
  0x000000001b528000 JavaThread "jar transforms Thread 50" [_thread_blocked, id=660, stack(0x0000000028080000,0x0000000028180000)]
  0x000000001b529000 JavaThread "jar transforms Thread 49" [_thread_blocked, id=13424, stack(0x0000000027f80000,0x0000000028080000)]
  0x000000001b525000 JavaThread "jar transforms Thread 48" [_thread_blocked, id=1116, stack(0x0000000027e80000,0x0000000027f80000)]
  0x000000001b529800 JavaThread "jar transforms Thread 47" [_thread_blocked, id=9396, stack(0x0000000027d80000,0x0000000027e80000)]
  0x000000001b524800 JavaThread "jar transforms Thread 46" [_thread_blocked, id=11936, stack(0x0000000027c80000,0x0000000027d80000)]
  0x000000001b527800 JavaThread "jar transforms Thread 45" [_thread_blocked, id=9572, stack(0x0000000027b80000,0x0000000027c80000)]
  0x000000001b51d000 JavaThread "jar transforms Thread 44" [_thread_blocked, id=5408, stack(0x0000000027a80000,0x0000000027b80000)]
  0x000000001b523800 JavaThread "jar transforms Thread 43" [_thread_blocked, id=5756, stack(0x0000000027980000,0x0000000027a80000)]
  0x000000001b51c000 JavaThread "jar transforms Thread 42" [_thread_blocked, id=6384, stack(0x0000000024ee0000,0x0000000024fe0000)]
  0x000000001b51e800 JavaThread "jar transforms Thread 41" [_thread_blocked, id=11340, stack(0x0000000027700000,0x0000000027800000)]
  0x000000001b523000 JavaThread "jar transforms Thread 40" [_thread_blocked, id=10216, stack(0x0000000027600000,0x0000000027700000)]
  0x000000001b51b800 JavaThread "jar transforms Thread 39" [_thread_blocked, id=468, stack(0x0000000027500000,0x0000000027600000)]
  0x000000001b522000 JavaThread "jar transforms Thread 38" [_thread_blocked, id=9800, stack(0x0000000027400000,0x0000000027500000)]
  0x000000001b51a800 JavaThread "jar transforms Thread 37" [_thread_blocked, id=1776, stack(0x0000000027300000,0x0000000027400000)]
  0x000000001b520800 JavaThread "jar transforms Thread 36" [_thread_blocked, id=11704, stack(0x0000000027200000,0x0000000027300000)]
  0x000000001b51f000 JavaThread "jar transforms Thread 35" [_thread_blocked, id=3504, stack(0x0000000027100000,0x0000000027200000)]
  0x000000001b521800 JavaThread "jar transforms Thread 34" [_thread_blocked, id=8144, stack(0x0000000027000000,0x0000000027100000)]
  0x000000001b520000 JavaThread "jar transforms Thread 33" [_thread_blocked, id=11428, stack(0x0000000026f00000,0x0000000027000000)]
  0x000000001b51d800 JavaThread "jar transforms Thread 32" [_thread_blocked, id=284, stack(0x0000000026e00000,0x0000000026f00000)]
  0x000000001f436000 JavaThread "jar transforms Thread 31" [_thread_blocked, id=12972, stack(0x0000000026d00000,0x0000000026e00000)]
  0x000000001f434800 JavaThread "jar transforms Thread 30" [_thread_blocked, id=12412, stack(0x0000000026c00000,0x0000000026d00000)]
  0x000000001f435000 JavaThread "jar transforms Thread 29" [_thread_blocked, id=12256, stack(0x0000000026b00000,0x0000000026c00000)]
  0x000000001f433000 JavaThread "jar transforms Thread 28" [_thread_blocked, id=5716, stack(0x0000000026a00000,0x0000000026b00000)]
  0x000000001f432000 JavaThread "jar transforms Thread 27" [_thread_blocked, id=8320, stack(0x0000000026900000,0x0000000026a00000)]
  0x000000001f430800 JavaThread "jar transforms Thread 26" [_thread_blocked, id=1824, stack(0x0000000026800000,0x0000000026900000)]
  0x000000001f433800 JavaThread "jar transforms Thread 25" [_thread_blocked, id=13724, stack(0x0000000026700000,0x0000000026800000)]
  0x000000001f437800 JavaThread "jar transforms Thread 24" [_thread_blocked, id=7400, stack(0x0000000026600000,0x0000000026700000)]
  0x000000001f430000 JavaThread "jar transforms Thread 23" [_thread_blocked, id=6028, stack(0x0000000026500000,0x0000000026600000)]
  0x000000001f431800 JavaThread "jar transforms Thread 22" [_thread_blocked, id=13472, stack(0x0000000026400000,0x0000000026500000)]
  0x000000001f436800 JavaThread "jar transforms Thread 21" [_thread_blocked, id=9496, stack(0x0000000026300000,0x0000000026400000)]
  0x000000001f429000 JavaThread "jar transforms Thread 20" [_thread_blocked, id=12836, stack(0x0000000026200000,0x0000000026300000)]
  0x000000001f42e800 JavaThread "jar transforms Thread 19" [_thread_blocked, id=5712, stack(0x0000000026100000,0x0000000026200000)]
  0x000000001f428800 JavaThread "jar transforms Thread 18" [_thread_blocked, id=9400, stack(0x0000000026000000,0x0000000026100000)]
  0x000000001f42f000 JavaThread "jar transforms Thread 17" [_thread_blocked, id=11928, stack(0x0000000025f00000,0x0000000026000000)]
  0x000000001f42d800 JavaThread "jar transforms Thread 16" [_thread_blocked, id=13372, stack(0x0000000025e00000,0x0000000025f00000)]
  0x000000001f42c000 JavaThread "jar transforms Thread 15" [_thread_blocked, id=2768, stack(0x0000000025d00000,0x0000000025e00000)]
  0x000000001f42d000 JavaThread "jar transforms Thread 14" [_thread_blocked, id=11176, stack(0x0000000025c00000,0x0000000025d00000)]
  0x000000001f42b800 JavaThread "jar transforms Thread 13" [_thread_blocked, id=984, stack(0x0000000025b00000,0x0000000025c00000)]
  0x000000001f42a800 JavaThread "jar transforms Thread 12" [_thread_blocked, id=2372, stack(0x0000000025a00000,0x0000000025b00000)]
  0x000000001f42a000 JavaThread "jar transforms Thread 11" [_thread_blocked, id=5024, stack(0x0000000025900000,0x0000000025a00000)]
  0x000000001fe24000 JavaThread "jar transforms Thread 10" [_thread_blocked, id=3312, stack(0x0000000025800000,0x0000000025900000)]
  0x000000001fe29800 JavaThread "jar transforms Thread 9" [_thread_blocked, id=3440, stack(0x0000000025700000,0x0000000025800000)]
  0x000000001fe23800 JavaThread "jar transforms Thread 8" [_thread_blocked, id=3092, stack(0x0000000025600000,0x0000000025700000)]
  0x000000001fe27000 JavaThread "jar transforms Thread 7" [_thread_blocked, id=11508, stack(0x0000000025500000,0x0000000025600000)]
  0x000000001fe28800 JavaThread "jar transforms Thread 6" [_thread_blocked, id=9592, stack(0x0000000025400000,0x0000000025500000)]
  0x000000001fe28000 JavaThread "jar transforms Thread 5" [_thread_blocked, id=2608, stack(0x0000000025300000,0x0000000025400000)]
  0x000000001fe26800 JavaThread "jar transforms Thread 4" [_thread_blocked, id=11396, stack(0x0000000025200000,0x0000000025300000)]
  0x000000001fe25800 JavaThread "jar transforms Thread 3" [_thread_blocked, id=11472, stack(0x0000000025100000,0x0000000025200000)]
  0x000000001fe22800 JavaThread "jar transforms Thread 2" [_thread_blocked, id=4716, stack(0x0000000025000000,0x0000000025100000)]
  0x000000001fe25000 JavaThread "Build operations Thread 8" [_thread_blocked, id=8848, stack(0x0000000024ad0000,0x0000000024bd0000)]
  0x000000001fe1b000 JavaThread "Build operations Thread 7" [_thread_blocked, id=4804, stack(0x00000000249d0000,0x0000000024ad0000)]
  0x000000001fe20800 JavaThread "Build operations Thread 6" [_thread_blocked, id=3704, stack(0x00000000248d0000,0x00000000249d0000)]
  0x000000001fe1e000 JavaThread "Build operations Thread 5" [_thread_blocked, id=5464, stack(0x00000000247d0000,0x00000000248d0000)]
  0x000000001fe22000 JavaThread "Build operations Thread 4" [_thread_blocked, id=11948, stack(0x00000000246d0000,0x00000000247d0000)]
  0x000000001fe1d800 JavaThread "Build operations Thread 3" [_thread_blocked, id=1408, stack(0x00000000245d0000,0x00000000246d0000)]
  0x000000001fe1c800 JavaThread "Build operations Thread 2" [_thread_blocked, id=1540, stack(0x00000000244d0000,0x00000000245d0000)]
  0x000000001fe1a800 JavaThread "Build operations" [_thread_blocked, id=148, stack(0x00000000243d0000,0x00000000244d0000)]
  0x000000001c92b800 JavaThread "Cache worker for file content cache (C:\Users\Ankit kumar\.gradle\caches\6.5\fileContent)" [_thread_blocked, id=13904, stack(0x0000000022d00000,0x0000000022e00000)]
  0x000000001c929800 JavaThread "jar transforms" [_thread_blocked, id=5872, stack(0x0000000022c00000,0x0000000022d00000)]
  0x000000001c928800 JavaThread "Cache worker for execution history cache (C:\Users\Ankit kumar\.gradle\caches\6.5\executionHistory)" [_thread_blocked, id=8720, stack(0x0000000022500000,0x0000000022600000)]
  0x000000001c928000 JavaThread "Cache worker for cache directory md-rule (C:\Users\Ankit kumar\.gradle\caches\6.5\md-rule)" [_thread_blocked, id=1604, stack(0x0000000022400000,0x0000000022500000)]
  0x000000001c92b000 JavaThread "Cache worker for cache directory md-supplier (C:\Users\Ankit kumar\.gradle\caches\6.5\md-supplier)" [_thread_blocked, id=12360, stack(0x0000000022300000,0x0000000022400000)]
  0x000000001c925000 JavaThread "Cache worker for checksums cache (C:\Users\Ankit kumar\AndroidStudioProjects\BookStore\.gradle\checksums)" [_thread_blocked, id=12044, stack(0x0000000021150000,0x0000000021250000)]
  0x000000001c926800 JavaThread "Cache worker for file hash cache (C:\Users\Ankit kumar\AndroidStudioProjects\BookStore\.gradle\6.5\fileHashes)" [_thread_blocked, id=12272, stack(0x0000000020e50000,0x0000000020f50000)]
  0x000000001c927000 JavaThread "Cache worker for file hash cache (C:\Users\Ankit kumar\.gradle\caches\6.5\fileHashes)" [_thread_blocked, id=11788, stack(0x000000001e900000,0x000000001ea00000)]
  0x000000001c925800 JavaThread "File lock request listener" [_thread_in_native, id=10712, stack(0x000000001e800000,0x000000001e900000)]
  0x000000001c7f4000 JavaThread "Cache worker for journal cache (C:\Users\Ankit kumar\.gradle\caches\journal-1)" [_thread_blocked, id=12480, stack(0x000000001e700000,0x000000001e800000)]
  0x000000001abe2000 JavaThread "Thread-9" [_thread_blocked, id=10508, stack(0x000000001e400000,0x000000001e500000)]
  0x000000001abdb000 JavaThread "Stdin handler" [_thread_blocked, id=2784, stack(0x000000001e300000,0x000000001e400000)]
  0x000000001aa15000 JavaThread "Asynchronous log dispatcher for DefaultDaemonConnection: socket connection from /127.0.0.1:59078 to /127.0.0.1:59079" [_thread_blocked, id=13348, stack(0x000000001e200000,0x000000001e300000)]
  0x000000001aa11000 JavaThread "Daemon worker" [_thread_blocked, id=5760, stack(0x000000001e100000,0x000000001e200000)]
  0x000000001ab2c800 JavaThread "Cancel handler" [_thread_blocked, id=5144, stack(0x000000001e000000,0x000000001e100000)]
  0x000000001aa6d800 JavaThread "Handler for socket connection from /127.0.0.1:59078 to /127.0.0.1:59079" [_thread_in_native, id=12004, stack(0x000000001dd00000,0x000000001de00000)]
  0x000000001abe7800 JavaThread "Daemon" [_thread_blocked, id=11660, stack(0x000000001dc00000,0x000000001dd00000)]
  0x000000001abe6000 JavaThread "Daemon periodic checks" [_thread_blocked, id=5220, stack(0x000000001db00000,0x000000001dc00000)]
  0x000000001bda6800 JavaThread "Incoming local TCP Connector on port 59078" [_thread_in_native, id=2516, stack(0x000000001d8c0000,0x000000001d9c0000)]
  0x000000001c366800 JavaThread "Daemon health stats" [_thread_blocked, id=11964, stack(0x000000001d280000,0x000000001d380000)]
  0x0000000019a67800 JavaThread "Service Thread" daemon [_thread_blocked, id=9992, stack(0x000000001a6a0000,0x000000001a7a0000)]
  0x00000000199de000 JavaThread "C1 CompilerThread3" daemon [_thread_blocked, id=3752, stack(0x000000001a5a0000,0x000000001a6a0000)]
  0x00000000199d9800 JavaThread "C2 CompilerThread2" daemon [_thread_blocked, id=14064, stack(0x000000001a4a0000,0x000000001a5a0000)]
=>0x0000000017bbb800 JavaThread "C2 CompilerThread1" daemon [_thread_in_native, id=14020, stack(0x000000001a3a0000,0x000000001a4a0000)]
  0x00000000199d6000 JavaThread "C2 CompilerThread0" daemon [_thread_in_native, id=3740, stack(0x000000001a2a0000,0x000000001a3a0000)]
  0x00000000199d5000 JavaThread "Attach Listener" daemon [_thread_blocked, id=7244, stack(0x000000001a1a0000,0x000000001a2a0000)]
  0x00000000199d4000 JavaThread "Signal Dispatcher" daemon [_thread_blocked, id=11644, stack(0x000000001a0a0000,0x000000001a1a0000)]
  0x0000000002b3e000 JavaThread "Finalizer" daemon [_thread_blocked, id=7700, stack(0x0000000019ea0000,0x0000000019fa0000)]
  0x0000000002b37000 JavaThread "Reference Handler" daemon [_thread_blocked, id=12780, stack(0x0000000019da0000,0x0000000019ea0000)]
  0x0000000002a0e800 JavaThread "main" [_thread_blocked, id=6308, stack(0x00000000028e0000,0x00000000029e0000)]

Other Threads:
  0x0000000017ba6000 VMThread [stack: 0x00000000198a0000,0x00000000199a0000] [id=12896]
  0x0000000019a68800 WatcherThread [stack: 0x000000001a7a0000,0x000000001a8a0000] [id=7192]

VM state:synchronizing (normal execution)

VM Mutex/Monitor currently owned by a thread:  ([mutex/lock_event])
[0x0000000002a0d580] Threads_lock - owner thread: 0x0000000017ba6000

OutOfMemory and StackOverflow Exception counts:
StackOverflowErrors=1

heap address: 0x0000000080000000, size: 2048 MB, Compressed Oops mode: 32-bit
Narrow klass base: 0x0000000000000000, Narrow klass shift: 3
Compressed class space size: 1073741824 Address: 0x0000000100000000

Heap:
 PSYoungGen      total 239104K, used 60364K [0x00000000d5580000, 0x00000000e7300000, 0x0000000100000000)
  eden space 217088K, 17% used [0x00000000d5580000,0x00000000d7af78b0,0x00000000e2980000)
  from space 22016K, 99% used [0x00000000e4980000,0x00000000e5efb9f8,0x00000000e5f00000)
  to   space 32768K, 0% used [0x00000000e2980000,0x00000000e2980000,0x00000000e4980000)
 ParOldGen       total 129024K, used 54166K [0x0000000080000000, 0x0000000087e00000, 0x00000000d5580000)
  object space 129024K, 41% used [0x0000000080000000,0x00000000834e5b68,0x0000000087e00000)
 Metaspace       used 70725K, capacity 74202K, committed 74264K, reserved 1114112K
  class space    used 9598K, capacity 10266K, committed 10288K, reserved 1048576K

Card table byte_map: [0x0000000011f00000,0x0000000012310000] byte_map_base: 0x0000000011b00000

Marking Bits: (ParMarkBitMap*) 0x00000000664ef030
 Begin Bits: [0x0000000012dc0000, 0x0000000014dc0000)
 End Bits:   [0x0000000014dc0000, 0x0000000016dc0000)

Polling page: 0x0000000001090000

CodeCache: size=245760Kb used=24415Kb max_used=24492Kb free=221344Kb
 bounds [0x0000000002b40000, 0x0000000004370000, 0x0000000011b40000]
 total_blobs=8489 nmethods=7578 adapters=824
 compilation: enabled

Compilation events (10 events):
Event: 13.593 Thread 0x00000000199d9800 nmethod 8827 0x0000000003feb150 code [0x0000000003feb280, 0x0000000003feb2f8]
Event: 13.593 Thread 0x00000000199d9800 8856       4       java.io.ObjectOutputStream$BlockDataOutputStream::setBlockDataMode (35 bytes)
Event: 13.594 Thread 0x00000000199d9800 nmethod 8856 0x000000000403dad0 code [0x000000000403dc20, 0x000000000403dcc8]
Event: 13.594 Thread 0x00000000199d9800 8821  s    4       java.io.ByteArrayInputStream::read (36 bytes)
Event: 13.596 Thread 0x00000000199d9800 nmethod 8821 0x0000000003f4b090 code [0x0000000003f4b1e0, 0x0000000003f4b458]
Event: 13.596 Thread 0x00000000199d9800 8841       4       java.io.ObjectInputStream$PeekInputStream::peek (49 bytes)
Event: 13.599 Thread 0x00000000199d9800 nmethod 8841 0x00000000038a3650 code [0x00000000038a37a0, 0x00000000038a3a78]
Event: 13.599 Thread 0x00000000199d9800 8853       4       java.io.ObjectInputStream$HandleTable::markDependency (171 bytes)
Event: 13.605 Thread 0x00000000199d9800 nmethod 8853 0x0000000003f4d250 code [0x0000000003f4d3e0, 0x0000000003f4d7c8]
Event: 13.606 Thread 0x00000000199d9800 8859   !   4       java.io.ObjectInputStream::readObject0 (671 bytes)

GC Heap History (10 events):
Event: 8.043 GC heap before
{Heap before GC invocations=13 (full 2):
 PSYoungGen      total 166400K, used 165012K [0x00000000d5580000, 0x00000000e0780000, 0x0000000100000000)
  eden space 156672K, 100% used [0x00000000d5580000,0x00000000dee80000,0x00000000dee80000)
  from space 9728K, 85% used [0x00000000dfe00000,0x00000000e0625048,0x00000000e0780000)
  to   space 12800K, 0% used [0x00000000dee80000,0x00000000dee80000,0x00000000dfb00000)
 ParOldGen       total 83968K, used 18109K [0x0000000080000000, 0x0000000085200000, 0x00000000d5580000)
  object space 83968K, 21% used [0x0000000080000000,0x00000000811af6c0,0x0000000085200000)
 Metaspace       used 52346K, capacity 54518K, committed 54568K, reserved 1095680K
  class space    used 6979K, capacity 7435K, committed 7472K, reserved 1048576K
Event: 8.062 GC heap after
Heap after GC invocations=13 (full 2):
 PSYoungGen      total 169472K, used 12780K [0x00000000d5580000, 0x00000000e3580000, 0x0000000100000000)
  eden space 156672K, 0% used [0x00000000d5580000,0x00000000d5580000,0x00000000dee80000)
  from space 12800K, 99% used [0x00000000dee80000,0x00000000dfafb330,0x00000000dfb00000)
  to   space 18432K, 0% used [0x00000000e2380000,0x00000000e2380000,0x00000000e3580000)
 ParOldGen       total 83968K, used 29133K [0x0000000080000000, 0x0000000085200000, 0x00000000d5580000)
  object space 83968K, 34% used [0x0000000080000000,0x0000000081c73508,0x0000000085200000)
 Metaspace       used 52346K, capacity 54518K, committed 54568K, reserved 1095680K
  class space    used 6979K, capacity 7435K, committed 7472K, reserved 1048576K
}
Event: 8.740 GC heap before
{Heap before GC invocations=14 (full 2):
 PSYoungGen      total 169472K, used 69143K [0x00000000d5580000, 0x00000000e3580000, 0x0000000100000000)
  eden space 156672K, 35% used [0x00000000d5580000,0x00000000d8c8ac08,0x00000000dee80000)
  from space 12800K, 99% used [0x00000000dee80000,0x00000000dfafb330,0x00000000dfb00000)
  to   space 18432K, 0% used [0x00000000e2380000,0x00000000e2380000,0x00000000e3580000)
 ParOldGen       total 83968K, used 29133K [0x0000000080000000, 0x0000000085200000, 0x00000000d5580000)
  object space 83968K, 34% used [0x0000000080000000,0x0000000081c73508,0x0000000085200000)
 Metaspace       used 56801K, capacity 59050K, committed 59160K, reserved 1099776K
  class space    used 7696K, capacity 8166K, committed 8240K, reserved 1048576K
Event: 8.759 GC heap after
Heap after GC invocations=14 (full 2):
 PSYoungGen      total 209408K, used 15039K [0x00000000d5580000, 0x00000000e3b00000, 0x0000000100000000)
  eden space 190976K, 0% used [0x00000000d5580000,0x00000000d5580000,0x00000000e1000000)
  from space 18432K, 81% used [0x00000000e2380000,0x00000000e322fc18,0x00000000e3580000)
  to   space 19968K, 0% used [0x00000000e1000000,0x00000000e1000000,0x00000000e2380000)
 ParOldGen       total 83968K, used 33879K [0x0000000080000000, 0x0000000085200000, 0x00000000d5580000)
  object space 83968K, 40% used [0x0000000080000000,0x0000000082115e38,0x0000000085200000)
 Metaspace       used 56801K, capacity 59050K, committed 59160K, reserved 1099776K
  class space    used 7696K, capacity 8166K, committed 8240K, reserved 1048576K
}
Event: 8.759 GC heap before
{Heap before GC invocations=15 (full 3):
 PSYoungGen      total 209408K, used 15039K [0x00000000d5580000, 0x00000000e3b00000, 0x0000000100000000)
  eden space 190976K, 0% used [0x00000000d5580000,0x00000000d5580000,0x00000000e1000000)
  from space 18432K, 81% used [0x00000000e2380000,0x00000000e322fc18,0x00000000e3580000)
  to   space 19968K, 0% used [0x00000000e1000000,0x00000000e1000000,0x00000000e2380000)
 ParOldGen       total 83968K, used 33879K [0x0000000080000000, 0x0000000085200000, 0x00000000d5580000)
  object space 83968K, 40% used [0x0000000080000000,0x0000000082115e38,0x0000000085200000)
 Metaspace       used 56801K, capacity 59050K, committed 59160K, reserved 1099776K
  class space    used 7696K, capacity 8166K, committed 8240K, reserved 1048576K
Event: 8.977 GC heap after
Heap after GC invocations=15 (full 3):
 PSYoungGen      total 209408K, used 0K [0x00000000d5580000, 0x00000000e3b00000, 0x0000000100000000)
  eden space 190976K, 0% used [0x00000000d5580000,0x00000000d5580000,0x00000000e1000000)
  from space 18432K, 0% used [0x00000000e2380000,0x00000000e2380000,0x00000000e3580000)
  to   space 19968K, 0% used [0x00000000e1000000,0x00000000e1000000,0x00000000e2380000)
 ParOldGen       total 129024K, used 33876K [0x0000000080000000, 0x0000000087e00000, 0x00000000d5580000)
  object space 129024K, 26% used [0x0000000080000000,0x0000000082115178,0x0000000087e00000)
 Metaspace       used 56754K, capacity 58888K, committed 59160K, reserved 1099776K
  class space    used 7681K, capacity 8139K, committed 8240K, reserved 1048576K
}
Event: 11.354 GC heap before
{Heap before GC invocations=16 (full 3):
 PSYoungGen      total 209408K, used 190976K [0x00000000d5580000, 0x00000000e3b00000, 0x0000000100000000)
  eden space 190976K, 100% used [0x00000000d5580000,0x00000000e1000000,0x00000000e1000000)
  from space 18432K, 0% used [0x00000000e2380000,0x00000000e2380000,0x00000000e3580000)
  to   space 19968K, 0% used [0x00000000e1000000,0x00000000e1000000,0x00000000e2380000)
 ParOldGen       total 129024K, used 33876K [0x0000000080000000, 0x0000000087e00000, 0x00000000d5580000)
  object space 129024K, 26% used [0x0000000080000000,0x0000000082115178,0x0000000087e00000)
 Metaspace       used 65714K, capacity 69006K, committed 69144K, reserved 1107968K
  class space    used 9073K, capacity 9668K, committed 9776K, reserved 1048576K
Event: 11.386 GC heap after
Heap after GC invocations=16 (full 3):
 PSYoungGen      total 210944K, used 17441K [0x00000000d5580000, 0x00000000e5f00000, 0x0000000100000000)
  eden space 190976K, 0% used [0x00000000d5580000,0x00000000d5580000,0x00000000e1000000)
  from space 19968K, 87% used [0x00000000e1000000,0x00000000e21084e0,0x00000000e2380000)
  to   space 22016K, 0% used [0x00000000e4980000,0x00000000e4980000,0x00000000e5f00000)
 ParOldGen       total 129024K, used 33884K [0x0000000080000000, 0x0000000087e00000, 0x00000000d5580000)
  object space 129024K, 26% used [0x0000000080000000,0x0000000082117178,0x0000000087e00000)
 Metaspace       used 65714K, capacity 69006K, committed 69144K, reserved 1107968K
  class space    used 9073K, capacity 9668K, committed 9776K, reserved 1048576K
}
Event: 13.282 GC heap before
{Heap before GC invocations=17 (full 3):
 PSYoungGen      total 210944K, used 208308K [0x00000000d5580000, 0x00000000e5f00000, 0x0000000100000000)
  eden space 190976K, 99% used [0x00000000d5580000,0x00000000e0fe4db0,0x00000000e1000000)
  from space 19968K, 87% used [0x00000000e1000000,0x00000000e21084e0,0x00000000e2380000)
  to   space 22016K, 0% used [0x00000000e4980000,0x00000000e4980000,0x00000000e5f00000)
 ParOldGen       total 129024K, used 33884K [0x0000000080000000, 0x0000000087e00000, 0x00000000d5580000)
  object space 129024K, 26% used [0x0000000080000000,0x0000000082117178,0x0000000087e00000)
 Metaspace       used 70405K, capacity 73886K, committed 74008K, reserved 1114112K
  class space    used 9562K, capacity 10192K, committed 10288K, reserved 1048576K
Event: 13.314 GC heap after
Heap after GC invocations=17 (full 3):
 PSYoungGen      total 239104K, used 21998K [0x00000000d5580000, 0x00000000e7300000, 0x0000000100000000)
  eden space 217088K, 0% used [0x00000000d5580000,0x00000000d5580000,0x00000000e2980000)
  from space 22016K, 99% used [0x00000000e4980000,0x00000000e5efb9f8,0x00000000e5f00000)
  to   space 32768K, 0% used [0x00000000e2980000,0x00000000e2980000,0x00000000e4980000)
 ParOldGen       total 129024K, used 54166K [0x0000000080000000, 0x0000000087e00000, 0x00000000d5580000)
  object space 129024K, 41% used [0x0000000080000000,0x00000000834e5b68,0x0000000087e00000)
 Metaspace       used 70405K, capacity 73886K, committed 74008K, reserved 1114112K
  class space    used 9562K, capacity 10192K, committed 10288K, reserved 1048576K
}

Deoptimization events (10 events):
Event: 13.235 Thread 0x000000001f4cb800 Uncommon trap: reason=bimorphic action=maybe_recompile pc=0x000000000409d074 method=com.sun.org.apache.xerces.internal.dom.ParentNode.checkNormalizationAfterInsert(Lcom/sun/org/apache/xerces/internal/dom/ChildNode;)V @ 23
Event: 13.241 Thread 0x000000001f4cb800 Uncommon trap: reason=class_check action=maybe_recompile pc=0x0000000004207cec method=com.sun.org.apache.xerces.internal.dom.ElementImpl.getAttributes()Lorg/w3c/dom/NamedNodeMap; @ 8
Event: 13.247 Thread 0x000000001f4cb800 Uncommon trap: reason=class_check action=maybe_recompile pc=0x0000000004207cec method=com.sun.org.apache.xerces.internal.dom.ElementImpl.getAttributes()Lorg/w3c/dom/NamedNodeMap; @ 8
Event: 13.247 Thread 0x000000001f4cb800 Uncommon trap: reason=class_check action=maybe_recompile pc=0x0000000004207cec method=com.sun.org.apache.xerces.internal.dom.ElementImpl.getAttributes()Lorg/w3c/dom/NamedNodeMap; @ 8
Event: 13.247 Thread 0x000000001f4cb800 Uncommon trap: reason=class_check action=maybe_recompile pc=0x0000000004207cec method=com.sun.org.apache.xerces.internal.dom.ElementImpl.getAttributes()Lorg/w3c/dom/NamedNodeMap; @ 8
Event: 13.278 Thread 0x000000001f4cb800 Uncommon trap: reason=unstable_if action=reinterpret pc=0x000000000420b078 method=com.android.utils.XmlUtils.toXmlAttributeValue(Ljava/lang/String;)Ljava/lang/String; @ 33
Event: 13.336 Thread 0x000000001f4cb800 Uncommon trap: reason=unstable_if action=reinterpret pc=0x0000000004337ae8 method=com.android.utils.XmlUtils.toXmlAttributeValue(Ljava/lang/String;)Ljava/lang/String; @ 27
Event: 13.353 Thread 0x000000001f4cb800 Uncommon trap: reason=unstable_if action=reinterpret pc=0x0000000004343674 method=com.android.utils.XmlUtils.append(Lcom/android/utils/XmlUtils$PositionAwareStringBuilder;Lorg/w3c/dom/Node;Ljava/util/Map;Ljava/util/Set;)V @ 540
Event: 13.543 Thread 0x000000001f4cc000 Uncommon trap: reason=unstable_if action=reinterpret pc=0x0000000003ab4260 method=java.util.HashMap$HashIterator.<init>(Ljava/util/HashMap;)V @ 45
Event: 13.543 Thread 0x000000001f4cd800 Uncommon trap: reason=unstable_if action=reinterpret pc=0x0000000003ab188c method=java.util.HashMap$HashIterator.<init>(Ljava/util/HashMap;)V @ 45

Classes redefined (0 events):
No events

Internal exceptions (10 events):
Event: 12.525 Thread 0x000000001f4cb800 Exception <a 'java/lang/NoSuchMethodError': <clinit>> (0x00000000dcf00e28) thrown at [C:\src\AOSP-openjdk-git\hotspot\src\share\vm\prims\jni.cpp, line 1615]
Event: 12.527 Thread 0x000000001f4cb800 Exception <a 'java/lang/NoSuchMethodError': <clinit>> (0x00000000dcf1f0e0) thrown at [C:\src\AOSP-openjdk-git\hotspot\src\share\vm\prims\jni.cpp, line 1615]
Event: 12.527 Thread 0x000000001f4cb800 Exception <a 'java/lang/NoSuchMethodError': <clinit>> (0x00000000dcf321e0) thrown at [C:\src\AOSP-openjdk-git\hotspot\src\share\vm\prims\jni.cpp, line 1615]
Event: 12.608 Thread 0x000000001bb48000 Exception <a 'java/io/FileNotFoundException'> (0x00000000dd48c000) thrown at [C:\src\AOSP-openjdk-git\hotspot\src\share\vm\prims\jni.cpp, line 710]
Event: 12.634 Thread 0x000000001bb48000 Exception <a 'java/io/FileNotFoundException'> (0x00000000dd9c1038) thrown at [C:\src\AOSP-openjdk-git\hotspot\src\share\vm\prims\jni.cpp, line 710]
Event: 13.353 Thread 0x000000001f4cb800 Implicit null exception at 0x00000000043456c4 to 0x000000000434364d
Event: 13.446 Thread 0x000000001f4cb800 Exception <a 'java/lang/NoSuchMethodError': <clinit>> (0x00000000d6818d58) thrown at [C:\src\AOSP-openjdk-git\hotspot\src\share\vm\prims\jni.cpp, line 1615]
Event: 13.446 Thread 0x000000001f4cb800 Exception <a 'java/lang/NoSuchMethodError': <clinit>> (0x00000000d6829178) thrown at [C:\src\AOSP-openjdk-git\hotspot\src\share\vm\prims\jni.cpp, line 1615]
Event: 13.447 Thread 0x000000001f4cb800 Exception <a 'java/lang/NoSuchMethodError': <clinit>> (0x00000000d683c9d0) thrown at [C:\src\AOSP-openjdk-git\hotspot\src\share\vm\prims\jni.cpp, line 1615]
Event: 13.453 Thread 0x000000001f4cb800 Exception <a 'java/lang/NoSuchMethodError': <clinit>> (0x00000000d68c1dc8) thrown at [C:\src\AOSP-openjdk-git\hotspot\src\share\vm\prims\jni.cpp, line 1615]

Events (10 events):
Event: 13.624 loading class com/android/builder/internal/aapt/v2/Aapt2DaemonUtil
Event: 13.624 loading class com/android/builder/internal/aapt/v2/Aapt2DaemonUtil done
Event: 13.625 loading class com/android/builder/internal/aapt/AaptException
Event: 13.625 loading class com/android/builder/internal/aapt/AaptException done
Event: 13.625 loading class com/android/builder/internal/aapt/v2/AaptV2CommandBuilder
Event: 13.625 loading class com/android/builder/internal/aapt/v2/AaptV2CommandBuilder done
Event: 13.633 loading class com/android/builder/internal/aapt/v2/Aapt2DaemonImpl$WaitForTaskCompletion$Result$Succeeded
Event: 13.633 loading class com/android/builder/internal/aapt/v2/Aapt2DaemonImpl$WaitForTaskCompletion$Result$Succeeded done
Event: 13.633 loading class com/android/builder/internal/aapt/v2/Aapt2DaemonImpl$WaitForTaskCompletion$Result
Event: 13.634 loading class com/android/builder/internal/aapt/v2/Aapt2DaemonImpl$WaitForTaskCompletion$Result done


Dynamic libraries:
0x00007ff73efb0000 - 0x00007ff73efe1000 	C:\Program Files\Android\Android Studio1\jre\bin\java.exe
0x00007ff8805b0000 - 0x00007ff8807a5000 	C:\WINDOWS\SYSTEM32\ntdll.dll
0x00007ff880400000 - 0x00007ff8804bd000 	C:\WINDOWS\System32\KERNEL32.DLL
0x00007ff87df10000 - 0x00007ff87e1d8000 	C:\WINDOWS\System32\KERNELBASE.dll
0x00007ff87ed00000 - 0x00007ff87edac000 	C:\WINDOWS\System32\ADVAPI32.dll
0x00007ff87f9b0000 - 0x00007ff87fa4e000 	C:\WINDOWS\System32\msvcrt.dll
0x00007ff880230000 - 0x00007ff8802cb000 	C:\WINDOWS\System32\sechost.dll
0x00007ff87e720000 - 0x00007ff87e84b000 	C:\WINDOWS\System32\RPCRT4.dll
0x00007ff87ef30000 - 0x00007ff87f0d0000 	C:\WINDOWS\System32\USER32.dll
0x00007ff87dde0000 - 0x00007ff87de02000 	C:\WINDOWS\System32\win32u.dll
0x00007ff87ec70000 - 0x00007ff87ec9a000 	C:\WINDOWS\System32\GDI32.dll
0x00007ff87e350000 - 0x00007ff87e45b000 	C:\WINDOWS\System32\gdi32full.dll
0x00007ff87dcf0000 - 0x00007ff87dd8d000 	C:\WINDOWS\System32\msvcp_win.dll
0x00007ff87de10000 - 0x00007ff87df10000 	C:\WINDOWS\System32\ucrtbase.dll
0x00007ff863620000 - 0x00007ff8638ba000 	C:\WINDOWS\WinSxS\amd64_microsoft.windows.common-controls_6595b64144ccf1df_6.0.19041.1052_none_60b8f8fd71f5e8cb\COMCTL32.dll
0x00007ff87ec30000 - 0x00007ff87ec60000 	C:\WINDOWS\System32\IMM32.DLL
0x0000000066ae0000 - 0x0000000066bb2000 	C:\Program Files\Android\Android Studio1\jre\jre\bin\msvcr100.dll
0x0000000065d20000 - 0x000000006656b000 	C:\Program Files\Android\Android Studio1\jre\jre\bin\server\jvm.dll
0x00007ff87ebb0000 - 0x00007ff87ebb8000 	C:\WINDOWS\System32\PSAPI.DLL
0x00007ff875130000 - 0x00007ff875139000 	C:\WINDOWS\SYSTEM32\WSOCK32.dll
0x00007ff873670000 - 0x00007ff87367a000 	C:\WINDOWS\SYSTEM32\VERSION.dll
0x00007ff863a70000 - 0x00007ff863a97000 	C:\WINDOWS\SYSTEM32\WINMM.dll
0x00007ff87ebc0000 - 0x00007ff87ec2b000 	C:\WINDOWS\System32\WS2_32.dll
0x00007ff873380000 - 0x00007ff87338f000 	C:\Program Files\Android\Android Studio1\jre\jre\bin\verify.dll
0x00007ff872950000 - 0x00007ff872979000 	C:\Program Files\Android\Android Studio1\jre\jre\bin\java.dll
0x00007ff873360000 - 0x00007ff873376000 	C:\Program Files\Android\Android Studio1\jre\jre\bin\zip.dll
0x00007ff87f160000 - 0x00007ff87f89f000 	C:\WINDOWS\System32\SHELL32.dll
0x00007ff878ce0000 - 0x00007ff879470000 	C:\WINDOWS\SYSTEM32\windows.storage.dll
0x00007ff87fed0000 - 0x00007ff880225000 	C:\WINDOWS\System32\combase.dll
0x00007ff87d760000 - 0x00007ff87d78c000 	C:\WINDOWS\SYSTEM32\Wldp.dll
0x00007ff8804c0000 - 0x00007ff88056e000 	C:\WINDOWS\System32\SHCORE.dll
0x00007ff87eca0000 - 0x00007ff87ecf5000 	C:\WINDOWS\System32\shlwapi.dll
0x00007ff87dc30000 - 0x00007ff87dc4f000 	C:\WINDOWS\SYSTEM32\profapi.dll
0x00007ff8723d0000 - 0x00007ff8723ea000 	C:\Program Files\Android\Android Studio1\jre\jre\bin\net.dll
0x00007ff87d4d0000 - 0x00007ff87d53a000 	C:\WINDOWS\system32\mswsock.dll
0x00007ff862bf0000 - 0x00007ff862c03000 	C:\Program Files\Android\Android Studio1\jre\jre\bin\nio.dll
0x00007ff862b70000 - 0x00007ff862b97000 	C:\Users\Ankit kumar\.gradle\native\f6784746aeab05261644944871eae4fe03e0ef1612fff0a4a95f87b438bc6780\windows-amd64\native-platform.dll
0x00007ff873330000 - 0x00007ff87333d000 	C:\Program Files\Android\Android Studio1\jre\jre\bin\management.dll
0x00007ff87d6a0000 - 0x00007ff87d6b8000 	C:\WINDOWS\SYSTEM32\CRYPTSP.dll
0x00007ff87ce00000 - 0x00007ff87ce34000 	C:\WINDOWS\system32\rsaenh.dll
0x00007ff87e1e0000 - 0x00007ff87e207000 	C:\WINDOWS\System32\bcrypt.dll
0x00007ff87dbf0000 - 0x00007ff87dc1e000 	C:\WINDOWS\SYSTEM32\USERENV.dll
0x00007ff87e210000 - 0x00007ff87e293000 	C:\WINDOWS\System32\bcryptprimitives.dll
0x00007ff87d6c0000 - 0x00007ff87d6cc000 	C:\WINDOWS\SYSTEM32\CRYPTBASE.dll
0x00007ff87d170000 - 0x00007ff87d1ab000 	C:\WINDOWS\SYSTEM32\IPHLPAPI.DLL
0x00007ff87ec60000 - 0x00007ff87ec68000 	C:\WINDOWS\System32\NSI.dll
0x00007ff8727b0000 - 0x00007ff8727c7000 	C:\WINDOWS\SYSTEM32\dhcpcsvc6.DLL
0x00007ff872600000 - 0x00007ff87261d000 	C:\WINDOWS\SYSTEM32\dhcpcsvc.DLL
0x00007ff87d1c0000 - 0x00007ff87d28c000 	C:\WINDOWS\SYSTEM32\DNSAPI.dll
0x00007ff872620000 - 0x00007ff87262b000 	C:\WINDOWS\SYSTEM32\WINNSI.DLL
0x00007ff8545c0000 - 0x00007ff85475c000 	C:\Program Files\Android\Android Studio1\jre\jre\bin\awt.dll
0x00007ff87ea00000 - 0x00007ff87eacd000 	C:\WINDOWS\System32\OLEAUT32.dll
0x00007ff8783b0000 - 0x00007ff8783df000 	C:\WINDOWS\SYSTEM32\dwmapi.dll
0x00007ff876bf0000 - 0x00007ff8771b0000 	C:\WINDOWS\SYSTEM32\d2d1.dll
0x00007ff878000000 - 0x00007ff878090000 	C:\WINDOWS\SYSTEM32\apphelp.dll
0x00007ff8781e0000 - 0x00007ff87827e000 	C:\WINDOWS\system32\uxtheme.dll

VM Arguments:
jvm_args: -Xmx2048m -Dfile.encoding=UTF-8 -Duser.country=IN -Duser.language=en -Duser.variant 
java_command: org.gradle.launcher.daemon.bootstrap.GradleDaemon 6.5
java_class_path (initial): C:\Users\Ankit kumar\.gradle\wrapper\dists\gradle-6.5-bin\6nifqtx7604sqp1q6g8wikw7p\gradle-6.5\lib\gradle-launcher-6.5.jar
Launcher Type: SUN_STANDARD

Environment Variables:
PATH=C:\Users\Ankit kumar\AppData\Local\Android\Sdk\platform-tools;C:\Windows;C:\Windows\System32\Wbem;C:\Windows\System32\WindowsPowerShell\v1.0\;C:\Windows\System32\OpenSSH\;C:\Program Files (x86)\NVIDIA Corporation\PhysX\Common;C:\Program Files\Intel\WiFi\bin\;C:\Program Files\Common Files\Intel\WirelessCommon\;C:\Program Files\Java\jdk-11.0.5\bin;C:\WINDOWS\system32;C:\WINDOWS;C:\WINDOWS\System32\Wbem;C:\WINDOWS\System32\WindowsPowerShell\v1.0\;C:\WINDOWS\System32\OpenSSH\;C:\Program Files\PuTTY\;C:\Program Files\Git\cmd;C:\Users\Ankit kumar\AppData\Local\Microsoft\WindowsApps;C:\Users\Ankit kumar\AppData\Local\GitHubDesktop\bin
USERNAME=Ankit kumar
OS=Windows_NT
PROCESSOR_IDENTIFIER=Intel64 Family 6 Model 142 Stepping 12, GenuineIntel



---------------  S Y S T E M  ---------------

OS: Windows 10.0 , 64 bit Build 19041 (10.0.19041.1023)

CPU:total 8 (initial active 8) (4 cores per cpu, 2 threads per core) family 6 model 142 stepping 12, cmov, cx8, fxsr, mmx, sse, sse2, sse3, ssse3, sse4.1, sse4.2, popcnt, avx, avx2, aes, clmul, erms, 3dnowpref, lzcnt, ht, tsc, tscinvbit, bmi1, bmi2, adx

Memory: 4k page, physical 8236416k(1194084k free), swap 8236416k(6572k free)

vm_info: OpenJDK 64-Bit Server VM (25.242-b01) for windows-amd64 JRE (1.8.0_242-release-1644-b01), built by "builder" with MS VC++ 10.0 (VS2010)

time: Mon Jun 21 16:48:51 2021
timezone: India Standard Time
elapsed time: 13 seconds (0d 0h 0m 13s)

