#
# There is insufficient memory for the Java Runtime Environment to continue.
# Native memory allocation (malloc) failed to allocate 1431216 bytes for Chunk::new
# Possible reasons:
#   The system is out of physical RAM or swap space
#   The process is running with CompressedOops enabled, and the Java Heap may be blocking the growth of the native heap
# Possible solutions:
#   Reduce memory load on the system
#   Increase physical memory or swap space
#   Check if swap backing store is full
#   Decrease Java heap size (-Xmx/-Xms)
#   Decrease number of Java threads
#   Decrease Java thread stack sizes (-Xss)
#   Set larger code cache with -XX:ReservedCodeCacheSize=
#   JVM is running with Unscaled Compressed Oops mode in which the Java heap is
#     placed in the first 4GB address space. The Java Heap base address is the
#     maximum limit for the native heap growth. Please use -XX:HeapBaseMinAddress
#     to set the Java Heap base and to place the Java Heap above 4GB virtual address.
# This output file may be truncated or incomplete.
#
#  Out of Memory Error (allocation.cpp:389), pid=5172, tid=0x0000000000001120
#
# JRE version: OpenJDK Runtime Environment (8.0_242-b01) (build 1.8.0_242-release-1644-b01)
# Java VM: OpenJDK 64-Bit Server VM (25.242-b01 mixed mode windows-amd64 compressed oops)
# Failed to write core dump. Minidumps are not enabled by default on client versions of Windows
#

---------------  T H R E A D  ---------------

Current thread (0x000000001757a000):  JavaThread "C2 CompilerThread0" daemon [_thread_in_native, id=4384, stack(0x0000000019c40000,0x0000000019d40000)]

Stack: [0x0000000019c40000,0x0000000019d40000]
[error occurred during error reporting (printing stack bounds), id 0xc0000005]

Native frames: (J=compiled Java code, j=interpreted, Vv=VM code, C=native code)


Current CompileTask:
C2:2630419 23805       4       com.android.utils.XmlUtils::append (639 bytes)


---------------  P R O C E S S  ---------------

Java Threads: ( => current thread )
  0x000000001a9d3800 JavaThread "stdout" [_thread_in_native, id=5832, stack(0x0000000033fc0000,0x00000000340c0000)]
  0x000000001a9d2000 JavaThread "stderr" [_thread_in_native, id=9232, stack(0x0000000033ec0000,0x0000000033fc0000)]
  0x000000001a9d0000 JavaThread "WorkerExecutor Queue Thread 3" [_thread_blocked, id=7880, stack(0x0000000031660000,0x0000000031760000)]
  0x000000001a9d5000 JavaThread "stdout" [_thread_in_native, id=8588, stack(0x0000000031560000,0x0000000031660000)]
  0x000000001a9d2800 JavaThread "stderr" [_thread_in_native, id=7908, stack(0x0000000031460000,0x0000000031560000)]
  0x000000001a9cf800 JavaThread "pool-19-thread-1" [_thread_blocked, id=8688, stack(0x0000000031250000,0x0000000031350000)]
  0x000000001a9c8000 JavaThread "WorkerExecutor Queue Thread 2" [_thread_blocked, id=3884, stack(0x000000002ed60000,0x000000002ee60000)]
  0x000000001a9cd000 JavaThread "WorkerExecutor Queue" [_thread_blocked, id=5660, stack(0x000000002e960000,0x000000002ea60000)]
  0x000000001a9cb800 JavaThread "Cache worker for execution history cache (C:\Users\Ankit kumar\AndroidStudioProjects\BookStore\.gradle\6.5\executionHistory)" [_thread_blocked, id=6452, stack(0x000000002e560000,0x000000002e660000)]
  0x000000001a9cb000 JavaThread "Execution worker for ':' Thread 7" [_thread_blocked, id=668, stack(0x000000002db60000,0x000000002dc60000)]
  0x000000001a9c8800 JavaThread "Execution worker for ':' Thread 6" [_thread_in_native, id=2708, stack(0x000000002da60000,0x000000002db60000)]
  0x000000001a9c7000 JavaThread "Execution worker for ':' Thread 5" [_thread_blocked, id=9276, stack(0x000000002d960000,0x000000002da60000)]
  0x000000001a9ce000 JavaThread "Execution worker for ':' Thread 4" [_thread_blocked, id=5232, stack(0x000000002d860000,0x000000002d960000)]
  0x000000001a9c9800 JavaThread "Execution worker for ':' Thread 3" [_thread_blocked, id=10128, stack(0x000000002d760000,0x000000002d860000)]
  0x000000001a9ca000 JavaThread "Execution worker for ':' Thread 2" [_thread_blocked, id=4084, stack(0x000000002d660000,0x000000002d760000)]
  0x0000000030ddf000 JavaThread "Execution worker for ':'" [_thread_blocked, id=6712, stack(0x000000002d560000,0x000000002d660000)]
  0x0000000030ddc000 JavaThread "Cache worker for file content cache (C:\Users\Ankit kumar\AndroidStudioProjects\BookStore\.gradle\6.5\fileContent)" [_thread_blocked, id=10976, stack(0x000000002ce70000,0x000000002cf70000)]
  0x0000000030dd9800 JavaThread "pool-18-thread-1" [_thread_blocked, id=5508, stack(0x000000002b970000,0x000000002ba70000)]
  0x0000000030ddb000 JavaThread "Cache worker for Build Output Cleanup Cache (C:\Users\Ankit kumar\AndroidStudioProjects\BookStore\.gradle\buildOutputCleanup)" [_thread_blocked, id=12236, stack(0x000000002b870000,0x000000002b970000)]
  0x0000000030ddf800 JavaThread "jar transforms Thread 678" [_thread_blocked, id=8512, stack(0x000000002b770000,0x000000002b870000)]
  0x0000000030ddd800 JavaThread "jar transforms Thread 677" [_thread_blocked, id=3328, stack(0x000000002b670000,0x000000002b770000)]
  0x0000000030ddc800 JavaThread "jar transforms Thread 676" [_thread_blocked, id=4432, stack(0x000000002b570000,0x000000002b670000)]
  0x0000000030dde000 JavaThread "jar transforms Thread 675" [_thread_blocked, id=9948, stack(0x000000002b470000,0x000000002b570000)]
  0x0000000030dda800 JavaThread "jar transforms Thread 674" [_thread_blocked, id=2520, stack(0x000000002b370000,0x000000002b470000)]
  0x0000000030dd2000 JavaThread "jar transforms Thread 673" [_thread_blocked, id=2592, stack(0x000000002b270000,0x000000002b370000)]
  0x0000000030dd9000 JavaThread "jar transforms Thread 672" [_thread_blocked, id=7192, stack(0x000000002b170000,0x000000002b270000)]
  0x0000000030dd1800 JavaThread "jar transforms Thread 671" [_thread_blocked, id=5152, stack(0x000000002b070000,0x000000002b170000)]
  0x0000000030dd8000 JavaThread "jar transforms Thread 670" [_thread_blocked, id=1828, stack(0x000000002af70000,0x000000002b070000)]
  0x0000000030dd4800 JavaThread "jar transforms Thread 669" [_thread_blocked, id=11036, stack(0x000000002ae70000,0x000000002af70000)]
  0x0000000030dd7800 JavaThread "jar transforms Thread 668" [_thread_blocked, id=6788, stack(0x000000002ad70000,0x000000002ae70000)]
  0x0000000030dd3800 JavaThread "jar transforms Thread 667" [_thread_blocked, id=4676, stack(0x000000002aab0000,0x000000002abb0000)]
  0x0000000030dd3000 JavaThread "jar transforms Thread 666" [_thread_blocked, id=4832, stack(0x000000002a9b0000,0x000000002aab0000)]
  0x0000000030dd6000 JavaThread "jar transforms Thread 665" [_thread_blocked, id=6740, stack(0x000000002a8b0000,0x000000002a9b0000)]
  0x0000000030dd0800 JavaThread "jar transforms Thread 664" [_thread_blocked, id=5432, stack(0x000000002a7b0000,0x000000002a8b0000)]
  0x0000000030dd6800 JavaThread "jar transforms Thread 663" [_thread_blocked, id=8788, stack(0x000000002a6b0000,0x000000002a7b0000)]
  0x0000000021884800 JavaThread "jar transforms Thread 662" [_thread_blocked, id=1152, stack(0x000000002a5b0000,0x000000002a6b0000)]
  0x0000000021884000 JavaThread "jar transforms Thread 661" [_thread_blocked, id=1540, stack(0x000000002a4b0000,0x000000002a5b0000)]
  0x0000000021883000 JavaThread "jar transforms Thread 660" [_thread_blocked, id=11788, stack(0x000000002a3b0000,0x000000002a4b0000)]
  0x0000000021881800 JavaThread "jar transforms Thread 659" [_thread_blocked, id=8952, stack(0x000000002a2b0000,0x000000002a3b0000)]
  0x0000000021881000 JavaThread "jar transforms Thread 658" [_thread_blocked, id=4752, stack(0x000000002a1b0000,0x000000002a2b0000)]
  0x0000000021885800 JavaThread "jar transforms Thread 657" [_thread_blocked, id=6896, stack(0x000000002a0b0000,0x000000002a1b0000)]
  0x0000000021882800 JavaThread "jar transforms Thread 656" [_thread_blocked, id=2304, stack(0x0000000029fb0000,0x000000002a0b0000)]
  0x0000000021879800 JavaThread "jar transforms Thread 655" [_thread_blocked, id=2384, stack(0x0000000029eb0000,0x0000000029fb0000)]
  0x000000002187e000 JavaThread "jar transforms Thread 654" [_thread_blocked, id=8604, stack(0x0000000029db0000,0x0000000029eb0000)]
  0x0000000021880000 JavaThread "jar transforms Thread 653" [_thread_blocked, id=8080, stack(0x0000000029cb0000,0x0000000029db0000)]
  0x0000000021878800 JavaThread "jar transforms Thread 652" [_thread_blocked, id=2064, stack(0x0000000029bb0000,0x0000000029cb0000)]
  0x000000002187f800 JavaThread "jar transforms Thread 651" [_thread_blocked, id=11644, stack(0x0000000029ab0000,0x0000000029bb0000)]
  0x000000002187e800 JavaThread "jar transforms Thread 650" [_thread_blocked, id=8932, stack(0x00000000299b0000,0x0000000029ab0000)]
  0x000000002187b800 JavaThread "jar transforms Thread 649" [_thread_blocked, id=2356, stack(0x00000000298b0000,0x00000000299b0000)]
  0x0000000021876800 JavaThread "jar transforms Thread 648" [_thread_blocked, id=10488, stack(0x00000000297b0000,0x00000000298b0000)]
  0x000000002187b000 JavaThread "jar transforms Thread 647" [_thread_blocked, id=7196, stack(0x00000000296b0000,0x00000000297b0000)]
  0x000000002187a000 JavaThread "jar transforms Thread 646" [_thread_blocked, id=7828, stack(0x00000000295b0000,0x00000000296b0000)]
  0x000000002187d000 JavaThread "jar transforms Thread 645" [_thread_blocked, id=11628, stack(0x00000000294b0000,0x00000000295b0000)]
  0x0000000021878000 JavaThread "jar transforms Thread 644" [_thread_blocked, id=7404, stack(0x00000000293b0000,0x00000000294b0000)]
  0x0000000021877000 JavaThread "jar transforms Thread 643" [_thread_blocked, id=1504, stack(0x00000000292b0000,0x00000000293b0000)]
  0x000000001b421800 JavaThread "jar transforms Thread 642" [_thread_blocked, id=12168, stack(0x00000000291b0000,0x00000000292b0000)]
  0x000000001b41f000 JavaThread "jar transforms Thread 641" [_thread_blocked, id=1780, stack(0x00000000290b0000,0x00000000291b0000)]
  0x000000001b41e800 JavaThread "jar transforms Thread 640" [_thread_blocked, id=9980, stack(0x0000000028fb0000,0x00000000290b0000)]
  0x000000001b420800 JavaThread "jar transforms Thread 639" [_thread_blocked, id=5924, stack(0x0000000028eb0000,0x0000000028fb0000)]
  0x000000001b41d000 JavaThread "jar transforms Thread 638" [_thread_blocked, id=10192, stack(0x0000000028db0000,0x0000000028eb0000)]
  0x000000001b420000 JavaThread "jar transforms Thread 637" [_thread_blocked, id=11988, stack(0x0000000028cb0000,0x0000000028db0000)]
  0x000000001b422000 JavaThread "jar transforms Thread 636" [_thread_blocked, id=2888, stack(0x0000000028bb0000,0x0000000028cb0000)]
  0x000000001b417800 JavaThread "jar transforms Thread 635" [_thread_blocked, id=9724, stack(0x0000000028ab0000,0x0000000028bb0000)]
  0x000000001b41c000 JavaThread "jar transforms Thread 634" [_thread_blocked, id=7704, stack(0x00000000289b0000,0x0000000028ab0000)]
  0x000000001b41b800 JavaThread "jar transforms Thread 633" [_thread_blocked, id=2640, stack(0x00000000288b0000,0x00000000289b0000)]
  0x000000001b414000 JavaThread "jar transforms Thread 632" [_thread_blocked, id=1996, stack(0x00000000287b0000,0x00000000288b0000)]
  0x000000001b41a800 JavaThread "jar transforms Thread 631" [_thread_blocked, id=11816, stack(0x00000000286b0000,0x00000000287b0000)]
  0x000000001b417000 JavaThread "jar transforms Thread 630" [_thread_blocked, id=9332, stack(0x00000000285b0000,0x00000000286b0000)]
  0x000000001b413000 JavaThread "jar transforms Thread 629" [_thread_blocked, id=11796, stack(0x00000000284b0000,0x00000000285b0000)]
  0x000000001b41a000 JavaThread "jar transforms Thread 628" [_thread_blocked, id=8176, stack(0x00000000283b0000,0x00000000284b0000)]
  0x000000001b419000 JavaThread "jar transforms Thread 627" [_thread_blocked, id=6296, stack(0x00000000282b0000,0x00000000283b0000)]
  0x000000001b418800 JavaThread "jar transforms Thread 626" [_thread_blocked, id=3420, stack(0x00000000281b0000,0x00000000282b0000)]
  0x000000001b416000 JavaThread "jar transforms Thread 625" [_thread_blocked, id=1684, stack(0x00000000280b0000,0x00000000281b0000)]
  0x000000001b414800 JavaThread "jar transforms Thread 624" [_thread_blocked, id=11348, stack(0x0000000027fb0000,0x00000000280b0000)]
  0x000000001b415800 JavaThread "jar transforms Thread 623" [_thread_blocked, id=12028, stack(0x0000000027eb0000,0x0000000027fb0000)]
  0x000000001a287000 JavaThread "jar transforms Thread 622" [_thread_blocked, id=6544, stack(0x0000000027db0000,0x0000000027eb0000)]
  0x000000001a285000 JavaThread "jar transforms Thread 621" [_thread_blocked, id=10276, stack(0x0000000027cb0000,0x0000000027db0000)]
  0x000000001a286800 JavaThread "jar transforms Thread 620" [_thread_blocked, id=10100, stack(0x0000000027bb0000,0x0000000027cb0000)]
  0x000000001a282000 JavaThread "jar transforms Thread 619" [_thread_blocked, id=2340, stack(0x0000000027ab0000,0x0000000027bb0000)]
  0x000000001a288800 JavaThread "jar transforms Thread 618" [_thread_blocked, id=3280, stack(0x00000000279b0000,0x0000000027ab0000)]
  0x000000001a282800 JavaThread "jar transforms Thread 617" [_thread_blocked, id=4716, stack(0x00000000278b0000,0x00000000279b0000)]
  0x000000001a288000 JavaThread "jar transforms Thread 616" [_thread_blocked, id=3452, stack(0x00000000277b0000,0x00000000278b0000)]
  0x000000001a285800 JavaThread "jar transforms Thread 615" [_thread_blocked, id=6816, stack(0x00000000276b0000,0x00000000277b0000)]
  0x000000001a283800 JavaThread "jar transforms Thread 614" [_thread_blocked, id=6264, stack(0x00000000275b0000,0x00000000276b0000)]
  0x000000001a280800 JavaThread "jar transforms Thread 613" [_thread_blocked, id=9572, stack(0x00000000274b0000,0x00000000275b0000)]
  0x000000001a27a000 JavaThread "jar transforms Thread 612" [_thread_blocked, id=8592, stack(0x00000000273b0000,0x00000000274b0000)]
  0x000000001a27f000 JavaThread "jar transforms Thread 611" [_thread_blocked, id=11056, stack(0x00000000272b0000,0x00000000273b0000)]
  0x000000001a27e000 JavaThread "jar transforms Thread 610" [_thread_blocked, id=9028, stack(0x00000000271b0000,0x00000000272b0000)]
  0x000000001a27f800 JavaThread "jar transforms Thread 609" [_thread_blocked, id=12080, stack(0x00000000270b0000,0x00000000271b0000)]
  0x000000001a281000 JavaThread "jar transforms Thread 608" [_thread_blocked, id=11836, stack(0x0000000026fb0000,0x00000000270b0000)]
  0x000000001a27d800 JavaThread "jar transforms Thread 607" [_thread_blocked, id=1100, stack(0x0000000026eb0000,0x0000000026fb0000)]
  0x000000001a27c800 JavaThread "jar transforms Thread 606" [_thread_blocked, id=10260, stack(0x0000000026db0000,0x0000000026eb0000)]
  0x000000001a27c000 JavaThread "jar transforms Thread 605" [_thread_blocked, id=5860, stack(0x0000000026cb0000,0x0000000026db0000)]
  0x000000001a279800 JavaThread "jar transforms Thread 604" [_thread_blocked, id=2156, stack(0x0000000026bb0000,0x0000000026cb0000)]
  0x000000001a27b000 JavaThread "jar transforms Thread 603" [_thread_blocked, id=6204, stack(0x0000000026ab0000,0x0000000026bb0000)]
  0x0000000021381000 JavaThread "jar transforms Thread 602" [_thread_blocked, id=456, stack(0x00000000269b0000,0x0000000026ab0000)]
  0x000000002137f800 JavaThread "jar transforms Thread 601" [_thread_blocked, id=11332, stack(0x00000000268b0000,0x00000000269b0000)]
  0x000000002137e800 JavaThread "jar transforms Thread 600" [_thread_blocked, id=5568, stack(0x00000000267b0000,0x00000000268b0000)]
  0x0000000021380000 JavaThread "jar transforms Thread 599" [_thread_blocked, id=11212, stack(0x00000000266b0000,0x00000000267b0000)]
  0x0000000021377000 JavaThread "jar transforms Thread 598" [_thread_blocked, id=3472, stack(0x00000000265b0000,0x00000000266b0000)]
  0x0000000021378000 JavaThread "jar transforms Thread 597" [_thread_blocked, id=5392, stack(0x00000000264b0000,0x00000000265b0000)]
  0x000000002137e000 JavaThread "jar transforms Thread 596" [_thread_blocked, id=1560, stack(0x00000000263b0000,0x00000000264b0000)]
  0x0000000021376800 JavaThread "jar transforms Thread 595" [_thread_blocked, id=9180, stack(0x00000000262b0000,0x00000000263b0000)]
  0x000000002137a000 JavaThread "jar transforms Thread 594" [_thread_blocked, id=7816, stack(0x00000000261b0000,0x00000000262b0000)]
  0x000000002137d000 JavaThread "jar transforms Thread 593" [_thread_blocked, id=7980, stack(0x00000000260b0000,0x00000000261b0000)]
  0x000000002137c800 JavaThread "jar transforms Thread 592" [_thread_blocked, id=7380, stack(0x0000000025fb0000,0x00000000260b0000)]
  0x000000002137b000 JavaThread "jar transforms Thread 591" [_thread_blocked, id=5160, stack(0x0000000025eb0000,0x0000000025fb0000)]
  0x0000000021375000 JavaThread "jar transforms Thread 590" [_thread_blocked, id=11592, stack(0x0000000025db0000,0x0000000025eb0000)]
  0x0000000021375800 JavaThread "jar transforms Thread 589" [_thread_blocked, id=10304, stack(0x0000000025cb0000,0x0000000025db0000)]
  0x0000000021379800 JavaThread "jar transforms Thread 588" [_thread_blocked, id=2576, stack(0x0000000025bb0000,0x0000000025cb0000)]
  0x000000002137b800 JavaThread "jar transforms Thread 587" [_thread_blocked, id=6472, stack(0x0000000025ab0000,0x0000000025bb0000)]
  0x0000000021372000 JavaThread "jar transforms Thread 586" [_thread_blocked, id=11096, stack(0x00000000259b0000,0x0000000025ab0000)]
  0x0000000021374000 JavaThread "jar transforms Thread 585" [_thread_blocked, id=4500, stack(0x00000000258b0000,0x00000000259b0000)]
  0x0000000021378800 JavaThread "jar transforms Thread 584" [_thread_blocked, id=3136, stack(0x00000000257b0000,0x00000000258b0000)]
  0x000000002136c800 JavaThread "jar transforms Thread 583" [_thread_blocked, id=1400, stack(0x00000000256b0000,0x00000000257b0000)]
  0x000000002136f800 JavaThread "jar transforms Thread 582" [_thread_blocked, id=9360, stack(0x00000000255b0000,0x00000000256b0000)]
  0x0000000021371000 JavaThread "jar transforms Thread 581" [_thread_blocked, id=5344, stack(0x00000000254b0000,0x00000000255b0000)]
  0x0000000021373800 JavaThread "jar transforms Thread 580" [_thread_blocked, id=6420, stack(0x00000000253b0000,0x00000000254b0000)]
  0x000000002136f000 JavaThread "jar transforms Thread 579" [_thread_blocked, id=7248, stack(0x00000000252b0000,0x00000000253b0000)]
  0x0000000021370800 JavaThread "jar transforms Thread 578" [_thread_blocked, id=10308, stack(0x00000000251b0000,0x00000000252b0000)]
  0x0000000021372800 JavaThread "jar transforms Thread 577" [_thread_blocked, id=10096, stack(0x00000000250b0000,0x00000000251b0000)]
  0x000000002136c000 JavaThread "jar transforms Thread 576" [_thread_blocked, id=10604, stack(0x0000000024fb0000,0x00000000250b0000)]
  0x0000000021366800 JavaThread "jar transforms Thread 575" [_thread_blocked, id=7584, stack(0x0000000024eb0000,0x0000000024fb0000)]
  0x000000002136b000 JavaThread "jar transforms Thread 574" [_thread_blocked, id=1700, stack(0x0000000024db0000,0x0000000024eb0000)]
  0x0000000021363800 JavaThread "jar transforms Thread 573" [_thread_blocked, id=4900, stack(0x0000000024cb0000,0x0000000024db0000)]
  0x0000000021369800 JavaThread "jar transforms Thread 572" [_thread_blocked, id=1028, stack(0x0000000024bb0000,0x0000000024cb0000)]
  0x0000000021366000 JavaThread "jar transforms Thread 571" [_thread_blocked, id=10288, stack(0x0000000024ab0000,0x0000000024bb0000)]
  0x0000000021365000 JavaThread "jar transforms Thread 570" [_thread_blocked, id=5820, stack(0x00000000249b0000,0x0000000024ab0000)]
  0x000000002136a800 JavaThread "jar transforms Thread 569" [_thread_blocked, id=4176, stack(0x00000000248b0000,0x00000000249b0000)]
  0x0000000021362000 JavaThread "jar transforms Thread 568" [_thread_blocked, id=3080, stack(0x00000000247b0000,0x00000000248b0000)]
  0x0000000021369000 JavaThread "jar transforms Thread 567" [_thread_blocked, id=3200, stack(0x00000000246b0000,0x00000000247b0000)]
  0x0000000021364800 JavaThread "jar transforms Thread 566" [_thread_blocked, id=10808, stack(0x00000000245b0000,0x00000000246b0000)]
  0x0000000021368000 JavaThread "Build operations Thread 8" [_thread_blocked, id=10332, stack(0x00000000243b0000,0x00000000244b0000)]
  0x0000000021363000 JavaThread "Build operations Thread 7" [_thread_blocked, id=11116, stack(0x00000000242b0000,0x00000000243b0000)]
  0x0000000021367800 JavaThread "Build operations Thread 6" [_thread_blocked, id=3640, stack(0x00000000241b0000,0x00000000242b0000)]
  0x000000001c193800 JavaThread "Build operations Thread 5" [_thread_blocked, id=6780, stack(0x00000000240b0000,0x00000000241b0000)]
  0x000000001c192800 JavaThread "Build operations Thread 4" [_thread_blocked, id=1676, stack(0x0000000023fb0000,0x00000000240b0000)]
  0x000000001c192000 JavaThread "Build operations Thread 3" [_thread_blocked, id=6600, stack(0x0000000023eb0000,0x0000000023fb0000)]
  0x000000001c191000 JavaThread "Build operations Thread 2" [_thread_blocked, id=2524, stack(0x0000000023db0000,0x0000000023eb0000)]
  0x000000001c190800 JavaThread "Build operations" [_thread_blocked, id=4960, stack(0x0000000023cb0000,0x0000000023db0000)]
  0x000000001c18f800 JavaThread "Cache worker for cache directory md-rule (C:\Users\Ankit kumar\.gradle\caches\6.5\md-rule)" [_thread_blocked, id=7544, stack(0x0000000021e20000,0x0000000021f20000)]
  0x000000001c195000 JavaThread "Cache worker for cache directory md-supplier (C:\Users\Ankit kumar\.gradle\caches\6.5\md-supplier)" [_thread_blocked, id=8632, stack(0x0000000020b00000,0x0000000020c00000)]
  0x000000001c194000 JavaThread "Cache worker for checksums cache (C:\Users\Ankit kumar\AndroidStudioProjects\BookStore\.gradle\checksums)" [_thread_blocked, id=3276, stack(0x0000000020900000,0x0000000020a00000)]
  0x000000001c18f000 JavaThread "Cache worker for file hash cache (C:\Users\Ankit kumar\AndroidStudioProjects\BookStore\.gradle\6.5\fileHashes)" [_thread_blocked, id=12012, stack(0x000000001dd60000,0x000000001de60000)]
  0x000000001c187800 JavaThread "Thread-832" [_thread_blocked, id=3696, stack(0x000000001da60000,0x000000001db60000)]
  0x000000001c18a800 JavaThread "Stdin handler" [_thread_blocked, id=2312, stack(0x000000001d960000,0x000000001da60000)]
  0x000000001c18e000 JavaThread "Asynchronous log dispatcher for DefaultDaemonConnection: socket connection from /127.0.0.1:52396 to /127.0.0.1:59700" [_thread_blocked, id=7480, stack(0x000000001d860000,0x000000001d960000)]
  0x000000001c186800 JavaThread "Daemon worker Thread 6" [_thread_in_native, id=8660, stack(0x000000001d760000,0x000000001d860000)]
  0x000000001c18c800 JavaThread "Cancel handler" [_thread_blocked, id=1096, stack(0x000000001d120000,0x000000001d220000)]
  0x000000001c18c000 JavaThread "Handler for socket connection from /127.0.0.1:52396 to /127.0.0.1:59700" [_thread_in_native, id=4112, stack(0x000000001d020000,0x000000001d120000)]
  0x000000001c18b000 JavaThread "Daemon Thread 6" [_thread_blocked, id=10328, stack(0x0000000000720000,0x0000000000820000)]
  0x000000001ef67000 JavaThread "Cache worker for Java compile cache (C:\Users\Ankit kumar\.gradle\caches\6.5\javaCompile)" [_thread_blocked, id=3676, stack(0x000000002ec60000,0x000000002ed60000)]
  0x000000001ef63000 JavaThread "RMI Reaper" [_thread_blocked, id=7756, stack(0x000000002e860000,0x000000002e960000)]
  0x000000001ef69000 JavaThread "RMI TCP Accept-0" daemon [_thread_in_native, id=10836, stack(0x000000002e760000,0x000000002e860000)]
  0x000000001ef66000 JavaThread "GC Daemon" daemon [_thread_blocked, id=6436, stack(0x000000002e660000,0x000000002e760000)]
  0x000000001ef65800 JavaThread "RMI Scheduler(0)" daemon [_thread_blocked, id=7316, stack(0x000000002e460000,0x000000002e560000)]
  0x000000001ef5b800 JavaThread "Memory manager" [_thread_blocked, id=9320, stack(0x000000002d060000,0x000000002d160000)]
  0x000000001bef2800 JavaThread "Cache worker for file content cache (C:\Users\Ankit kumar\.gradle\caches\6.5\fileContent)" [_thread_blocked, id=11352, stack(0x00000000235b0000,0x00000000236b0000)]
  0x000000001bef1000 JavaThread "Cache worker for execution history cache (C:\Users\Ankit kumar\.gradle\caches\6.5\executionHistory)" [_thread_blocked, id=6840, stack(0x0000000020a00000,0x0000000020b00000)]
  0x000000001bef5800 JavaThread "Cache worker for file hash cache (C:\Users\Ankit kumar\.gradle\caches\6.5\fileHashes)" [_thread_blocked, id=2680, stack(0x000000001e260000,0x000000001e360000)]
  0x000000001bef4000 JavaThread "File lock request listener" [_thread_in_native, id=1940, stack(0x000000001e160000,0x000000001e260000)]
  0x000000001c0df800 JavaThread "Cache worker for journal cache (C:\Users\Ankit kumar\.gradle\caches\journal-1)" [_thread_blocked, id=12224, stack(0x000000001e060000,0x000000001e160000)]
  0x000000001be0b000 JavaThread "Daemon periodic checks" [_thread_blocked, id=2980, stack(0x000000001d460000,0x000000001d560000)]
  0x000000001bcb4000 JavaThread "Incoming local TCP Connector on port 52396" [_thread_in_native, id=5464, stack(0x000000001d220000,0x000000001d320000)]
  0x000000001be2f000 JavaThread "Daemon health stats" [_thread_blocked, id=6700, stack(0x000000001cbe0000,0x000000001cce0000)]
  0x0000000019398000 JavaThread "Service Thread" daemon [_thread_blocked, id=11876, stack(0x000000001a040000,0x000000001a140000)]
  0x000000001938a000 JavaThread "C1 CompilerThread3" daemon [_thread_blocked, id=4768, stack(0x0000000019f40000,0x000000001a040000)]
  0x0000000019379800 JavaThread "C2 CompilerThread2" daemon [_thread_in_native, id=4316, stack(0x0000000019e40000,0x0000000019f40000)]
  0x000000001757d800 JavaThread "C2 CompilerThread1" daemon [_thread_in_native, id=10628, stack(0x0000000019d40000,0x0000000019e40000)]
=>0x000000001757a000 JavaThread "C2 CompilerThread0" daemon [_thread_in_native, id=4384, stack(0x0000000019c40000,0x0000000019d40000)]
  0x0000000019375800 JavaThread "Attach Listener" daemon [_thread_blocked, id=6012, stack(0x0000000019b40000,0x0000000019c40000)]
  0x0000000019374800 JavaThread "Signal Dispatcher" daemon [_thread_blocked, id=5868, stack(0x0000000019a40000,0x0000000019b40000)]
  0x00000000024fe800 JavaThread "Finalizer" daemon [_thread_blocked, id=10548, stack(0x0000000019840000,0x0000000019940000)]
  0x00000000024f7800 JavaThread "Reference Handler" daemon [_thread_blocked, id=1112, stack(0x0000000019740000,0x0000000019840000)]
  0x000000000235e800 JavaThread "main" [_thread_blocked, id=4620, stack(0x0000000002230000,0x0000000002330000)]

Other Threads:
  0x0000000017566000 VMThread [stack: 0x0000000019240000,0x0000000019340000] [id=9696]
  0x0000000019399000 WatcherThread [stack: 0x000000001a140000,0x000000001a240000] [id=10892]

VM state:not at safepoint (normal execution)

VM Mutex/Monitor currently owned by a thread: None

OutOfMemory and StackOverflow Exception counts:
OutOfMemoryError java_heap_errors=1

heap address: 0x0000000080000000, size: 2048 MB, Compressed Oops mode: 32-bit
Narrow klass base: 0x0000000000000000, Narrow klass shift: 3
Compressed class space size: 1073741824 Address: 0x0000000100000000

Heap:
 PSYoungGen      total 556032K, used 486506K [0x00000000d5580000, 0x0000000100000000, 0x0000000100000000)
  eden space 430592K, 91% used [0x00000000d5580000,0x00000000ed5fa238,0x00000000efa00000)
  from space 125440K, 73% used [0x00000000f8580000,0x00000000fe020918,0x0000000100000000)
  to   space 134144K, 0% used [0x00000000efa00000,0x00000000efa00000,0x00000000f7d00000)
 ParOldGen       total 217088K, used 174861K [0x0000000080000000, 0x000000008d400000, 0x00000000d5580000)
  object space 217088K, 80% used [0x0000000080000000,0x000000008aac3440,0x000000008d400000)
 Metaspace       used 102396K, capacity 108800K, committed 109592K, reserved 1144832K
  class space    used 13392K, capacity 14524K, committed 14896K, reserved 1048576K

Card table byte_map: [0x00000000118c0000,0x0000000011cd0000] byte_map_base: 0x00000000114c0000

Marking Bits: (ParMarkBitMap*) 0x000000005dacf030
 Begin Bits: [0x0000000012780000, 0x0000000014780000)
 End Bits:   [0x0000000014780000, 0x0000000016780000)

Polling page: 0x0000000000530000

CodeCache: size=245760Kb used=62097Kb max_used=62176Kb free=183662Kb
 bounds [0x0000000002500000, 0x0000000006220000, 0x0000000011500000]
 total_blobs=18849 nmethods=17939 adapters=821
 compilation: enabled

Compilation events (10 events):
Event: 2630.374 Thread 0x000000001938a000 23887       3       org.gradle.api.internal.tasks.properties.bean.NestedRuntimeBeanNode$ImplementationPropertyValue::call (5 bytes)
Event: 2630.375 Thread 0x000000001938a000 nmethod 23887 0x00000000030782d0 code [0x0000000003078420, 0x0000000003078590]
Event: 2630.381 Thread 0x000000001938a000 23888   !   3       sun.reflect.GeneratedMethodAccessor29::invoke (68 bytes)
Event: 2630.381 Thread 0x000000001938a000 nmethod 23888 0x000000000322bc10 code [0x000000000322be00, 0x000000000322c5d8]
Event: 2630.383 Thread 0x000000001938a000 23889       3       org.gradle.api.internal.tasks.execution.statistics.TaskExecutionStatisticsEventAdapter::beforeExecute (1 bytes)
Event: 2630.384 Thread 0x000000001938a000 nmethod 23889 0x00000000031528d0 code [0x0000000003152a20, 0x0000000003152b70]
Event: 2630.386 Thread 0x000000001938a000 23890   !   3       sun.reflect.GeneratedMethodAccessor40::invoke (76 bytes)
Event: 2630.387 Thread 0x000000001938a000 nmethod 23890 0x0000000003133010 code [0x0000000003133200, 0x0000000003133b18]
Event: 2630.390 Thread 0x000000001938a000 23891       3       org.gradle.execution.plan.DefaultExecutionPlan::updateAllDependenciesCompleteForPredecessors (61 bytes)
Event: 2630.391 Thread 0x000000001938a000 nmethod 23891 0x0000000003b9ff90 code [0x0000000003ba0180, 0x0000000003ba0c68]

GC Heap History (10 events):
Event: 951.568 GC heap before
{Heap before GC invocations=28 (full 4):
 PSYoungGen      total 457216K, used 457198K [0x00000000d5580000, 0x00000000fbd00000, 0x0000000100000000)
  eden space 380416K, 100% used [0x00000000d5580000,0x00000000ec900000,0x00000000ec900000)
  from space 76800K, 99% used [0x00000000ec900000,0x00000000f13fbba8,0x00000000f1400000)
  to   space 96768K, 0% used [0x00000000f5e80000,0x00000000f5e80000,0x00000000fbd00000)
 ParOldGen       total 217088K, used 119797K [0x0000000080000000, 0x000000008d400000, 0x00000000d5580000)
  object space 217088K, 55% used [0x0000000080000000,0x00000000874fd4c0,0x000000008d400000)
 Metaspace       used 100207K, capacity 105358K, committed 107160K, reserved 1142784K
  class space    used 13156K, capacity 14123K, committed 14768K, reserved 1048576K
Event: 951.641 GC heap after
Heap after GC invocations=28 (full 4):
 PSYoungGen      total 510976K, used 48063K [0x00000000d5580000, 0x00000000fb080000, 0x0000000100000000)
  eden space 427008K, 0% used [0x00000000d5580000,0x00000000d5580000,0x00000000ef680000)
  from space 83968K, 57% used [0x00000000f5e80000,0x00000000f8d6fe80,0x00000000fb080000)
  to   space 95232K, 0% used [0x00000000ef680000,0x00000000ef680000,0x00000000f5380000)
 ParOldGen       total 217088K, used 129985K [0x0000000080000000, 0x000000008d400000, 0x00000000d5580000)
  object space 217088K, 59% used [0x0000000080000000,0x0000000087ef0620,0x000000008d400000)
 Metaspace       used 100207K, capacity 105358K, committed 107160K, reserved 1142784K
  class space    used 13156K, capacity 14123K, committed 14768K, reserved 1048576K
}
Event: 963.415 GC heap before
{Heap before GC invocations=29 (full 4):
 PSYoungGen      total 510976K, used 475071K [0x00000000d5580000, 0x00000000fb080000, 0x0000000100000000)
  eden space 427008K, 100% used [0x00000000d5580000,0x00000000ef680000,0x00000000ef680000)
  from space 83968K, 57% used [0x00000000f5e80000,0x00000000f8d6fe80,0x00000000fb080000)
  to   space 95232K, 0% used [0x00000000ef680000,0x00000000ef680000,0x00000000f5380000)
 ParOldGen       total 217088K, used 129985K [0x0000000080000000, 0x000000008d400000, 0x00000000d5580000)
  object space 217088K, 59% used [0x0000000080000000,0x0000000087ef0620,0x000000008d400000)
 Metaspace       used 100436K, capacity 105698K, committed 107416K, reserved 1142784K
  class space    used 13167K, capacity 14143K, committed 14768K, reserved 1048576K
Event: 963.515 GC heap after
Heap after GC invocations=29 (full 4):
 PSYoungGen      total 522240K, used 95208K [0x00000000d5580000, 0x00000000fff80000, 0x0000000100000000)
  eden space 427008K, 0% used [0x00000000d5580000,0x00000000d5580000,0x00000000ef680000)
  from space 95232K, 99% used [0x00000000ef680000,0x00000000f537a298,0x00000000f5380000)
  to   space 117248K, 0% used [0x00000000f8d00000,0x00000000f8d00000,0x00000000fff80000)
 ParOldGen       total 217088K, used 146822K [0x0000000080000000, 0x000000008d400000, 0x00000000d5580000)
  object space 217088K, 67% used [0x0000000080000000,0x0000000088f619a0,0x000000008d400000)
 Metaspace       used 100436K, capacity 105698K, committed 107416K, reserved 1142784K
  class space    used 13167K, capacity 14143K, committed 14768K, reserved 1048576K
}
Event: 1879.263 GC heap before
{Heap before GC invocations=30 (full 4):
 PSYoungGen      total 522240K, used 522172K [0x00000000d5580000, 0x00000000fff80000, 0x0000000100000000)
  eden space 427008K, 99% used [0x00000000d5580000,0x00000000ef674e68,0x00000000ef680000)
  from space 95232K, 99% used [0x00000000ef680000,0x00000000f537a298,0x00000000f5380000)
  to   space 117248K, 0% used [0x00000000f8d00000,0x00000000f8d00000,0x00000000fff80000)
 ParOldGen       total 217088K, used 146822K [0x0000000080000000, 0x000000008d400000, 0x00000000d5580000)
  object space 217088K, 67% used [0x0000000080000000,0x0000000088f619a0,0x000000008d400000)
 Metaspace       used 100879K, capacity 106422K, committed 107672K, reserved 1142784K
  class space    used 13203K, capacity 14209K, committed 14768K, reserved 1048576K
Event: 1879.343 GC heap after
Heap after GC invocations=30 (full 4):
 PSYoungGen      total 555520K, used 33651K [0x00000000d5580000, 0x00000000fed80000, 0x0000000100000000)
  eden space 456704K, 0% used [0x00000000d5580000,0x00000000d5580000,0x00000000f1380000)
  from space 98816K, 34% used [0x00000000f8d00000,0x00000000faddceb8,0x00000000fed80000)
  to   space 111616K, 0% used [0x00000000f1380000,0x00000000f1380000,0x00000000f8080000)
 ParOldGen       total 217088K, used 174845K [0x0000000080000000, 0x000000008d400000, 0x00000000d5580000)
  object space 217088K, 80% used [0x0000000080000000,0x000000008aabf440,0x000000008d400000)
 Metaspace       used 100879K, capacity 106422K, committed 107672K, reserved 1142784K
  class space    used 13203K, capacity 14209K, committed 14768K, reserved 1048576K
}
Event: 1884.349 GC heap before
{Heap before GC invocations=31 (full 4):
 PSYoungGen      total 555520K, used 490355K [0x00000000d5580000, 0x00000000fed80000, 0x0000000100000000)
  eden space 456704K, 100% used [0x00000000d5580000,0x00000000f1380000,0x00000000f1380000)
  from space 98816K, 34% used [0x00000000f8d00000,0x00000000faddceb8,0x00000000fed80000)
  to   space 111616K, 0% used [0x00000000f1380000,0x00000000f1380000,0x00000000f8080000)
 ParOldGen       total 217088K, used 174845K [0x0000000080000000, 0x000000008d400000, 0x00000000d5580000)
  object space 217088K, 80% used [0x0000000080000000,0x000000008aabf440,0x000000008d400000)
 Metaspace       used 101360K, capacity 107224K, committed 108184K, reserved 1142784K
  class space    used 13262K, capacity 14310K, committed 14768K, reserved 1048576K
Event: 1884.428 GC heap after
Heap after GC invocations=31 (full 4):
 PSYoungGen      total 568320K, used 99787K [0x00000000d5580000, 0x0000000100000000, 0x0000000100000000)
  eden space 456704K, 0% used [0x00000000d5580000,0x00000000d5580000,0x00000000f1380000)
  from space 111616K, 89% used [0x00000000f1380000,0x00000000f74f2d90,0x00000000f8080000)
  to   space 125440K, 0% used [0x00000000f8580000,0x00000000f8580000,0x0000000100000000)
 ParOldGen       total 217088K, used 174853K [0x0000000080000000, 0x000000008d400000, 0x00000000d5580000)
  object space 217088K, 80% used [0x0000000080000000,0x000000008aac1440,0x000000008d400000)
 Metaspace       used 101360K, capacity 107224K, committed 108184K, reserved 1142784K
  class space    used 13262K, capacity 14310K, committed 14768K, reserved 1048576K
}
Event: 1897.378 GC heap before
{Heap before GC invocations=32 (full 4):
 PSYoungGen      total 568320K, used 556491K [0x00000000d5580000, 0x0000000100000000, 0x0000000100000000)
  eden space 456704K, 100% used [0x00000000d5580000,0x00000000f1380000,0x00000000f1380000)
  from space 111616K, 89% used [0x00000000f1380000,0x00000000f74f2d90,0x00000000f8080000)
  to   space 125440K, 0% used [0x00000000f8580000,0x00000000f8580000,0x0000000100000000)
 ParOldGen       total 217088K, used 174853K [0x0000000080000000, 0x000000008d400000, 0x00000000d5580000)
  object space 217088K, 80% used [0x0000000080000000,0x000000008aac1440,0x000000008d400000)
 Metaspace       used 101712K, capacity 107696K, committed 108824K, reserved 1142784K
  class space    used 13298K, capacity 14374K, committed 14896K, reserved 1048576K
Event: 1897.442 GC heap after
Heap after GC invocations=32 (full 4):
 PSYoungGen      total 556032K, used 92802K [0x00000000d5580000, 0x0000000100000000, 0x0000000100000000)
  eden space 430592K, 0% used [0x00000000d5580000,0x00000000d5580000,0x00000000efa00000)
  from space 125440K, 73% used [0x00000000f8580000,0x00000000fe020918,0x0000000100000000)
  to   space 134144K, 0% used [0x00000000efa00000,0x00000000efa00000,0x00000000f7d00000)
 ParOldGen       total 217088K, used 174861K [0x0000000080000000, 0x000000008d400000, 0x00000000d5580000)
  object space 217088K, 80% used [0x0000000080000000,0x000000008aac3440,0x000000008d400000)
 Metaspace       used 101712K, capacity 107696K, committed 108824K, reserved 1142784K
  class space    used 13298K, capacity 14374K, committed 14896K, reserved 1048576K
}

Deoptimization events (10 events):
Event: 2630.104 Thread 0x0000000030ddf000 Uncommon trap: reason=bimorphic action=maybe_recompile pc=0x0000000004d3eb34 method=com.android.utils.XmlUtils.append(Lcom/android/utils/XmlUtils$PositionAwareStringBuilder;Lorg/w3c/dom/Node;Ljava/util/Map;Ljava/util/Set;)V @ 319
Event: 2630.104 Thread 0x0000000030ddf000 Uncommon trap: reason=bimorphic action=maybe_recompile pc=0x0000000004d3eb34 method=com.android.utils.XmlUtils.append(Lcom/android/utils/XmlUtils$PositionAwareStringBuilder;Lorg/w3c/dom/Node;Ljava/util/Map;Ljava/util/Set;)V @ 319
Event: 2630.104 Thread 0x0000000030ddf000 Uncommon trap: reason=class_check action=maybe_recompile pc=0x0000000004d3d58c method=com.android.utils.XmlUtils.append(Lcom/android/utils/XmlUtils$PositionAwareStringBuilder;Lorg/w3c/dom/Node;Ljava/util/Map;Ljava/util/Set;)V @ 260
Event: 2630.104 Thread 0x0000000030ddf000 Uncommon trap: reason=bimorphic action=maybe_recompile pc=0x0000000004d3eb34 method=com.android.utils.XmlUtils.append(Lcom/android/utils/XmlUtils$PositionAwareStringBuilder;Lorg/w3c/dom/Node;Ljava/util/Map;Ljava/util/Set;)V @ 319
Event: 2630.131 Thread 0x0000000030ddf000 Uncommon trap: reason=unstable_if action=reinterpret pc=0x0000000004d3a850 method=com.android.utils.XmlUtils.append(Lcom/android/utils/XmlUtils$PositionAwareStringBuilder;Lorg/w3c/dom/Node;Ljava/util/Map;Ljava/util/Set;)V @ 540
Event: 2630.132 Thread 0x0000000030ddf000 Uncommon trap: reason=class_check action=maybe_recompile pc=0x0000000004f1fee8 method=java.io.Writer.append(Ljava/lang/CharSequence;)Ljava/io/Writer; @ 20
Event: 2630.189 Thread 0x0000000030ddf000 Uncommon trap: reason=unstable_if action=reinterpret pc=0x0000000002ef3304 method=java.lang.AbstractStringBuilder.append(I)Ljava/lang/AbstractStringBuilder; @ 16
Event: 2630.221 Thread 0x0000000030ddf000 Uncommon trap: reason=unstable_if action=reinterpret pc=0x00000000059c26fc method=com.sun.org.apache.xerces.internal.dom.NodeImpl.hasStringValue()Z @ 8
Event: 2630.222 Thread 0x0000000030ddf000 Uncommon trap: reason=unstable_if action=reinterpret pc=0x00000000059d3f08 method=com.sun.org.apache.xerces.internal.dom.NodeImpl.hasStringValue()Z @ 8
Event: 2630.407 Thread 0x000000001a9c8000 Uncommon trap: reason=class_check action=maybe_recompile pc=0x0000000002abb700 method=java.lang.Throwable.<init>(Ljava/lang/String;Ljava/lang/Throwable;)V @ 24

Classes redefined (0 events):
No events

Internal exceptions (10 events):
Event: 1896.898 Thread 0x0000000021368000 Exception <a 'java/lang/NoSuchMethodError': java.lang.Object.lambda$static$0(Lorg/gradle/internal/snapshot/FileSystemSnapshotVisitor;)V> (0x00000000e63efdb0) thrown at [C:\src\AOSP-openjdk-git\hotspot\src\share\vm\interpreter\linkResolver.cpp, line 620]
Event: 1896.958 Thread 0x0000000021368000 Exception <a 'sun/nio/fs/WindowsException'> (0x00000000e70e9210) thrown at [C:\src\AOSP-openjdk-git\hotspot\src\share\vm\prims\jni.cpp, line 710]
Event: 1896.959 Thread 0x0000000021368000 Exception <a 'sun/nio/fs/WindowsException'> (0x00000000e70e9f40) thrown at [C:\src\AOSP-openjdk-git\hotspot\src\share\vm\prims\jni.cpp, line 710]
Event: 1897.151 Thread 0x0000000021372800 Exception <a 'sun/nio/fs/WindowsException'> (0x00000000ea5350d0) thrown at [C:\src\AOSP-openjdk-git\hotspot\src\share\vm\prims\jni.cpp, line 710]
Event: 1898.423 Thread 0x000000002136f800 Exception <a 'sun/nio/fs/WindowsException'> (0x00000000e1dbbbb8) thrown at [C:\src\AOSP-openjdk-git\hotspot\src\share\vm\prims\jni.cpp, line 710]
Event: 1898.737 Thread 0x0000000021369000 Implicit null exception at 0x0000000003de02b3 to 0x0000000003de0e39
Event: 1898.740 Thread 0x0000000021369000 Implicit null exception at 0x00000000033852b5 to 0x00000000033855a1
Event: 2629.581 Thread 0x000000001c186800 Exception <a 'sun/nio/fs/WindowsException'> (0x00000000e577b408) thrown at [C:\src\AOSP-openjdk-git\hotspot\src\share\vm\prims\jni.cpp, line 710]
Event: 2629.686 Thread 0x000000001c186800 Exception <a 'sun/nio/fs/WindowsException'> (0x00000000e604de88) thrown at [C:\src\AOSP-openjdk-git\hotspot\src\share\vm\prims\jni.cpp, line 710]
Event: 2630.407 Thread 0x000000001a9c8000 Exception <a 'java/io/IOException'> (0x00000000ec82c7f0) thrown at [C:\src\AOSP-openjdk-git\hotspot\src\share\vm\prims\jni.cpp, line 710]

Events (10 events):
Event: 2630.392 Thread 0x000000001938a000 flushing nmethod 0x0000000003e98810
Event: 2630.402 Executing VM operation: RevokeBias
Event: 2630.403 Executing VM operation: RevokeBias done
Event: 2630.403 Executing VM operation: RevokeBias
Event: 2630.404 Executing VM operation: RevokeBias done
Event: 2630.404 Thread 0x000000001a9d1000 Thread exited: 0x000000001a9d1000
Event: 2630.404 Thread 0x000000001a9d5800 Thread exited: 0x000000001a9d5800
Event: 2630.407 Thread 0x000000001a9c8000 Uncommon trap: trap_request=0xffffffde fr.pc=0x0000000002abb700
Event: 2630.407 Thread 0x000000001a9c8000 DEOPT PACKING pc=0x0000000002abb700 sp=0x000000002ee5e3a0
Event: 2630.407 Thread 0x000000001a9c8000 DEOPT UNPACKING pc=0x000000000254557b sp=0x000000002ee5e370 mode 2


Dynamic libraries:
0x00007ff685b70000 - 0x00007ff685ba1000 	C:\Program Files\Android\Android Studio1\jre\bin\java.exe
0x00007ffa67af0000 - 0x00007ffa67ce5000 	C:\WINDOWS\SYSTEM32\ntdll.dll
0x00007ffa662b0000 - 0x00007ffa6636d000 	C:\WINDOWS\System32\KERNEL32.DLL
0x00007ffa65230000 - 0x00007ffa654f8000 	C:\WINDOWS\System32\KERNELBASE.dll
0x00007ffa65db0000 - 0x00007ffa65e5c000 	C:\WINDOWS\System32\ADVAPI32.dll
0x00007ffa66f10000 - 0x00007ffa66fae000 	C:\WINDOWS\System32\msvcrt.dll
0x00007ffa65d10000 - 0x00007ffa65dab000 	C:\WINDOWS\System32\sechost.dll
0x00007ffa66510000 - 0x00007ffa6663b000 	C:\WINDOWS\System32\RPCRT4.dll
0x00007ffa66370000 - 0x00007ffa66510000 	C:\WINDOWS\System32\USER32.dll
0x00007ffa65750000 - 0x00007ffa65772000 	C:\WINDOWS\System32\win32u.dll
0x00007ffa67a00000 - 0x00007ffa67a2a000 	C:\WINDOWS\System32\GDI32.dll
0x00007ffa65a50000 - 0x00007ffa65b5b000 	C:\WINDOWS\System32\gdi32full.dll
0x00007ffa65880000 - 0x00007ffa6591d000 	C:\WINDOWS\System32\msvcp_win.dll
0x00007ffa65780000 - 0x00007ffa65880000 	C:\WINDOWS\System32\ucrtbase.dll
0x00007ffa4b0f0000 - 0x00007ffa4b38a000 	C:\WINDOWS\WinSxS\amd64_microsoft.windows.common-controls_6595b64144ccf1df_6.0.19041.1052_none_60b8f8fd71f5e8cb\COMCTL32.dll
0x00007ffa679d0000 - 0x00007ffa67a00000 	C:\WINDOWS\System32\IMM32.DLL
0x000000005e0c0000 - 0x000000005e192000 	C:\Program Files\Android\Android Studio1\jre\jre\bin\msvcr100.dll
0x000000005d300000 - 0x000000005db4b000 	C:\Program Files\Android\Android Studio1\jre\jre\bin\server\jvm.dll
0x00007ffa66230000 - 0x00007ffa66238000 	C:\WINDOWS\System32\PSAPI.DLL
0x00007ffa4ae50000 - 0x00007ffa4ae77000 	C:\WINDOWS\SYSTEM32\WINMM.dll
0x00007ffa5f3b0000 - 0x00007ffa5f3b9000 	C:\WINDOWS\SYSTEM32\WSOCK32.dll
0x00007ffa5a9e0000 - 0x00007ffa5a9ea000 	C:\WINDOWS\SYSTEM32\VERSION.dll
0x00007ffa66240000 - 0x00007ffa662ab000 	C:\WINDOWS\System32\WS2_32.dll
0x00007ffa5c6b0000 - 0x00007ffa5c6bf000 	C:\Program Files\Android\Android Studio1\jre\jre\bin\verify.dll
0x00007ffa5ba80000 - 0x00007ffa5baa9000 	C:\Program Files\Android\Android Studio1\jre\jre\bin\java.dll
0x00007ffa5c690000 - 0x00007ffa5c6a6000 	C:\Program Files\Android\Android Studio1\jre\jre\bin\zip.dll
0x00007ffa667d0000 - 0x00007ffa66f0f000 	C:\WINDOWS\System32\SHELL32.dll
0x00007ffa60220000 - 0x00007ffa609b0000 	C:\WINDOWS\SYSTEM32\windows.storage.dll
0x00007ffa67420000 - 0x00007ffa67775000 	C:\WINDOWS\System32\combase.dll
0x00007ffa64ca0000 - 0x00007ffa64ccc000 	C:\WINDOWS\SYSTEM32\Wldp.dll
0x00007ffa65e60000 - 0x00007ffa65f0e000 	C:\WINDOWS\System32\SHCORE.dll
0x00007ffa66770000 - 0x00007ffa667c5000 	C:\WINDOWS\System32\shlwapi.dll
0x00007ffa65170000 - 0x00007ffa6518f000 	C:\WINDOWS\SYSTEM32\profapi.dll
0x00007ffa5a280000 - 0x00007ffa5a29a000 	C:\Program Files\Android\Android Studio1\jre\jre\bin\net.dll
0x00007ffa64a10000 - 0x00007ffa64a7a000 	C:\WINDOWS\system32\mswsock.dll
0x00007ffa5a260000 - 0x00007ffa5a273000 	C:\Program Files\Android\Android Studio1\jre\jre\bin\nio.dll
0x00007ffa5d870000 - 0x00007ffa5d897000 	C:\Users\Ankit kumar\.gradle\native\f6784746aeab05261644944871eae4fe03e0ef1612fff0a4a95f87b438bc6780\windows-amd64\native-platform.dll
0x00007ffa5c4d0000 - 0x00007ffa5c4dd000 	C:\Program Files\Android\Android Studio1\jre\jre\bin\management.dll
0x00007ffa64be0000 - 0x00007ffa64bf8000 	C:\WINDOWS\SYSTEM32\CRYPTSP.dll
0x00007ffa64340000 - 0x00007ffa64374000 	C:\WINDOWS\system32\rsaenh.dll
0x00007ffa659d0000 - 0x00007ffa659f7000 	C:\WINDOWS\System32\bcrypt.dll
0x00007ffa65130000 - 0x00007ffa6515e000 	C:\WINDOWS\SYSTEM32\USERENV.dll
0x00007ffa65500000 - 0x00007ffa65583000 	C:\WINDOWS\System32\bcryptprimitives.dll
0x00007ffa64c00000 - 0x00007ffa64c0c000 	C:\WINDOWS\SYSTEM32\CRYPTBASE.dll
0x00007ffa646b0000 - 0x00007ffa646eb000 	C:\WINDOWS\SYSTEM32\IPHLPAPI.DLL
0x00007ffa66760000 - 0x00007ffa66768000 	C:\WINDOWS\System32\NSI.dll
0x00007ffa59920000 - 0x00007ffa59937000 	C:\WINDOWS\SYSTEM32\dhcpcsvc6.DLL
0x00007ffa5a820000 - 0x00007ffa5a83d000 	C:\WINDOWS\SYSTEM32\dhcpcsvc.DLL
0x00007ffa64700000 - 0x00007ffa647cc000 	C:\WINDOWS\SYSTEM32\DNSAPI.dll
0x00007ffa5a860000 - 0x00007ffa5a86b000 	C:\WINDOWS\SYSTEM32\WINNSI.DLL
0x00007ffa5d850000 - 0x00007ffa5d86e000 	C:\Users\Ankit kumar\AppData\Local\Temp\native-platform2059012976651549288dir\native-platform.dll

VM Arguments:
jvm_args: -Xmx2048m -Dfile.encoding=UTF-8 -Duser.country=IN -Duser.language=en -Duser.variant 
java_command: org.gradle.launcher.daemon.bootstrap.GradleDaemon 6.5
java_class_path (initial): C:\Users\Ankit kumar\.gradle\wrapper\dists\gradle-6.5-bin\6nifqtx7604sqp1q6g8wikw7p\gradle-6.5\lib\gradle-launcher-6.5.jar
Launcher Type: SUN_STANDARD

Environment Variables:
PATH=C:\Users\Ankit kumar\AppData\Local\Android\Sdk\platform-tools;C:\Windows;C:\Windows\System32\Wbem;C:\Windows\System32\WindowsPowerShell\v1.0\;C:\Windows\System32\OpenSSH\;C:\Program Files (x86)\NVIDIA Corporation\PhysX\Common;C:\Program Files\Intel\WiFi\bin\;C:\Program Files\Common Files\Intel\WirelessCommon\;C:\Program Files\Java\jdk-11.0.5\bin;C:\WINDOWS\system32;C:\WINDOWS;C:\WINDOWS\System32\Wbem;C:\WINDOWS\System32\WindowsPowerShell\v1.0\;C:\WINDOWS\System32\OpenSSH\;C:\Program Files\PuTTY\;C:\Program Files\Git\cmd;C:\Users\Ankit kumar\AppData\Local\Microsoft\WindowsApps;C:\Users\Ankit kumar\AppData\Local\GitHubDesktop\bin
USERNAME=Ankit kumar
OS=Windows_NT
PROCESSOR_IDENTIFIER=Intel64 Family 6 Model 142 Stepping 12, GenuineIntel



---------------  S Y S T E M  ---------------

OS: Windows 10.0 , 64 bit Build 19041 (10.0.19041.1023)

CPU:total 8 (initial active 8) (4 cores per cpu, 2 threads per core) family 6 model 142 stepping 12, cmov, cx8, fxsr, mmx, sse, sse2, sse3, ssse3, sse4.1, sse4.2, popcnt, avx, avx2, aes, clmul, erms, 3dnowpref, lzcnt, ht, tsc, tscinvbit, bmi1, bmi2, adx

Memory: 4k page, physical 8236416k(937404k free), swap 8236416k(4144k free)

vm_info: OpenJDK 64-Bit Server VM (25.242-b01) for windows-amd64 JRE (1.8.0_242-release-1644-b01), built by "builder" with MS VC++ 10.0 (VS2010)

time: Sat Jun 26 12:11:47 2021
timezone: India Standard Time
elapsed time: 2630 seconds (0d 0h 43m 50s)

