#
# There is insufficient memory for the Java Runtime Environment to continue.
# Native memory allocation (malloc) failed to allocate 330928 bytes for Chunk::new
# Possible reasons:
#   The system is out of physical RAM or swap space
#   The process is running with CompressedOops enabled, and the Java Heap may be blocking the growth of the native heap
# Possible solutions:
#   Reduce memory load on the system
#   Increase physical memory or swap space
#   Check if swap backing store is full
#   Decrease Java heap size (-Xmx/-Xms)
#   Decrease number of Java threads
#   Decrease Java thread stack sizes (-Xss)
#   Set larger code cache with -XX:ReservedCodeCacheSize=
#   JVM is running with Unscaled Compressed Oops mode in which the Java heap is
#     placed in the first 4GB address space. The Java Heap base address is the
#     maximum limit for the native heap growth. Please use -XX:HeapBaseMinAddress
#     to set the Java Heap base and to place the Java Heap above 4GB virtual address.
# This output file may be truncated or incomplete.
#
#  Out of Memory Error (allocation.cpp:389), pid=7120, tid=0x00000000000022b0
#
# JRE version: OpenJDK Runtime Environment (8.0_242-b01) (build 1.8.0_242-release-1644-b01)
# Java VM: OpenJDK 64-Bit Server VM (25.242-b01 mixed mode windows-amd64 compressed oops)
# Failed to write core dump. Minidumps are not enabled by default on client versions of Windows
#

---------------  T H R E A D  ---------------

Current thread (0x000000001a079800):  JavaThread "C2 CompilerThread2" daemon [_thread_in_native, id=8880, stack(0x000000001ab40000,0x000000001ac40000)]

Stack: [0x000000001ab40000,0x000000001ac40000]
[error occurred during error reporting (printing stack bounds), id 0xc0000005]

Native frames: (J=compiled Java code, j=interpreted, Vv=VM code, C=native code)


Current CompileTask:
C2: 495722 21679       4       java.lang.Class::privateGetPublicMethods (267 bytes)


---------------  P R O C E S S  ---------------

Java Threads: ( => current thread )
  0x0000000021c38800 JavaThread "stdout" [_thread_in_native, id=6976, stack(0x000000002f160000,0x000000002f260000)]
  0x0000000021c35800 JavaThread "stderr" [_thread_in_native, id=13440, stack(0x000000002f060000,0x000000002f160000)]
  0x0000000021c37000 JavaThread "pool-23-thread-1" [_thread_blocked, id=12880, stack(0x000000002ef60000,0x000000002f060000)]
  0x0000000021c36800 JavaThread "WorkerExecutor Queue Thread 2" [_thread_blocked, id=13168, stack(0x000000002ea60000,0x000000002eb60000)]
  0x0000000021c2e000 JavaThread "WorkerExecutor Queue" [_thread_blocked, id=7880, stack(0x000000002e960000,0x000000002ea60000)]
  0x0000000021c35000 JavaThread "Cache worker for execution history cache (C:\Users\Ankit kumar\AndroidStudioProjects\BookStore\.gradle\6.5\executionHistory)" [_thread_blocked, id=12256, stack(0x000000002e860000,0x000000002e960000)]
  0x0000000021c2d800 JavaThread "Execution worker for ':' Thread 7" [_thread_blocked, id=5392, stack(0x000000002e760000,0x000000002e860000)]
  0x0000000021c34000 JavaThread "Execution worker for ':' Thread 6" [_thread_blocked, id=1948, stack(0x000000002d030000,0x000000002d130000)]
  0x0000000021c2c800 JavaThread "Execution worker for ':' Thread 5" [_thread_blocked, id=1400, stack(0x000000002c9f0000,0x000000002caf0000)]
  0x0000000021c33800 JavaThread "Execution worker for ':' Thread 4" [_thread_blocked, id=14168, stack(0x000000002b8f0000,0x000000002b9f0000)]
  0x0000000021c2c000 JavaThread "Execution worker for ':' Thread 3" [_thread_blocked, id=14292, stack(0x000000002b5d0000,0x000000002b6d0000)]
  0x0000000021c32800 JavaThread "Execution worker for ':' Thread 2" [_thread_blocked, id=10976, stack(0x000000002b4d0000,0x000000002b5d0000)]
  0x0000000021c31000 JavaThread "Execution worker for ':'" [_thread_blocked, id=2304, stack(0x000000002b3d0000,0x000000002b4d0000)]
  0x0000000021c2b000 JavaThread "Cache worker for file content cache (C:\Users\Ankit kumar\AndroidStudioProjects\BookStore\.gradle\6.5\fileContent)" [_thread_blocked, id=15316, stack(0x000000002b2d0000,0x000000002b3d0000)]
  0x0000000021c30800 JavaThread "pool-22-thread-1" [_thread_blocked, id=12668, stack(0x000000002b1d0000,0x000000002b2d0000)]
  0x0000000021c2f800 JavaThread "Cache worker for Build Output Cleanup Cache (C:\Users\Ankit kumar\AndroidStudioProjects\BookStore\.gradle\buildOutputCleanup)" [_thread_blocked, id=11920, stack(0x0000000023cd0000,0x0000000023dd0000)]
  0x0000000021c2f000 JavaThread "Build operations Thread 8" [_thread_blocked, id=2764, stack(0x0000000023bd0000,0x0000000023cd0000)]
  0x0000000021c32000 JavaThread "Build operations Thread 7" [_thread_blocked, id=6176, stack(0x0000000023ad0000,0x0000000023bd0000)]
  0x0000000021c23800 JavaThread "Build operations Thread 6" [_thread_blocked, id=12976, stack(0x0000000023770000,0x0000000023870000)]
  0x0000000021c22800 JavaThread "Build operations Thread 5" [_thread_blocked, id=10472, stack(0x0000000023170000,0x0000000023270000)]
  0x0000000021c29800 JavaThread "Build operations Thread 4" [_thread_blocked, id=14244, stack(0x0000000022c60000,0x0000000022d60000)]
  0x0000000021c22000 JavaThread "Build operations Thread 3" [_thread_blocked, id=12756, stack(0x0000000022860000,0x0000000022960000)]
  0x0000000021c28800 JavaThread "Build operations Thread 2" [_thread_blocked, id=2640, stack(0x0000000021500000,0x0000000021600000)]
  0x0000000021c21000 JavaThread "Build operations" [_thread_blocked, id=13764, stack(0x0000000021400000,0x0000000021500000)]
  0x0000000021c27000 JavaThread "Cache worker for cache directory md-rule (C:\Users\Ankit kumar\.gradle\caches\6.5\md-rule)" [_thread_blocked, id=14512, stack(0x000000001ea60000,0x000000001eb60000)]
  0x0000000021c26800 JavaThread "Cache worker for cache directory md-supplier (C:\Users\Ankit kumar\.gradle\caches\6.5\md-supplier)" [_thread_blocked, id=14964, stack(0x000000001e960000,0x000000001ea60000)]
  0x0000000021c25800 JavaThread "Cache worker for checksums cache (C:\Users\Ankit kumar\AndroidStudioProjects\BookStore\.gradle\checksums)" [_thread_blocked, id=7036, stack(0x000000001e860000,0x000000001e960000)]
  0x0000000021c1e000 JavaThread "Cache worker for file hash cache (C:\Users\Ankit kumar\AndroidStudioProjects\BookStore\.gradle\6.5\fileHashes)" [_thread_blocked, id=15432, stack(0x000000001e760000,0x000000001e860000)]
  0x0000000021c20800 JavaThread "Thread-604" [_thread_blocked, id=11928, stack(0x000000001e660000,0x000000001e760000)]
  0x0000000021c25000 JavaThread "Stdin handler" [_thread_blocked, id=11232, stack(0x000000001e560000,0x000000001e660000)]
  0x0000000021c1f800 JavaThread "Asynchronous log dispatcher for DefaultDaemonConnection: socket connection from /127.0.0.1:49631 to /127.0.0.1:49763" [_thread_blocked, id=12872, stack(0x000000001de20000,0x000000001df20000)]
  0x0000000021c1f000 JavaThread "Cancel handler" [_thread_blocked, id=10324, stack(0x000000001dd20000,0x000000001de20000)]
  0x0000000021c24000 JavaThread "Handler for socket connection from /127.0.0.1:49631 to /127.0.0.1:49763" [_thread_in_native, id=14340, stack(0x00000000014d0000,0x00000000015d0000)]
  0x0000000021c3b000 JavaThread "ForkJoinPool.commonPool-worker-2" daemon [_thread_blocked, id=2788, stack(0x0000000030c30000,0x0000000030d30000)]
  0x0000000020b54800 JavaThread "jar transforms Thread 339" [_thread_blocked, id=10756, stack(0x000000002b0d0000,0x000000002b1d0000)]
  0x0000000020b54000 JavaThread "jar transforms Thread 338" [_thread_blocked, id=10732, stack(0x000000002afd0000,0x000000002b0d0000)]
  0x0000000020b52800 JavaThread "jar transforms Thread 337" [_thread_blocked, id=11564, stack(0x000000002aed0000,0x000000002afd0000)]
  0x0000000020b57000 JavaThread "jar transforms Thread 336" [_thread_blocked, id=6544, stack(0x000000002add0000,0x000000002aed0000)]
  0x0000000020b56000 JavaThread "jar transforms Thread 335" [_thread_blocked, id=5828, stack(0x000000002acd0000,0x000000002add0000)]
  0x000000001b516000 JavaThread "jar transforms Thread 334" [_thread_blocked, id=3016, stack(0x000000002abd0000,0x000000002acd0000)]
  0x000000001b515000 JavaThread "jar transforms Thread 333" [_thread_blocked, id=14980, stack(0x000000002aad0000,0x000000002abd0000)]
  0x000000001b514000 JavaThread "jar transforms Thread 332" [_thread_blocked, id=7368, stack(0x000000002a9d0000,0x000000002aad0000)]
  0x000000001b513800 JavaThread "jar transforms Thread 331" [_thread_blocked, id=2724, stack(0x000000002a8d0000,0x000000002a9d0000)]
  0x000000001b511000 JavaThread "jar transforms Thread 330" [_thread_blocked, id=13212, stack(0x000000002a7d0000,0x000000002a8d0000)]
  0x000000001b512000 JavaThread "jar transforms Thread 329" [_thread_blocked, id=14580, stack(0x000000002a6d0000,0x000000002a7d0000)]
  0x000000001b512800 JavaThread "jar transforms Thread 328" [_thread_blocked, id=8268, stack(0x000000002a5d0000,0x000000002a6d0000)]
  0x000000001b518000 JavaThread "jar transforms Thread 327" [_thread_blocked, id=1156, stack(0x000000002a4d0000,0x000000002a5d0000)]
  0x000000001b517800 JavaThread "jar transforms Thread 326" [_thread_blocked, id=13332, stack(0x000000002a3d0000,0x000000002a4d0000)]
  0x000000001b516800 JavaThread "jar transforms Thread 325" [_thread_blocked, id=13248, stack(0x000000002a2d0000,0x000000002a3d0000)]
  0x000000001b509800 JavaThread "jar transforms Thread 324" [_thread_blocked, id=12364, stack(0x000000002a1d0000,0x000000002a2d0000)]
  0x000000001b510800 JavaThread "jar transforms Thread 323" [_thread_blocked, id=12724, stack(0x000000002a0d0000,0x000000002a1d0000)]
  0x000000001b50f000 JavaThread "jar transforms Thread 322" [_thread_blocked, id=6232, stack(0x0000000029fd0000,0x000000002a0d0000)]
  0x000000001b509000 JavaThread "jar transforms Thread 321" [_thread_blocked, id=12428, stack(0x0000000029ed0000,0x0000000029fd0000)]
  0x000000001b50b000 JavaThread "jar transforms Thread 320" [_thread_blocked, id=15852, stack(0x0000000029dd0000,0x0000000029ed0000)]
  0x000000001b50f800 JavaThread "jar transforms Thread 319" [_thread_blocked, id=15912, stack(0x0000000029cd0000,0x0000000029dd0000)]
  0x000000001b50a800 JavaThread "jar transforms Thread 318" [_thread_blocked, id=5380, stack(0x0000000029bd0000,0x0000000029cd0000)]
  0x000000001b50e000 JavaThread "jar transforms Thread 317" [_thread_blocked, id=11476, stack(0x0000000029ad0000,0x0000000029bd0000)]
  0x000000001b50d800 JavaThread "jar transforms Thread 316" [_thread_blocked, id=8164, stack(0x00000000299d0000,0x0000000029ad0000)]
  0x000000001b50c000 JavaThread "jar transforms Thread 315" [_thread_blocked, id=13896, stack(0x00000000298d0000,0x00000000299d0000)]
  0x000000001b50c800 JavaThread "jar transforms Thread 314" [_thread_blocked, id=14604, stack(0x00000000297d0000,0x00000000298d0000)]
  0x000000001ff92800 JavaThread "jar transforms Thread 313" [_thread_blocked, id=14960, stack(0x00000000296d0000,0x00000000297d0000)]
  0x000000001ff91800 JavaThread "jar transforms Thread 312" [_thread_blocked, id=3440, stack(0x00000000295d0000,0x00000000296d0000)]
  0x000000001ff91000 JavaThread "jar transforms Thread 311" [_thread_blocked, id=14256, stack(0x00000000294d0000,0x00000000295d0000)]
  0x000000001ff95800 JavaThread "jar transforms Thread 310" [_thread_blocked, id=11804, stack(0x00000000293d0000,0x00000000294d0000)]
  0x000000001ff94800 JavaThread "jar transforms Thread 309" [_thread_blocked, id=5388, stack(0x00000000292d0000,0x00000000293d0000)]
  0x000000001ff93000 JavaThread "jar transforms Thread 308" [_thread_blocked, id=16036, stack(0x00000000291d0000,0x00000000292d0000)]
  0x000000001ff8f800 JavaThread "jar transforms Thread 307" [_thread_blocked, id=4388, stack(0x00000000290d0000,0x00000000291d0000)]
  0x000000001ff8d000 JavaThread "jar transforms Thread 306" [_thread_blocked, id=13604, stack(0x0000000028fd0000,0x00000000290d0000)]
  0x000000001ff8e800 JavaThread "jar transforms Thread 305" [_thread_blocked, id=844, stack(0x0000000028ed0000,0x0000000028fd0000)]
  0x000000001ff94000 JavaThread "jar transforms Thread 304" [_thread_blocked, id=5460, stack(0x0000000028dd0000,0x0000000028ed0000)]
  0x000000001ff8a000 JavaThread "jar transforms Thread 303" [_thread_blocked, id=16068, stack(0x0000000028cd0000,0x0000000028dd0000)]
  0x000000001ff8e000 JavaThread "jar transforms Thread 302" [_thread_blocked, id=3228, stack(0x0000000028bd0000,0x0000000028cd0000)]
  0x000000001ff89800 JavaThread "jar transforms Thread 301" [_thread_blocked, id=11588, stack(0x0000000028ad0000,0x0000000028bd0000)]
  0x000000001ff90000 JavaThread "jar transforms Thread 300" [_thread_blocked, id=14956, stack(0x00000000289d0000,0x0000000028ad0000)]
  0x000000001ff88000 JavaThread "jar transforms Thread 299" [_thread_blocked, id=15508, stack(0x00000000288d0000,0x00000000289d0000)]
  0x000000001ff86800 JavaThread "jar transforms Thread 298" [_thread_blocked, id=10256, stack(0x00000000287d0000,0x00000000288d0000)]
  0x000000001ff87000 JavaThread "jar transforms Thread 297" [_thread_blocked, id=14600, stack(0x00000000286d0000,0x00000000287d0000)]
  0x000000001ff8c800 JavaThread "jar transforms Thread 296" [_thread_blocked, id=11396, stack(0x00000000285d0000,0x00000000286d0000)]
  0x000000001ff8b800 JavaThread "jar transforms Thread 295" [_thread_blocked, id=15352, stack(0x00000000284d0000,0x00000000285d0000)]
  0x000000001ff8b000 JavaThread "jar transforms Thread 294" [_thread_blocked, id=16176, stack(0x00000000283d0000,0x00000000284d0000)]
  0x000000001ff88800 JavaThread "jar transforms Thread 293" [_thread_blocked, id=15480, stack(0x00000000282d0000,0x00000000283d0000)]
  0x000000001b638800 JavaThread "jar transforms Thread 292" [_thread_blocked, id=7420, stack(0x00000000281d0000,0x00000000282d0000)]
  0x000000001b639000 JavaThread "jar transforms Thread 291" [_thread_blocked, id=8004, stack(0x00000000280d0000,0x00000000281d0000)]
  0x000000001b631000 JavaThread "jar transforms Thread 290" [_thread_blocked, id=15832, stack(0x0000000027fd0000,0x00000000280d0000)]
  0x000000001b637800 JavaThread "jar transforms Thread 289" [_thread_blocked, id=15828, stack(0x0000000027ed0000,0x0000000027fd0000)]
  0x000000001b637000 JavaThread "jar transforms Thread 288" [_thread_blocked, id=15956, stack(0x0000000027dd0000,0x0000000027ed0000)]
  0x000000001b636000 JavaThread "jar transforms Thread 287" [_thread_blocked, id=9336, stack(0x0000000027cd0000,0x0000000027dd0000)]
  0x000000001b635800 JavaThread "jar transforms Thread 286" [_thread_blocked, id=8244, stack(0x0000000027bd0000,0x0000000027cd0000)]
  0x000000001b634800 JavaThread "jar transforms Thread 285" [_thread_blocked, id=12696, stack(0x0000000027ad0000,0x0000000027bd0000)]
  0x000000001b634000 JavaThread "jar transforms Thread 284" [_thread_blocked, id=3320, stack(0x00000000279d0000,0x0000000027ad0000)]
  0x000000001b633000 JavaThread "jar transforms Thread 283" [_thread_blocked, id=8200, stack(0x00000000278d0000,0x00000000279d0000)]
  0x000000001b632800 JavaThread "jar transforms Thread 282" [_thread_blocked, id=13540, stack(0x00000000277d0000,0x00000000278d0000)]
  0x000000001b631800 JavaThread "jar transforms Thread 281" [_thread_blocked, id=13016, stack(0x00000000276d0000,0x00000000277d0000)]
  0x000000001b62a000 JavaThread "jar transforms Thread 280" [_thread_blocked, id=11820, stack(0x00000000275d0000,0x00000000276d0000)]
  0x000000001b62e800 JavaThread "jar transforms Thread 279" [_thread_blocked, id=12416, stack(0x00000000274d0000,0x00000000275d0000)]
  0x000000001b62e000 JavaThread "jar transforms Thread 278" [_thread_blocked, id=9820, stack(0x00000000273d0000,0x00000000274d0000)]
  0x000000001b62d000 JavaThread "jar transforms Thread 277" [_thread_blocked, id=14924, stack(0x00000000272d0000,0x00000000273d0000)]
  0x000000001b62c800 JavaThread "jar transforms Thread 276" [_thread_blocked, id=16296, stack(0x00000000271d0000,0x00000000272d0000)]
  0x000000001b630000 JavaThread "jar transforms Thread 275" [_thread_blocked, id=16292, stack(0x00000000270d0000,0x00000000271d0000)]
  0x000000001b62f800 JavaThread "jar transforms Thread 274" [_thread_blocked, id=16300, stack(0x0000000026fd0000,0x00000000270d0000)]
  0x000000001b62b800 JavaThread "jar transforms Thread 273" [_thread_blocked, id=12420, stack(0x0000000026ed0000,0x0000000026fd0000)]
  0x000000001b62b000 JavaThread "jar transforms Thread 272" [_thread_blocked, id=12876, stack(0x0000000026dd0000,0x0000000026ed0000)]
  0x000000001ccb2800 JavaThread "jar transforms Thread 271" [_thread_blocked, id=4416, stack(0x0000000026cd0000,0x0000000026dd0000)]
  0x000000001ccb7000 JavaThread "jar transforms Thread 270" [_thread_blocked, id=15752, stack(0x0000000026bd0000,0x0000000026cd0000)]
  0x000000001ccb4000 JavaThread "jar transforms Thread 269" [_thread_blocked, id=15612, stack(0x0000000026ad0000,0x0000000026bd0000)]
  0x000000001ccb5800 JavaThread "jar transforms Thread 268" [_thread_blocked, id=15616, stack(0x00000000269d0000,0x0000000026ad0000)]
  0x000000001ccb6800 JavaThread "jar transforms Thread 267" [_thread_blocked, id=13372, stack(0x00000000268d0000,0x00000000269d0000)]
  0x0000000020c25800 JavaThread "jar transforms Thread 266" [_thread_blocked, id=15780, stack(0x00000000267d0000,0x00000000268d0000)]
  0x0000000020c24800 JavaThread "jar transforms Thread 265" [_thread_blocked, id=15916, stack(0x00000000266d0000,0x00000000267d0000)]
  0x0000000020c23000 JavaThread "jar transforms Thread 264" [_thread_blocked, id=15792, stack(0x00000000265d0000,0x00000000266d0000)]
  0x0000000020c22800 JavaThread "jar transforms Thread 263" [_thread_blocked, id=15796, stack(0x00000000264d0000,0x00000000265d0000)]
  0x0000000020c29000 JavaThread "jar transforms Thread 262" [_thread_blocked, id=11408, stack(0x00000000263d0000,0x00000000264d0000)]
  0x0000000020c21800 JavaThread "jar transforms Thread 261" [_thread_blocked, id=14028, stack(0x00000000262d0000,0x00000000263d0000)]
  0x0000000020c28800 JavaThread "jar transforms Thread 260" [_thread_blocked, id=12640, stack(0x00000000261d0000,0x00000000262d0000)]
  0x0000000020c24000 JavaThread "jar transforms Thread 259" [_thread_blocked, id=12984, stack(0x00000000260d0000,0x00000000261d0000)]
  0x0000000020c21000 JavaThread "jar transforms Thread 258" [_thread_blocked, id=3776, stack(0x0000000025fd0000,0x00000000260d0000)]
  0x0000000020c1f800 JavaThread "jar transforms Thread 257" [_thread_blocked, id=7612, stack(0x0000000025ed0000,0x0000000025fd0000)]
  0x0000000020c1a800 JavaThread "jar transforms Thread 256" [_thread_blocked, id=952, stack(0x0000000025dd0000,0x0000000025ed0000)]
  0x0000000020c1e800 JavaThread "jar transforms Thread 255" [_thread_blocked, id=1712, stack(0x0000000025cd0000,0x0000000025dd0000)]
  0x0000000020c20000 JavaThread "jar transforms Thread 254" [_thread_blocked, id=12980, stack(0x0000000025bd0000,0x0000000025cd0000)]
  0x0000000022640800 JavaThread "jar transforms Thread 253" [_thread_blocked, id=10636, stack(0x0000000025ad0000,0x0000000025bd0000)]
  0x000000002263f800 JavaThread "jar transforms Thread 252" [_thread_blocked, id=2912, stack(0x00000000259d0000,0x0000000025ad0000)]
  0x000000002263f000 JavaThread "jar transforms Thread 251" [_thread_blocked, id=6804, stack(0x00000000258d0000,0x00000000259d0000)]
  0x000000002263e000 JavaThread "jar transforms Thread 250" [_thread_blocked, id=5128, stack(0x00000000257d0000,0x00000000258d0000)]
  0x000000002263d800 JavaThread "jar transforms Thread 249" [_thread_blocked, id=15444, stack(0x00000000256d0000,0x00000000257d0000)]
  0x0000000022643800 JavaThread "jar transforms Thread 248" [_thread_blocked, id=3456, stack(0x00000000255d0000,0x00000000256d0000)]
  0x0000000022642000 JavaThread "jar transforms Thread 247" [_thread_blocked, id=13532, stack(0x00000000254d0000,0x00000000255d0000)]
  0x0000000022635800 JavaThread "jar transforms Thread 246" [_thread_blocked, id=11456, stack(0x00000000253d0000,0x00000000254d0000)]
  0x000000002263b000 JavaThread "jar transforms Thread 245" [_thread_blocked, id=13188, stack(0x00000000252d0000,0x00000000253d0000)]
  0x000000002263c800 JavaThread "jar transforms Thread 244" [_thread_blocked, id=12988, stack(0x00000000251d0000,0x00000000252d0000)]
  0x0000000022638000 JavaThread "jar transforms Thread 243" [_thread_blocked, id=2516, stack(0x00000000250d0000,0x00000000251d0000)]
  0x0000000022639000 JavaThread "jar transforms Thread 242" [_thread_blocked, id=10216, stack(0x0000000024fd0000,0x00000000250d0000)]
  0x0000000022639800 JavaThread "jar transforms Thread 241" [_thread_blocked, id=888, stack(0x0000000024cd0000,0x0000000024dd0000)]
  0x0000000022637000 JavaThread "jar transforms Thread 240" [_thread_blocked, id=12500, stack(0x0000000024bd0000,0x0000000024cd0000)]
  0x000000002220a800 JavaThread "jar transforms Thread 239" [_thread_blocked, id=3264, stack(0x0000000024ad0000,0x0000000024bd0000)]
  0x0000000022209000 JavaThread "jar transforms Thread 238" [_thread_blocked, id=1884, stack(0x00000000249d0000,0x0000000024ad0000)]
  0x000000002220a000 JavaThread "jar transforms Thread 237" [_thread_blocked, id=8576, stack(0x00000000248d0000,0x00000000249d0000)]
  0x0000000022207000 JavaThread "jar transforms Thread 236" [_thread_blocked, id=1176, stack(0x00000000247d0000,0x00000000248d0000)]
  0x0000000022208800 JavaThread "jar transforms Thread 235" [_thread_blocked, id=7188, stack(0x00000000246d0000,0x00000000247d0000)]
  0x0000000022200000 JavaThread "jar transforms Thread 234" [_thread_blocked, id=9920, stack(0x00000000245d0000,0x00000000246d0000)]
  0x0000000022201000 JavaThread "jar transforms Thread 233" [_thread_blocked, id=16152, stack(0x00000000244d0000,0x00000000245d0000)]
  0x0000000022206000 JavaThread "jar transforms Thread 232" [_thread_blocked, id=15632, stack(0x00000000243d0000,0x00000000244d0000)]
  0x00000000221fe800 JavaThread "jar transforms Thread 231" [_thread_blocked, id=15748, stack(0x00000000242d0000,0x00000000243d0000)]
  0x0000000022205800 JavaThread "jar transforms Thread 230" [_thread_blocked, id=7240, stack(0x00000000240d0000,0x00000000241d0000)]
  0x0000000022204800 JavaThread "jar transforms Thread 229" [_thread_blocked, id=7676, stack(0x0000000023fd0000,0x00000000240d0000)]
  0x0000000022204000 JavaThread "jar transforms Thread 228" [_thread_blocked, id=15148, stack(0x0000000023ed0000,0x0000000023fd0000)]
  0x00000000221fc800 JavaThread "jar transforms Thread 227" [_thread_blocked, id=15140, stack(0x0000000023dd0000,0x0000000023ed0000)]
  0x000000001fb5e800 JavaThread "Daemon worker Thread 3" [_thread_blocked, id=4448, stack(0x000000001e460000,0x000000001e560000)]
  0x000000001fb57800 JavaThread "Daemon Thread 3" [_thread_blocked, id=8384, stack(0x00000000015d0000,0x00000000016d0000)]
  0x0000000020c1d000 JavaThread "Cache worker for Java compile cache (C:\Users\Ankit kumar\.gradle\caches\6.5\javaCompile)" [_thread_blocked, id=15768, stack(0x00000000013d0000,0x00000000014d0000)]
  0x0000000020c1c000 JavaThread "RMI Reaper" [_thread_blocked, id=9332, stack(0x0000000031890000,0x0000000031990000)]
  0x0000000020c1e000 JavaThread "RMI TCP Accept-0" daemon [_thread_in_native, id=14988, stack(0x0000000031790000,0x0000000031890000)]
  0x0000000020c1a000 JavaThread "GC Daemon" daemon [_thread_blocked, id=1504, stack(0x0000000031690000,0x0000000031790000)]
  0x0000000020c1b800 JavaThread "RMI Scheduler(0)" daemon [_thread_blocked, id=14468, stack(0x000000002f290000,0x000000002f390000)]
  0x0000000022203000 JavaThread "MarlinRenderer Disposer" daemon [_thread_blocked, id=5816, stack(0x000000002fa90000,0x000000002fb90000)]
  0x0000000022202800 JavaThread "Java2D Disposer" daemon [_thread_blocked, id=4856, stack(0x000000002f990000,0x000000002fa90000)]
  0x0000000022636800 JavaThread "Memory manager" [_thread_blocked, id=13296, stack(0x000000002cbe0000,0x000000002cce0000)]
  0x000000001ccb8800 JavaThread "Cache worker for file content cache (C:\Users\Ankit kumar\.gradle\caches\6.5\fileContent)" [_thread_blocked, id=11336, stack(0x0000000023270000,0x0000000023370000)]
  0x000000001ccb8000 JavaThread "Cache worker for execution history cache (C:\Users\Ankit kumar\.gradle\caches\6.5\executionHistory)" [_thread_blocked, id=11828, stack(0x0000000022960000,0x0000000022a60000)]
  0x000000001ccb5000 JavaThread "Cache worker for file hash cache (C:\Users\Ankit kumar\.gradle\caches\6.5\fileHashes)" [_thread_blocked, id=2712, stack(0x000000001ef60000,0x000000001f060000)]
  0x000000001ccb3800 JavaThread "File lock request listener" [_thread_in_native, id=15100, stack(0x000000001ee60000,0x000000001ef60000)]
  0x000000001ce37000 JavaThread "Cache worker for journal cache (C:\Users\Ankit kumar\.gradle\caches\journal-1)" [_thread_blocked, id=11964, stack(0x000000001ed60000,0x000000001ee60000)]
  0x000000001b058000 JavaThread "Daemon periodic checks" [_thread_blocked, id=8536, stack(0x000000001e160000,0x000000001e260000)]
  0x000000001c9b3000 JavaThread "Incoming local TCP Connector on port 49631" [_thread_in_native, id=11740, stack(0x000000001df20000,0x000000001e020000)]
  0x000000001c550800 JavaThread "Daemon health stats" [_thread_blocked, id=3736, stack(0x000000001d8e0000,0x000000001d9e0000)]
  0x000000001a10b800 JavaThread "Service Thread" daemon [_thread_blocked, id=11048, stack(0x000000001ad40000,0x000000001ae40000)]
  0x000000001a07c000 JavaThread "C1 CompilerThread3" daemon [_thread_blocked, id=3360, stack(0x000000001ac40000,0x000000001ad40000)]
=>0x000000001a079800 JavaThread "C2 CompilerThread2" daemon [_thread_in_native, id=8880, stack(0x000000001ab40000,0x000000001ac40000)]
  0x000000001827b800 JavaThread "C2 CompilerThread1" daemon [_thread_blocked, id=11252, stack(0x000000001aa40000,0x000000001ab40000)]
  0x000000001a076800 JavaThread "C2 CompilerThread0" daemon [_thread_blocked, id=14060, stack(0x000000001a940000,0x000000001aa40000)]
  0x000000001a075000 JavaThread "Attach Listener" daemon [_thread_blocked, id=7276, stack(0x000000001a840000,0x000000001a940000)]
  0x000000001a074000 JavaThread "Signal Dispatcher" daemon [_thread_blocked, id=12688, stack(0x000000001a740000,0x000000001a840000)]
  0x00000000031fe000 JavaThread "Finalizer" daemon [_thread_blocked, id=6040, stack(0x000000001a540000,0x000000001a640000)]
  0x00000000031f7000 JavaThread "Reference Handler" daemon [_thread_blocked, id=288, stack(0x000000001a440000,0x000000001a540000)]
  0x0000000002f9e800 JavaThread "main" [_thread_blocked, id=12648, stack(0x0000000003000000,0x0000000003100000)]

Other Threads:
  0x0000000018266000 VMThread [stack: 0x0000000019f40000,0x000000001a040000] [id=11404]
  0x000000001a10c800 WatcherThread [stack: 0x000000001ae40000,0x000000001af40000] [id=7316]

VM state:not at safepoint (normal execution)

VM Mutex/Monitor currently owned by a thread: None

OutOfMemory and StackOverflow Exception counts:
OutOfMemoryError java_heap_errors=1

heap address: 0x0000000080000000, size: 2048 MB, Compressed Oops mode: 32-bit
Narrow klass base: 0x0000000000000000, Narrow klass shift: 3
Compressed class space size: 1073741824 Address: 0x0000000100000000

Heap:
 PSYoungGen      total 371200K, used 289438K [0x00000000d5580000, 0x00000000efa00000, 0x0000000100000000)
  eden space 324096K, 82% used [0x00000000d5580000,0x00000000e5a6b7f8,0x00000000e9200000)
  from space 47104K, 47% used [0x00000000ecc00000,0x00000000ee1bc0a0,0x00000000efa00000)
  to   space 53248K, 0% used [0x00000000e9200000,0x00000000e9200000,0x00000000ec600000)
 ParOldGen       total 138752K, used 72233K [0x0000000080000000, 0x0000000088780000, 0x00000000d5580000)
  object space 138752K, 52% used [0x0000000080000000,0x000000008468a508,0x0000000088780000)
 Metaspace       used 103894K, capacity 110238K, committed 111128K, reserved 1144832K
  class space    used 13576K, capacity 14701K, committed 15152K, reserved 1048576K

Card table byte_map: [0x00000000125c0000,0x00000000129d0000] byte_map_base: 0x00000000121c0000

Marking Bits: (ParMarkBitMap*) 0x00000000664ef030
 Begin Bits: [0x0000000013480000, 0x0000000015480000)
 End Bits:   [0x0000000015480000, 0x0000000017480000)

Polling page: 0x0000000002f00000

CodeCache: size=245760Kb used=55344Kb max_used=55379Kb free=190415Kb
 bounds [0x0000000003200000, 0x0000000006880000, 0x0000000012200000]
 total_blobs=18118 nmethods=17083 adapters=947
 compilation: enabled

Compilation events (10 events):
Event: 495.362 Thread 0x000000001827b800 nmethod 21803 0x0000000004afced0 code [0x0000000004afd020, 0x0000000004afd1e8]
Event: 495.363 Thread 0x000000001827b800 21809       4       java.io.ObjectInputStream$BlockDataInputStream::currentBlockRemaining (41 bytes)
Event: 495.363 Thread 0x000000001827b800 nmethod 21809 0x00000000036ce4d0 code [0x00000000036ce600, 0x00000000036ce698]
Event: 495.364 Thread 0x000000001827b800 21789       4       org.gradle.api.internal.artifacts.ivyservice.dependencysubstitution.DefaultDependencySubstitutions::substitute (10 bytes)
Event: 495.365 Thread 0x000000001827b800 nmethod 21789 0x000000000360ea10 code [0x000000000360eb60, 0x000000000360ec78]
Event: 495.366 Thread 0x000000001827b800 21790       4       org.gradle.api.internal.artifacts.ivyservice.dependencysubstitution.DefaultDependencySubstitutions$1::because (19 bytes)
Event: 495.373 Thread 0x000000001827b800 nmethod 21790 0x000000000353bdd0 code [0x000000000353bf60, 0x000000000353c488]
Event: 495.373 Thread 0x000000001827b800 21788       4       java.io.ObjectOutputStream::writeClassDescriptor (6 bytes)
Event: 495.374 Thread 0x000000001827b800 nmethod 21788 0x00000000055a8890 code [0x00000000055a89e0, 0x00000000055a8a88]
Event: 495.639 Thread 0x000000001a076800 nmethod 21766 0x000000000685d450 code [0x000000000685db40, 0x0000000006863898]

GC Heap History (10 events):
Event: 59.698 GC heap before
{Heap before GC invocations=24 (full 6):
 PSYoungGen      total 331776K, used 301531K [0x00000000d5580000, 0x00000000eef00000, 0x0000000100000000)
  eden space 290816K, 100% used [0x00000000d5580000,0x00000000e7180000,0x00000000e7180000)
  from space 40960K, 26% used [0x00000000ec700000,0x00000000ed176c70,0x00000000eef00000)
  to   space 35840K, 0% used [0x00000000e7180000,0x00000000e7180000,0x00000000e9480000)
 ParOldGen       total 138752K, used 138644K [0x0000000080000000, 0x0000000088780000, 0x00000000d5580000)
  object space 138752K, 99% used [0x0000000080000000,0x0000000088765020,0x0000000088780000)
 Metaspace       used 100616K, capacity 105474K, committed 107544K, reserved 1142784K
  class space    used 13297K, capacity 14269K, committed 15152K, reserved 1048576K
Event: 59.884 GC heap after
Heap after GC invocations=24 (full 6):
 PSYoungGen      total 331776K, used 0K [0x00000000d5580000, 0x00000000eef00000, 0x0000000100000000)
  eden space 290816K, 0% used [0x00000000d5580000,0x00000000d5580000,0x00000000e7180000)
  from space 40960K, 0% used [0x00000000ec700000,0x00000000ec700000,0x00000000eef00000)
  to   space 35840K, 0% used [0x00000000e7180000,0x00000000e7180000,0x00000000e9480000)
 ParOldGen       total 138752K, used 72201K [0x0000000080000000, 0x0000000088780000, 0x00000000d5580000)
  object space 138752K, 52% used [0x0000000080000000,0x0000000084682508,0x0000000088780000)
 Metaspace       used 100616K, capacity 105474K, committed 107544K, reserved 1142784K
  class space    used 13297K, capacity 14269K, committed 15152K, reserved 1048576K
}
Event: 172.509 GC heap before
{Heap before GC invocations=25 (full 6):
 PSYoungGen      total 331776K, used 290816K [0x00000000d5580000, 0x00000000eef00000, 0x0000000100000000)
  eden space 290816K, 100% used [0x00000000d5580000,0x00000000e7180000,0x00000000e7180000)
  from space 40960K, 0% used [0x00000000ec700000,0x00000000ec700000,0x00000000eef00000)
  to   space 35840K, 0% used [0x00000000e7180000,0x00000000e7180000,0x00000000e9480000)
 ParOldGen       total 138752K, used 72201K [0x0000000080000000, 0x0000000088780000, 0x00000000d5580000)
  object space 138752K, 52% used [0x0000000080000000,0x0000000084682508,0x0000000088780000)
 Metaspace       used 101758K, capacity 106880K, committed 108568K, reserved 1142784K
  class space    used 13382K, capacity 14352K, committed 15152K, reserved 1048576K
Event: 172.524 GC heap after
Heap after GC invocations=25 (full 6):
 PSYoungGen      total 326656K, used 19174K [0x00000000d5580000, 0x00000000efe00000, 0x0000000100000000)
  eden space 290816K, 0% used [0x00000000d5580000,0x00000000d5580000,0x00000000e7180000)
  from space 35840K, 53% used [0x00000000e7180000,0x00000000e8439940,0x00000000e9480000)
  to   space 59392K, 0% used [0x00000000ec400000,0x00000000ec400000,0x00000000efe00000)
 ParOldGen       total 138752K, used 72209K [0x0000000080000000, 0x0000000088780000, 0x00000000d5580000)
  object space 138752K, 52% used [0x0000000080000000,0x0000000084684508,0x0000000088780000)
 Metaspace       used 101758K, capacity 106880K, committed 108568K, reserved 1142784K
  class space    used 13382K, capacity 14352K, committed 15152K, reserved 1048576K
}
Event: 366.044 GC heap before
{Heap before GC invocations=26 (full 6):
 PSYoungGen      total 326656K, used 309990K [0x00000000d5580000, 0x00000000efe00000, 0x0000000100000000)
  eden space 290816K, 100% used [0x00000000d5580000,0x00000000e7180000,0x00000000e7180000)
  from space 35840K, 53% used [0x00000000e7180000,0x00000000e8439940,0x00000000e9480000)
  to   space 59392K, 0% used [0x00000000ec400000,0x00000000ec400000,0x00000000efe00000)
 ParOldGen       total 138752K, used 72209K [0x0000000080000000, 0x0000000088780000, 0x00000000d5580000)
  object space 138752K, 52% used [0x0000000080000000,0x0000000084684508,0x0000000088780000)
 Metaspace       used 102262K, capacity 107466K, committed 109080K, reserved 1142784K
  class space    used 13406K, capacity 14393K, committed 15152K, reserved 1048576K
Event: 366.056 GC heap after
Heap after GC invocations=26 (full 6):
 PSYoungGen      total 359936K, used 15872K [0x00000000d5580000, 0x00000000ef400000, 0x0000000100000000)
  eden space 310784K, 0% used [0x00000000d5580000,0x00000000d5580000,0x00000000e8500000)
  from space 49152K, 32% used [0x00000000ec400000,0x00000000ed380060,0x00000000ef400000)
  to   space 56832K, 0% used [0x00000000e8500000,0x00000000e8500000,0x00000000ebc80000)
 ParOldGen       total 138752K, used 72217K [0x0000000080000000, 0x0000000088780000, 0x00000000d5580000)
  object space 138752K, 52% used [0x0000000080000000,0x0000000084686508,0x0000000088780000)
 Metaspace       used 102262K, capacity 107466K, committed 109080K, reserved 1142784K
  class space    used 13406K, capacity 14393K, committed 15152K, reserved 1048576K
}
Event: 438.604 GC heap before
{Heap before GC invocations=27 (full 6):
 PSYoungGen      total 359936K, used 326656K [0x00000000d5580000, 0x00000000ef400000, 0x0000000100000000)
  eden space 310784K, 100% used [0x00000000d5580000,0x00000000e8500000,0x00000000e8500000)
  from space 49152K, 32% used [0x00000000ec400000,0x00000000ed380060,0x00000000ef400000)
  to   space 56832K, 0% used [0x00000000e8500000,0x00000000e8500000,0x00000000ebc80000)
 ParOldGen       total 138752K, used 72217K [0x0000000080000000, 0x0000000088780000, 0x00000000d5580000)
  object space 138752K, 52% used [0x0000000080000000,0x0000000084686508,0x0000000088780000)
 Metaspace       used 102675K, capacity 108056K, committed 109592K, reserved 1144832K
  class space    used 13435K, capacity 14446K, committed 15152K, reserved 1048576K
Event: 438.612 GC heap after
Heap after GC invocations=27 (full 6):
 PSYoungGen      total 367616K, used 5648K [0x00000000d5580000, 0x00000000f0300000, 0x0000000100000000)
  eden space 310784K, 0% used [0x00000000d5580000,0x00000000d5580000,0x00000000e8500000)
  from space 56832K, 9% used [0x00000000e8500000,0x00000000e8a84060,0x00000000ebc80000)
  to   space 56320K, 0% used [0x00000000ecc00000,0x00000000ecc00000,0x00000000f0300000)
 ParOldGen       total 138752K, used 72225K [0x0000000080000000, 0x0000000088780000, 0x00000000d5580000)
  object space 138752K, 52% used [0x0000000080000000,0x0000000084688508,0x0000000088780000)
 Metaspace       used 102675K, capacity 108056K, committed 109592K, reserved 1144832K
  class space    used 13435K, capacity 14446K, committed 15152K, reserved 1048576K
}
Event: 457.658 GC heap before
{Heap before GC invocations=28 (full 6):
 PSYoungGen      total 367616K, used 316432K [0x00000000d5580000, 0x00000000f0300000, 0x0000000100000000)
  eden space 310784K, 100% used [0x00000000d5580000,0x00000000e8500000,0x00000000e8500000)
  from space 56832K, 9% used [0x00000000e8500000,0x00000000e8a84060,0x00000000ebc80000)
  to   space 56320K, 0% used [0x00000000ecc00000,0x00000000ecc00000,0x00000000f0300000)
 ParOldGen       total 138752K, used 72225K [0x0000000080000000, 0x0000000088780000, 0x00000000d5580000)
  object space 138752K, 52% used [0x0000000080000000,0x0000000084688508,0x0000000088780000)
 Metaspace       used 103135K, capacity 108700K, committed 110104K, reserved 1144832K
  class space    used 13470K, capacity 14510K, committed 15152K, reserved 1048576K
Event: 457.679 GC heap after
Heap after GC invocations=28 (full 6):
 PSYoungGen      total 371200K, used 22256K [0x00000000d5580000, 0x00000000efa00000, 0x0000000100000000)
  eden space 324096K, 0% used [0x00000000d5580000,0x00000000d5580000,0x00000000e9200000)
  from space 47104K, 47% used [0x00000000ecc00000,0x00000000ee1bc0a0,0x00000000efa00000)
  to   space 53248K, 0% used [0x00000000e9200000,0x00000000e9200000,0x00000000ec600000)
 ParOldGen       total 138752K, used 72233K [0x0000000080000000, 0x0000000088780000, 0x00000000d5580000)
  object space 138752K, 52% used [0x0000000080000000,0x000000008468a508,0x0000000088780000)
 Metaspace       used 103135K, capacity 108700K, committed 110104K, reserved 1144832K
  class space    used 13470K, capacity 14510K, committed 15152K, reserved 1048576K
}

Deoptimization events (10 events):
Event: 474.396 Thread 0x0000000021c35800 Uncommon trap: reason=class_check action=maybe_recompile pc=0x000000000338ee40 method=java.lang.Throwable.<init>(Ljava/lang/String;Ljava/lang/Throwable;)V @ 24
Event: 474.398 Thread 0x0000000021c32800 Uncommon trap: reason=class_check action=maybe_recompile pc=0x00000000048071d0 method=com.google.common.collect.SortedIterables.hasSameComparator(Ljava/util/Comparator;Ljava/lang/Iterable;)Z @ 11
Event: 494.539 Thread 0x0000000021c25000 Uncommon trap: reason=unstable_if action=reinterpret pc=0x0000000005392080 method=org.gradle.internal.logging.sink.OutputEventRenderer.onOutput(Lorg/gradle/internal/logging/events/OutputEvent;)V @ 24
Event: 495.054 Thread 0x0000000021c2c000 Uncommon trap: reason=unstable_if action=reinterpret pc=0x0000000006668750 method=org.gradle.execution.plan.DefaultExecutionPlan.selectNext(Lorg/gradle/internal/work/WorkerLeaseRegistry$WorkerLease;Lorg/gradle/internal/resources/ResourceLockState;)Lorg/gr
Event: 495.055 Thread 0x0000000021c2c000 Uncommon trap: reason=class_check action=maybe_recompile pc=0x000000000663f0a8 method=org.gradle.internal.resources.DefaultResourceLockCoordinationService$DefaultResourceLockState.releaseLocks()V @ 37
Event: 495.056 Thread 0x0000000021c2c000 Uncommon trap: reason=class_check action=maybe_recompile pc=0x000000000663f0a8 method=org.gradle.internal.resources.DefaultResourceLockCoordinationService$DefaultResourceLockState.releaseLocks()V @ 37
Event: 495.057 Thread 0x0000000021c2c000 Uncommon trap: reason=class_check action=maybe_recompile pc=0x000000000663f0a8 method=org.gradle.internal.resources.DefaultResourceLockCoordinationService$DefaultResourceLockState.releaseLocks()V @ 37
Event: 495.058 Thread 0x0000000021c2c000 Uncommon trap: reason=class_check action=maybe_recompile pc=0x000000000663f0a8 method=org.gradle.internal.resources.DefaultResourceLockCoordinationService$DefaultResourceLockState.releaseLocks()V @ 37
Event: 495.067 Thread 0x0000000021c33800 Uncommon trap: reason=unstable_if action=reinterpret pc=0x000000000665f544 method=org.gradle.execution.plan.DefaultExecutionPlan.selectNext(Lorg/gradle/internal/work/WorkerLeaseRegistry$WorkerLease;Lorg/gradle/internal/resources/ResourceLockState;)Lorg/gr
Event: 495.177 Thread 0x0000000021c31000 Uncommon trap: reason=class_check action=maybe_recompile pc=0x000000000489a2b4 method=org.gradle.internal.snapshot.SnapshotUtil.getMetadataFromChildren(Ljava/util/List;Lorg/gradle/internal/snapshot/VfsRelativePath;Lorg/gradle/internal/snapshot/CaseSensiti

Classes redefined (0 events):
No events

Internal exceptions (10 events):
Event: 474.397 Thread 0x0000000021c35800 Exception <a 'java/io/IOException'> (0x00000000e0adf5d8) thrown at [C:\src\AOSP-openjdk-git\hotspot\src\share\vm\prims\jni.cpp, line 710]
Event: 474.397 Thread 0x0000000021c32800 Exception <a 'java/lang/reflect/InvocationTargetException'> (0x00000000e09b84e8) thrown at [C:\src\AOSP-openjdk-git\hotspot\src\share\vm\runtime\reflection.cpp, line 1092]
Event: 494.834 Thread 0x000000001fb5e800 Exception <a 'sun/nio/fs/WindowsException'> (0x00000000e1c63d28) thrown at [C:\src\AOSP-openjdk-git\hotspot\src\share\vm\prims\jni.cpp, line 710]
Event: 494.919 Thread 0x000000001fb5e800 Exception <a 'sun/nio/fs/WindowsException'> (0x00000000e24e9dd0) thrown at [C:\src\AOSP-openjdk-git\hotspot\src\share\vm\prims\jni.cpp, line 710]
Event: 495.299 Thread 0x0000000021c31000 Exception <a 'sun/nio/fs/WindowsException'> (0x00000000e58a5660) thrown at [C:\src\AOSP-openjdk-git\hotspot\src\share\vm\prims\jni.cpp, line 710]
Event: 495.300 Thread 0x0000000021c31000 Exception <a 'sun/nio/fs/WindowsException'> (0x00000000e58a6710) thrown at [C:\src\AOSP-openjdk-git\hotspot\src\share\vm\prims\jni.cpp, line 710]
Event: 495.300 Thread 0x0000000021c31000 Exception <a 'sun/nio/fs/WindowsException'> (0x00000000e58a73c8) thrown at [C:\src\AOSP-openjdk-git\hotspot\src\share\vm\prims\jni.cpp, line 710]
Event: 495.300 Thread 0x0000000021c31000 Exception <a 'sun/nio/fs/WindowsException'> (0x00000000e58a8470) thrown at [C:\src\AOSP-openjdk-git\hotspot\src\share\vm\prims\jni.cpp, line 710]
Event: 495.301 Thread 0x0000000021c31000 Exception <a 'sun/nio/fs/WindowsException'> (0x00000000e58a8fb8) thrown at [C:\src\AOSP-openjdk-git\hotspot\src\share\vm\prims\jni.cpp, line 710]
Event: 495.301 Thread 0x0000000021c31000 Exception <a 'sun/nio/fs/WindowsException'> (0x00000000e58aa030) thrown at [C:\src\AOSP-openjdk-git\hotspot\src\share\vm\prims\jni.cpp, line 710]

Events (10 events):
Event: 495.362 Thread 0x000000001827b800 flushing nmethod 0x000000000360ea10
Event: 495.362 Thread 0x000000001827b800 flushing nmethod 0x000000000365bf50
Event: 495.362 Thread 0x000000001827b800 flushing nmethod 0x00000000036911d0
Event: 495.362 Thread 0x000000001827b800 flushing nmethod 0x00000000036ce4d0
Event: 495.363 Thread 0x000000001827b800 flushing nmethod 0x0000000003748210
Event: 495.363 Thread 0x000000001827b800 flushing nmethod 0x000000000378f3d0
Event: 495.364 Thread 0x000000001827b800 flushing nmethod 0x00000000038ce250
Event: 495.364 Thread 0x000000001827b800 flushing nmethod 0x00000000038e0d90
Event: 495.366 Thread 0x000000001827b800 flushing nmethod 0x0000000003ca2d90
Event: 495.366 Thread 0x000000001827b800 flushing nmethod 0x0000000003cf5a50


Dynamic libraries:
0x00007ff73efb0000 - 0x00007ff73efe1000 	C:\Program Files\Android\Android Studio1\jre\bin\java.exe
0x00007ff8805b0000 - 0x00007ff8807a5000 	C:\WINDOWS\SYSTEM32\ntdll.dll
0x00007ff880400000 - 0x00007ff8804bd000 	C:\WINDOWS\System32\KERNEL32.DLL
0x00007ff87df10000 - 0x00007ff87e1d8000 	C:\WINDOWS\System32\KERNELBASE.dll
0x00007ff87ed00000 - 0x00007ff87edac000 	C:\WINDOWS\System32\ADVAPI32.dll
0x00007ff87f9b0000 - 0x00007ff87fa4e000 	C:\WINDOWS\System32\msvcrt.dll
0x00007ff880230000 - 0x00007ff8802cb000 	C:\WINDOWS\System32\sechost.dll
0x00007ff87e720000 - 0x00007ff87e84b000 	C:\WINDOWS\System32\RPCRT4.dll
0x00007ff87ef30000 - 0x00007ff87f0d0000 	C:\WINDOWS\System32\USER32.dll
0x00007ff87dde0000 - 0x00007ff87de02000 	C:\WINDOWS\System32\win32u.dll
0x00007ff87ec70000 - 0x00007ff87ec9a000 	C:\WINDOWS\System32\GDI32.dll
0x00007ff87e350000 - 0x00007ff87e45b000 	C:\WINDOWS\System32\gdi32full.dll
0x00007ff87dcf0000 - 0x00007ff87dd8d000 	C:\WINDOWS\System32\msvcp_win.dll
0x00007ff87de10000 - 0x00007ff87df10000 	C:\WINDOWS\System32\ucrtbase.dll
0x00007ff863620000 - 0x00007ff8638ba000 	C:\WINDOWS\WinSxS\amd64_microsoft.windows.common-controls_6595b64144ccf1df_6.0.19041.1052_none_60b8f8fd71f5e8cb\COMCTL32.dll
0x00007ff87ec30000 - 0x00007ff87ec60000 	C:\WINDOWS\System32\IMM32.DLL
0x0000000066ae0000 - 0x0000000066bb2000 	C:\Program Files\Android\Android Studio1\jre\jre\bin\msvcr100.dll
0x0000000065d20000 - 0x000000006656b000 	C:\Program Files\Android\Android Studio1\jre\jre\bin\server\jvm.dll
0x00007ff87ebb0000 - 0x00007ff87ebb8000 	C:\WINDOWS\System32\PSAPI.DLL
0x00007ff8764c0000 - 0x00007ff8764c9000 	C:\WINDOWS\SYSTEM32\WSOCK32.dll
0x00007ff863a70000 - 0x00007ff863a97000 	C:\WINDOWS\SYSTEM32\WINMM.dll
0x00007ff873670000 - 0x00007ff87367a000 	C:\WINDOWS\SYSTEM32\VERSION.dll
0x00007ff87ebc0000 - 0x00007ff87ec2b000 	C:\WINDOWS\System32\WS2_32.dll
0x00007ff8755b0000 - 0x00007ff8755bf000 	C:\Program Files\Android\Android Studio1\jre\jre\bin\verify.dll
0x00007ff868bb0000 - 0x00007ff868bd9000 	C:\Program Files\Android\Android Studio1\jre\jre\bin\java.dll
0x00007ff8723d0000 - 0x00007ff8723e6000 	C:\Program Files\Android\Android Studio1\jre\jre\bin\zip.dll
0x00007ff87f160000 - 0x00007ff87f89f000 	C:\WINDOWS\System32\SHELL32.dll
0x00007ff878ce0000 - 0x00007ff879470000 	C:\WINDOWS\SYSTEM32\windows.storage.dll
0x00007ff87fed0000 - 0x00007ff880225000 	C:\WINDOWS\System32\combase.dll
0x00007ff87d760000 - 0x00007ff87d78c000 	C:\WINDOWS\SYSTEM32\Wldp.dll
0x00007ff8804c0000 - 0x00007ff88056e000 	C:\WINDOWS\System32\SHCORE.dll
0x00007ff87eca0000 - 0x00007ff87ecf5000 	C:\WINDOWS\System32\shlwapi.dll
0x00007ff87dc30000 - 0x00007ff87dc4f000 	C:\WINDOWS\SYSTEM32\profapi.dll
0x00007ff868b90000 - 0x00007ff868baa000 	C:\Program Files\Android\Android Studio1\jre\jre\bin\net.dll
0x00007ff87d4d0000 - 0x00007ff87d53a000 	C:\WINDOWS\system32\mswsock.dll
0x00007ff862b30000 - 0x00007ff862b43000 	C:\Program Files\Android\Android Studio1\jre\jre\bin\nio.dll
0x00007ff853b50000 - 0x00007ff853b77000 	C:\Users\Ankit kumar\.gradle\native\f6784746aeab05261644944871eae4fe03e0ef1612fff0a4a95f87b438bc6780\windows-amd64\native-platform.dll
0x00007ff875130000 - 0x00007ff87513d000 	C:\Program Files\Android\Android Studio1\jre\jre\bin\management.dll
0x00007ff87d6a0000 - 0x00007ff87d6b8000 	C:\WINDOWS\SYSTEM32\CRYPTSP.dll
0x00007ff87ce00000 - 0x00007ff87ce34000 	C:\WINDOWS\system32\rsaenh.dll
0x00007ff87e1e0000 - 0x00007ff87e207000 	C:\WINDOWS\System32\bcrypt.dll
0x00007ff87dbf0000 - 0x00007ff87dc1e000 	C:\WINDOWS\SYSTEM32\USERENV.dll
0x00007ff87e210000 - 0x00007ff87e293000 	C:\WINDOWS\System32\bcryptprimitives.dll
0x00007ff87d6c0000 - 0x00007ff87d6cc000 	C:\WINDOWS\SYSTEM32\CRYPTBASE.dll
0x00007ff87d170000 - 0x00007ff87d1ab000 	C:\WINDOWS\SYSTEM32\IPHLPAPI.DLL
0x00007ff87ec60000 - 0x00007ff87ec68000 	C:\WINDOWS\System32\NSI.dll
0x00007ff8727b0000 - 0x00007ff8727c7000 	C:\WINDOWS\SYSTEM32\dhcpcsvc6.DLL
0x00007ff872600000 - 0x00007ff87261d000 	C:\WINDOWS\SYSTEM32\dhcpcsvc.DLL
0x00007ff87d1c0000 - 0x00007ff87d28c000 	C:\WINDOWS\SYSTEM32\DNSAPI.dll
0x00007ff872620000 - 0x00007ff87262b000 	C:\WINDOWS\SYSTEM32\WINNSI.DLL
0x00007ff830e10000 - 0x00007ff830fac000 	C:\Program Files\Android\Android Studio1\jre\jre\bin\awt.dll
0x00007ff87ea00000 - 0x00007ff87eacd000 	C:\WINDOWS\System32\OLEAUT32.dll
0x00007ff8783b0000 - 0x00007ff8783df000 	C:\WINDOWS\SYSTEM32\dwmapi.dll
0x00007ff876bf0000 - 0x00007ff8771b0000 	C:\WINDOWS\SYSTEM32\d2d1.dll
0x00007ff878000000 - 0x00007ff878090000 	C:\WINDOWS\SYSTEM32\apphelp.dll
0x00007ff8781e0000 - 0x00007ff87827e000 	C:\WINDOWS\system32\uxtheme.dll
0x00007ff85d6c0000 - 0x00007ff85d6de000 	C:\Users\Ankit kumar\AppData\Local\Temp\native-platform2725586893547952861dir\native-platform.dll

VM Arguments:
jvm_args: -Xmx2048m -Dfile.encoding=UTF-8 -Duser.country=IN -Duser.language=en -Duser.variant 
java_command: org.gradle.launcher.daemon.bootstrap.GradleDaemon 6.5
java_class_path (initial): C:\Users\Ankit kumar\.gradle\wrapper\dists\gradle-6.5-bin\6nifqtx7604sqp1q6g8wikw7p\gradle-6.5\lib\gradle-launcher-6.5.jar
Launcher Type: SUN_STANDARD

Environment Variables:
PATH=C:\Users\Ankit kumar\AppData\Local\Android\Sdk\platform-tools;C:\Windows;C:\Windows\System32\Wbem;C:\Windows\System32\WindowsPowerShell\v1.0\;C:\Windows\System32\OpenSSH\;C:\Program Files (x86)\NVIDIA Corporation\PhysX\Common;C:\Program Files\Intel\WiFi\bin\;C:\Program Files\Common Files\Intel\WirelessCommon\;C:\Program Files\Java\jdk-11.0.5\bin;C:\WINDOWS\system32;C:\WINDOWS;C:\WINDOWS\System32\Wbem;C:\WINDOWS\System32\WindowsPowerShell\v1.0\;C:\WINDOWS\System32\OpenSSH\;C:\Program Files\PuTTY\;C:\Program Files\Git\cmd;C:\Users\Ankit kumar\AppData\Local\Microsoft\WindowsApps;C:\Users\Ankit kumar\AppData\Local\GitHubDesktop\bin
USERNAME=Ankit kumar
OS=Windows_NT
PROCESSOR_IDENTIFIER=Intel64 Family 6 Model 142 Stepping 12, GenuineIntel



---------------  S Y S T E M  ---------------

OS: Windows 10.0 , 64 bit Build 19041 (10.0.19041.1023)

CPU:total 8 (initial active 8) (4 cores per cpu, 2 threads per core) family 6 model 142 stepping 12, cmov, cx8, fxsr, mmx, sse, sse2, sse3, ssse3, sse4.1, sse4.2, popcnt, avx, avx2, aes, clmul, erms, 3dnowpref, lzcnt, ht, tsc, tscinvbit, bmi1, bmi2, adx

Memory: 4k page, physical 8236416k(1002588k free), swap 8236416k(13148k free)

vm_info: OpenJDK 64-Bit Server VM (25.242-b01) for windows-amd64 JRE (1.8.0_242-release-1644-b01), built by "builder" with MS VC++ 10.0 (VS2010)

time: Mon Jun 21 22:42:08 2021
timezone: India Standard Time
elapsed time: 495 seconds (0d 0h 8m 15s)

