#
# There is insufficient memory for the Java Runtime Environment to continue.
# Native memory allocation (malloc) failed to allocate 980496 bytes for Chunk::new
# Possible reasons:
#   The system is out of physical RAM or swap space
#   The process is running with CompressedOops enabled, and the Java Heap may be blocking the growth of the native heap
# Possible solutions:
#   Reduce memory load on the system
#   Increase physical memory or swap space
#   Check if swap backing store is full
#   Decrease Java heap size (-Xmx/-Xms)
#   Decrease number of Java threads
#   Decrease Java thread stack sizes (-Xss)
#   Set larger code cache with -XX:ReservedCodeCacheSize=
#   JVM is running with Unscaled Compressed Oops mode in which the Java heap is
#     placed in the first 4GB address space. The Java Heap base address is the
#     maximum limit for the native heap growth. Please use -XX:HeapBaseMinAddress
#     to set the Java Heap base and to place the Java Heap above 4GB virtual address.
# This output file may be truncated or incomplete.
#
#  Out of Memory Error (allocation.cpp:389), pid=8964, tid=0x0000000000002e8c
#
# JRE version: OpenJDK Runtime Environment (8.0_242-b01) (build 1.8.0_242-release-1644-b01)
# Java VM: OpenJDK 64-Bit Server VM (25.242-b01 mixed mode windows-amd64 compressed oops)
# Failed to write core dump. Minidumps are not enabled by default on client versions of Windows
#

---------------  T H R E A D  ---------------

Current thread (0x0000000019e69800):  JavaThread "C2 CompilerThread2" daemon [_thread_in_native, id=11916, stack(0x000000001a930000,0x000000001aa30000)]

Stack: [0x000000001a930000,0x000000001aa30000]
[error occurred during error reporting (printing stack bounds), id 0xc0000005]

Native frames: (J=compiled Java code, j=interpreted, Vv=VM code, C=native code)


Current CompileTask:
C2:   7890 4422   !   4       sun.misc.Resource::getBytes (242 bytes)


---------------  P R O C E S S  ---------------

Java Threads: ( => current thread )
  0x000000001bc32000 JavaThread "pool-1-thread-1" [_thread_blocked, id=12624, stack(0x000000002c740000,0x000000002c840000)]
  0x000000001bc31000 JavaThread "Cache worker for Build Output Cleanup Cache (C:\Users\Ankit kumar\AndroidStudioProjects\BookStore\.gradle\buildOutputCleanup)" [_thread_blocked, id=9396, stack(0x000000002abe0000,0x000000002ace0000)]
  0x000000001bc2f800 JavaThread "jar transforms Thread 113" [_thread_blocked, id=4228, stack(0x000000002b470000,0x000000002b570000)]
  0x000000001bc30800 JavaThread "jar transforms Thread 112" [_thread_blocked, id=3416, stack(0x000000002b370000,0x000000002b470000)]
  0x000000001bc2f000 JavaThread "jar transforms Thread 111" [_thread_blocked, id=9788, stack(0x000000002b270000,0x000000002b370000)]
  0x000000001bc27800 JavaThread "jar transforms Thread 110" [_thread_blocked, id=2000, stack(0x000000002b170000,0x000000002b270000)]
  0x000000001bc2e000 JavaThread "jar transforms Thread 109" [_thread_blocked, id=2968, stack(0x000000002b070000,0x000000002b170000)]
  0x000000001bc2d800 JavaThread "jar transforms Thread 108" [_thread_blocked, id=12380, stack(0x000000002af70000,0x000000002b070000)]
  0x000000001bc2c800 JavaThread "jar transforms Thread 107" [_thread_blocked, id=6052, stack(0x000000002ae70000,0x000000002af70000)]
  0x000000001bc2c000 JavaThread "jar transforms Thread 106" [_thread_blocked, id=8880, stack(0x000000002ad70000,0x000000002ae70000)]
  0x000000001bc24800 JavaThread "jar transforms Thread 105" [_thread_blocked, id=660, stack(0x0000000026f70000,0x0000000027070000)]
  0x000000001bc2b000 JavaThread "jar transforms Thread 104" [_thread_blocked, id=14676, stack(0x0000000024340000,0x0000000024440000)]
  0x000000001bc25000 JavaThread "jar transforms Thread 103" [_thread_blocked, id=2636, stack(0x000000002a8e0000,0x000000002a9e0000)]
  0x000000001bc26800 JavaThread "jar transforms Thread 102" [_thread_blocked, id=14308, stack(0x000000002a7e0000,0x000000002a8e0000)]
  0x000000001bc2a800 JavaThread "jar transforms Thread 101" [_thread_blocked, id=7076, stack(0x000000002a6e0000,0x000000002a7e0000)]
  0x000000001bc23800 JavaThread "jar transforms Thread 100" [_thread_blocked, id=5548, stack(0x000000002a5e0000,0x000000002a6e0000)]
  0x000000001bc29000 JavaThread "jar transforms Thread 99" [_thread_blocked, id=7008, stack(0x000000002a4e0000,0x000000002a5e0000)]
  0x000000001bc23000 JavaThread "jar transforms Thread 98" [_thread_blocked, id=13176, stack(0x000000002a3e0000,0x000000002a4e0000)]
  0x000000001bc29800 JavaThread "jar transforms Thread 97" [_thread_blocked, id=7608, stack(0x000000002a2e0000,0x000000002a3e0000)]
  0x000000001bc26000 JavaThread "jar transforms Thread 96" [_thread_blocked, id=9920, stack(0x000000002a1e0000,0x000000002a2e0000)]
  0x000000001bc28000 JavaThread "jar transforms Thread 95" [_thread_blocked, id=11328, stack(0x000000002a0e0000,0x000000002a1e0000)]
  0x000000001d28d800 JavaThread "jar transforms Thread 94" [_thread_blocked, id=13044, stack(0x0000000029fe0000,0x000000002a0e0000)]
  0x000000001d28b800 JavaThread "jar transforms Thread 93" [_thread_blocked, id=3536, stack(0x0000000029ee0000,0x0000000029fe0000)]
  0x000000001d28c800 JavaThread "jar transforms Thread 92" [_thread_blocked, id=12548, stack(0x0000000029de0000,0x0000000029ee0000)]
  0x000000001d28a000 JavaThread "jar transforms Thread 91" [_thread_blocked, id=14324, stack(0x0000000029ce0000,0x0000000029de0000)]
  0x000000001d291000 JavaThread "jar transforms Thread 90" [_thread_blocked, id=12960, stack(0x0000000029be0000,0x0000000029ce0000)]
  0x000000001d28b000 JavaThread "jar transforms Thread 89" [_thread_blocked, id=13560, stack(0x0000000029ae0000,0x0000000029be0000)]
  0x000000001d290800 JavaThread "jar transforms Thread 88" [_thread_blocked, id=9796, stack(0x00000000299e0000,0x0000000029ae0000)]
  0x000000001d28f800 JavaThread "jar transforms Thread 87" [_thread_blocked, id=14620, stack(0x00000000298e0000,0x00000000299e0000)]
  0x000000001d28f000 JavaThread "jar transforms Thread 86" [_thread_blocked, id=10616, stack(0x00000000297e0000,0x00000000298e0000)]
  0x000000001d289800 JavaThread "jar transforms Thread 85" [_thread_blocked, id=14116, stack(0x00000000296e0000,0x00000000297e0000)]
  0x000000001d28e000 JavaThread "jar transforms Thread 84" [_thread_blocked, id=6780, stack(0x00000000295e0000,0x00000000296e0000)]
  0x000000001d282000 JavaThread "jar transforms Thread 83" [_thread_blocked, id=13524, stack(0x00000000294e0000,0x00000000295e0000)]
  0x000000001d286800 JavaThread "jar transforms Thread 82" [_thread_blocked, id=8, stack(0x00000000293e0000,0x00000000294e0000)]
  0x000000001d282800 JavaThread "jar transforms Thread 81" [_thread_blocked, id=6520, stack(0x00000000292e0000,0x00000000293e0000)]
  0x000000001d284000 JavaThread "jar transforms Thread 80" [_thread_blocked, id=1740, stack(0x00000000291e0000,0x00000000292e0000)]
  0x000000001d285000 JavaThread "jar transforms Thread 79" [_thread_blocked, id=9232, stack(0x00000000290e0000,0x00000000291e0000)]
  0x000000001d285800 JavaThread "jar transforms Thread 78" [_thread_blocked, id=11808, stack(0x0000000028fe0000,0x00000000290e0000)]
  0x000000001d288800 JavaThread "jar transforms Thread 77" [_thread_blocked, id=2820, stack(0x0000000028ee0000,0x0000000028fe0000)]
  0x000000001d283800 JavaThread "jar transforms Thread 76" [_thread_blocked, id=4964, stack(0x0000000028de0000,0x0000000028ee0000)]
  0x000000001d288000 JavaThread "jar transforms Thread 75" [_thread_blocked, id=10572, stack(0x0000000028ce0000,0x0000000028de0000)]
  0x000000001d287000 JavaThread "jar transforms Thread 74" [_thread_blocked, id=12000, stack(0x0000000028be0000,0x0000000028ce0000)]
  0x000000001aec7800 JavaThread "jar transforms Thread 73" [_thread_blocked, id=11760, stack(0x0000000028ae0000,0x0000000028be0000)]
  0x000000001aec9000 JavaThread "jar transforms Thread 72" [_thread_blocked, id=14972, stack(0x00000000289e0000,0x0000000028ae0000)]
  0x000000001aec8000 JavaThread "jar transforms Thread 71" [_thread_blocked, id=8684, stack(0x00000000288e0000,0x00000000289e0000)]
  0x000000001aec6800 JavaThread "jar transforms Thread 70" [_thread_blocked, id=6184, stack(0x00000000287e0000,0x00000000288e0000)]
  0x000000001aec5000 JavaThread "jar transforms Thread 69" [_thread_blocked, id=15104, stack(0x00000000286e0000,0x00000000287e0000)]
  0x000000001aec4800 JavaThread "jar transforms Thread 68" [_thread_blocked, id=13164, stack(0x00000000285e0000,0x00000000286e0000)]
  0x000000001aec6000 JavaThread "jar transforms Thread 67" [_thread_blocked, id=2764, stack(0x00000000284e0000,0x00000000285e0000)]
  0x000000001aec3800 JavaThread "jar transforms Thread 66" [_thread_blocked, id=9968, stack(0x00000000283e0000,0x00000000284e0000)]
  0x000000001aebc000 JavaThread "jar transforms Thread 65" [_thread_blocked, id=10708, stack(0x00000000282e0000,0x00000000283e0000)]
  0x000000001aec3000 JavaThread "jar transforms Thread 64" [_thread_blocked, id=4368, stack(0x00000000281e0000,0x00000000282e0000)]
  0x000000001aebb800 JavaThread "jar transforms Thread 63" [_thread_blocked, id=4348, stack(0x00000000280e0000,0x00000000281e0000)]
  0x000000001aec1800 JavaThread "jar transforms Thread 62" [_thread_blocked, id=2396, stack(0x0000000027fe0000,0x00000000280e0000)]
  0x000000001aec0800 JavaThread "jar transforms Thread 61" [_thread_blocked, id=14536, stack(0x0000000027ee0000,0x0000000027fe0000)]
  0x000000001aec2000 JavaThread "jar transforms Thread 60" [_thread_blocked, id=12848, stack(0x0000000027de0000,0x0000000027ee0000)]
  0x000000001aeba000 JavaThread "jar transforms Thread 59" [_thread_blocked, id=10672, stack(0x0000000027ce0000,0x0000000027de0000)]
  0x000000001aec0000 JavaThread "jar transforms Thread 58" [_thread_blocked, id=12204, stack(0x0000000027be0000,0x0000000027ce0000)]
  0x000000001aebd000 JavaThread "jar transforms Thread 57" [_thread_blocked, id=8888, stack(0x0000000027ae0000,0x0000000027be0000)]
  0x000000001aeba800 JavaThread "jar transforms Thread 56" [_thread_blocked, id=7552, stack(0x00000000279e0000,0x0000000027ae0000)]
  0x000000001aebd800 JavaThread "jar transforms Thread 55" [_thread_blocked, id=9928, stack(0x00000000278e0000,0x00000000279e0000)]
  0x000000001aebe800 JavaThread "jar transforms Thread 54" [_thread_blocked, id=7040, stack(0x00000000277e0000,0x00000000278e0000)]
  0x000000001aebf000 JavaThread "jar transforms Thread 53" [_thread_blocked, id=7436, stack(0x00000000276e0000,0x00000000277e0000)]
  0x000000001f7f0000 JavaThread "jar transforms Thread 52" [_thread_blocked, id=6388, stack(0x00000000275e0000,0x00000000276e0000)]
  0x000000001f7f5800 JavaThread "jar transforms Thread 51" [_thread_blocked, id=13440, stack(0x00000000274e0000,0x00000000275e0000)]
  0x000000001f7f1800 JavaThread "jar transforms Thread 50" [_thread_blocked, id=6668, stack(0x00000000273e0000,0x00000000274e0000)]
  0x000000001f7f1000 JavaThread "jar transforms Thread 49" [_thread_blocked, id=2888, stack(0x00000000272e0000,0x00000000273e0000)]
  0x000000001f7f6000 JavaThread "jar transforms Thread 48" [_thread_blocked, id=11216, stack(0x00000000271e0000,0x00000000272e0000)]
  0x000000001f7f4800 JavaThread "jar transforms Thread 47" [_thread_blocked, id=10316, stack(0x00000000270e0000,0x00000000271e0000)]
  0x000000001f7f3000 JavaThread "jar transforms Thread 46" [_thread_blocked, id=2476, stack(0x0000000024550000,0x0000000024650000)]
  0x000000001f7f2800 JavaThread "jar transforms Thread 45" [_thread_blocked, id=708, stack(0x0000000026e70000,0x0000000026f70000)]
  0x000000001f7ef800 JavaThread "jar transforms Thread 44" [_thread_blocked, id=3420, stack(0x0000000026d70000,0x0000000026e70000)]
  0x000000001f7f4000 JavaThread "jar transforms Thread 43" [_thread_blocked, id=9952, stack(0x0000000026c70000,0x0000000026d70000)]
  0x000000001f7eb000 JavaThread "jar transforms Thread 42" [_thread_blocked, id=14736, stack(0x0000000026b70000,0x0000000026c70000)]
  0x000000001f7ea000 JavaThread "jar transforms Thread 41" [_thread_blocked, id=14544, stack(0x0000000026a70000,0x0000000026b70000)]
  0x000000001f7e9800 JavaThread "jar transforms Thread 40" [_thread_blocked, id=3156, stack(0x0000000026970000,0x0000000026a70000)]
  0x000000001f7ee800 JavaThread "jar transforms Thread 39" [_thread_blocked, id=11484, stack(0x0000000026870000,0x0000000026970000)]
  0x000000001f7e7000 JavaThread "jar transforms Thread 38" [_thread_blocked, id=9196, stack(0x0000000026770000,0x0000000026870000)]
  0x000000001f7ed000 JavaThread "jar transforms Thread 37" [_thread_blocked, id=15116, stack(0x0000000026670000,0x0000000026770000)]
  0x000000001f7ec800 JavaThread "jar transforms Thread 36" [_thread_blocked, id=7828, stack(0x0000000026570000,0x0000000026670000)]
  0x000000001f7e8800 JavaThread "jar transforms Thread 35" [_thread_blocked, id=10908, stack(0x0000000026470000,0x0000000026570000)]
  0x000000001f7e8000 JavaThread "jar transforms Thread 34" [_thread_blocked, id=11736, stack(0x0000000026370000,0x0000000026470000)]
  0x000000001f7ee000 JavaThread "jar transforms Thread 33" [_thread_blocked, id=13068, stack(0x0000000026270000,0x0000000026370000)]
  0x000000001f7eb800 JavaThread "jar transforms Thread 32" [_thread_blocked, id=6448, stack(0x0000000026170000,0x0000000026270000)]
  0x000000001f3c2000 JavaThread "jar transforms Thread 31" [_thread_blocked, id=12284, stack(0x0000000026070000,0x0000000026170000)]
  0x000000001f3c3000 JavaThread "jar transforms Thread 30" [_thread_blocked, id=14436, stack(0x0000000025f70000,0x0000000026070000)]
  0x000000001f3bf000 JavaThread "jar transforms Thread 29" [_thread_blocked, id=9748, stack(0x0000000025e70000,0x0000000025f70000)]
  0x000000001f3be800 JavaThread "jar transforms Thread 28" [_thread_blocked, id=15040, stack(0x0000000025d70000,0x0000000025e70000)]
  0x000000001f3c1800 JavaThread "jar transforms Thread 27" [_thread_blocked, id=8452, stack(0x0000000025c70000,0x0000000025d70000)]
  0x000000001f3c0800 JavaThread "jar transforms Thread 26" [_thread_blocked, id=10008, stack(0x0000000025b70000,0x0000000025c70000)]
  0x000000001f3bd800 JavaThread "jar transforms Thread 25" [_thread_blocked, id=13332, stack(0x0000000025a70000,0x0000000025b70000)]
  0x000000001f3c0000 JavaThread "jar transforms Thread 24" [_thread_blocked, id=9828, stack(0x0000000025970000,0x0000000025a70000)]
  0x000000001f3bd000 JavaThread "jar transforms Thread 23" [_thread_blocked, id=6928, stack(0x0000000025870000,0x0000000025970000)]
  0x000000001f3b5800 JavaThread "jar transforms Thread 22" [_thread_blocked, id=9044, stack(0x0000000025770000,0x0000000025870000)]
  0x000000001f3bc000 JavaThread "jar transforms Thread 21" [_thread_blocked, id=1504, stack(0x0000000025670000,0x0000000025770000)]
  0x000000001f3b4800 JavaThread "jar transforms Thread 20" [_thread_blocked, id=468, stack(0x0000000025570000,0x0000000025670000)]
  0x000000001f3b7800 JavaThread "jar transforms Thread 19" [_thread_blocked, id=14996, stack(0x0000000025470000,0x0000000025570000)]
  0x000000001f3bb800 JavaThread "jar transforms Thread 18" [_thread_blocked, id=11184, stack(0x0000000025370000,0x0000000025470000)]
  0x000000001f3b4000 JavaThread "jar transforms Thread 17" [_thread_blocked, id=11052, stack(0x0000000025270000,0x0000000025370000)]
  0x000000001f3ba800 JavaThread "jar transforms Thread 16" [_thread_blocked, id=3336, stack(0x0000000025170000,0x0000000025270000)]
  0x000000001f3b7000 JavaThread "jar transforms Thread 15" [_thread_blocked, id=8836, stack(0x0000000025070000,0x0000000025170000)]
  0x000000001f3b9000 JavaThread "jar transforms Thread 14" [_thread_blocked, id=12192, stack(0x0000000024f70000,0x0000000025070000)]
  0x000000001f3b6000 JavaThread "jar transforms Thread 13" [_thread_blocked, id=9160, stack(0x0000000024e70000,0x0000000024f70000)]
  0x000000001f3ba000 JavaThread "jar transforms Thread 12" [_thread_blocked, id=13620, stack(0x0000000024d70000,0x0000000024e70000)]
  0x000000001f3b8800 JavaThread "jar transforms Thread 11" [_thread_blocked, id=620, stack(0x0000000024c70000,0x0000000024d70000)]
  0x000000001cb54800 JavaThread "jar transforms Thread 10" [_thread_blocked, id=10644, stack(0x0000000024b70000,0x0000000024c70000)]
  0x000000001cb53800 JavaThread "jar transforms Thread 9" [_thread_blocked, id=5940, stack(0x0000000024a70000,0x0000000024b70000)]
  0x000000001cb53000 JavaThread "jar transforms Thread 8" [_thread_blocked, id=10468, stack(0x0000000024970000,0x0000000024a70000)]
  0x000000001cb50800 JavaThread "jar transforms Thread 7" [_thread_blocked, id=11012, stack(0x0000000024870000,0x0000000024970000)]
  0x000000001cb50000 JavaThread "jar transforms Thread 6" [_thread_blocked, id=2300, stack(0x0000000024770000,0x0000000024870000)]
  0x000000001cb55800 JavaThread "jar transforms Thread 5" [_thread_blocked, id=1348, stack(0x0000000024670000,0x0000000024770000)]
  0x000000001cb52000 JavaThread "jar transforms Thread 4" [_thread_blocked, id=14416, stack(0x0000000024240000,0x0000000024340000)]
  0x000000001cb4f000 JavaThread "jar transforms Thread 3" [_thread_blocked, id=3120, stack(0x0000000024140000,0x0000000024240000)]
  0x000000001cb56000 JavaThread "jar transforms Thread 2" [_thread_blocked, id=2060, stack(0x0000000024040000,0x0000000024140000)]
  0x000000001cb51800 JavaThread "Build operations Thread 8" [_thread_blocked, id=2900, stack(0x0000000023e40000,0x0000000023f40000)]
  0x000000001cb47800 JavaThread "Build operations Thread 7" [_thread_blocked, id=6676, stack(0x0000000023d40000,0x0000000023e40000)]
  0x000000001cb4e800 JavaThread "Build operations Thread 6" [_thread_blocked, id=3552, stack(0x0000000023c40000,0x0000000023d40000)]
  0x000000001cb47000 JavaThread "Build operations Thread 5" [_thread_blocked, id=8032, stack(0x0000000023b40000,0x0000000023c40000)]
  0x000000001cb49000 JavaThread "Build operations Thread 4" [_thread_blocked, id=3968, stack(0x0000000023a40000,0x0000000023b40000)]
  0x000000001cb4d000 JavaThread "Build operations Thread 3" [_thread_blocked, id=2960, stack(0x0000000023940000,0x0000000023a40000)]
  0x000000001cb4d800 JavaThread "Build operations Thread 2" [_thread_blocked, id=5876, stack(0x0000000023840000,0x0000000023940000)]
  0x000000001cb4c000 JavaThread "Build operations" [_thread_blocked, id=13792, stack(0x0000000023740000,0x0000000023840000)]
  0x000000001b0c2800 JavaThread "Cache worker for file content cache (C:\Users\Ankit kumar\.gradle\caches\6.5\fileContent)" [_thread_blocked, id=7004, stack(0x0000000023040000,0x0000000023140000)]
  0x000000001b0c1000 JavaThread "jar transforms" [_thread_blocked, id=1112, stack(0x0000000022f40000,0x0000000023040000)]
  0x000000001b0c0800 JavaThread "Cache worker for execution history cache (C:\Users\Ankit kumar\.gradle\caches\6.5\executionHistory)" [_thread_blocked, id=536, stack(0x0000000022740000,0x0000000022840000)]
  0x000000001b0c2000 JavaThread "Cache worker for cache directory md-rule (C:\Users\Ankit kumar\.gradle\caches\6.5\md-rule)" [_thread_blocked, id=14784, stack(0x0000000022640000,0x0000000022740000)]
  0x000000001b0c3800 JavaThread "Cache worker for cache directory md-supplier (C:\Users\Ankit kumar\.gradle\caches\6.5\md-supplier)" [_thread_blocked, id=3864, stack(0x00000000212f0000,0x00000000213f0000)]
  0x000000001b0bf000 JavaThread "Cache worker for checksums cache (C:\Users\Ankit kumar\AndroidStudioProjects\BookStore\.gradle\checksums)" [_thread_blocked, id=2252, stack(0x00000000211f0000,0x00000000212f0000)]
  0x000000001b0bc800 JavaThread "Cache worker for file hash cache (C:\Users\Ankit kumar\AndroidStudioProjects\BookStore\.gradle\6.5\fileHashes)" [_thread_blocked, id=14640, stack(0x0000000022a40000,0x0000000022b40000)]
  0x000000001b0bf800 JavaThread "Cache worker for file hash cache (C:\Users\Ankit kumar\.gradle\caches\6.5\fileHashes)" [_thread_blocked, id=12924, stack(0x000000001ed50000,0x000000001ee50000)]
  0x000000001b0be000 JavaThread "File lock request listener" [_thread_in_native, id=7904, stack(0x000000001ec50000,0x000000001ed50000)]
  0x000000001c9ce800 JavaThread "Cache worker for journal cache (C:\Users\Ankit kumar\.gradle\caches\journal-1)" [_thread_blocked, id=1628, stack(0x000000001eb50000,0x000000001ec50000)]
  0x000000001c2e6000 JavaThread "Thread-9" [_thread_blocked, id=13676, stack(0x000000001e850000,0x000000001e950000)]
  0x000000001c2df000 JavaThread "Stdin handler" [_thread_blocked, id=13632, stack(0x000000001e750000,0x000000001e850000)]
  0x000000001ba8e000 JavaThread "Asynchronous log dispatcher for DefaultDaemonConnection: socket connection from /127.0.0.1:64123 to /127.0.0.1:64124" [_thread_blocked, id=11464, stack(0x000000001e650000,0x000000001e750000)]
  0x000000001c98d800 JavaThread "Daemon worker" [_thread_in_Java, id=3240, stack(0x000000001e550000,0x000000001e650000)]
  0x000000001c98d000 JavaThread "Cancel handler" [_thread_blocked, id=14148, stack(0x000000001e450000,0x000000001e550000)]
  0x000000001c692000 JavaThread "Handler for socket connection from /127.0.0.1:64123 to /127.0.0.1:64124" [_thread_in_native, id=2448, stack(0x000000001e350000,0x000000001e450000)]
  0x000000001c777000 JavaThread "Daemon" [_thread_blocked, id=12944, stack(0x000000001e250000,0x000000001e350000)]
  0x000000001c776800 JavaThread "Daemon periodic checks" [_thread_blocked, id=13444, stack(0x000000001df50000,0x000000001e050000)]
  0x000000001c56a800 JavaThread "Incoming local TCP Connector on port 64123" [_thread_in_native, id=15188, stack(0x000000001dd10000,0x000000001de10000)]
  0x000000001c5ae000 JavaThread "Daemon health stats" [_thread_blocked, id=14200, stack(0x000000001d6d0000,0x000000001d7d0000)]
  0x0000000019f06000 JavaThread "Service Thread" daemon [_thread_blocked, id=15240, stack(0x000000001ab30000,0x000000001ac30000)]
  0x0000000019e6c000 JavaThread "C1 CompilerThread3" daemon [_thread_in_native, id=5704, stack(0x000000001aa30000,0x000000001ab30000)]
=>0x0000000019e69800 JavaThread "C2 CompilerThread2" daemon [_thread_in_native, id=11916, stack(0x000000001a930000,0x000000001aa30000)]
  0x000000001806b800 JavaThread "C2 CompilerThread1" daemon [_thread_blocked, id=5304, stack(0x000000001a830000,0x000000001a930000)]
  0x0000000019e66800 JavaThread "C2 CompilerThread0" daemon [_thread_blocked, id=14648, stack(0x000000001a730000,0x000000001a830000)]
  0x0000000019e65000 JavaThread "Attach Listener" daemon [_thread_blocked, id=7768, stack(0x000000001a630000,0x000000001a730000)]
  0x0000000019e64000 JavaThread "Signal Dispatcher" daemon [_thread_blocked, id=15228, stack(0x000000001a530000,0x000000001a630000)]
  0x0000000002fee000 JavaThread "Finalizer" daemon [_thread_blocked, id=12692, stack(0x000000001a330000,0x000000001a430000)]
  0x0000000002fe7000 JavaThread "Reference Handler" daemon [_thread_blocked, id=11004, stack(0x000000001a230000,0x000000001a330000)]
  0x000000000103e800 JavaThread "main" [_thread_blocked, id=12964, stack(0x0000000002df0000,0x0000000002ef0000)]

Other Threads:
  0x0000000018056000 VMThread [stack: 0x0000000019d30000,0x0000000019e30000] [id=12164]
  0x0000000019e8b800 WatcherThread [stack: 0x000000001ac30000,0x000000001ad30000] [id=12936]

VM state:not at safepoint (normal execution)

VM Mutex/Monitor currently owned by a thread:  ([mutex/lock_event])
[0x000000000103c430] CodeCache_lock - owner thread: 0x0000000019e6c000
[0x0000000002ef1750] Compile_lock - owner thread: 0x0000000019e6c000
[0x0000000002ef08d0] MethodData_lock - owner thread: 0x000000001c98d800

heap address: 0x0000000080000000, size: 2048 MB, Compressed Oops mode: 32-bit
Narrow klass base: 0x0000000000000000, Narrow klass shift: 3
Compressed class space size: 1073741824 Address: 0x0000000100000000

Heap:
 PSYoungGen      total 365568K, used 56543K [0x00000000d5580000, 0x00000000ed080000, 0x0000000100000000)
  eden space 350208K, 11% used [0x00000000d5580000,0x00000000d7dbee00,0x00000000eab80000)
  from space 15360K, 99% used [0x00000000ec000000,0x00000000ecef9030,0x00000000ecf00000)
  to   space 18944K, 0% used [0x00000000eab80000,0x00000000eab80000,0x00000000ebe00000)
 ParOldGen       total 91648K, used 18123K [0x0000000080000000, 0x0000000085980000, 0x00000000d5580000)
  object space 91648K, 19% used [0x0000000080000000,0x00000000811b2cb8,0x0000000085980000)
 Metaspace       used 50032K, capacity 51988K, committed 52136K, reserved 1093632K
  class space    used 6684K, capacity 7074K, committed 7088K, reserved 1048576K

Card table byte_map: [0x00000000123b0000,0x00000000127c0000] byte_map_base: 0x0000000011fb0000

Marking Bits: (ParMarkBitMap*) 0x000000005088f030
 Begin Bits: [0x0000000013270000, 0x0000000015270000)
 End Bits:   [0x0000000015270000, 0x0000000017270000)

Polling page: 0x0000000001550000

CodeCache: size=245760Kb used=14105Kb max_used=14616Kb free=231655Kb
 bounds [0x0000000002ff0000, 0x0000000003e50000, 0x0000000011ff0000]
 total_blobs=4923 nmethods=4164 adapters=671
 compilation: enabled

Compilation events (10 events):
Event: 7.884 Thread 0x0000000019e6c000 4528       3       java.util.Arrays::fill (28 bytes)
Event: 7.884 Thread 0x0000000019e6c000 nmethod 4528 0x00000000032cd810 code [0x00000000032cd980, 0x00000000032cdbe8]
Event: 7.885 Thread 0x0000000019e6c000 4529       3       com.sun.org.apache.xerces.internal.util.XMLChar::isContent (35 bytes)
Event: 7.885 Thread 0x0000000019e6c000 nmethod 4529 0x00000000033eb7d0 code [0x00000000033eb940, 0x00000000033ebbb0]
Event: 7.885 Thread 0x0000000019e6c000 4530       3       com.sun.org.apache.xerces.internal.dom.DeferredDocumentImpl::setChunkIndex (67 bytes)
Event: 7.886 Thread 0x0000000019e6c000 nmethod 4530 0x00000000035abfd0 code [0x00000000035ac180, 0x00000000035ac778]
Event: 7.886 Thread 0x0000000019e6c000 4533       3       com.sun.org.apache.xerces.internal.impl.XMLEntityScanner::checkBeforeLoad (140 bytes)
Event: 7.886 Thread 0x0000000019e6c000 nmethod 4533 0x00000000032104d0 code [0x0000000003210680, 0x0000000003210bd8]
Event: 7.887 Thread 0x0000000019e6c000 4531       3       com.sun.org.apache.xerces.internal.impl.XMLEntityScanner::checkEntityLimit (50 bytes)
Event: 7.887 Thread 0x0000000019e6c000 nmethod 4531 0x000000000323d190 code [0x000000000323d320, 0x000000000323d798]

GC Heap History (10 events):
Event: 3.647 GC heap before
{Heap before GC invocations=6 (full 1):
 PSYoungGen      total 136192K, used 5108K [0x00000000d5580000, 0x00000000e6e80000, 0x0000000100000000)
  eden space 131072K, 0% used [0x00000000d5580000,0x00000000d5580000,0x00000000dd580000)
  from space 5120K, 99% used [0x00000000dd580000,0x00000000dda7d060,0x00000000dda80000)
  to   space 12800K, 0% used [0x00000000e6200000,0x00000000e6200000,0x00000000e6e80000)
 ParOldGen       total 86016K, used 10956K [0x0000000080000000, 0x0000000085400000, 0x00000000d5580000)
  object space 86016K, 12% used [0x0000000080000000,0x0000000080ab3208,0x0000000085400000)
 Metaspace       used 20578K, capacity 21224K, committed 21296K, reserved 1067008K
  class space    used 2873K, capacity 3076K, committed 3120K, reserved 1048576K
Event: 3.690 GC heap after
Heap after GC invocations=6 (full 1):
 PSYoungGen      total 136192K, used 0K [0x00000000d5580000, 0x00000000e6e80000, 0x0000000100000000)
  eden space 131072K, 0% used [0x00000000d5580000,0x00000000d5580000,0x00000000dd580000)
  from space 5120K, 0% used [0x00000000dd580000,0x00000000dd580000,0x00000000dda80000)
  to   space 12800K, 0% used [0x00000000e6200000,0x00000000e6200000,0x00000000e6e80000)
 ParOldGen       total 58368K, used 7290K [0x0000000080000000, 0x0000000083900000, 0x00000000d5580000)
  object space 58368K, 12% used [0x0000000080000000,0x000000008071ebe0,0x0000000083900000)
 Metaspace       used 20578K, capacity 21224K, committed 21296K, reserved 1067008K
  class space    used 2873K, capacity 3076K, committed 3120K, reserved 1048576K
}
Event: 4.949 GC heap before
{Heap before GC invocations=7 (full 1):
 PSYoungGen      total 136192K, used 131072K [0x00000000d5580000, 0x00000000e6e80000, 0x0000000100000000)
  eden space 131072K, 100% used [0x00000000d5580000,0x00000000dd580000,0x00000000dd580000)
  from space 5120K, 0% used [0x00000000dd580000,0x00000000dd580000,0x00000000dda80000)
  to   space 12800K, 0% used [0x00000000e6200000,0x00000000e6200000,0x00000000e6e80000)
 ParOldGen       total 58368K, used 7290K [0x0000000080000000, 0x0000000083900000, 0x00000000d5580000)
  object space 58368K, 12% used [0x0000000080000000,0x000000008071ebe0,0x0000000083900000)
 Metaspace       used 32646K, capacity 33636K, committed 33712K, reserved 1079296K
  class space    used 4453K, capacity 4718K, committed 4784K, reserved 1048576K
Event: 4.962 GC heap after
Heap after GC invocations=7 (full 1):
 PSYoungGen      total 226304K, used 12796K [0x00000000d5580000, 0x00000000e6e80000, 0x0000000100000000)
  eden space 213504K, 0% used [0x00000000d5580000,0x00000000d5580000,0x00000000e2600000)
  from space 12800K, 99% used [0x00000000e6200000,0x00000000e6e7f128,0x00000000e6e80000)
  to   space 15872K, 0% used [0x00000000e4f80000,0x00000000e4f80000,0x00000000e5f00000)
 ParOldGen       total 58368K, used 8905K [0x0000000080000000, 0x0000000083900000, 0x00000000d5580000)
  object space 58368K, 15% used [0x0000000080000000,0x00000000808b2678,0x0000000083900000)
 Metaspace       used 32646K, capacity 33636K, committed 33712K, reserved 1079296K
  class space    used 4453K, capacity 4718K, committed 4784K, reserved 1048576K
}
Event: 5.221 GC heap before
{Heap before GC invocations=8 (full 1):
 PSYoungGen      total 226304K, used 51646K [0x00000000d5580000, 0x00000000e6e80000, 0x0000000100000000)
  eden space 213504K, 18% used [0x00000000d5580000,0x00000000d7b70ab8,0x00000000e2600000)
  from space 12800K, 99% used [0x00000000e6200000,0x00000000e6e7f128,0x00000000e6e80000)
  to   space 15872K, 0% used [0x00000000e4f80000,0x00000000e4f80000,0x00000000e5f00000)
 ParOldGen       total 58368K, used 8905K [0x0000000080000000, 0x0000000083900000, 0x00000000d5580000)
  object space 58368K, 15% used [0x0000000080000000,0x00000000808b2678,0x0000000083900000)
 Metaspace       used 34256K, capacity 35412K, committed 35496K, reserved 1079296K
  class space    used 4719K, capacity 5001K, committed 5040K, reserved 1048576K
Event: 5.230 GC heap after
Heap after GC invocations=8 (full 1):
 PSYoungGen      total 271872K, used 8955K [0x00000000d5580000, 0x00000000ecf00000, 0x0000000100000000)
  eden space 256000K, 0% used [0x00000000d5580000,0x00000000d5580000,0x00000000e4f80000)
  from space 15872K, 56% used [0x00000000e4f80000,0x00000000e583ec78,0x00000000e5f00000)
  to   space 15360K, 0% used [0x00000000ec000000,0x00000000ec000000,0x00000000ecf00000)
 ParOldGen       total 58368K, used 8913K [0x0000000080000000, 0x0000000083900000, 0x00000000d5580000)
  object space 58368K, 15% used [0x0000000080000000,0x00000000808b4678,0x0000000083900000)
 Metaspace       used 34256K, capacity 35412K, committed 35496K, reserved 1079296K
  class space    used 4719K, capacity 5001K, committed 5040K, reserved 1048576K
}
Event: 5.231 GC heap before
{Heap before GC invocations=9 (full 2):
 PSYoungGen      total 271872K, used 8955K [0x00000000d5580000, 0x00000000ecf00000, 0x0000000100000000)
  eden space 256000K, 0% used [0x00000000d5580000,0x00000000d5580000,0x00000000e4f80000)
  from space 15872K, 56% used [0x00000000e4f80000,0x00000000e583ec78,0x00000000e5f00000)
  to   space 15360K, 0% used [0x00000000ec000000,0x00000000ec000000,0x00000000ecf00000)
 ParOldGen       total 58368K, used 8913K [0x0000000080000000, 0x0000000083900000, 0x00000000d5580000)
  object space 58368K, 15% used [0x0000000080000000,0x00000000808b4678,0x0000000083900000)
 Metaspace       used 34256K, capacity 35412K, committed 35496K, reserved 1079296K
  class space    used 4719K, capacity 5001K, committed 5040K, reserved 1048576K
Event: 5.320 GC heap after
Heap after GC invocations=9 (full 2):
 PSYoungGen      total 271872K, used 0K [0x00000000d5580000, 0x00000000ecf00000, 0x0000000100000000)
  eden space 256000K, 0% used [0x00000000d5580000,0x00000000d5580000,0x00000000e4f80000)
  from space 15872K, 0% used [0x00000000e4f80000,0x00000000e4f80000,0x00000000e5f00000)
  to   space 15360K, 0% used [0x00000000ec000000,0x00000000ec000000,0x00000000ecf00000)
 ParOldGen       total 91648K, used 15260K [0x0000000080000000, 0x0000000085980000, 0x00000000d5580000)
  object space 91648K, 16% used [0x0000000080000000,0x0000000080ee7188,0x0000000085980000)
 Metaspace       used 34256K, capacity 35412K, committed 35496K, reserved 1079296K
  class space    used 4719K, capacity 5001K, committed 5040K, reserved 1048576K
}
Event: 7.318 GC heap before
{Heap before GC invocations=10 (full 2):
 PSYoungGen      total 271872K, used 256000K [0x00000000d5580000, 0x00000000ecf00000, 0x0000000100000000)
  eden space 256000K, 100% used [0x00000000d5580000,0x00000000e4f80000,0x00000000e4f80000)
  from space 15872K, 0% used [0x00000000e4f80000,0x00000000e4f80000,0x00000000e5f00000)
  to   space 15360K, 0% used [0x00000000ec000000,0x00000000ec000000,0x00000000ecf00000)
 ParOldGen       total 91648K, used 15260K [0x0000000080000000, 0x0000000085980000, 0x00000000d5580000)
  object space 91648K, 16% used [0x0000000080000000,0x0000000080ee7188,0x0000000085980000)
 Metaspace       used 46233K, capacity 48018K, committed 48424K, reserved 1091584K
  class space    used 6253K, capacity 6597K, committed 6704K, reserved 1048576K
Event: 7.334 GC heap after
Heap after GC invocations=10 (full 2):
 PSYoungGen      total 365568K, used 15332K [0x00000000d5580000, 0x00000000ed080000, 0x0000000100000000)
  eden space 350208K, 0% used [0x00000000d5580000,0x00000000d5580000,0x00000000eab80000)
  from space 15360K, 99% used [0x00000000ec000000,0x00000000ecef9030,0x00000000ecf00000)
  to   space 18944K, 0% used [0x00000000eab80000,0x00000000eab80000,0x00000000ebe00000)
 ParOldGen       total 91648K, used 18123K [0x0000000080000000, 0x0000000085980000, 0x00000000d5580000)
  object space 91648K, 19% used [0x0000000080000000,0x00000000811b2cb8,0x0000000085980000)
 Metaspace       used 46233K, capacity 48018K, committed 48424K, reserved 1091584K
  class space    used 6253K, capacity 6597K, committed 6704K, reserved 1048576K
}

Deoptimization events (10 events):
Event: 7.156 Thread 0x000000001c98d800 Uncommon trap: reason=unstable_if action=reinterpret pc=0x0000000003a681e8 method=java.util.jar.JarFile.maybeInstantiateVerifier()V @ 4
Event: 7.156 Thread 0x000000001c98d800 Uncommon trap: reason=unstable_if action=reinterpret pc=0x0000000003a9519c method=java.security.CodeSource.matchCerts(Ljava/security/CodeSource;Z)Z @ 11
Event: 7.183 Thread 0x000000001c98d800 Uncommon trap: reason=unstable_if action=reinterpret pc=0x0000000003929778 method=java.util.LinkedHashMap.get(Ljava/lang/Object;)Ljava/lang/Object; @ 20
Event: 7.215 Thread 0x000000001c98d800 Uncommon trap: reason=unstable_if action=reinterpret pc=0x0000000003a9c754 method=java.security.CodeSource.matchCerts(Ljava/security/CodeSource;Z)Z @ 11
Event: 7.280 Thread 0x000000001c98d800 Uncommon trap: reason=bimorphic action=maybe_recompile pc=0x0000000003c1a88c method=java.util.regex.Pattern$CharProperty.match(Ljava/util/regex/Matcher;ILjava/lang/CharSequence;)Z @ 18
Event: 7.280 Thread 0x000000001c98d800 Uncommon trap: reason=bimorphic action=maybe_recompile pc=0x0000000003c1a88c method=java.util.regex.Pattern$CharProperty.match(Ljava/util/regex/Matcher;ILjava/lang/CharSequence;)Z @ 18
Event: 7.280 Thread 0x000000001c98d800 Uncommon trap: reason=bimorphic action=maybe_recompile pc=0x0000000003c1a88c method=java.util.regex.Pattern$CharProperty.match(Ljava/util/regex/Matcher;ILjava/lang/CharSequence;)Z @ 18
Event: 7.294 Thread 0x000000001c98d800 Uncommon trap: reason=bimorphic action=maybe_recompile pc=0x0000000003c1a88c method=java.util.regex.Pattern$CharProperty.match(Ljava/util/regex/Matcher;ILjava/lang/CharSequence;)Z @ 18
Event: 7.466 Thread 0x000000001c98d800 Uncommon trap: reason=unstable_if action=reinterpret pc=0x0000000003a2a4b0 method=org.gradle.internal.reflect.PropertyAccessorType.of(Ljava/lang/reflect/Method;)Lorg/gradle/internal/reflect/PropertyAccessorType; @ 56
Event: 7.495 Thread 0x000000001c98d800 Uncommon trap: reason=null_check action=make_not_entrant pc=0x0000000003dc9544 method=java.lang.ThreadLocal$ThreadLocalMap.getEntryAfterMiss(Ljava/lang/ThreadLocal;ILjava/lang/ThreadLocal$ThreadLocalMap$Entry;)Ljava/lang/ThreadLocal$ThreadLocalMap$Entry; 

Classes redefined (0 events):
No events

Internal exceptions (10 events):
Event: 6.206 Thread 0x000000001c2e6000 Exception <a 'java/lang/NoSuchMethodError': <clinit>> (0x00000000d8788878) thrown at [C:\src\AOSP-openjdk-git\hotspot\src\share\vm\prims\jni.cpp, line 1615]
Event: 6.215 Thread 0x000000001c98d800 Exception <a 'java/lang/ClassNotFoundException': build_acn1t07jlb5gdpkcwbuisveecBeanInfo> (0x00000000df610b88) thrown at [C:\src\AOSP-openjdk-git\hotspot\src\share\vm\classfile\systemDictionary.cpp, line 210]
Event: 6.215 Thread 0x000000001c98d800 Exception <a 'java/lang/ClassNotFoundException': build_acn1t07jlb5gdpkcwbuisveecCustomizer> (0x00000000df61c7c8) thrown at [C:\src\AOSP-openjdk-git\hotspot\src\share\vm\classfile\systemDictionary.cpp, line 210]
Event: 6.223 Thread 0x000000001c98d800 Exception <a 'java/lang/ClassNotFoundException': org/gradle/plugin/use/internal/PluginRequestCollector$PluginDependenciesSpecImplBeanInfo> (0x00000000df6bc6e0) thrown at [C:\src\AOSP-openjdk-git\hotspot\src\share\vm\classfile\systemDictionary.cpp, line 21
Event: 6.224 Thread 0x000000001c98d800 Exception <a 'java/lang/ClassNotFoundException': org/gradle/plugin/use/internal/PluginRequestCollector$PluginDependenciesSpecImplCustomizer> (0x00000000df6fc620) thrown at [C:\src\AOSP-openjdk-git\hotspot\src\share\vm\classfile\systemDictionary.cpp, line 
Event: 6.258 Thread 0x000000001c98d800 Exception <a 'java/lang/ClassNotFoundException': org/gradle/api/internal/plugins/DefaultObjectConfigurationActionBeanInfo> (0x00000000dfa54c98) thrown at [C:\src\AOSP-openjdk-git\hotspot\src\share\vm\classfile\systemDictionary.cpp, line 210]
Event: 6.259 Thread 0x000000001c98d800 Exception <a 'java/lang/ClassNotFoundException': org/gradle/api/internal/plugins/DefaultObjectConfigurationActionCustomizer> (0x00000000dfa9bb48) thrown at [C:\src\AOSP-openjdk-git\hotspot\src\share\vm\classfile\systemDictionary.cpp, line 210]
Event: 6.573 Thread 0x000000001c98d800 Exception <a 'sun/nio/fs/WindowsException'> (0x00000000e152b008) thrown at [C:\src\AOSP-openjdk-git\hotspot\src\share\vm\prims\jni.cpp, line 710]
Event: 7.087 Thread 0x000000001c98d800 Implicit null exception at 0x0000000003b393c8 to 0x0000000003b39579
Event: 7.495 Thread 0x000000001c98d800 Implicit null exception at 0x0000000003dc9067 to 0x0000000003dc9525

Events (10 events):
Event: 7.887 Thread 0x0000000019e6c000 flushing nmethod 0x0000000003752090
Event: 7.887 Thread 0x0000000019e6c000 flushing nmethod 0x0000000003755690
Event: 7.887 Thread 0x0000000019e6c000 flushing nmethod 0x0000000003758710
Event: 7.887 Thread 0x0000000019e6c000 flushing nmethod 0x00000000037871d0
Event: 7.887 Thread 0x0000000019e6c000 flushing nmethod 0x0000000003787dd0
Event: 7.887 Thread 0x0000000019e6c000 flushing nmethod 0x0000000003788dd0
Event: 7.887 Thread 0x0000000019e6c000 flushing nmethod 0x00000000037d8bd0
Event: 7.887 Thread 0x0000000019e6c000 flushing nmethod 0x0000000003916950
Event: 7.887 Thread 0x0000000019e6c000 flushing nmethod 0x0000000003957210
Event: 7.887 Thread 0x0000000019e6c000 flushing nmethod 0x00000000039585d0


Dynamic libraries:
0x00007ff68d060000 - 0x00007ff68d091000 	C:\Program Files\Android\Android Studio1\jre\bin\java.exe
0x00007ffc0af50000 - 0x00007ffc0b145000 	C:\WINDOWS\SYSTEM32\ntdll.dll
0x00007ffc0ae50000 - 0x00007ffc0af0d000 	C:\WINDOWS\System32\KERNEL32.DLL
0x00007ffc08a60000 - 0x00007ffc08d28000 	C:\WINDOWS\System32\KERNELBASE.dll
0x00007ffc09620000 - 0x00007ffc096cc000 	C:\WINDOWS\System32\ADVAPI32.dll
0x00007ffc09100000 - 0x00007ffc0919e000 	C:\WINDOWS\System32\msvcrt.dll
0x00007ffc09980000 - 0x00007ffc09a1b000 	C:\WINDOWS\System32\sechost.dll
0x00007ffc08fd0000 - 0x00007ffc090fb000 	C:\WINDOWS\System32\RPCRT4.dll
0x00007ffc09750000 - 0x00007ffc098f0000 	C:\WINDOWS\System32\USER32.dll
0x00007ffc08840000 - 0x00007ffc08862000 	C:\WINDOWS\System32\win32u.dll
0x00007ffc09e40000 - 0x00007ffc09e6a000 	C:\WINDOWS\System32\GDI32.dll
0x00007ffc08dc0000 - 0x00007ffc08ecb000 	C:\WINDOWS\System32\gdi32full.dll
0x00007ffc08f20000 - 0x00007ffc08fbd000 	C:\WINDOWS\System32\msvcp_win.dll
0x00007ffc08690000 - 0x00007ffc08790000 	C:\WINDOWS\System32\ucrtbase.dll
0x00007ffbedf50000 - 0x00007ffbee1ea000 	C:\WINDOWS\WinSxS\amd64_microsoft.windows.common-controls_6595b64144ccf1df_6.0.19041.1052_none_60b8f8fd71f5e8cb\COMCTL32.dll
0x00007ffc098f0000 - 0x00007ffc09920000 	C:\WINDOWS\System32\IMM32.DLL
0x0000000050e80000 - 0x0000000050f52000 	C:\Program Files\Android\Android Studio1\jre\jre\bin\msvcr100.dll
0x00000000500c0000 - 0x000000005090b000 	C:\Program Files\Android\Android Studio1\jre\jre\bin\server\jvm.dll
0x00007ffc09f90000 - 0x00007ffc09f98000 	C:\WINDOWS\System32\PSAPI.DLL
0x00007ffc00cf0000 - 0x00007ffc00cf9000 	C:\WINDOWS\SYSTEM32\WSOCK32.dll
0x00007ffc09e70000 - 0x00007ffc09edb000 	C:\WINDOWS\System32\WS2_32.dll
0x00007ffbecc50000 - 0x00007ffbecc77000 	C:\WINDOWS\SYSTEM32\WINMM.dll
0x00007ffbfdf90000 - 0x00007ffbfdf9a000 	C:\WINDOWS\SYSTEM32\VERSION.dll
0x00007ffc00ce0000 - 0x00007ffc00cef000 	C:\Program Files\Android\Android Studio1\jre\jre\bin\verify.dll
0x00007ffbfef80000 - 0x00007ffbfefa9000 	C:\Program Files\Android\Android Studio1\jre\jre\bin\java.dll
0x00007ffc00bd0000 - 0x00007ffc00be6000 	C:\Program Files\Android\Android Studio1\jre\jre\bin\zip.dll
0x00007ffc0a150000 - 0x00007ffc0a88f000 	C:\WINDOWS\System32\SHELL32.dll
0x00007ffc067c0000 - 0x00007ffc06f50000 	C:\WINDOWS\SYSTEM32\windows.storage.dll
0x00007ffc0aad0000 - 0x00007ffc0ae25000 	C:\WINDOWS\System32\combase.dll
0x00007ffc08100000 - 0x00007ffc0812c000 	C:\WINDOWS\SYSTEM32\Wldp.dll
0x00007ffc09ee0000 - 0x00007ffc09f8e000 	C:\WINDOWS\System32\SHCORE.dll
0x00007ffc09920000 - 0x00007ffc09975000 	C:\WINDOWS\System32\shlwapi.dll
0x00007ffc085d0000 - 0x00007ffc085ef000 	C:\WINDOWS\SYSTEM32\profapi.dll
0x00007ffbffc20000 - 0x00007ffbffc3a000 	C:\Program Files\Android\Android Studio1\jre\jre\bin\net.dll
0x00007ffc07e70000 - 0x00007ffc07eda000 	C:\WINDOWS\system32\mswsock.dll
0x00007ffbff260000 - 0x00007ffbff273000 	C:\Program Files\Android\Android Studio1\jre\jre\bin\nio.dll
0x00007ffbf94c0000 - 0x00007ffbf94e7000 	C:\Users\Ankit kumar\.gradle\native\f6784746aeab05261644944871eae4fe03e0ef1612fff0a4a95f87b438bc6780\windows-amd64\native-platform.dll
0x00007ffc00cd0000 - 0x00007ffc00cdd000 	C:\Program Files\Android\Android Studio1\jre\jre\bin\management.dll
0x00007ffc08040000 - 0x00007ffc08058000 	C:\WINDOWS\SYSTEM32\CRYPTSP.dll
0x00007ffc077a0000 - 0x00007ffc077d4000 	C:\WINDOWS\system32\rsaenh.dll
0x00007ffc08d30000 - 0x00007ffc08d57000 	C:\WINDOWS\System32\bcrypt.dll
0x00007ffc08590000 - 0x00007ffc085be000 	C:\WINDOWS\SYSTEM32\USERENV.dll
0x00007ffc08870000 - 0x00007ffc088f3000 	C:\WINDOWS\System32\bcryptprimitives.dll
0x00007ffc08060000 - 0x00007ffc0806c000 	C:\WINDOWS\SYSTEM32\CRYPTBASE.dll
0x00007ffc07b10000 - 0x00007ffc07b4b000 	C:\WINDOWS\SYSTEM32\IPHLPAPI.DLL
0x00007ffc08fc0000 - 0x00007ffc08fc8000 	C:\WINDOWS\System32\NSI.dll
0x00007ffbfd0e0000 - 0x00007ffbfd0f7000 	C:\WINDOWS\SYSTEM32\dhcpcsvc6.DLL
0x00007ffbfd0c0000 - 0x00007ffbfd0dd000 	C:\WINDOWS\SYSTEM32\dhcpcsvc.DLL
0x00007ffc07b60000 - 0x00007ffc07c2c000 	C:\WINDOWS\SYSTEM32\DNSAPI.dll
0x00007ffbfda50000 - 0x00007ffbfda5b000 	C:\WINDOWS\SYSTEM32\WINNSI.DLL

VM Arguments:
jvm_args: -Xmx2048m -Dfile.encoding=UTF-8 -Duser.country=IN -Duser.language=en -Duser.variant 
java_command: org.gradle.launcher.daemon.bootstrap.GradleDaemon 6.5
java_class_path (initial): C:\Users\Ankit kumar\.gradle\wrapper\dists\gradle-6.5-bin\6nifqtx7604sqp1q6g8wikw7p\gradle-6.5\lib\gradle-launcher-6.5.jar
Launcher Type: SUN_STANDARD

Environment Variables:
PATH=C:\Users\Ankit kumar\AppData\Local\Android\Sdk\platform-tools;C:\Windows;C:\Windows\System32\Wbem;C:\Windows\System32\WindowsPowerShell\v1.0\;C:\Windows\System32\OpenSSH\;C:\Program Files (x86)\NVIDIA Corporation\PhysX\Common;C:\Program Files\Intel\WiFi\bin\;C:\Program Files\Common Files\Intel\WirelessCommon\;C:\Program Files\Java\jdk-11.0.5\bin;C:\WINDOWS\system32;C:\WINDOWS;C:\WINDOWS\System32\Wbem;C:\WINDOWS\System32\WindowsPowerShell\v1.0\;C:\WINDOWS\System32\OpenSSH\;C:\Program Files\PuTTY\;C:\Program Files\Git\cmd;C:\Users\Ankit kumar\AppData\Local\Microsoft\WindowsApps;C:\Users\Ankit kumar\AppData\Local\GitHubDesktop\bin
USERNAME=Ankit kumar
OS=Windows_NT
PROCESSOR_IDENTIFIER=Intel64 Family 6 Model 142 Stepping 12, GenuineIntel



---------------  S Y S T E M  ---------------

OS: Windows 10.0 , 64 bit Build 19041 (10.0.19041.1023)

CPU:total 8 (initial active 8) (4 cores per cpu, 2 threads per core) family 6 model 142 stepping 12, cmov, cx8, fxsr, mmx, sse, sse2, sse3, ssse3, sse4.1, sse4.2, popcnt, avx, avx2, aes, clmul, erms, 3dnowpref, lzcnt, ht, tsc, tscinvbit, bmi1, bmi2, adx

Memory: 4k page, physical 8236416k(1667524k free), swap 8236416k(5172k free)

vm_info: OpenJDK 64-Bit Server VM (25.242-b01) for windows-amd64 JRE (1.8.0_242-release-1644-b01), built by "builder" with MS VC++ 10.0 (VS2010)

time: Fri Jun 18 19:33:23 2021
timezone: India Standard Time
elapsed time: 7 seconds (0d 0h 0m 7s)

