#
# There is insufficient memory for the Java Runtime Environment to continue.
# Native memory allocation (malloc) failed to allocate 65552 bytes for Chunk::new
# Possible reasons:
#   The system is out of physical RAM or swap space
#   The process is running with CompressedOops enabled, and the Java Heap may be blocking the growth of the native heap
# Possible solutions:
#   Reduce memory load on the system
#   Increase physical memory or swap space
#   Check if swap backing store is full
#   Decrease Java heap size (-Xmx/-Xms)
#   Decrease number of Java threads
#   Decrease Java thread stack sizes (-Xss)
#   Set larger code cache with -XX:ReservedCodeCacheSize=
#   JVM is running with Unscaled Compressed Oops mode in which the Java heap is
#     placed in the first 4GB address space. The Java Heap base address is the
#     maximum limit for the native heap growth. Please use -XX:HeapBaseMinAddress
#     to set the Java Heap base and to place the Java Heap above 4GB virtual address.
# This output file may be truncated or incomplete.
#
#  Out of Memory Error (allocation.cpp:389), pid=4928, tid=0x000000000000331c
#
# JRE version: OpenJDK Runtime Environment (8.0_242-b01) (build 1.8.0_242-release-1644-b01)
# Java VM: OpenJDK 64-Bit Server VM (25.242-b01 mixed mode windows-amd64 compressed oops)
# Failed to write core dump. Minidumps are not enabled by default on client versions of Windows
#

---------------  T H R E A D  ---------------

Current thread (0x0000000019809800):  JavaThread "C2 CompilerThread2" daemon [_thread_in_native, id=13084, stack(0x000000001a2d0000,0x000000001a3d0000)]

Stack: [0x000000001a2d0000,0x000000001a3d0000]
[error occurred during error reporting (printing stack bounds), id 0xc0000005]

Native frames: (J=compiled Java code, j=interpreted, Vv=VM code, C=native code)


Current CompileTask:
C2:  13396 9226       4       com.android.tools.r8.dex.n::a (910 bytes)


---------------  P R O C E S S  ---------------

Java Threads: ( => current thread )
  0x00000000203c5800 JavaThread "ForkJoinPool-1-worker-0" daemon [_thread_blocked, id=628, stack(0x00000000309c0000,0x0000000030ac0000)]
  0x0000000023ca8800 JavaThread "ForkJoinPool-1-worker-7" daemon [_thread_blocked, id=13828, stack(0x00000000308c0000,0x00000000309c0000)]
  0x0000000023ca7800 JavaThread "ForkJoinPool-1-worker-6" daemon [_thread_blocked, id=8640, stack(0x00000000307c0000,0x00000000308c0000)]
  0x0000000023ca7000 JavaThread "ForkJoinPool-1-worker-5" daemon [_thread_blocked, id=12496, stack(0x00000000306c0000,0x00000000307c0000)]
  0x0000000023ca6000 JavaThread "ForkJoinPool-1-worker-4" daemon [_thread_blocked, id=10896, stack(0x00000000305c0000,0x00000000306c0000)]
  0x0000000023ca5800 JavaThread "ForkJoinPool-1-worker-3" daemon [_thread_in_Java, id=5988, stack(0x00000000304c0000,0x00000000305c0000)]
  0x0000000023c9e000 JavaThread "ForkJoinPool-1-worker-2" daemon [_thread_blocked, id=6604, stack(0x000000002fac0000,0x000000002fbc0000)]
  0x0000000023ca4800 JavaThread "ForkJoinPool-1-worker-1" daemon [_thread_blocked, id=13532, stack(0x000000002f890000,0x000000002f990000)]
  0x0000000023ca3000 JavaThread "WorkerExecutor Queue" [_thread_blocked, id=5328, stack(0x000000002f9c0000,0x000000002fac0000)]
  0x0000000023ca0000 JavaThread "Cache worker for execution history cache (C:\Users\Ankit kumar\AndroidStudioProjects\BookStore\.gradle\6.5\executionHistory)" [_thread_blocked, id=9404, stack(0x000000002ef90000,0x000000002f090000)]
  0x0000000023ca1000 JavaThread "Execution worker for ':' Thread 7" [_thread_blocked, id=4428, stack(0x000000002ee90000,0x000000002ef90000)]
  0x0000000023c99800 JavaThread "Execution worker for ':' Thread 6" [_thread_blocked, id=2180, stack(0x000000002ed90000,0x000000002ee90000)]
  0x0000000023c9b000 JavaThread "Execution worker for ':' Thread 5" [_thread_blocked, id=3988, stack(0x000000002ec90000,0x000000002ed90000)]
  0x0000000023c9f800 JavaThread "Execution worker for ':' Thread 4" [_thread_blocked, id=1364, stack(0x000000002eb90000,0x000000002ec90000)]
  0x0000000023c9b800 JavaThread "Execution worker for ':' Thread 3" [_thread_blocked, id=2436, stack(0x000000002ea90000,0x000000002eb90000)]
  0x0000000023c9d000 JavaThread "Execution worker for ':' Thread 2" [_thread_blocked, id=11624, stack(0x000000002d9b0000,0x000000002dab0000)]
  0x0000000023c9e800 JavaThread "Execution worker for ':'" [_thread_blocked, id=1560, stack(0x000000002d8b0000,0x000000002d9b0000)]
  0x0000000023c9a000 JavaThread "Cache worker for file content cache (C:\Users\Ankit kumar\AndroidStudioProjects\BookStore\.gradle\6.5\fileContent)" [_thread_blocked, id=8396, stack(0x000000002d3b0000,0x000000002d4b0000)]
  0x0000000019bbb800 JavaThread "Memory manager" [_thread_blocked, id=12080, stack(0x000000002d2b0000,0x000000002d3b0000)]
  0x0000000019bbe800 JavaThread "pool-1-thread-1" [_thread_blocked, id=11580, stack(0x000000002c1b0000,0x000000002c2b0000)]
  0x0000000019bbe000 JavaThread "Cache worker for Build Output Cleanup Cache (C:\Users\Ankit kumar\AndroidStudioProjects\BookStore\.gradle\buildOutputCleanup)" [_thread_blocked, id=14040, stack(0x000000002beb0000,0x000000002bfb0000)]
  0x0000000019bbc800 JavaThread "jar transforms Thread 113" [_thread_blocked, id=12580, stack(0x000000002bbb0000,0x000000002bcb0000)]
  0x0000000019bbd000 JavaThread "jar transforms Thread 112" [_thread_blocked, id=7664, stack(0x000000002bab0000,0x000000002bbb0000)]
  0x0000000019bbf800 JavaThread "jar transforms Thread 111" [_thread_blocked, id=14984, stack(0x000000002b9b0000,0x000000002bab0000)]
  0x0000000019bbb000 JavaThread "jar transforms Thread 110" [_thread_blocked, id=4424, stack(0x000000002b8b0000,0x000000002b9b0000)]
  0x0000000019bc0000 JavaThread "jar transforms Thread 109" [_thread_blocked, id=12528, stack(0x000000002b7b0000,0x000000002b8b0000)]
  0x0000000019bba000 JavaThread "jar transforms Thread 108" [_thread_blocked, id=13012, stack(0x000000002b6b0000,0x000000002b7b0000)]
  0x0000000019bb2800 JavaThread "jar transforms Thread 107" [_thread_blocked, id=11708, stack(0x000000002b5b0000,0x000000002b6b0000)]
  0x0000000019bb4000 JavaThread "jar transforms Thread 106" [_thread_blocked, id=1544, stack(0x000000002b4b0000,0x000000002b5b0000)]
  0x0000000019bb9800 JavaThread "jar transforms Thread 105" [_thread_blocked, id=4640, stack(0x000000002b3b0000,0x000000002b4b0000)]
  0x0000000019bb6800 JavaThread "jar transforms Thread 104" [_thread_blocked, id=15064, stack(0x000000002b1b0000,0x000000002b2b0000)]
  0x0000000019bb2000 JavaThread "jar transforms Thread 103" [_thread_blocked, id=5252, stack(0x000000002b0b0000,0x000000002b1b0000)]
  0x0000000019bb5800 JavaThread "jar transforms Thread 102" [_thread_blocked, id=8144, stack(0x000000002afb0000,0x000000002b0b0000)]
  0x0000000019bb3800 JavaThread "jar transforms Thread 101" [_thread_blocked, id=15312, stack(0x000000002aeb0000,0x000000002afb0000)]
  0x0000000019bb8800 JavaThread "jar transforms Thread 100" [_thread_blocked, id=6684, stack(0x000000002adb0000,0x000000002aeb0000)]
  0x0000000019bb8000 JavaThread "jar transforms Thread 99" [_thread_blocked, id=11436, stack(0x000000002acb0000,0x000000002adb0000)]
  0x0000000019bb1000 JavaThread "jar transforms Thread 98" [_thread_blocked, id=10304, stack(0x000000002abb0000,0x000000002acb0000)]
  0x0000000019bb5000 JavaThread "jar transforms Thread 97" [_thread_blocked, id=4556, stack(0x000000002aab0000,0x000000002abb0000)]
  0x0000000019bb7000 JavaThread "jar transforms Thread 96" [_thread_blocked, id=14412, stack(0x000000002a9b0000,0x000000002aab0000)]
  0x000000001f7a6000 JavaThread "jar transforms Thread 95" [_thread_blocked, id=11488, stack(0x000000002a8b0000,0x000000002a9b0000)]
  0x000000001f7a5800 JavaThread "jar transforms Thread 94" [_thread_blocked, id=11380, stack(0x000000002a7b0000,0x000000002a8b0000)]
  0x000000001f7a4000 JavaThread "jar transforms Thread 93" [_thread_blocked, id=5056, stack(0x000000002a6b0000,0x000000002a7b0000)]
  0x000000001f7a4800 JavaThread "jar transforms Thread 92" [_thread_blocked, id=13348, stack(0x000000002a5b0000,0x000000002a6b0000)]
  0x000000001f7a8000 JavaThread "jar transforms Thread 91" [_thread_blocked, id=6764, stack(0x000000002a4b0000,0x000000002a5b0000)]
  0x000000001f7aa000 JavaThread "jar transforms Thread 90" [_thread_blocked, id=11284, stack(0x000000002a3b0000,0x000000002a4b0000)]
  0x000000001f7a9800 JavaThread "jar transforms Thread 89" [_thread_blocked, id=10560, stack(0x000000002a2b0000,0x000000002a3b0000)]
  0x000000001f7a8800 JavaThread "jar transforms Thread 88" [_thread_blocked, id=10312, stack(0x000000002a1b0000,0x000000002a2b0000)]
  0x000000001f7a7000 JavaThread "jar transforms Thread 87" [_thread_blocked, id=13496, stack(0x000000002a0b0000,0x000000002a1b0000)]
  0x000000001f79c800 JavaThread "jar transforms Thread 86" [_thread_blocked, id=6408, stack(0x0000000029fb0000,0x000000002a0b0000)]
  0x000000001f7a2800 JavaThread "jar transforms Thread 85" [_thread_blocked, id=5960, stack(0x0000000029eb0000,0x0000000029fb0000)]
  0x000000001f79e000 JavaThread "jar transforms Thread 84" [_thread_blocked, id=11332, stack(0x0000000029db0000,0x0000000029eb0000)]
  0x000000001f79f800 JavaThread "jar transforms Thread 83" [_thread_blocked, id=13680, stack(0x0000000029cb0000,0x0000000029db0000)]
  0x000000001f7a1800 JavaThread "jar transforms Thread 82" [_thread_blocked, id=3052, stack(0x0000000029bb0000,0x0000000029cb0000)]
  0x000000001f7a3000 JavaThread "jar transforms Thread 81" [_thread_blocked, id=7044, stack(0x0000000029ab0000,0x0000000029bb0000)]
  0x000000001f7a1000 JavaThread "jar transforms Thread 80" [_thread_blocked, id=6904, stack(0x00000000299b0000,0x0000000029ab0000)]
  0x000000001f79b800 JavaThread "jar transforms Thread 79" [_thread_blocked, id=1500, stack(0x00000000298b0000,0x00000000299b0000)]
  0x000000001f7a0000 JavaThread "jar transforms Thread 78" [_thread_blocked, id=10544, stack(0x00000000297b0000,0x00000000298b0000)]
  0x000000001f79b000 JavaThread "jar transforms Thread 77" [_thread_blocked, id=6228, stack(0x00000000296b0000,0x00000000297b0000)]
  0x000000001f79d000 JavaThread "jar transforms Thread 76" [_thread_blocked, id=288, stack(0x00000000295b0000,0x00000000296b0000)]
  0x000000001f79e800 JavaThread "jar transforms Thread 75" [_thread_blocked, id=5576, stack(0x00000000294b0000,0x00000000295b0000)]
  0x000000001f225000 JavaThread "jar transforms Thread 74" [_thread_blocked, id=6216, stack(0x00000000293b0000,0x00000000294b0000)]
  0x000000001f224000 JavaThread "jar transforms Thread 73" [_thread_blocked, id=8204, stack(0x00000000292b0000,0x00000000293b0000)]
  0x000000001f223800 JavaThread "jar transforms Thread 72" [_thread_blocked, id=5604, stack(0x00000000291b0000,0x00000000292b0000)]
  0x000000001f222000 JavaThread "jar transforms Thread 71" [_thread_blocked, id=10360, stack(0x00000000290b0000,0x00000000291b0000)]
  0x000000001f221000 JavaThread "jar transforms Thread 70" [_thread_blocked, id=13508, stack(0x0000000028fb0000,0x00000000290b0000)]
  0x000000001f220800 JavaThread "jar transforms Thread 69" [_thread_blocked, id=9036, stack(0x0000000028eb0000,0x0000000028fb0000)]
  0x000000001f226800 JavaThread "jar transforms Thread 68" [_thread_blocked, id=13872, stack(0x0000000028db0000,0x0000000028eb0000)]
  0x000000001f21f800 JavaThread "jar transforms Thread 67" [_thread_blocked, id=12304, stack(0x0000000028cb0000,0x0000000028db0000)]
  0x000000001f222800 JavaThread "jar transforms Thread 66" [_thread_blocked, id=10584, stack(0x0000000028bb0000,0x0000000028cb0000)]
  0x000000001f225800 JavaThread "jar transforms Thread 65" [_thread_blocked, id=13004, stack(0x0000000028ab0000,0x0000000028bb0000)]
  0x000000001f218000 JavaThread "jar transforms Thread 64" [_thread_blocked, id=10336, stack(0x00000000289b0000,0x0000000028ab0000)]
  0x000000001f21f000 JavaThread "jar transforms Thread 63" [_thread_blocked, id=6260, stack(0x00000000288b0000,0x00000000289b0000)]
  0x000000001f217800 JavaThread "jar transforms Thread 62" [_thread_blocked, id=9888, stack(0x00000000287b0000,0x00000000288b0000)]
  0x000000001f21e000 JavaThread "jar transforms Thread 61" [_thread_blocked, id=8020, stack(0x00000000286b0000,0x00000000287b0000)]
  0x000000001f21d800 JavaThread "jar transforms Thread 60" [_thread_blocked, id=936, stack(0x00000000285b0000,0x00000000286b0000)]
  0x000000001f21c800 JavaThread "jar transforms Thread 59" [_thread_blocked, id=13372, stack(0x00000000284b0000,0x00000000285b0000)]
  0x000000001f219800 JavaThread "jar transforms Thread 58" [_thread_blocked, id=912, stack(0x00000000283b0000,0x00000000284b0000)]
  0x000000001f21c000 JavaThread "jar transforms Thread 57" [_thread_blocked, id=4344, stack(0x00000000243f0000,0x00000000244f0000)]
  0x000000001f21b000 JavaThread "jar transforms Thread 56" [_thread_blocked, id=7472, stack(0x00000000242f0000,0x00000000243f0000)]
  0x000000001f219000 JavaThread "jar transforms Thread 55" [_thread_blocked, id=8952, stack(0x00000000241f0000,0x00000000242f0000)]
  0x000000001f21a800 JavaThread "jar transforms Thread 54" [_thread_blocked, id=11788, stack(0x00000000282b0000,0x00000000283b0000)]
  0x00000000200dc800 JavaThread "jar transforms Thread 53" [_thread_blocked, id=11544, stack(0x00000000281b0000,0x00000000282b0000)]
  0x00000000200dc000 JavaThread "jar transforms Thread 52" [_thread_blocked, id=4868, stack(0x00000000280b0000,0x00000000281b0000)]
  0x00000000200db000 JavaThread "jar transforms Thread 51" [_thread_blocked, id=10012, stack(0x0000000027fb0000,0x00000000280b0000)]
  0x00000000200da800 JavaThread "jar transforms Thread 50" [_thread_blocked, id=14144, stack(0x0000000027eb0000,0x0000000027fb0000)]
  0x00000000200d9800 JavaThread "jar transforms Thread 49" [_thread_blocked, id=4000, stack(0x0000000027db0000,0x0000000027eb0000)]
  0x00000000200dd800 JavaThread "jar transforms Thread 48" [_thread_blocked, id=5456, stack(0x0000000027cb0000,0x0000000027db0000)]
  0x00000000200d2000 JavaThread "jar transforms Thread 47" [_thread_blocked, id=11384, stack(0x0000000027bb0000,0x0000000027cb0000)]
  0x00000000200d9000 JavaThread "jar transforms Thread 46" [_thread_blocked, id=8000, stack(0x0000000027ab0000,0x0000000027bb0000)]
  0x00000000200d7800 JavaThread "jar transforms Thread 45" [_thread_blocked, id=12076, stack(0x00000000279b0000,0x0000000027ab0000)]
  0x00000000200d6800 JavaThread "jar transforms Thread 44" [_thread_blocked, id=1308, stack(0x00000000278b0000,0x00000000279b0000)]
  0x00000000200d1800 JavaThread "jar transforms Thread 43" [_thread_blocked, id=14132, stack(0x00000000277b0000,0x00000000278b0000)]
  0x00000000200d8000 JavaThread "jar transforms Thread 42" [_thread_blocked, id=1260, stack(0x00000000276b0000,0x00000000277b0000)]
  0x00000000200cf000 JavaThread "jar transforms Thread 41" [_thread_blocked, id=14812, stack(0x00000000275b0000,0x00000000276b0000)]
  0x00000000200d3800 JavaThread "jar transforms Thread 40" [_thread_blocked, id=1720, stack(0x00000000274b0000,0x00000000275b0000)]
  0x00000000200d6000 JavaThread "jar transforms Thread 39" [_thread_blocked, id=14792, stack(0x00000000273b0000,0x00000000274b0000)]
  0x00000000200d0800 JavaThread "jar transforms Thread 38" [_thread_blocked, id=13100, stack(0x00000000272b0000,0x00000000273b0000)]
  0x00000000200ce800 JavaThread "jar transforms Thread 37" [_thread_blocked, id=12708, stack(0x00000000271b0000,0x00000000272b0000)]
  0x00000000200d5000 JavaThread "jar transforms Thread 36" [_thread_blocked, id=992, stack(0x00000000270b0000,0x00000000271b0000)]
  0x00000000200d3000 JavaThread "jar transforms Thread 35" [_thread_blocked, id=10040, stack(0x0000000026fb0000,0x00000000270b0000)]
  0x00000000200d0000 JavaThread "jar transforms Thread 34" [_thread_blocked, id=12832, stack(0x0000000026eb0000,0x0000000026fb0000)]
  0x00000000200d4800 JavaThread "jar transforms Thread 33" [_thread_blocked, id=7000, stack(0x0000000026db0000,0x0000000026eb0000)]
  0x000000001edfc800 JavaThread "jar transforms Thread 32" [_thread_blocked, id=13160, stack(0x0000000026cb0000,0x0000000026db0000)]
  0x000000001ee02800 JavaThread "jar transforms Thread 31" [_thread_blocked, id=7920, stack(0x0000000026bb0000,0x0000000026cb0000)]
  0x000000001ee03800 JavaThread "jar transforms Thread 30" [_thread_blocked, id=14680, stack(0x0000000026ab0000,0x0000000026bb0000)]
  0x000000001ee00800 JavaThread "jar transforms Thread 29" [_thread_blocked, id=10500, stack(0x00000000269b0000,0x0000000026ab0000)]
  0x000000001ee02000 JavaThread "jar transforms Thread 28" [_thread_blocked, id=6084, stack(0x00000000268b0000,0x00000000269b0000)]
  0x000000001ee01000 JavaThread "jar transforms Thread 27" [_thread_blocked, id=12892, stack(0x00000000267b0000,0x00000000268b0000)]
  0x000000001edff800 JavaThread "jar transforms Thread 26" [_thread_blocked, id=11084, stack(0x00000000266b0000,0x00000000267b0000)]
  0x000000001edf8000 JavaThread "jar transforms Thread 25" [_thread_blocked, id=9128, stack(0x00000000265b0000,0x00000000266b0000)]
  0x000000001edfd800 JavaThread "jar transforms Thread 24" [_thread_blocked, id=8752, stack(0x00000000264b0000,0x00000000265b0000)]
  0x000000001edff000 JavaThread "jar transforms Thread 23" [_thread_blocked, id=12564, stack(0x00000000263b0000,0x00000000264b0000)]
  0x000000001edf7800 JavaThread "jar transforms Thread 22" [_thread_blocked, id=1128, stack(0x00000000262b0000,0x00000000263b0000)]
  0x000000001edfe000 JavaThread "jar transforms Thread 21" [_thread_blocked, id=10648, stack(0x00000000261b0000,0x00000000262b0000)]
  0x000000001edf5000 JavaThread "jar transforms Thread 20" [_thread_blocked, id=1372, stack(0x00000000260b0000,0x00000000261b0000)]
  0x000000001edf6800 JavaThread "jar transforms Thread 19" [_thread_blocked, id=11648, stack(0x0000000025fb0000,0x00000000260b0000)]
  0x000000001edfa800 JavaThread "jar transforms Thread 18" [_thread_blocked, id=12388, stack(0x0000000025eb0000,0x0000000025fb0000)]
  0x000000001edf6000 JavaThread "jar transforms Thread 17" [_thread_blocked, id=1416, stack(0x0000000025db0000,0x0000000025eb0000)]
  0x000000001edfc000 JavaThread "jar transforms Thread 16" [_thread_blocked, id=12220, stack(0x0000000025cb0000,0x0000000025db0000)]
  0x000000001edf4800 JavaThread "jar transforms Thread 15" [_thread_blocked, id=13320, stack(0x0000000025bb0000,0x0000000025cb0000)]
  0x000000001edf9000 JavaThread "jar transforms Thread 14" [_thread_blocked, id=1900, stack(0x0000000025ab0000,0x0000000025bb0000)]
  0x000000001edf9800 JavaThread "jar transforms Thread 13" [_thread_blocked, id=9304, stack(0x00000000259b0000,0x0000000025ab0000)]
  0x000000001edfb000 JavaThread "jar transforms Thread 12" [_thread_blocked, id=13760, stack(0x00000000258b0000,0x00000000259b0000)]
  0x000000001f2be000 JavaThread "jar transforms Thread 11" [_thread_blocked, id=13932, stack(0x00000000257b0000,0x00000000258b0000)]
  0x000000001f2bd800 JavaThread "jar transforms Thread 10" [_thread_blocked, id=14140, stack(0x00000000256b0000,0x00000000257b0000)]
  0x000000001f2bc800 JavaThread "jar transforms Thread 9" [_thread_blocked, id=10484, stack(0x00000000255b0000,0x00000000256b0000)]
  0x000000001f2bc000 JavaThread "jar transforms Thread 8" [_thread_blocked, id=13616, stack(0x00000000254b0000,0x00000000255b0000)]
  0x000000001f2bb000 JavaThread "jar transforms Thread 7" [_thread_blocked, id=9248, stack(0x00000000253b0000,0x00000000254b0000)]
  0x000000001f2ba800 JavaThread "jar transforms Thread 6" [_thread_blocked, id=12908, stack(0x00000000252b0000,0x00000000253b0000)]
  0x000000001f2bf000 JavaThread "jar transforms Thread 5" [_thread_blocked, id=2568, stack(0x00000000251b0000,0x00000000252b0000)]
  0x000000001f2b3000 JavaThread "jar transforms Thread 4" [_thread_blocked, id=14696, stack(0x00000000250b0000,0x00000000251b0000)]
  0x000000001f2b9800 JavaThread "jar transforms Thread 3" [_thread_blocked, id=10556, stack(0x0000000024fb0000,0x00000000250b0000)]
  0x000000001f2b2000 JavaThread "jar transforms Thread 2" [_thread_blocked, id=14988, stack(0x0000000024eb0000,0x0000000024fb0000)]
  0x000000001f2b9000 JavaThread "Build operations Thread 8" [_thread_blocked, id=236, stack(0x0000000024cb0000,0x0000000024db0000)]
  0x000000001f2b1800 JavaThread "Build operations Thread 7" [_thread_blocked, id=14332, stack(0x0000000024bb0000,0x0000000024cb0000)]
  0x000000001f2b8000 JavaThread "Build operations Thread 6" [_thread_blocked, id=12420, stack(0x0000000024ab0000,0x0000000024bb0000)]
  0x000000001f2b7800 JavaThread "Build operations Thread 5" [_thread_blocked, id=4320, stack(0x00000000249b0000,0x0000000024ab0000)]
  0x000000001f2b0800 JavaThread "Build operations Thread 4" [_thread_blocked, id=11600, stack(0x00000000248b0000,0x00000000249b0000)]
  0x000000001f2b0000 JavaThread "Build operations Thread 3" [_thread_blocked, id=11148, stack(0x00000000247b0000,0x00000000248b0000)]
  0x000000001f2b5000 JavaThread "Build operations Thread 2" [_thread_blocked, id=15024, stack(0x00000000246b0000,0x00000000247b0000)]
  0x000000001f2b6800 JavaThread "Build operations" [_thread_blocked, id=12008, stack(0x00000000245b0000,0x00000000246b0000)]
  0x000000001c517800 JavaThread "Cache worker for file content cache (C:\Users\Ankit kumar\.gradle\caches\6.5\fileContent)" [_thread_blocked, id=14216, stack(0x0000000022b20000,0x0000000022c20000)]
  0x000000001c518000 JavaThread "jar transforms" [_thread_blocked, id=7420, stack(0x0000000022a20000,0x0000000022b20000)]
  0x000000001c51b000 JavaThread "Cache worker for execution history cache (C:\Users\Ankit kumar\.gradle\caches\6.5\executionHistory)" [_thread_blocked, id=7852, stack(0x0000000022320000,0x0000000022420000)]
  0x000000001c516800 JavaThread "Cache worker for cache directory md-rule (C:\Users\Ankit kumar\.gradle\caches\6.5\md-rule)" [_thread_blocked, id=12004, stack(0x0000000022220000,0x0000000022320000)]
  0x000000001c519800 JavaThread "Cache worker for cache directory md-supplier (C:\Users\Ankit kumar\.gradle\caches\6.5\md-supplier)" [_thread_blocked, id=3304, stack(0x0000000021070000,0x0000000021170000)]
  0x000000001c519000 JavaThread "Cache worker for checksums cache (C:\Users\Ankit kumar\AndroidStudioProjects\BookStore\.gradle\checksums)" [_thread_blocked, id=6012, stack(0x0000000020cc0000,0x0000000020dc0000)]
  0x000000001c51a800 JavaThread "Cache worker for file hash cache (C:\Users\Ankit kumar\AndroidStudioProjects\BookStore\.gradle\6.5\fileHashes)" [_thread_blocked, id=3844, stack(0x000000001e7f0000,0x000000001e8f0000)]
  0x000000001ba1d800 JavaThread "Cache worker for file hash cache (C:\Users\Ankit kumar\.gradle\caches\6.5\fileHashes)" [_thread_blocked, id=12752, stack(0x000000001e6f0000,0x000000001e7f0000)]
  0x000000001c737000 JavaThread "File lock request listener" [_thread_in_native, id=5396, stack(0x000000001e5f0000,0x000000001e6f0000)]
  0x000000001aa61000 JavaThread "Cache worker for journal cache (C:\Users\Ankit kumar\.gradle\caches\journal-1)" [_thread_blocked, id=1184, stack(0x000000001e4f0000,0x000000001e5f0000)]
  0x000000001aa66000 JavaThread "Thread-9" [_thread_blocked, id=7500, stack(0x000000001e1f0000,0x000000001e2f0000)]
  0x000000001aa63000 JavaThread "Stdin handler" [_thread_blocked, id=7204, stack(0x000000001e0f0000,0x000000001e1f0000)]
  0x000000001aa62000 JavaThread "Asynchronous log dispatcher for DefaultDaemonConnection: socket connection from /127.0.0.1:54879 to /127.0.0.1:54880" [_thread_blocked, id=3796, stack(0x000000001dff0000,0x000000001e0f0000)]
  0x000000001aa6e800 JavaThread "Daemon worker" [_thread_blocked, id=11848, stack(0x000000001def0000,0x000000001dff0000)]
  0x000000001c44b800 JavaThread "Cancel handler" [_thread_blocked, id=8492, stack(0x000000001ddf0000,0x000000001def0000)]
  0x000000001a9ce800 JavaThread "Handler for socket connection from /127.0.0.1:54879 to /127.0.0.1:54880" [_thread_in_native, id=9504, stack(0x000000001daf0000,0x000000001dbf0000)]
  0x000000001a9cc000 JavaThread "Daemon" [_thread_blocked, id=4048, stack(0x000000001d9f0000,0x000000001daf0000)]
  0x000000001a9c9000 JavaThread "Daemon periodic checks" [_thread_blocked, id=2640, stack(0x000000001d8f0000,0x000000001d9f0000)]
  0x000000001c29f000 JavaThread "Incoming local TCP Connector on port 54879" [_thread_in_native, id=1784, stack(0x000000001d6b0000,0x000000001d7b0000)]
  0x000000001c34f800 JavaThread "Daemon health stats" [_thread_blocked, id=11944, stack(0x000000001d070000,0x000000001d170000)]
  0x0000000019897800 JavaThread "Service Thread" daemon [_thread_blocked, id=6040, stack(0x000000001a4d0000,0x000000001a5d0000)]
  0x000000001980c000 JavaThread "C1 CompilerThread3" daemon [_thread_blocked, id=9524, stack(0x000000001a3d0000,0x000000001a4d0000)]
=>0x0000000019809800 JavaThread "C2 CompilerThread2" daemon [_thread_in_native, id=13084, stack(0x000000001a2d0000,0x000000001a3d0000)]
  0x0000000017a0b800 JavaThread "C2 CompilerThread1" daemon [_thread_in_native, id=2776, stack(0x000000001a1d0000,0x000000001a2d0000)]
  0x0000000019806800 JavaThread "C2 CompilerThread0" daemon [_thread_in_native, id=14880, stack(0x000000001a0d0000,0x000000001a1d0000)]
  0x0000000019805000 JavaThread "Attach Listener" daemon [_thread_blocked, id=11028, stack(0x0000000019fd0000,0x000000001a0d0000)]
  0x0000000019804000 JavaThread "Signal Dispatcher" daemon [_thread_blocked, id=9388, stack(0x0000000019ed0000,0x0000000019fd0000)]
  0x000000000298e000 JavaThread "Finalizer" daemon [_thread_blocked, id=15156, stack(0x0000000019cd0000,0x0000000019dd0000)]
  0x0000000002987000 JavaThread "Reference Handler" daemon [_thread_blocked, id=4920, stack(0x0000000019bd0000,0x0000000019cd0000)]
  0x000000000288e800 JavaThread "main" [_thread_blocked, id=12704, stack(0x00000000026b0000,0x00000000027b0000)]

Other Threads:
  0x00000000179f6000 VMThread [stack: 0x00000000196d0000,0x00000000197d0000] [id=8320]
  0x0000000019898800 WatcherThread [stack: 0x000000001a5d0000,0x000000001a6d0000] [id=11688]

VM state:not at safepoint (normal execution)

VM Mutex/Monitor currently owned by a thread: None

heap address: 0x0000000080000000, size: 2048 MB, Compressed Oops mode: 32-bit
Narrow klass base: 0x0000000000000000, Narrow klass shift: 3
Compressed class space size: 1073741824 Address: 0x0000000100000000

Heap:
 PSYoungGen      total 245248K, used 114918K [0x00000000d5580000, 0x00000000e6a80000, 0x0000000100000000)
  eden space 223232K, 41% used [0x00000000d5580000,0x00000000db03b4c8,0x00000000e2f80000)
  from space 22016K, 99% used [0x00000000e4a80000,0x00000000e5ffe4f0,0x00000000e6000000)
  to   space 27648K, 0% used [0x00000000e2f80000,0x00000000e2f80000,0x00000000e4a80000)
 ParOldGen       total 128512K, used 39928K [0x0000000080000000, 0x0000000087d80000, 0x00000000d5580000)
  object space 128512K, 31% used [0x0000000080000000,0x00000000826fe208,0x0000000087d80000)
 Metaspace       used 75276K, capacity 79016K, committed 79256K, reserved 1118208K
  class space    used 10457K, capacity 11137K, committed 11184K, reserved 1048576K

Card table byte_map: [0x0000000011d50000,0x0000000012160000] byte_map_base: 0x0000000011950000

Marking Bits: (ParMarkBitMap*) 0x000000005088f030
 Begin Bits: [0x0000000012c10000, 0x0000000014c10000)
 End Bits:   [0x0000000014c10000, 0x0000000016c10000)

Polling page: 0x0000000000e60000

CodeCache: size=245760Kb used=25804Kb max_used=25804Kb free=219955Kb
 bounds [0x0000000002990000, 0x00000000042f0000, 0x0000000011990000]
 total_blobs=9090 nmethods=8271 adapters=731
 compilation: enabled

Compilation events (10 events):
Event: 13.389 Thread 0x000000001980c000 9387       3       java.util.SubList$1::<init> (41 bytes)
Event: 13.389 Thread 0x000000001980c000 nmethod 9387 0x00000000042db890 code [0x00000000042dba00, 0x00000000042dbce8]
Event: 13.389 Thread 0x000000001980c000 9388       3       com.android.tools.r8.graph.l0$l::k (2 bytes)
Event: 13.390 Thread 0x000000001980c000 nmethod 9388 0x00000000042dbe10 code [0x00000000042dbf60, 0x00000000042dc0b0]
Event: 13.390 Thread 0x000000001980c000 9389       1       com.android.tools.r8.graph.l0::K (2 bytes)
Event: 13.390 Thread 0x000000001980c000 nmethod 9389 0x00000000042dc150 code [0x00000000042dc2a0, 0x00000000042dc3b0]
Event: 13.391 Thread 0x000000001980c000 9390       1       com.android.tools.r8.utils.d::d (5 bytes)
Event: 13.391 Thread 0x000000001980c000 nmethod 9390 0x00000000042dc410 code [0x00000000042dc560, 0x00000000042dc670]
Event: 13.392 Thread 0x000000001980c000 9391       3       com.android.tools.r8.graph.G$b$a::hashCode (16 bytes)
Event: 13.392 Thread 0x000000001980c000 nmethod 9391 0x00000000042dc6d0 code [0x00000000042dc840, 0x00000000042dca68]

GC Heap History (10 events):
Event: 8.031 GC heap before
{Heap before GC invocations=13 (full 2):
 PSYoungGen      total 169472K, used 165061K [0x00000000d5580000, 0x00000000e0880000, 0x0000000100000000)
  eden space 156672K, 100% used [0x00000000d5580000,0x00000000dee80000,0x00000000dee80000)
  from space 12800K, 65% used [0x00000000dfb00000,0x00000000e0331580,0x00000000e0780000)
  to   space 12800K, 0% used [0x00000000dee80000,0x00000000dee80000,0x00000000dfb00000)
 ParOldGen       total 83968K, used 18244K [0x0000000080000000, 0x0000000085200000, 0x00000000d5580000)
  object space 83968K, 21% used [0x0000000080000000,0x00000000811d10e8,0x0000000085200000)
 Metaspace       used 52359K, capacity 54512K, committed 54568K, reserved 1095680K
  class space    used 6984K, capacity 7434K, committed 7472K, reserved 1048576K
Event: 8.049 GC heap after
Heap after GC invocations=13 (full 2):
 PSYoungGen      total 169472K, used 12772K [0x00000000d5580000, 0x00000000e3680000, 0x0000000100000000)
  eden space 156672K, 0% used [0x00000000d5580000,0x00000000d5580000,0x00000000dee80000)
  from space 12800K, 99% used [0x00000000dee80000,0x00000000dfaf9310,0x00000000dfb00000)
  to   space 18432K, 0% used [0x00000000e2480000,0x00000000e2480000,0x00000000e3680000)
 ParOldGen       total 83968K, used 29122K [0x0000000080000000, 0x0000000085200000, 0x00000000d5580000)
  object space 83968K, 34% used [0x0000000080000000,0x0000000081c70970,0x0000000085200000)
 Metaspace       used 52359K, capacity 54512K, committed 54568K, reserved 1095680K
  class space    used 6984K, capacity 7434K, committed 7472K, reserved 1048576K
}
Event: 8.700 GC heap before
{Heap before GC invocations=14 (full 2):
 PSYoungGen      total 169472K, used 65936K [0x00000000d5580000, 0x00000000e3680000, 0x0000000100000000)
  eden space 156672K, 33% used [0x00000000d5580000,0x00000000d896aeb0,0x00000000dee80000)
  from space 12800K, 99% used [0x00000000dee80000,0x00000000dfaf9310,0x00000000dfb00000)
  to   space 18432K, 0% used [0x00000000e2480000,0x00000000e2480000,0x00000000e3680000)
 ParOldGen       total 83968K, used 29122K [0x0000000080000000, 0x0000000085200000, 0x00000000d5580000)
  object space 83968K, 34% used [0x0000000080000000,0x0000000081c70970,0x0000000085200000)
 Metaspace       used 56815K, capacity 59044K, committed 59160K, reserved 1099776K
  class space    used 7701K, capacity 8165K, committed 8240K, reserved 1048576K
Event: 8.718 GC heap after
Heap after GC invocations=14 (full 2):
 PSYoungGen      total 210432K, used 15016K [0x00000000d5580000, 0x00000000e3b80000, 0x0000000100000000)
  eden space 192000K, 0% used [0x00000000d5580000,0x00000000d5580000,0x00000000e1100000)
  from space 18432K, 81% used [0x00000000e2480000,0x00000000e332a230,0x00000000e3680000)
  to   space 19968K, 0% used [0x00000000e1100000,0x00000000e1100000,0x00000000e2480000)
 ParOldGen       total 83968K, used 33892K [0x0000000080000000, 0x0000000085200000, 0x00000000d5580000)
  object space 83968K, 40% used [0x0000000080000000,0x0000000082119280,0x0000000085200000)
 Metaspace       used 56815K, capacity 59044K, committed 59160K, reserved 1099776K
  class space    used 7701K, capacity 8165K, committed 8240K, reserved 1048576K
}
Event: 8.718 GC heap before
{Heap before GC invocations=15 (full 3):
 PSYoungGen      total 210432K, used 15016K [0x00000000d5580000, 0x00000000e3b80000, 0x0000000100000000)
  eden space 192000K, 0% used [0x00000000d5580000,0x00000000d5580000,0x00000000e1100000)
  from space 18432K, 81% used [0x00000000e2480000,0x00000000e332a230,0x00000000e3680000)
  to   space 19968K, 0% used [0x00000000e1100000,0x00000000e1100000,0x00000000e2480000)
 ParOldGen       total 83968K, used 33892K [0x0000000080000000, 0x0000000085200000, 0x00000000d5580000)
  object space 83968K, 40% used [0x0000000080000000,0x0000000082119280,0x0000000085200000)
 Metaspace       used 56815K, capacity 59044K, committed 59160K, reserved 1099776K
  class space    used 7701K, capacity 8165K, committed 8240K, reserved 1048576K
Event: 8.922 GC heap after
Heap after GC invocations=15 (full 3):
 PSYoungGen      total 210432K, used 0K [0x00000000d5580000, 0x00000000e3b80000, 0x0000000100000000)
  eden space 192000K, 0% used [0x00000000d5580000,0x00000000d5580000,0x00000000e1100000)
  from space 18432K, 0% used [0x00000000e2480000,0x00000000e2480000,0x00000000e3680000)
  to   space 19968K, 0% used [0x00000000e1100000,0x00000000e1100000,0x00000000e2480000)
 ParOldGen       total 128512K, used 33838K [0x0000000080000000, 0x0000000087d80000, 0x00000000d5580000)
  object space 128512K, 26% used [0x0000000080000000,0x000000008210ba00,0x0000000087d80000)
 Metaspace       used 56769K, capacity 58888K, committed 59160K, reserved 1099776K
  class space    used 7687K, capacity 8139K, committed 8240K, reserved 1048576K
}
Event: 11.301 GC heap before
{Heap before GC invocations=16 (full 3):
 PSYoungGen      total 210432K, used 192000K [0x00000000d5580000, 0x00000000e3b80000, 0x0000000100000000)
  eden space 192000K, 100% used [0x00000000d5580000,0x00000000e1100000,0x00000000e1100000)
  from space 18432K, 0% used [0x00000000e2480000,0x00000000e2480000,0x00000000e3680000)
  to   space 19968K, 0% used [0x00000000e1100000,0x00000000e1100000,0x00000000e2480000)
 ParOldGen       total 128512K, used 33838K [0x0000000080000000, 0x0000000087d80000, 0x00000000d5580000)
  object space 128512K, 26% used [0x0000000080000000,0x000000008210ba00,0x0000000087d80000)
 Metaspace       used 65722K, capacity 69026K, committed 69144K, reserved 1107968K
  class space    used 9060K, capacity 9724K, committed 9776K, reserved 1048576K
Event: 11.316 GC heap after
Heap after GC invocations=16 (full 3):
 PSYoungGen      total 211968K, used 18201K [0x00000000d5580000, 0x00000000e6000000, 0x0000000100000000)
  eden space 192000K, 0% used [0x00000000d5580000,0x00000000d5580000,0x00000000e1100000)
  from space 19968K, 91% used [0x00000000e1100000,0x00000000e22c65a8,0x00000000e2480000)
  to   space 22016K, 0% used [0x00000000e4a80000,0x00000000e4a80000,0x00000000e6000000)
 ParOldGen       total 128512K, used 33846K [0x0000000080000000, 0x0000000087d80000, 0x00000000d5580000)
  object space 128512K, 26% used [0x0000000080000000,0x000000008210da00,0x0000000087d80000)
 Metaspace       used 65722K, capacity 69026K, committed 69144K, reserved 1107968K
  class space    used 9060K, capacity 9724K, committed 9776K, reserved 1048576K
}
Event: 12.773 GC heap before
{Heap before GC invocations=17 (full 3):
 PSYoungGen      total 211968K, used 210201K [0x00000000d5580000, 0x00000000e6000000, 0x0000000100000000)
  eden space 192000K, 100% used [0x00000000d5580000,0x00000000e1100000,0x00000000e1100000)
  from space 19968K, 91% used [0x00000000e1100000,0x00000000e22c65a8,0x00000000e2480000)
  to   space 22016K, 0% used [0x00000000e4a80000,0x00000000e4a80000,0x00000000e6000000)
 ParOldGen       total 128512K, used 33846K [0x0000000080000000, 0x0000000087d80000, 0x00000000d5580000)
  object space 128512K, 26% used [0x0000000080000000,0x000000008210da00,0x0000000087d80000)
 Metaspace       used 71831K, capacity 75280K, committed 75544K, reserved 1114112K
  class space    used 9869K, capacity 10525K, committed 10544K, reserved 1048576K
Event: 12.796 GC heap after
Heap after GC invocations=17 (full 3):
 PSYoungGen      total 245248K, used 22009K [0x00000000d5580000, 0x00000000e6a80000, 0x0000000100000000)
  eden space 223232K, 0% used [0x00000000d5580000,0x00000000d5580000,0x00000000e2f80000)
  from space 22016K, 99% used [0x00000000e4a80000,0x00000000e5ffe4f0,0x00000000e6000000)
  to   space 27648K, 0% used [0x00000000e2f80000,0x00000000e2f80000,0x00000000e4a80000)
 ParOldGen       total 128512K, used 39928K [0x0000000080000000, 0x0000000087d80000, 0x00000000d5580000)
  object space 128512K, 31% used [0x0000000080000000,0x00000000826fe208,0x0000000087d80000)
 Metaspace       used 71831K, capacity 75280K, committed 75544K, reserved 1114112K
  class space    used 9869K, capacity 10525K, committed 10544K, reserved 1048576K
}

Deoptimization events (10 events):
Event: 13.238 Thread 0x0000000023ca7800 Uncommon trap: reason=unstable_if action=reinterpret pc=0x00000000032d06f0 method=java.util.Arrays.hashCode([Ljava/lang/Object;)I @ 1
Event: 13.238 Thread 0x0000000023ca5800 Uncommon trap: reason=unstable_if action=reinterpret pc=0x00000000032d06f0 method=java.util.Arrays.hashCode([Ljava/lang/Object;)I @ 1
Event: 13.243 Thread 0x0000000023c9e000 Uncommon trap: reason=unstable_if action=reinterpret pc=0x0000000003d8ba50 method=java.util.concurrent.ConcurrentLinkedQueue.offer(Ljava/lang/Object;)Z @ 40
Event: 13.252 Thread 0x0000000023ca8800 Uncommon trap: reason=unstable_if action=reinterpret pc=0x0000000003cbc36c method=java.util.concurrent.ConcurrentLinkedQueue.offer(Ljava/lang/Object;)Z @ 91
Event: 13.256 Thread 0x0000000023ca5800 Uncommon trap: reason=class_check action=maybe_recompile pc=0x000000000420b044 method=com.android.tools.r8.dex.n$d.a(Lcom/android/tools/r8/graph/b0;)Lcom/android/tools/r8/graph/Y; @ 23
Event: 13.256 Thread 0x0000000023ca5800 Uncommon trap: reason=class_check action=maybe_recompile pc=0x000000000420b044 method=com.android.tools.r8.dex.n$d.a(Lcom/android/tools/r8/graph/b0;)Lcom/android/tools/r8/graph/Y; @ 23
Event: 13.256 Thread 0x0000000023ca5800 Uncommon trap: reason=class_check action=maybe_recompile pc=0x000000000420b044 method=com.android.tools.r8.dex.n$d.a(Lcom/android/tools/r8/graph/b0;)Lcom/android/tools/r8/graph/Y; @ 23
Event: 13.256 Thread 0x0000000023ca5800 Uncommon trap: reason=class_check action=maybe_recompile pc=0x000000000420b044 method=com.android.tools.r8.dex.n$d.a(Lcom/android/tools/r8/graph/b0;)Lcom/android/tools/r8/graph/Y; @ 23
Event: 13.289 Thread 0x0000000023ca5800 Uncommon trap: reason=unstable_if action=reinterpret pc=0x000000000422b6b8 method=com.android.tools.r8.dex.n.i()Lcom/android/tools/r8/graph/l0; @ 54
Event: 13.304 Thread 0x0000000023ca5800 Uncommon trap: reason=unstable_if action=reinterpret pc=0x0000000004231680 method=com.android.tools.r8.graph.i0.b(Lcom/android/tools/r8/graph/i0;)I @ 49

Classes redefined (0 events):
No events

Internal exceptions (10 events):
Event: 12.318 Thread 0x000000001f2b9000 Implicit null exception at 0x0000000003cb8fed to 0x0000000003cb95f5
Event: 12.352 Thread 0x0000000023c99800 Exception <a 'sun/nio/fs/WindowsException'> (0x00000000dd992058) thrown at [C:\src\AOSP-openjdk-git\hotspot\src\share\vm\prims\jni.cpp, line 710]
Event: 12.353 Thread 0x0000000023c99800 Exception <a 'sun/nio/fs/WindowsException'> (0x00000000dd992d88) thrown at [C:\src\AOSP-openjdk-git\hotspot\src\share\vm\prims\jni.cpp, line 710]
Event: 12.466 Thread 0x000000001f2b1800 Implicit null exception at 0x0000000002cdaac0 to 0x0000000002cdb255
Event: 12.653 Thread 0x0000000023c99800 Exception <a 'java/lang/NoSuchMethodError': <clinit>> (0x00000000e0460460) thrown at [C:\src\AOSP-openjdk-git\hotspot\src\share\vm\prims\jni.cpp, line 1615]
Event: 12.654 Thread 0x0000000023c99800 Exception <a 'java/lang/NoSuchMethodError': <clinit>> (0x00000000e0473b18) thrown at [C:\src\AOSP-openjdk-git\hotspot\src\share\vm\prims\jni.cpp, line 1615]
Event: 12.657 Thread 0x0000000023c99800 Exception <a 'java/lang/NoSuchMethodError': <clinit>> (0x00000000e04ae7a8) thrown at [C:\src\AOSP-openjdk-git\hotspot\src\share\vm\prims\jni.cpp, line 1615]
Event: 12.818 Thread 0x0000000023ca3000 Exception <a 'sun/nio/fs/WindowsException'> (0x00000000d5e2a518) thrown at [C:\src\AOSP-openjdk-git\hotspot\src\share\vm\prims\jni.cpp, line 710]
Event: 13.238 Thread 0x0000000023ca7800 Implicit null exception at 0x00000000032d05ef to 0x00000000032d06e1
Event: 13.238 Thread 0x0000000023ca5800 Implicit null exception at 0x00000000032d05ef to 0x00000000032d06e1

Events (10 events):
Event: 13.289 loading class com/android/tools/r8/s/a/p/i done
Event: 13.290 Thread 0x0000000023ca5800 DEOPT PACKING pc=0x00000000042067d1 sp=0x00000000305be9b0
Event: 13.290 Thread 0x0000000023ca5800 DEOPT UNPACKING pc=0x00000000029d75d0 sp=0x00000000305be6a0 mode 0
Event: 13.304 Thread 0x0000000023ca5800 Uncommon trap: trap_request=0xffffff65 fr.pc=0x0000000004231680
Event: 13.304 Thread 0x0000000023ca5800 DEOPT PACKING pc=0x0000000004231680 sp=0x00000000305be9e0
Event: 13.304 Thread 0x0000000023ca5800 DEOPT UNPACKING pc=0x00000000029d557b sp=0x00000000305be978 mode 2
Event: 13.310 Thread 0x0000000023ca5800 DEOPT PACKING pc=0x0000000004238cc6 sp=0x00000000305bea10
Event: 13.310 Thread 0x0000000023ca5800 DEOPT UNPACKING pc=0x00000000029d75d0 sp=0x00000000305be710 mode 0
Event: 13.316 Thread 0x0000000023ca5800 DEOPT PACKING pc=0x0000000004238cc6 sp=0x00000000305be9d0
Event: 13.316 Thread 0x0000000023ca5800 DEOPT UNPACKING pc=0x00000000029d75d0 sp=0x00000000305be6c0 mode 0


Dynamic libraries:
0x00007ff68d060000 - 0x00007ff68d091000 	C:\Program Files\Android\Android Studio1\jre\bin\java.exe
0x00007ffc0af50000 - 0x00007ffc0b145000 	C:\WINDOWS\SYSTEM32\ntdll.dll
0x00007ffc0ae50000 - 0x00007ffc0af0d000 	C:\WINDOWS\System32\KERNEL32.DLL
0x00007ffc08a60000 - 0x00007ffc08d28000 	C:\WINDOWS\System32\KERNELBASE.dll
0x00007ffc09620000 - 0x00007ffc096cc000 	C:\WINDOWS\System32\ADVAPI32.dll
0x00007ffc09100000 - 0x00007ffc0919e000 	C:\WINDOWS\System32\msvcrt.dll
0x00007ffc09980000 - 0x00007ffc09a1b000 	C:\WINDOWS\System32\sechost.dll
0x00007ffc08fd0000 - 0x00007ffc090fb000 	C:\WINDOWS\System32\RPCRT4.dll
0x00007ffc09750000 - 0x00007ffc098f0000 	C:\WINDOWS\System32\USER32.dll
0x00007ffc08840000 - 0x00007ffc08862000 	C:\WINDOWS\System32\win32u.dll
0x00007ffc09e40000 - 0x00007ffc09e6a000 	C:\WINDOWS\System32\GDI32.dll
0x00007ffc08dc0000 - 0x00007ffc08ecb000 	C:\WINDOWS\System32\gdi32full.dll
0x00007ffc08f20000 - 0x00007ffc08fbd000 	C:\WINDOWS\System32\msvcp_win.dll
0x00007ffc08690000 - 0x00007ffc08790000 	C:\WINDOWS\System32\ucrtbase.dll
0x00007ffbedf50000 - 0x00007ffbee1ea000 	C:\WINDOWS\WinSxS\amd64_microsoft.windows.common-controls_6595b64144ccf1df_6.0.19041.1052_none_60b8f8fd71f5e8cb\COMCTL32.dll
0x00007ffc098f0000 - 0x00007ffc09920000 	C:\WINDOWS\System32\IMM32.DLL
0x0000000050e80000 - 0x0000000050f52000 	C:\Program Files\Android\Android Studio1\jre\jre\bin\msvcr100.dll
0x00000000500c0000 - 0x000000005090b000 	C:\Program Files\Android\Android Studio1\jre\jre\bin\server\jvm.dll
0x00007ffc09f90000 - 0x00007ffc09f98000 	C:\WINDOWS\System32\PSAPI.DLL
0x00007ffc00cf0000 - 0x00007ffc00cf9000 	C:\WINDOWS\SYSTEM32\WSOCK32.dll
0x00007ffbecc50000 - 0x00007ffbecc77000 	C:\WINDOWS\SYSTEM32\WINMM.dll
0x00007ffc09e70000 - 0x00007ffc09edb000 	C:\WINDOWS\System32\WS2_32.dll
0x00007ffbfdf90000 - 0x00007ffbfdf9a000 	C:\WINDOWS\SYSTEM32\VERSION.dll
0x00007ffc00ce0000 - 0x00007ffc00cef000 	C:\Program Files\Android\Android Studio1\jre\jre\bin\verify.dll
0x00007ffbfef80000 - 0x00007ffbfefa9000 	C:\Program Files\Android\Android Studio1\jre\jre\bin\java.dll
0x00007ffc00bd0000 - 0x00007ffc00be6000 	C:\Program Files\Android\Android Studio1\jre\jre\bin\zip.dll
0x00007ffc0a150000 - 0x00007ffc0a88f000 	C:\WINDOWS\System32\SHELL32.dll
0x00007ffc067c0000 - 0x00007ffc06f50000 	C:\WINDOWS\SYSTEM32\windows.storage.dll
0x00007ffc0aad0000 - 0x00007ffc0ae25000 	C:\WINDOWS\System32\combase.dll
0x00007ffc08100000 - 0x00007ffc0812c000 	C:\WINDOWS\SYSTEM32\Wldp.dll
0x00007ffc09ee0000 - 0x00007ffc09f8e000 	C:\WINDOWS\System32\SHCORE.dll
0x00007ffc09920000 - 0x00007ffc09975000 	C:\WINDOWS\System32\shlwapi.dll
0x00007ffc085d0000 - 0x00007ffc085ef000 	C:\WINDOWS\SYSTEM32\profapi.dll
0x00007ffbffc20000 - 0x00007ffbffc3a000 	C:\Program Files\Android\Android Studio1\jre\jre\bin\net.dll
0x00007ffc07e70000 - 0x00007ffc07eda000 	C:\WINDOWS\system32\mswsock.dll
0x00007ffbff260000 - 0x00007ffbff273000 	C:\Program Files\Android\Android Studio1\jre\jre\bin\nio.dll
0x00007ffbf94c0000 - 0x00007ffbf94e7000 	C:\Users\Ankit kumar\.gradle\native\f6784746aeab05261644944871eae4fe03e0ef1612fff0a4a95f87b438bc6780\windows-amd64\native-platform.dll
0x00007ffc00cd0000 - 0x00007ffc00cdd000 	C:\Program Files\Android\Android Studio1\jre\jre\bin\management.dll
0x00007ffc08040000 - 0x00007ffc08058000 	C:\WINDOWS\SYSTEM32\CRYPTSP.dll
0x00007ffc077a0000 - 0x00007ffc077d4000 	C:\WINDOWS\system32\rsaenh.dll
0x00007ffc08d30000 - 0x00007ffc08d57000 	C:\WINDOWS\System32\bcrypt.dll
0x00007ffc08590000 - 0x00007ffc085be000 	C:\WINDOWS\SYSTEM32\USERENV.dll
0x00007ffc08870000 - 0x00007ffc088f3000 	C:\WINDOWS\System32\bcryptprimitives.dll
0x00007ffc08060000 - 0x00007ffc0806c000 	C:\WINDOWS\SYSTEM32\CRYPTBASE.dll
0x00007ffc07b10000 - 0x00007ffc07b4b000 	C:\WINDOWS\SYSTEM32\IPHLPAPI.DLL
0x00007ffc08fc0000 - 0x00007ffc08fc8000 	C:\WINDOWS\System32\NSI.dll
0x00007ffbfd0e0000 - 0x00007ffbfd0f7000 	C:\WINDOWS\SYSTEM32\dhcpcsvc6.DLL
0x00007ffbfd0c0000 - 0x00007ffbfd0dd000 	C:\WINDOWS\SYSTEM32\dhcpcsvc.DLL
0x00007ffc07b60000 - 0x00007ffc07c2c000 	C:\WINDOWS\SYSTEM32\DNSAPI.dll
0x00007ffbfda50000 - 0x00007ffbfda5b000 	C:\WINDOWS\SYSTEM32\WINNSI.DLL

VM Arguments:
jvm_args: -Xmx2048m -Dfile.encoding=UTF-8 -Duser.country=IN -Duser.language=en -Duser.variant 
java_command: org.gradle.launcher.daemon.bootstrap.GradleDaemon 6.5
java_class_path (initial): C:\Users\Ankit kumar\.gradle\wrapper\dists\gradle-6.5-bin\6nifqtx7604sqp1q6g8wikw7p\gradle-6.5\lib\gradle-launcher-6.5.jar
Launcher Type: SUN_STANDARD

Environment Variables:
PATH=C:\Users\Ankit kumar\AppData\Local\Android\Sdk\platform-tools;C:\Windows;C:\Windows\System32\Wbem;C:\Windows\System32\WindowsPowerShell\v1.0\;C:\Windows\System32\OpenSSH\;C:\Program Files (x86)\NVIDIA Corporation\PhysX\Common;C:\Program Files\Intel\WiFi\bin\;C:\Program Files\Common Files\Intel\WirelessCommon\;C:\Program Files\Java\jdk-11.0.5\bin;C:\WINDOWS\system32;C:\WINDOWS;C:\WINDOWS\System32\Wbem;C:\WINDOWS\System32\WindowsPowerShell\v1.0\;C:\WINDOWS\System32\OpenSSH\;C:\Program Files\PuTTY\;C:\Program Files\Git\cmd;C:\Users\Ankit kumar\AppData\Local\Microsoft\WindowsApps;C:\Users\Ankit kumar\AppData\Local\GitHubDesktop\bin
USERNAME=Ankit kumar
OS=Windows_NT
PROCESSOR_IDENTIFIER=Intel64 Family 6 Model 142 Stepping 12, GenuineIntel



---------------  S Y S T E M  ---------------

OS: Windows 10.0 , 64 bit Build 19041 (10.0.19041.1023)

CPU:total 8 (initial active 8) (4 cores per cpu, 2 threads per core) family 6 model 142 stepping 12, cmov, cx8, fxsr, mmx, sse, sse2, sse3, ssse3, sse4.1, sse4.2, popcnt, avx, avx2, aes, clmul, erms, 3dnowpref, lzcnt, ht, tsc, tscinvbit, bmi1, bmi2, adx

Memory: 4k page, physical 8236416k(1623600k free), swap 8236416k(5152k free)

vm_info: OpenJDK 64-Bit Server VM (25.242-b01) for windows-amd64 JRE (1.8.0_242-release-1644-b01), built by "builder" with MS VC++ 10.0 (VS2010)

time: Fri Jun 18 19:34:09 2021
timezone: India Standard Time
elapsed time: 13 seconds (0d 0h 0m 13s)

