JvmtiExport can_access_local_variables 0
JvmtiExport can_hotswap_or_post_breakpoint 0
JvmtiExport can_post_on_exceptions 0
# 192 ciObject found
ciMethod java/lang/Object <init> ()V 4097 1 2105182 0 -1
ciMethod java/lang/invoke/DirectMethodHandle internalMemberName (Ljava/lang/Object;)Ljava/lang/Object; 2057 1 108787 0 -1
ciMethod java/nio/Buffer position ()I 1065 1 133 0 -1
ciMethod java/nio/Buffer position (I)Ljava/nio/Buffer; 1601 1 5326 0 -1
ciMethod java/nio/ByteBuffer getInt ()I 0 0 1 0 -1
ciMethodData java/lang/Object <init> ()V 2 2105182 orig 264 88 29 103 80 0 0 0 0 128 4 196 22 0 0 0 0 32 1 0 0 0 0 0 0 0 0 0 0 0 0 0 0 0 0 0 0 0 0 0 0 0 0 0 0 0 0 0 0 0 0 0 0 0 0 0 0 0 0 0 0 0 0 0 0 0 0 0 0 0 0 0 0 0 0 0 0 0 0 0 0 77 68 79 32 101 120 116 114 97 32 100 97 116 97 32 108 111 99 107 0 0 0 0 0 0 0 0 0 0 0 0 0 0 0 0 0 0 0 0 0 0 0 0 0 0 0 0 0 0 0 0 0 0 0 0 0 0 0 0 0 0 0 0 0 0 0 0 0 0 0 0 0 0 0 0 0 0 0 0 0 0 0 0 0 0 0 0 0 0 0 0 0 0 0 0 0 0 0 0 0 0 0 0 0 1 0 0 0 0 0 0 0 1 0 0 0 0 0 0 0 1 0 0 0 0 0 0 0 0 0 0 0 0 0 0 0 0 2 0 0 241 234 0 1 1 0 0 0 0 0 0 0 0 0 0 0 2 0 0 0 0 0 3 0 1 0 0 0 0 0 0 0 255 255 255 255 0 0 0 0 0 0 0 0 data 0 oops 0
ciMethod java/lang/invoke/MethodHandle linkToStatic (Ljava/lang/Object;Ljava/lang/invoke/MemberName;)Ljava/lang/Object; 0 0 1 0 -1
ciMethod java/lang/invoke/MethodHandle invokeBasic (Ljava/lang/Object;)Ljava/lang/Object; 0 0 1 0 -1
ciMethodData java/nio/Buffer position (I)Ljava/nio/Buffer; 2 5326 orig 264 88 29 103 80 0 0 0 0 16 105 205 22 0 0 0 0 152 1 0 0 64 0 0 0 0 0 0 0 0 0 0 0 0 0 0 0 0 0 0 0 0 0 0 0 0 0 0 0 0 0 0 0 0 0 0 0 0 0 0 0 0 0 0 0 0 0 0 0 0 0 0 0 0 0 0 0 0 0 0 0 77 68 79 32 101 120 116 114 97 32 100 97 116 97 32 108 111 99 107 0 0 0 0 0 0 0 0 0 0 0 0 0 0 0 0 0 0 0 0 0 0 0 0 0 0 0 0 0 0 0 0 0 0 0 0 0 0 0 0 0 0 0 0 0 0 0 0 0 0 0 0 0 0 0 0 0 0 0 0 0 0 0 0 0 0 0 0 0 0 0 0 0 0 0 0 0 0 0 0 0 0 0 0 0 27 0 0 0 0 0 0 0 0 0 0 0 0 0 0 0 1 0 0 0 0 0 0 0 1 0 0 0 0 0 0 0 200 0 0 0 49 160 0 0 1 0 0 0 0 0 0 0 0 0 0 0 2 0 0 0 0 0 11 0 2 0 0 0 112 0 0 0 255 255 255 255 7 0 5 0 0 0 0 0 data 14 0x50007 0x0 0x40 0x1406 0x90007 0x1406 0x30 0x0 0x100002 0x0 0x210007 0x1406 0x20 0x0 oops 0
ciMethod java/lang/invoke/LambdaForm$DMH invokeStatic_L_L (Ljava/lang/Object;Ljava/lang/Object;)Ljava/lang/Object; 2065 1 55392 0 -1
ciMethod java/lang/invoke/LambdaForm$MH linkToTargetMethod (Ljava/lang/Object;Ljava/lang/Object;)Ljava/lang/Object; 2049 1 55385 0 -1
ciMethodData java/lang/invoke/DirectMethodHandle internalMemberName (Ljava/lang/Object;)Ljava/lang/Object; 2 108787 orig 264 88 29 103 80 0 0 0 0 248 44 201 22 0 0 0 0 120 1 0 0 0 0 0 0 0 0 0 0 0 0 0 0 0 0 0 0 0 0 0 0 0 0 0 0 0 0 0 0 0 0 0 0 0 0 0 0 0 0 0 0 0 0 0 0 0 0 0 0 0 0 0 0 0 0 0 0 0 0 0 0 77 68 79 32 101 120 116 114 97 32 100 97 116 97 32 108 111 99 107 0 0 0 0 0 0 0 0 0 0 0 0 0 0 0 0 0 0 0 0 0 0 0 0 0 0 0 0 0 0 0 0 0 0 0 0 0 0 0 0 0 0 0 0 0 0 0 0 0 0 0 0 0 0 0 0 0 0 0 0 0 0 0 0 0 0 0 0 0 0 0 0 0 0 0 0 0 0 0 0 0 0 0 0 0 0 0 0 0 0 0 0 0 0 0 0 0 0 0 0 0 0 0 0 0 0 0 0 0 0 0 0 0 0 0 0 0 1 1 0 0 145 63 13 0 1 0 0 0 0 0 0 0 0 0 0 0 2 0 0 0 0 0 3 0 2 0 0 0 48 0 0 0 255 255 255 255 4 0 1 0 0 0 0 0 data 6 0x10004 0x0 0x19429820 0x5055 0x0 0x0 oops 1 2 java/lang/invoke/DirectMethodHandle
ciMethodData java/lang/invoke/LambdaForm$MH linkToTargetMethod (Ljava/lang/Object;Ljava/lang/Object;)Ljava/lang/Object; 2 55386 orig 264 88 29 103 80 0 0 0 0 176 153 64 23 0 0 0 0 0 2 0 0 0 0 0 0 0 0 0 0 0 0 0 0 0 0 0 0 0 0 0 0 0 0 0 0 0 0 0 0 0 0 0 0 0 0 0 0 0 0 0 0 0 0 0 0 0 0 0 0 0 0 0 0 0 0 0 0 0 0 0 0 77 68 79 32 101 120 116 114 97 32 100 97 116 97 32 108 111 99 107 0 0 0 0 0 0 0 0 0 0 0 0 0 0 0 0 0 0 0 0 0 0 0 0 0 0 0 0 0 0 0 0 0 0 0 0 0 0 0 0 0 0 0 0 0 0 0 0 0 0 0 0 0 0 0 0 0 0 0 0 0 0 0 0 0 0 0 0 0 0 0 0 0 0 0 0 0 0 0 0 0 0 0 0 0 0 0 0 0 0 0 0 0 0 0 0 0 0 0 0 0 0 0 0 0 0 0 0 0 0 0 0 0 0 0 0 0 0 1 0 0 209 186 6 0 1 0 0 0 0 0 0 0 0 0 0 0 2 0 0 0 0 0 3 0 2 0 0 0 128 0 0 0 208 0 0 0 4 0 1 0 0 0 0 0 data 16 0x10004 0x0 0x19429820 0x13bb 0x0 0x0 0x5000b 0xc3a4 0x19429820 0x13b9 0x0 0x0 0x3 0x1 0x2 0x2 oops 2 2 java/lang/invoke/DirectMethodHandle 8 java/lang/invoke/DirectMethodHandle
ciMethodData java/lang/invoke/LambdaForm$DMH invokeStatic_L_L (Ljava/lang/Object;Ljava/lang/Object;)Ljava/lang/Object; 2 55393 orig 264 88 29 103 80 0 0 0 0 248 65 5 23 0 0 0 0 32 2 0 0 96 0 0 0 0 0 0 0 0 0 0 0 0 0 0 0 0 0 0 0 0 0 0 0 0 0 0 0 0 0 0 0 0 0 0 0 0 0 0 0 0 0 0 0 0 0 0 0 0 0 0 0 0 0 0 0 0 0 0 0 77 68 79 32 101 120 116 114 97 32 100 97 116 97 32 108 111 99 107 0 0 0 0 0 0 0 0 0 0 0 0 0 0 0 0 0 0 0 0 0 0 0 0 0 0 0 0 0 0 0 0 0 0 0 0 0 0 0 0 0 0 0 0 0 0 0 0 0 0 0 0 0 0 0 0 0 0 0 0 0 0 0 0 0 0 0 0 0 0 0 0 0 0 0 0 0 0 0 0 0 0 0 0 0 0 0 0 0 0 0 0 0 0 0 0 0 0 0 0 0 0 0 0 0 0 0 0 0 0 0 0 0 0 0 0 0 2 1 0 0 249 186 6 0 1 0 0 0 0 0 0 0 0 0 0 0 2 0 0 0 0 0 3 0 2 0 0 0 160 0 0 0 240 0 0 0 10 0 1 0 0 0 0 0 data 20 0x1000a 0xd764 0x3 0x0 0x19429820 0x19429940 0x70004 0x0 0x0 0x0 0x0 0x0 0xa000a 0xd763 0x5 0x0 0x2 0x1 0x19429940 0x2 oops 0
ciMethod com/android/tools/r8/graph/Y <init> ()V 2129 1 130518 0 -1
ciMethodData com/android/tools/r8/graph/Y <init> ()V 2 130518 orig 264 88 29 103 80 0 0 0 0 120 76 53 46 0 0 0 0 48 1 0 0 0 0 0 0 0 0 0 0 0 0 0 0 0 0 0 0 0 0 0 0 0 0 0 0 0 0 0 0 0 0 0 0 0 0 0 0 0 0 0 0 0 0 0 0 0 0 0 0 0 0 0 0 0 0 0 0 0 0 0 0 77 68 79 32 101 120 116 114 97 32 100 97 116 97 32 108 111 99 107 0 0 0 0 0 0 0 0 0 0 0 0 0 0 0 0 0 0 0 0 0 0 0 0 0 0 0 0 0 0 0 0 0 0 0 0 0 0 0 0 0 0 0 0 0 0 0 0 0 0 0 0 0 0 0 0 0 0 0 0 0 0 0 0 0 0 0 0 0 0 0 0 0 0 0 0 0 0 0 0 0 0 0 0 0 1 0 0 0 0 0 0 0 0 0 0 0 0 0 0 0 1 0 0 0 0 0 0 0 0 0 0 0 0 0 0 0 9 1 0 0 97 230 15 0 1 0 0 0 0 0 0 0 0 0 0 0 2 0 0 0 0 0 3 0 2 0 0 0 16 0 0 0 255 255 255 255 2 0 1 0 0 0 0 0 data 2 0x10002 0x1fcce oops 0
ciMethod com/android/tools/r8/graph/k0 c ()I 2617 1 327 0 -1
ciMethod com/android/tools/r8/dex/c d ()I 4097 1 46992 0 -1
ciMethod com/android/tools/r8/dex/c b (I)V 2129 1 121896 0 -1
ciMethod com/android/tools/r8/dex/j c (I)V 2169 1 125149 0 -1
ciMethod com/android/tools/r8/dex/j k ()I 4097 1 10366 0 -1
ciMethod com/android/tools/r8/dex/j g ()I 4097 1 55131 0 -1
ciMethod com/android/tools/r8/dex/n c (I)Lcom/android/tools/r8/graph/i1; 2617 1 327 0 -1
ciMethod com/android/tools/r8/dex/n a (ILjava/util/function/Supplier;)Ljava/lang/Object; 89 1 10859 0 -1
ciMethod com/android/tools/r8/dex/n b (I)Lcom/android/tools/r8/graph/x; 4097 1 1067 0 -1
ciMethod com/android/tools/r8/dex/n d ()Lcom/android/tools/r8/dex/n$b; 4097 6561 640 0 -1
ciMethod com/android/tools/r8/graph/c0 <init> (Lcom/android/tools/r8/graph/b0;Lcom/android/tools/r8/graph/Y;)V 4097 1 728 0 -1
ciMethod com/android/tools/r8/graph/c0$b <init> (Lcom/android/tools/r8/graph/d0;Lcom/android/tools/r8/graph/x;)V 2049 1 290 0 -1
ciMethod com/android/tools/r8/graph/c0$c <init> (Lcom/android/tools/r8/graph/d0;Lcom/android/tools/r8/graph/i1;)V 2617 1 327 0 -1
ciMethod com/android/tools/r8/graph/c0$a <init> (Lcom/android/tools/r8/graph/X;Lcom/android/tools/r8/graph/x;)V 889 1 111 0 -1
ciMethod com/android/tools/r8/graph/h1 b (I)Lcom/android/tools/r8/graph/d0; 1 1 4378 0 -1
ciMethod com/android/tools/r8/graph/h1 a (I)Lcom/android/tools/r8/graph/X; 44641 1 18365 0 -1
ciMethodData com/android/tools/r8/dex/c d ()I 2 46992 orig 264 88 29 103 80 0 0 0 0 232 205 84 46 0 0 0 0 224 1 0 0 112 0 0 0 0 0 0 0 0 0 0 0 0 0 0 0 0 0 0 0 0 0 0 0 0 0 0 0 0 0 0 0 0 0 0 0 0 0 0 0 0 0 0 0 0 0 0 0 0 0 0 0 0 0 0 0 0 0 0 0 77 68 79 32 101 120 116 114 97 32 100 97 116 97 32 108 111 99 107 0 0 0 0 0 0 0 0 0 0 0 0 0 0 0 0 0 0 0 0 0 0 0 0 0 0 0 0 0 0 0 0 0 0 0 0 0 0 0 0 0 0 0 0 0 0 0 0 0 0 0 0 0 0 0 0 0 0 0 0 0 0 0 0 0 0 0 0 0 0 0 0 0 0 0 0 0 0 0 0 0 0 0 0 0 25 0 0 0 0 0 0 0 0 0 0 0 0 0 0 0 1 0 0 0 0 0 0 0 0 0 0 0 0 0 0 0 0 2 0 0 129 172 5 0 1 0 0 0 0 0 0 0 0 0 0 0 2 0 0 0 0 0 4 0 2 0 0 0 152 0 0 0 255 255 255 255 5 0 4 0 0 0 0 0 data 19 0x40005 0x0 0x1ece1100 0xb590 0x0 0x0 0xb0007 0xb590 0x68 0x0 0xf0007 0x0 0x38 0x0 0x120003 0x0 0x28 0x190002 0x0 oops 1 2 com/android/tools/r8/dex/j
ciMethodData com/android/tools/r8/dex/j g ()I 2 55131 orig 264 88 29 103 80 0 0 0 0 32 246 84 46 0 0 0 0 120 1 0 0 0 0 0 0 0 0 0 0 0 0 0 0 0 0 0 0 0 0 0 0 0 0 0 0 0 0 0 0 0 0 0 0 0 0 0 0 0 0 0 0 0 0 0 0 0 0 0 0 0 0 0 0 0 0 0 0 0 0 0 0 77 68 79 32 101 120 116 114 97 32 100 97 116 97 32 108 111 99 107 0 0 0 0 0 0 0 0 0 0 0 0 0 0 0 0 0 0 0 0 0 0 0 0 0 0 0 0 0 0 0 0 0 0 0 0 0 0 0 0 0 0 0 0 0 0 0 0 0 0 0 0 0 0 0 0 0 0 0 0 0 0 0 0 0 0 0 0 0 0 0 0 0 0 0 0 0 0 0 0 0 0 0 0 0 0 0 0 0 0 0 0 0 0 0 0 0 0 0 0 0 0 0 0 0 0 0 0 0 0 0 0 0 0 0 0 0 0 2 0 0 217 170 6 0 1 0 0 0 0 0 0 0 0 0 0 0 2 0 0 0 0 0 3 0 2 0 0 0 48 0 0 0 255 255 255 255 5 0 4 0 0 0 0 0 data 6 0x40005 0x0 0x1fe62b90 0xd560 0x0 0x0 oops 1 2 java/nio/HeapByteBuffer
ciMethodData com/android/tools/r8/dex/c b (I)V 2 121897 orig 264 88 29 103 80 0 0 0 0 40 208 84 46 0 0 0 0 128 1 0 0 0 0 0 0 0 0 0 0 0 0 0 0 0 0 0 0 0 0 0 0 0 0 0 0 0 0 0 0 0 0 0 0 0 0 0 0 0 0 0 0 0 0 0 0 0 0 0 0 0 0 0 0 0 0 0 0 0 0 0 0 77 68 79 32 101 120 116 114 97 32 100 97 116 97 32 108 111 99 107 0 0 0 0 0 0 0 0 0 0 0 0 0 0 0 0 0 0 0 0 0 0 0 0 0 0 0 0 0 0 0 0 0 0 0 0 0 0 0 0 0 0 0 0 0 0 0 0 0 0 0 0 0 0 0 0 0 0 0 0 0 0 0 0 0 0 0 0 0 0 0 0 0 0 0 0 0 0 0 0 0 0 0 0 0 17 0 0 0 0 0 0 0 0 0 0 0 0 0 0 0 1 0 0 0 0 0 0 0 0 0 0 0 0 0 0 0 10 1 0 0 241 216 14 0 1 0 0 0 0 0 0 0 0 0 0 0 2 0 0 0 0 0 3 0 2 0 0 0 48 0 0 0 255 255 255 255 5 0 5 0 0 0 0 0 data 6 0x50005 0x0 0x1ece1100 0x1db1f 0x0 0x0 oops 1 2 com/android/tools/r8/dex/j
ciMethodData com/android/tools/r8/dex/j c (I)V 2 125149 orig 264 88 29 103 80 0 0 0 0 208 237 84 46 0 0 0 0 128 1 0 0 0 0 0 0 0 0 0 0 0 0 0 0 0 0 0 0 0 0 0 0 0 0 0 0 0 0 0 0 0 0 0 0 0 0 0 0 0 0 0 0 0 0 0 0 0 0 0 0 0 0 0 0 0 0 0 0 0 0 0 0 77 68 79 32 101 120 116 114 97 32 100 97 116 97 32 108 111 99 107 0 0 0 0 0 0 0 0 0 0 0 0 0 0 0 0 0 0 0 0 0 0 0 0 0 0 0 0 0 0 0 0 0 0 0 0 0 0 0 0 0 0 0 0 0 0 0 0 0 0 0 0 0 0 0 0 0 0 0 0 0 0 0 0 0 0 0 0 0 0 0 0 0 0 0 0 0 0 0 0 0 0 0 0 0 0 0 0 0 0 0 0 0 0 0 0 0 0 0 0 0 0 0 0 0 0 0 0 0 0 0 0 0 0 0 0 0 15 1 0 0 113 62 15 0 1 0 0 0 0 0 0 0 0 0 0 0 2 0 0 0 0 0 3 0 2 0 0 0 48 0 0 0 255 255 255 255 5 0 5 0 0 0 0 0 data 6 0x50005 0xf 0x1fe62b90 0x1e7bf 0x0 0x0 oops 1 2 java/nio/HeapByteBuffer
ciMethodData com/android/tools/r8/dex/n a (ILjava/util/function/Supplier;)Ljava/lang/Object; 2 10859 orig 264 88 29 103 80 0 0 0 0 0 116 85 46 0 0 0 0 240 2 0 0 112 1 0 0 0 0 0 0 0 0 0 0 0 0 0 0 0 0 0 0 0 0 0 0 0 0 0 0 0 0 0 0 0 0 0 0 0 0 0 0 0 0 0 0 0 0 0 0 0 0 0 0 0 0 0 0 0 0 0 0 77 68 79 32 101 120 116 114 97 32 100 97 116 97 32 108 111 99 107 0 0 0 0 0 0 0 0 0 0 0 0 0 0 0 0 0 0 0 0 0 0 0 0 0 0 0 0 0 0 0 0 0 0 0 0 0 0 0 0 0 0 0 0 0 0 0 0 0 0 0 0 0 0 0 0 0 0 0 0 0 0 0 0 0 0 0 0 0 0 0 0 0 0 0 0 0 0 0 0 0 0 0 0 0 25 0 0 0 0 0 0 0 0 0 0 0 0 0 0 0 1 0 0 0 0 0 0 0 0 0 0 0 0 0 0 0 11 0 0 0 1 83 1 0 1 0 0 0 0 0 0 0 0 0 0 0 2 0 0 0 0 0 8 0 2 0 0 0 152 1 0 0 255 255 255 255 7 0 1 0 0 0 0 0 data 51 0x10007 0x28d2 0x20 0x18f 0xb0005 0x0 0x1ff991b0 0x28d3 0x0 0x0 0x120007 0x1830 0x20 0x10a5 0x1e0005 0x0 0x1ece1050 0x182f 0x0 0x0 0x210005 0x3c5 0x1ff99290 0x1318 0x1ff99370 0x154 0x2c0005 0x0 0x1ff991b0 0x1833 0x0 0x0 0x350007 0x1832 0x98 0x0 0x3d0005 0x0 0x0 0x0 0x0 0x0 0x430007 0x0 0x38 0x0 0x460003 0x0 0x28 0x4d0002 0x0 oops 5 6 com/android/tools/r8/t/a/a/a/f/X 16 com/android/tools/r8/dex/o 22 com/android/tools/r8/dex/n$$Lambda$804 24 com/android/tools/r8/dex/n$$Lambda$818 28 com/android/tools/r8/t/a/a/a/f/X
ciMethodData com/android/tools/r8/graph/h1 a (I)Lcom/android/tools/r8/graph/X; 2 18365 orig 264 88 29 103 80 0 0 0 0 16 68 87 46 0 0 0 0 144 1 0 0 64 0 0 0 0 0 0 0 0 0 0 0 0 0 0 0 0 0 0 0 0 0 0 0 0 0 0 0 0 0 0 0 0 0 0 0 0 0 0 0 0 0 0 0 0 0 0 0 0 0 0 0 0 0 0 0 0 0 0 0 77 68 79 32 101 120 116 114 97 32 100 97 116 97 32 108 111 99 107 0 0 0 0 0 0 0 0 0 0 0 0 0 0 0 0 0 0 0 0 0 0 0 0 0 0 0 0 0 0 0 0 0 0 0 0 0 0 0 0 0 0 0 0 0 0 0 0 0 0 0 0 0 0 0 0 0 0 0 0 0 0 0 0 0 0 0 0 0 0 0 0 0 0 0 0 0 0 0 0 0 0 0 0 0 25 0 0 0 0 0 0 0 0 0 0 0 0 0 0 0 1 0 0 0 0 0 0 0 0 0 0 0 0 0 0 0 0 0 0 0 137 143 1 0 1 0 0 0 0 0 0 0 0 0 0 0 2 0 0 0 0 0 3 0 2 0 0 0 104 0 0 0 255 255 255 255 7 0 3 0 0 0 0 0 data 13 0x30007 0x31dd 0x68 0x0 0xc0007 0x0 0x38 0x0 0xf0003 0x0 0x28 0x160002 0x0 oops 0
ciMethodData com/android/tools/r8/graph/h1 b (I)Lcom/android/tools/r8/graph/d0; 2 4378 orig 264 88 29 103 80 0 0 0 0 128 66 87 46 0 0 0 0 144 1 0 0 64 0 0 0 0 0 0 0 0 0 0 0 0 0 0 0 0 0 0 0 0 0 0 0 0 0 0 0 0 0 0 0 0 0 0 0 0 0 0 0 0 0 0 0 0 0 0 0 0 0 0 0 0 0 0 0 0 0 0 0 77 68 79 32 101 120 116 114 97 32 100 97 116 97 32 108 111 99 107 0 0 0 0 0 0 0 0 0 0 0 0 0 0 0 0 0 0 0 0 0 0 0 0 0 0 0 0 0 0 0 0 0 0 0 0 0 0 0 0 0 0 0 0 0 0 0 0 0 0 0 0 0 0 0 0 0 0 0 0 0 0 0 0 0 0 0 0 0 0 0 0 0 0 0 0 0 0 0 0 0 0 0 0 0 25 0 0 0 0 0 0 0 0 0 0 0 0 0 0 0 1 0 0 0 0 0 0 0 0 0 0 0 0 0 0 0 0 0 0 0 209 136 0 0 1 0 0 0 0 0 0 0 0 0 0 0 2 0 0 0 0 0 4 0 2 0 0 0 104 0 0 0 255 255 255 255 7 0 3 0 0 0 0 0 data 13 0x30007 0x111a 0x68 0x0 0xc0007 0x0 0x38 0x0 0xf0003 0x0 0x28 0x160002 0x0 oops 0
ciMethod com/android/tools/r8/graph/i1 h (I)Lcom/android/tools/r8/graph/i1; 2617 1 327 0 -1
ciMethod com/android/tools/r8/dex/n$b <init> (Lcom/android/tools/r8/graph/x;[Lcom/android/tools/r8/graph/c0$a;[Lcom/android/tools/r8/graph/c0$b;[Lcom/android/tools/r8/graph/c0$c;)V 4097 1 646 0 -1
ciMethod com/android/tools/r8/dex/n$$Lambda$853 <init> (Lcom/android/tools/r8/dex/n;)V 2617 1 327 0 -1
ciMethod com/android/tools/r8/dex/n$$Lambda$853 get$Lambda (Lcom/android/tools/r8/dex/n;)Ljava/util/function/Supplier; 2617 1 327 0 -1
ciMethodData com/android/tools/r8/dex/n$$Lambda$853 get$Lambda (Lcom/android/tools/r8/dex/n;)Ljava/util/function/Supplier; 1 327 orig 264 88 29 103 80 0 0 0 0 192 194 98 46 0 0 0 0 48 1 0 0 0 0 0 0 0 0 0 0 0 0 0 0 0 0 0 0 0 0 0 0 0 0 0 0 0 0 0 0 0 0 0 0 0 0 0 0 0 0 0 0 0 0 0 0 0 0 0 0 0 0 0 0 0 0 0 0 0 0 0 0 77 68 79 32 101 120 116 114 97 32 100 97 116 97 32 108 111 99 107 0 0 0 0 0 0 0 0 0 0 0 0 0 0 0 0 0 0 0 0 0 0 0 0 0 0 0 0 0 0 0 0 0 0 0 0 0 0 0 0 0 0 0 0 0 0 0 0 0 0 0 0 0 0 0 0 0 0 0 0 0 0 0 0 0 0 0 0 0 0 0 0 0 0 0 0 0 0 0 0 0 0 0 0 0 0 0 0 0 0 0 0 0 0 0 0 0 0 0 0 0 0 0 0 0 0 0 0 0 0 0 0 0 0 0 0 0 71 1 0 0 1 0 0 0 1 0 0 0 0 0 0 0 0 0 0 0 2 0 0 0 0 0 0 0 0 0 0 0 16 0 0 0 255 255 255 255 2 0 5 0 0 0 0 0 data 2 0x50002 0x0 oops 0
ciMethodData com/android/tools/r8/dex/n$$Lambda$853 <init> (Lcom/android/tools/r8/dex/n;)V 1 327 orig 264 88 29 103 80 0 0 0 0 40 194 98 46 0 0 0 0 56 1 0 0 0 0 0 0 0 0 0 0 0 0 0 0 0 0 0 0 0 0 0 0 0 0 0 0 0 0 0 0 0 0 0 0 0 0 0 0 0 0 0 0 0 0 0 0 0 0 0 0 0 0 0 0 0 0 0 0 0 0 0 0 77 68 79 32 101 120 116 114 97 32 100 97 116 97 32 108 111 99 107 0 0 0 0 0 0 0 0 0 0 0 0 0 0 0 0 0 0 0 0 0 0 0 0 0 0 0 0 0 0 0 0 0 0 0 0 0 0 0 0 0 0 0 0 0 0 0 0 0 0 0 0 0 0 0 0 0 0 0 0 0 0 0 0 0 0 0 0 0 0 0 0 0 0 0 0 0 0 0 0 0 0 0 0 0 0 0 0 0 0 0 0 0 0 0 0 0 0 0 0 0 0 0 0 0 0 0 0 0 0 0 0 0 0 0 0 0 71 1 0 0 1 0 0 0 1 0 0 0 0 0 0 0 0 0 0 0 2 0 0 0 0 0 0 0 0 0 0 0 16 0 0 0 255 255 255 255 2 0 1 0 0 0 0 0 data 2 0x10002 0x0 oops 0
ciMethodData com/android/tools/r8/dex/j k ()I 2 10366 orig 264 88 29 103 80 0 0 0 0 248 241 84 46 0 0 0 0 120 1 0 0 0 0 0 0 0 0 0 0 0 0 0 0 0 0 0 0 0 0 0 0 0 0 0 0 0 0 0 0 0 0 0 0 0 0 0 0 0 0 0 0 0 0 0 0 0 0 0 0 0 0 0 0 0 0 0 0 0 0 0 0 77 68 79 32 101 120 116 114 97 32 100 97 116 97 32 108 111 99 107 0 0 0 0 0 0 0 0 0 0 0 0 0 0 0 0 0 0 0 0 0 0 0 0 0 0 0 0 0 0 0 0 0 0 0 0 0 0 0 0 0 0 0 0 0 0 0 0 0 0 0 0 0 0 0 0 0 0 0 0 0 0 0 0 0 0 0 0 0 0 0 0 0 0 0 0 0 0 0 0 0 0 0 0 0 0 0 0 0 0 0 0 0 0 0 0 0 0 0 0 0 0 0 0 0 0 0 0 0 0 0 0 0 0 0 0 0 0 2 0 0 241 51 1 0 1 0 0 0 0 0 0 0 0 0 0 0 2 0 0 0 0 0 3 0 2 0 0 0 48 0 0 0 255 255 255 255 5 0 4 0 0 0 0 0 data 6 0x40005 0x39f 0x1fe62b90 0x22df 0x0 0x0 oops 1 2 java/nio/HeapByteBuffer
ciMethodData com/android/tools/r8/dex/n b (I)Lcom/android/tools/r8/graph/x; 1 1067 orig 264 88 29 103 80 0 0 0 0 80 120 85 46 0 0 0 0 72 2 0 0 200 0 0 0 0 0 0 0 0 0 0 0 0 0 0 0 0 0 0 0 0 0 0 0 0 0 0 0 0 0 0 0 0 0 0 0 0 0 0 0 0 0 0 0 0 0 0 0 0 0 0 0 0 0 0 0 0 0 0 0 77 68 79 32 101 120 116 114 97 32 100 97 116 97 32 108 111 99 107 0 0 0 0 0 0 0 0 0 0 0 0 0 0 0 0 0 0 0 0 0 0 0 0 0 0 0 0 0 0 0 0 0 0 0 0 0 0 0 0 0 0 0 0 0 0 0 0 0 0 0 0 0 0 0 0 0 0 0 0 0 0 0 0 0 0 0 0 0 0 0 0 0 0 0 0 0 0 0 0 0 0 0 0 0 0 0 0 0 0 0 0 0 0 0 0 0 0 0 0 0 0 0 0 0 0 0 0 0 0 0 0 0 0 0 0 0 0 2 0 0 89 17 0 0 1 0 0 0 0 0 0 0 0 0 0 0 2 0 0 0 0 0 6 0 2 0 0 0 248 0 0 0 255 255 255 255 10 0 2 0 0 0 0 0 data 31 0x2000a 0x22b 0x3 0x0 0x1ecdf870 0x1c7f3450 0x8000a 0x22b 0x1 0x1c7f3530 0xe0007 0x1fd 0x68 0x2e 0x120005 0x0 0x1c7f3530 0x2e 0x0 0x0 0x170003 0x2e 0x28 0x1d0002 0x1fd 0x200004 0x0 0x1fe668b0 0x22b 0x0 0x0 oops 2 16 com/android/tools/r8/dex/n$$Lambda$836 27 com/android/tools/r8/graph/x
ciMethodData com/android/tools/r8/dex/n$b <init> (Lcom/android/tools/r8/graph/x;[Lcom/android/tools/r8/graph/c0$a;[Lcom/android/tools/r8/graph/c0$b;[Lcom/android/tools/r8/graph/c0$c;)V 1 646 orig 264 88 29 103 80 0 0 0 0 160 105 95 46 0 0 0 0 8 2 0 0 96 0 0 0 0 0 0 0 0 0 0 0 0 0 0 0 0 0 0 0 0 0 0 0 0 0 0 0 0 0 0 0 0 0 0 0 0 0 0 0 0 0 0 0 0 0 0 0 0 0 0 0 0 0 0 0 0 0 0 0 77 68 79 32 101 120 116 114 97 32 100 97 116 97 32 108 111 99 107 0 0 0 0 0 0 0 0 0 0 0 0 0 0 0 0 0 0 0 0 0 0 0 0 0 0 0 0 0 0 0 0 0 0 0 0 0 0 0 0 0 0 0 0 0 0 0 0 0 0 0 0 0 0 0 0 0 0 0 0 0 0 0 0 0 0 0 0 0 0 0 0 0 0 0 0 0 0 0 0 0 0 0 0 0 0 0 0 0 0 0 0 0 0 0 0 0 0 0 0 0 0 0 0 0 0 0 0 0 0 0 0 0 0 0 0 0 0 2 0 0 49 4 0 0 1 0 0 0 0 0 0 0 0 0 0 0 2 0 0 0 0 0 15 0 2 0 0 0 160 0 0 0 255 255 255 255 2 0 2 0 0 0 0 0 data 20 0x20002 0x86 0x50007 0x86 0x30 0x0 0x80002 0x0 0x120007 0x23 0x20 0x63 0x1f0007 0x2d 0x20 0x59 0x2d0007 0x19 0x20 0x6d oops 0
ciMethodData com/android/tools/r8/dex/n d ()Lcom/android/tools/r8/dex/n$b; 1 1456 orig 264 88 29 103 80 0 0 0 0 160 121 85 46 0 0 0 0 64 8 0 0 96 5 0 0 0 0 0 0 0 0 0 0 0 0 0 0 0 0 0 0 0 0 0 0 0 0 0 0 0 0 0 0 0 0 0 0 0 0 0 0 0 0 0 0 0 0 0 0 0 0 0 0 0 0 0 0 0 0 0 0 77 68 79 32 101 120 116 114 97 32 100 97 116 97 32 108 111 99 107 0 0 0 0 0 0 0 0 0 0 0 0 0 0 0 0 0 0 0 0 0 0 0 0 0 0 0 0 0 0 0 0 0 0 0 0 0 0 0 0 0 0 0 0 0 0 0 0 0 0 0 0 0 0 0 0 0 0 0 0 0 0 0 0 0 0 0 0 0 0 0 0 0 0 0 0 0 0 0 0 0 0 0 0 0 0 0 0 0 0 0 0 0 0 0 0 0 0 0 0 0 0 0 0 0 0 0 0 0 0 0 0 0 0 0 0 0 52 3 0 0 1 4 0 0 225 19 0 0 0 0 0 0 0 0 0 0 2 0 0 0 0 0 0 0 0 0 0 0 248 6 0 0 255 255 255 255 5 0 5 0 0 0 0 0 data 223 0x50005 0x0 0x1ece1050 0x80 0x0 0x0 0xc0005 0x0 0x1ece1050 0x80 0x0 0x0 0x160005 0x0 0x1ece1050 0x80 0x0 0x0 0x1d0005 0x0 0x1ece1050 0x80 0x0 0x0 0x220007 0x22 0x38 0x5e 0x2a0003 0x5e 0x1c8 0x3d0007 0x22 0x98 0x38 0x4d0005 0x0 0x1ece1050 0x38 0x0 0x0 0x540005 0x0 0x1ece1050 0x38 0x0 0x0 0x5b0003 0x38 0xffffffffffffff80 0x660005 0x0 0x1ece1100 0x22 0x0 0x0 0x760007 0x22 0xb8 0x38 0x8b0005 0x0 0x1ece11b0 0x38 0x0 0x0 0x910002 0x38 0xa00002 0x38 0xa50004 0x0 0x1ece1260 0x38 0x0 0x0 0xa90003 0x38 0xffffffffffffff60 0xb20005 0x0 0x1ece1050 0x22 0x0 0x0 0xb60007 0x2c 0x38 0x54 0xbe0003 0x54 0x1c8 0xd00007 0x2c 0x98 0xab 0xdf0005 0x0 0x1ece1050 0xab 0x0 0x0 0xe60005 0x0 0x1ece1050 0xab 0x0 0x0 0xed0003 0xab 0xffffffffffffff80 0xf80005 0x0 0x1ece1100 0x2c 0x0 0x0 0x1080007 0x2c 0xb8 0xab 0x11c0005 0x0 0x1ece11b0 0xab 0x0 0x0 0x1220002 0xab 0x1310002 0xab 0x1360004 0x0 0x1ece1310 0xab 0x0 0x0 0x13a0003 0xab 0xffffffffffffff60 0x1430005 0x0 0x1ece1050 0x2c 0x0 0x0 0x1480007 0x19 0x38 0x67 0x1500003 0x67 0x228 0x1630007 0x19 0x98 0x5b 0x1710005 0x0 0x1ece1050 0x5b 0x0 0x0 0x1780005 0x0 0x1ece1050 0x5b 0x0 0x0 0x17f0003 0x5b 0xffffffffffffff80 0x18b0005 0x0 0x1ece1100 0x19 0x0 0x0 0x19c0007 0x19 0x118 0x5b 0x1ab0005 0x0 0x1ece11b0 0x5b 0x0 0x0 0x1bb0002 0x5b 0x1c60005 0x0 0x1ece13c0 0x5b 0x0 0x0 0x1c90005 0x0 0x1ece1470 0x5b 0x0 0x0 0x1cc0002 0x5b 0x1cf0004 0x0 0x1ece1520 0x5b 0x0 0x0 0x1d30003 0x5b 0xffffffffffffff00 0x1dc0005 0x0 0x1ece1050 0x19 0x0 0x0 0x1e50002 0x80 0x1ee0002 0x80 oops 24 2 com/android/tools/r8/dex/o 8 com/android/tools/r8/dex/o 14 com/android/tools/r8/dex/o 20 com/android/tools/r8/dex/o 37 com/android/tools/r8/dex/o 43 com/android/tools/r8/dex/o 52 com/android/tools/r8/dex/j 62 com/android/tools/r8/graph/h1 72 com/android/tools/r8/graph/c0$a 81 com/android/tools/r8/dex/o 98 com/android/tools/r8/dex/o 104 com/android/tools/r8/dex/o 113 com/android/tools/r8/dex/j 123 com/android/tools/r8/graph/h1 133 com/android/tools/r8/graph/c0$b 142 com/android/tools/r8/dex/o 159 com/android/tools/r8/dex/o 165 com/android/tools/r8/dex/o 174 com/android/tools/r8/dex/j 184 com/android/tools/r8/graph/h1 192 com/android/tools/r8/graph/k0 198 com/android/tools/r8/graph/i1 206 com/android/tools/r8/graph/c0$c 215 com/android/tools/r8/dex/o
ciMethodData com/android/tools/r8/graph/c0 <init> (Lcom/android/tools/r8/graph/b0;Lcom/android/tools/r8/graph/Y;)V 1 728 orig 264 88 29 103 80 0 0 0 0 120 161 85 46 0 0 0 0 64 1 0 0 0 0 0 0 0 0 0 0 0 0 0 0 0 0 0 0 0 0 0 0 0 0 0 0 0 0 0 0 0 0 0 0 0 0 0 0 0 0 0 0 0 0 0 0 0 0 0 0 0 0 0 0 0 0 0 0 0 0 0 0 77 68 79 32 101 120 116 114 97 32 100 97 116 97 32 108 111 99 107 0 0 0 0 0 0 0 0 0 0 0 0 0 0 0 0 0 0 0 0 0 0 0 0 0 0 0 0 0 0 0 0 0 0 0 0 0 0 0 0 0 0 0 0 0 0 0 0 0 0 0 0 0 0 0 0 0 0 0 0 0 0 0 0 0 0 0 0 0 0 0 0 0 0 0 0 0 0 0 0 0 0 0 0 0 0 0 0 0 0 0 0 0 0 0 0 0 0 0 0 0 0 0 0 0 0 0 0 0 0 0 0 0 0 0 0 0 0 2 0 0 193 6 0 0 1 0 0 0 0 0 0 0 0 0 0 0 2 0 0 0 0 0 3 0 2 0 0 0 16 0 0 0 255 255 255 255 2 0 3 0 0 0 0 0 data 2 0x30002 0xd8 oops 0
ciMethodData com/android/tools/r8/graph/c0$b <init> (Lcom/android/tools/r8/graph/d0;Lcom/android/tools/r8/graph/x;)V 1 290 orig 264 88 29 103 80 0 0 0 0 40 166 85 46 0 0 0 0 64 1 0 0 0 0 0 0 0 0 0 0 0 0 0 0 0 0 0 0 0 0 0 0 0 0 0 0 0 0 0 0 0 0 0 0 0 0 0 0 0 0 0 0 0 0 0 0 0 0 0 0 0 0 0 0 0 0 0 0 0 0 0 0 77 68 79 32 101 120 116 114 97 32 100 97 116 97 32 108 111 99 107 0 0 0 0 0 0 0 0 0 0 0 0 0 0 0 0 0 0 0 0 0 0 0 0 0 0 0 0 0 0 0 0 0 0 0 0 0 0 0 0 0 0 0 0 0 0 0 0 0 0 0 0 0 0 0 0 0 0 0 0 0 0 0 0 0 0 0 0 0 0 0 0 0 0 0 0 0 0 0 0 0 0 0 0 0 0 0 0 0 0 0 0 0 0 0 0 0 0 0 0 0 0 0 0 0 0 0 0 0 0 0 0 0 0 0 0 0 0 1 0 0 17 1 0 0 1 0 0 0 0 0 0 0 0 0 0 0 2 0 0 0 0 0 3 0 2 0 0 0 16 0 0 0 255 255 255 255 2 0 3 0 0 0 0 0 data 2 0x30002 0x22 oops 0
ciMethodData com/android/tools/r8/graph/c0$a <init> (Lcom/android/tools/r8/graph/X;Lcom/android/tools/r8/graph/x;)V 1 111 orig 264 88 29 103 80 0 0 0 0 128 229 85 46 0 0 0 0 64 1 0 0 0 0 0 0 0 0 0 0 0 0 0 0 0 0 0 0 0 0 0 0 0 0 0 0 0 0 0 0 0 0 0 0 0 0 0 0 0 0 0 0 0 0 0 0 0 0 0 0 0 0 0 0 0 0 0 0 0 0 0 0 77 68 79 32 101 120 116 114 97 32 100 97 116 97 32 108 111 99 107 0 0 0 0 0 0 0 0 0 0 0 0 0 0 0 0 0 0 0 0 0 0 0 0 0 0 0 0 0 0 0 0 0 0 0 0 0 0 0 0 0 0 0 0 0 0 0 0 0 0 0 0 0 0 0 0 0 0 0 0 0 0 0 0 0 0 0 0 0 0 0 0 0 0 0 0 0 0 0 0 0 0 0 0 0 0 0 0 0 0 0 0 0 0 0 0 0 0 0 0 0 0 0 0 0 0 0 0 0 0 0 0 0 0 0 0 0 111 0 0 0 1 0 0 0 1 0 0 0 0 0 0 0 0 0 0 0 2 0 0 0 0 0 0 0 0 0 0 0 16 0 0 0 255 255 255 255 2 0 3 0 0 0 0 0 data 2 0x30002 0x0 oops 0
ciMethodData com/android/tools/r8/dex/n c (I)Lcom/android/tools/r8/graph/i1; 1 327 orig 264 88 29 103 80 0 0 0 0 16 114 85 46 0 0 0 0 192 1 0 0 0 0 0 0 0 0 0 0 0 0 0 0 0 0 0 0 0 0 0 0 0 0 0 0 0 0 0 0 0 0 0 0 0 0 0 0 0 0 0 0 0 0 0 0 0 0 0 0 0 0 0 0 0 0 0 0 0 0 0 0 77 68 79 32 101 120 116 114 97 32 100 97 116 97 32 108 111 99 107 0 0 0 0 0 0 0 0 0 0 0 0 0 0 0 0 0 0 0 0 0 0 0 0 0 0 0 0 0 0 0 0 0 0 0 0 0 0 0 0 0 0 0 0 0 0 0 0 0 0 0 0 0 0 0 0 0 0 0 0 0 0 0 0 0 0 0 0 0 0 0 0 0 0 0 0 0 0 0 0 0 0 0 0 0 0 0 0 0 0 0 0 0 0 0 0 0 0 0 0 0 0 0 0 0 0 0 0 0 0 0 0 0 0 0 0 0 71 1 0 0 1 0 0 0 1 0 0 0 0 0 0 0 0 0 0 0 2 0 0 0 0 0 0 0 0 0 0 0 112 0 0 0 255 255 255 255 10 0 3 0 0 0 0 0 data 14 0x3000a 0x0 0x3 0x0 0x0 0x0 0x80002 0x0 0xb0004 0x0 0x0 0x0 0x0 0x0 oops 0
ciMethodData com/android/tools/r8/graph/k0 c ()I 1 327 orig 264 88 29 103 80 0 0 0 0 240 208 58 46 0 0 0 0 32 1 0 0 0 0 0 0 0 0 0 0 0 0 0 0 0 0 0 0 0 0 0 0 0 0 0 0 0 0 0 0 0 0 0 0 0 0 0 0 0 0 0 0 0 0 0 0 0 0 0 0 0 0 0 0 0 0 0 0 0 0 0 0 77 68 79 32 101 120 116 114 97 32 100 97 116 97 32 108 111 99 107 0 0 0 0 0 0 0 0 0 0 0 0 0 0 0 0 0 0 0 0 0 0 0 0 0 0 0 0 0 0 0 0 0 0 0 0 0 0 0 0 0 0 0 0 0 0 0 0 0 0 0 0 0 0 0 0 0 0 0 0 0 0 0 0 0 0 0 0 0 0 0 0 0 0 0 0 0 0 0 0 0 0 0 0 0 0 0 0 0 0 0 0 0 0 0 0 0 0 0 0 0 0 0 0 0 0 0 0 0 0 0 0 0 0 0 0 0 71 1 0 0 1 0 0 0 1 0 0 0 0 0 0 0 0 0 0 0 2 0 0 0 0 0 0 0 0 0 0 0 0 0 0 0 255 255 255 255 0 0 0 0 0 0 0 0 data 0 oops 0
ciMethodData com/android/tools/r8/graph/i1 h (I)Lcom/android/tools/r8/graph/i1; 1 327 orig 264 88 29 103 80 0 0 0 0 56 91 94 46 0 0 0 0 88 2 0 0 232 0 0 0 0 0 0 0 0 0 0 0 0 0 0 0 0 0 0 0 0 0 0 0 0 0 0 0 0 0 0 0 0 0 0 0 0 0 0 0 0 0 0 0 0 0 0 0 0 0 0 0 0 0 0 0 0 0 0 0 77 68 79 32 101 120 116 114 97 32 100 97 116 97 32 108 111 99 107 0 0 0 0 0 0 0 0 0 0 0 0 0 0 0 0 0 0 0 0 0 0 0 0 0 0 0 0 0 0 0 0 0 0 0 0 0 0 0 0 0 0 0 0 0 0 0 0 0 0 0 0 0 0 0 0 0 0 0 0 0 0 0 0 0 0 0 0 0 0 0 0 0 0 0 0 0 0 0 0 0 0 0 0 0 0 0 0 0 0 0 0 0 0 0 0 0 0 0 0 0 0 0 0 0 0 0 0 0 0 0 0 0 0 0 0 0 71 1 0 0 1 0 0 0 1 0 0 0 0 0 0 0 0 0 0 0 2 0 0 0 0 0 0 0 0 0 0 0 8 1 0 0 255 255 255 255 7 0 4 0 0 0 0 0 data 33 0x40007 0x0 0x108 0x0 0x90005 0x0 0x0 0x0 0x0 0x0 0xc0007 0x0 0x38 0x0 0xf0003 0x0 0x98 0x140005 0x0 0x0 0x0 0x0 0x0 0x170007 0x0 0x40 0x0 0x270002 0x0 0x300002 0x0 0x430002 0x0 oops 0
ciMethodData com/android/tools/r8/graph/c0$c <init> (Lcom/android/tools/r8/graph/d0;Lcom/android/tools/r8/graph/i1;)V 1 327 orig 264 88 29 103 80 0 0 0 0 16 168 85 46 0 0 0 0 64 1 0 0 0 0 0 0 0 0 0 0 0 0 0 0 0 0 0 0 0 0 0 0 0 0 0 0 0 0 0 0 0 0 0 0 0 0 0 0 0 0 0 0 0 0 0 0 0 0 0 0 0 0 0 0 0 0 0 0 0 0 0 0 77 68 79 32 101 120 116 114 97 32 100 97 116 97 32 108 111 99 107 0 0 0 0 0 0 0 0 0 0 0 0 0 0 0 0 0 0 0 0 0 0 0 0 0 0 0 0 0 0 0 0 0 0 0 0 0 0 0 0 0 0 0 0 0 0 0 0 0 0 0 0 0 0 0 0 0 0 0 0 0 0 0 0 0 0 0 0 0 0 0 0 0 0 0 0 0 0 0 0 0 0 0 0 0 0 0 0 0 0 0 0 0 0 0 0 0 0 0 0 0 0 0 0 0 0 0 0 0 0 0 0 0 0 0 0 0 71 1 0 0 1 0 0 0 1 0 0 0 0 0 0 0 0 0 0 0 2 0 0 0 0 0 0 0 0 0 0 0 16 0 0 0 255 255 255 255 2 0 3 0 0 0 0 0 data 2 0x30002 0x0 oops 0
instanceKlass com/android/tools/r8/t/a/a/a/h/f0$d
instanceKlass com/android/tools/r8/t/a/a/a/h/g0
instanceKlass com/android/tools/r8/graph/Z0$$Lambda$874
instanceKlass com/android/tools/r8/q/a/a/a/v$a
instanceKlass com/android/tools/r8/t/a/a/a/h/f0$f
instanceKlass com/android/tools/r8/t/a/a/a/h/E0
instanceKlass com/android/tools/r8/t/a/a/a/h/w0
instanceKlass com/android/tools/r8/t/a/a/a/h/z0
instanceKlass com/android/tools/r8/graph/Y0$$Lambda$873
instanceKlass com/android/tools/r8/graph/Z0$$Lambda$872
instanceKlass com/android/tools/r8/t/a/a/a/h/p0
instanceKlass com/android/tools/r8/t/a/a/a/h/I0
instanceKlass com/android/tools/r8/t/a/a/a/h/j
instanceKlass com/android/tools/r8/t/a/a/a/h/q0
instanceKlass com/android/tools/r8/t/a/a/a/h/h0
instanceKlass com/android/tools/r8/q/a/a/a/v
instanceKlass com/android/tools/r8/graph/Z$$Lambda$871
instanceKlass com/android/tools/r8/graph/Z$$Lambda$870
instanceKlass com/android/tools/r8/graph/Z$$Lambda$869
instanceKlass com/android/tools/r8/t/a/a/a/f/n0
instanceKlass com/android/tools/r8/t/a/a/a/f/b
instanceKlass com/android/tools/r8/t/a/a/a/f/v
instanceKlass com/android/tools/r8/t/a/a/a/f/s
instanceKlass com/android/tools/r8/graph/f0$$Lambda$862
instanceKlass com/android/tools/r8/graph/Y0
instanceKlass com/android/tools/r8/graph/X0
instanceKlass com/android/tools/r8/graph/Z$$Lambda$857
instanceKlass com/android/tools/r8/dex/n$$Lambda$855
instanceKlass com/android/tools/r8/graph/F0
instanceKlass java/lang/invoke/LambdaForm$DMH
instanceKlass com/android/tools/r8/dex/n$c
instanceKlass com/android/tools/r8/code/v1$a
instanceKlass com/android/tools/r8/s/b/b1
instanceKlass com/android/tools/r8/s/b/u1
instanceKlass com/android/tools/r8/graph/L
instanceKlass com/android/tools/r8/graph/Z$$Lambda$854
instanceKlass java/lang/invoke/LambdaForm$DMH
instanceKlass com/android/tools/r8/code/u1
instanceKlass com/android/tools/r8/code/L
instanceKlass com/android/tools/r8/code/K
instanceKlass com/android/tools/r8/dex/n$$Lambda$853
instanceKlass com/android/tools/r8/dex/n$$Lambda$851
instanceKlass com/android/tools/r8/s/c/h
instanceKlass com/android/tools/r8/dex/n$$Lambda$850
instanceKlass com/android/tools/r8/utils/X
instanceKlass com/android/tools/r8/dex/n$$Lambda$849
instanceKlass com/android/tools/r8/dex/n$$Lambda$848
instanceKlass com/android/tools/r8/dex/n$d
instanceKlass com/android/tools/r8/dex/n$$Lambda$846
instanceKlass com/android/tools/r8/dex/n$$Lambda$841
instanceKlass com/android/tools/r8/dex/n$$Lambda$836
instanceKlass com/android/tools/r8/dex/n$$Lambda$832
instanceKlass com/android/tools/r8/dex/n$$Lambda$830
instanceKlass com/android/tools/r8/dex/n$$Lambda$818
instanceKlass com/android/tools/r8/dex/n$b
instanceKlass com/android/tools/r8/w/h0$a
instanceKlass com/android/tools/r8/shaking/ProguardClassSpecification
instanceKlass com/android/tools/r8/w/h0
instanceKlass com/android/tools/r8/ir/optimize/info/w/b
instanceKlass com/android/tools/r8/ir/optimize/info/f
instanceKlass com/android/tools/r8/ir/conversion/c0
instanceKlass com/android/tools/r8/graph/Q
instanceKlass com/android/tools/r8/ir/optimize/info/i
instanceKlass com/android/tools/r8/w/j0
instanceKlass com/android/tools/r8/ir/optimize/info/c
instanceKlass com/android/tools/r8/ir/optimize/info/v/c
instanceKlass com/android/tools/r8/utils/a1
instanceKlass com/android/tools/r8/s/a/q/a
instanceKlass com/android/tools/r8/dex/a$a$$Lambda$816
instanceKlass com/android/tools/r8/w/O
instanceKlass com/android/tools/r8/z/a/a/a
instanceKlass com/android/tools/r8/ir/optimize/info/g
instanceKlass com/android/tools/r8/graph/p$$Lambda$812
instanceKlass com/android/tools/r8/graph/I0
instanceKlass com/android/tools/r8/dex/a$a$$Lambda$809
instanceKlass com/android/tools/r8/dex/a$a$$Lambda$805
instanceKlass com/android/tools/r8/dex/n$$Lambda$804
instanceKlass com/android/tools/r8/q/a/b/l/d$c
instanceKlass com/android/tools/r8/dex/d$$Lambda$803
instanceKlass com/android/tools/r8/q/a/b/l/f
instanceKlass com/android/tools/r8/q/a/b/l/b
instanceKlass com/android/tools/r8/q/a/b/k
instanceKlass com/android/tools/r8/q/a/b/l/g/w
instanceKlass com/android/tools/r8/q/a/a/a/b
instanceKlass com/android/tools/r8/q/a/b/m/a
instanceKlass com/android/tools/r8/q/a/b/b
instanceKlass com/android/tools/r8/q/a/b/g
instanceKlass com/android/tools/r8/t/a/a/a/g/q
instanceKlass com/android/tools/r8/t/a/a/a/h/W
instanceKlass com/android/tools/r8/t/a/a/a/h/f
instanceKlass com/android/tools/r8/t/a/a/a/h/V
instanceKlass com/android/tools/r8/dex/d
instanceKlass com/android/tools/r8/utils/s0
instanceKlass com/android/tools/r8/x/a
instanceKlass com/android/tools/r8/dex/p
instanceKlass com/android/tools/r8/graph/h1
instanceKlass com/android/tools/r8/dex/n
instanceKlass com/android/tools/r8/dex/k
instanceKlass com/android/tools/r8/dex/j
instanceKlass com/android/tools/r8/q/a/a/d/g
instanceKlass com/android/tools/r8/utils/X0
instanceKlass com/android/tools/r8/dex/c
instanceKlass com/android/tools/r8/graph/p$$Lambda$802
instanceKlass com/android/tools/r8/graph/p$$Lambda$801
instanceKlass com/android/tools/r8/graph/p$$Lambda$800
instanceKlass com/android/tools/r8/graph/p$$Lambda$799
instanceKlass java/lang/invoke/LambdaForm$DMH
instanceKlass java/lang/invoke/LambdaForm$DMH
instanceKlass com/android/tools/r8/graph/p$$Lambda$798
instanceKlass com/android/tools/r8/graph/p$$Lambda$797
instanceKlass com/android/tools/r8/graph/p$a
instanceKlass java/lang/invoke/LambdaForm$DMH
instanceKlass com/android/tools/r8/w/y
instanceKlass com/android/tools/r8/shaking/EnqueuerMetadataTraceable
instanceKlass com/android/tools/r8/graph/f0$b
instanceKlass com/android/tools/r8/graph/n0
instanceKlass com/android/tools/r8/graph/a1
instanceKlass com/android/tools/r8/graph/H0
instanceKlass com/android/tools/r8/dex/a$a
instanceKlass com/android/tools/r8/utils/R0$$Lambda$796
instanceKlass com/android/tools/r8/dex/a$b
instanceKlass com/android/tools/r8/graph/b
instanceKlass com/android/tools/r8/utils/J
instanceKlass com/android/tools/r8/graph/y$a
instanceKlass com/android/tools/r8/dex/a
instanceKlass com/android/tools/r8/utils/n1$c
instanceKlass com/android/tools/r8/utils/n1$d
instanceKlass com/android/tools/r8/utils/n1
instanceKlass com/android/tools/r8/D8$$Lambda$795
instanceKlass com/android/tools/r8/inspector/a/c
instanceKlass com/android/tools/r8/inspector/Inspector
instanceKlass com/android/tools/r8/utils/t
instanceKlass com/android/tools/r8/utils/k0$i$b
instanceKlass com/android/tools/r8/utils/k0$i$a
instanceKlass com/android/tools/r8/utils/k0$i$$Lambda$794
instanceKlass com/android/tools/r8/utils/g0$a
instanceKlass com/android/tools/r8/utils/g0
instanceKlass com/android/tools/r8/utils/k0$i
instanceKlass com/android/tools/r8/utils/k0$d
instanceKlass com/android/tools/r8/utils/k0$h
instanceKlass com/android/tools/r8/utils/k0$a
instanceKlass com/android/tools/r8/utils/k0$f
instanceKlass com/android/tools/r8/utils/k0$$Lambda$793
instanceKlass com/android/tools/r8/utils/t1
instanceKlass com/android/tools/r8/Version
instanceKlass com/android/tools/r8/graph/E
instanceKlass com/android/tools/r8/graph/U0
instanceKlass com/android/tools/r8/utils/k0
instanceKlass com/android/tools/r8/ir/optimize/info/m
instanceKlass com/android/tools/r8/ir/conversion/S
instanceKlass com/android/tools/r8/ir/conversion/M
instanceKlass com/android/tools/r8/graph/y
instanceKlass com/android/tools/r8/graph/E0
instanceKlass com/android/tools/r8/D8
instanceKlass com/android/tools/r8/DataResourceProvider
instanceKlass com/android/tools/r8/utils/e$b$a
instanceKlass com/android/tools/r8/s/c/V
instanceKlass com/android/tools/r8/s/c/m
instanceKlass com/android/tools/r8/w/p$e
instanceKlass com/android/tools/r8/w/p$d
instanceKlass com/android/tools/r8/w/p$c
instanceKlass java/util/stream/Sink$ChainedInt
instanceKlass java/util/stream/Sink$OfInt
instanceKlass java/util/function/IntConsumer
instanceKlass com/android/tools/r8/w/p$b$$Lambda$792
instanceKlass java/util/stream/IntPipeline$$Lambda$791
instanceKlass java/util/stream/Streams$RangeIntSpliterator
instanceKlass com/android/tools/r8/t/a/a/a/h/d
instanceKlass com/android/tools/r8/w/p$b
instanceKlass com/android/tools/r8/w/p
instanceKlass java/util/stream/StreamSpliterators$WrappingSpliterator$$Lambda$790
instanceKlass com/android/tools/r8/q/a/a/b/t$$Lambda$789
instanceKlass com/android/tools/r8/graph/Z$$Lambda$788
instanceKlass com/android/tools/r8/graph/Z$$Lambda$787
instanceKlass com/android/tools/r8/q/a/a/b/t
instanceKlass com/android/tools/r8/q/a/a/b/w$$Lambda$786
instanceKlass java/util/HashMap$HashMapSpliterator
instanceKlass com/android/tools/r8/graph/Z$$Lambda$785
instanceKlass com/android/tools/r8/q/a/a/b/J$b
instanceKlass com/android/tools/r8/graph/Z$$Lambda$784
instanceKlass com/android/tools/r8/graph/Z$$Lambda$783
instanceKlass java/lang/invoke/LambdaForm$DMH
instanceKlass com/android/tools/r8/graph/Z$$Lambda$782
instanceKlass com/android/tools/r8/utils/O0
instanceKlass com/android/tools/r8/graph/Z$G
instanceKlass com/android/tools/r8/graph/Z$x
instanceKlass com/android/tools/r8/graph/Z$w
instanceKlass com/android/tools/r8/graph/Z$v
instanceKlass com/android/tools/r8/graph/Z$u
instanceKlass com/android/tools/r8/graph/Z$t
instanceKlass com/android/tools/r8/graph/Z$s
instanceKlass com/android/tools/r8/graph/Z$r
instanceKlass com/android/tools/r8/graph/Z$q
instanceKlass com/android/tools/r8/graph/Z$f
instanceKlass com/android/tools/r8/graph/Z$e
instanceKlass com/android/tools/r8/graph/Z$d
instanceKlass com/android/tools/r8/graph/Z$c
instanceKlass com/android/tools/r8/graph/Z$b
instanceKlass com/android/tools/r8/graph/Z$F
instanceKlass com/android/tools/r8/graph/Z$D
instanceKlass com/android/tools/r8/graph/Z$h
instanceKlass com/android/tools/r8/q/a/a/a/w
instanceKlass com/android/tools/r8/q/a/a/b/c0$a
instanceKlass com/android/tools/r8/graph/Z$E
instanceKlass com/android/tools/r8/graph/Z$o
instanceKlass com/android/tools/r8/graph/Z$A
instanceKlass com/android/tools/r8/graph/Z$m
instanceKlass com/android/tools/r8/graph/Z$k
instanceKlass com/android/tools/r8/graph/Z$j
instanceKlass com/android/tools/r8/graph/Z$g
instanceKlass com/android/tools/r8/graph/Z$J
instanceKlass com/android/tools/r8/graph/Z$l
instanceKlass com/android/tools/r8/graph/Z$z
instanceKlass com/android/tools/r8/graph/Z$I
instanceKlass com/android/tools/r8/graph/Z$B
instanceKlass com/android/tools/r8/graph/Z$C
instanceKlass com/android/tools/r8/graph/Z$p
instanceKlass com/android/tools/r8/graph/Z$n
instanceKlass com/android/tools/r8/graph/Z$i
instanceKlass com/android/tools/r8/graph/Z$y
instanceKlass com/android/tools/r8/references/TypeReference
instanceKlass com/android/tools/r8/s/b/k0
instanceKlass com/android/tools/r8/s/b/n1
instanceKlass com/android/tools/r8/s/b/n0
instanceKlass com/android/tools/r8/graph/Z$H
instanceKlass java/lang/StrictMath
instanceKlass com/android/tools/r8/t/a/a/a/c
instanceKlass com/android/tools/r8/t/a/a/a/f/T
instanceKlass com/android/tools/r8/t/a/a/a/h/F0
instanceKlass com/android/tools/r8/t/a/a/a/h/x0
instanceKlass com/android/tools/r8/t/a/a/a/f/H0
instanceKlass com/android/tools/r8/t/a/a/a/f/p0
instanceKlass com/android/tools/r8/t/a/a/a/h/k1
instanceKlass com/android/tools/r8/q/a/a/b/k
instanceKlass com/android/tools/r8/q/a/a/b/c0
instanceKlass com/android/tools/r8/utils/d1
instanceKlass com/android/tools/r8/utils/x
instanceKlass com/android/tools/r8/s/a/p/u
instanceKlass com/android/tools/r8/t/a/a/a/f/c
instanceKlass com/android/tools/r8/graph/k1
instanceKlass com/android/tools/r8/graph/Y
instanceKlass com/android/tools/r8/q/a/a/b/p
instanceKlass com/android/tools/r8/t/a/a/a/f/S
instanceKlass com/android/tools/r8/t/a/a/a/f/Q
instanceKlass com/android/tools/r8/graph/Z
instanceKlass com/android/tools/r8/utils/Y
instanceKlass com/android/tools/r8/BaseCommand$Builder$$Lambda$781
instanceKlass com/android/tools/r8/utils/Y$a
instanceKlass com/android/tools/r8/utils/z
instanceKlass com/android/tools/r8/utils/V
instanceKlass com/android/tools/r8/utils/N0
instanceKlass com/android/tools/r8/utils/b0
instanceKlass com/google/common/io/ByteArrayDataOutput
instanceKlass com/google/common/io/ByteArrayDataInput
instanceKlass com/google/common/io/ByteStreams
instanceKlass java/util/zip/ZipFile$ZipEntryIterator
instanceKlass com/android/builder/dexing/NonIncrementalJarDexArchive
instanceKlass com/android/tools/r8/ProgramResource$ByteResource
instanceKlass com/android/tools/r8/ProgramResource
instanceKlass com/android/tools/r8/D8Command$Builder$$Lambda$780
instanceKlass com/android/utils/PathUtils
instanceKlass com/android/builder/dexing/DexArchiveEntry
instanceKlass java/nio/file/Files$$Lambda$779
instanceKlass java/nio/file/Files$$Lambda$778
instanceKlass java/nio/file/FileTreeIterator
instanceKlass com/android/builder/dexing/DirDexArchive
instanceKlass sun/nio/fs/WindowsFileSystem$2
instanceKlass java/nio/file/PathMatcher
instanceKlass sun/nio/fs/Globs
instanceKlass com/android/builder/dexing/ClassFileInput
instanceKlass com/android/builder/dexing/ClassFileInputs
instanceKlass com/android/builder/dexing/DexArchives$$Lambda$777
instanceKlass com/android/builder/dexing/DexArchive
instanceKlass com/android/builder/dexing/DexArchives
instanceKlass com/android/tools/r8/BaseCompilerCommand$Builder$$Lambda$776
instanceKlass com/android/tools/r8/m
instanceKlass com/android/tools/r8/ProgramResourceProvider
instanceKlass com/android/tools/r8/utils/e$b
instanceKlass com/android/tools/r8/DataResourceProvider$Visitor
instanceKlass com/android/tools/r8/z/a/a/h
instanceKlass com/android/tools/r8/t/a/a/a/h/Q
instanceKlass com/android/tools/r8/t/a/a/a/h/L
instanceKlass com/android/tools/r8/t/a/a/a/a
instanceKlass com/android/tools/r8/DataResource
instanceKlass com/android/tools/r8/Resource
instanceKlass com/android/tools/r8/utils/e
instanceKlass com/android/tools/r8/utils/T0
instanceKlass com/android/tools/r8/StringConsumer
instanceKlass com/android/tools/r8/ClassFileConsumer$ForwardingConsumer
instanceKlass com/android/tools/r8/ClassFileConsumer
instanceKlass com/android/tools/r8/DexFilePerClassFileConsumer$ForwardingConsumer
instanceKlass com/android/tools/r8/DexFilePerClassFileConsumer
instanceKlass com/android/tools/r8/h
instanceKlass com/android/tools/r8/DataResourceConsumer
instanceKlass com/android/tools/r8/DexIndexedConsumer$ForwardingConsumer
instanceKlass com/android/tools/r8/DexIndexedConsumer
instanceKlass com/android/tools/r8/ByteBufferProvider
instanceKlass com/android/tools/r8/ProgramConsumer
instanceKlass com/android/tools/r8/q/a/a/b/O0
instanceKlass com/android/tools/r8/q/a/a/a/V
instanceKlass com/android/tools/r8/q/a/a/a/J
instanceKlass com/android/tools/r8/q/a/a/a/D
instanceKlass com/android/tools/r8/q/a/a/a/E
instanceKlass com/android/tools/r8/q/a/a/b/C
instanceKlass com/android/tools/r8/q/a/a/b/N2
instanceKlass com/android/tools/r8/q/a/a/b/Q
instanceKlass com/android/tools/r8/q/a/a/b/T1
instanceKlass com/android/tools/r8/q/a/a/b/w
instanceKlass com/android/tools/r8/ClassFileResourceProvider
instanceKlass com/android/tools/r8/BaseCommand$Builder
instanceKlass com/android/tools/r8/Diagnostic
instanceKlass com/android/tools/r8/b
instanceKlass com/android/tools/r8/BaseCommand
instanceKlass com/android/tools/r8/origin/Origin
instanceKlass com/android/builder/dexing/D8DiagnosticsHandler
instanceKlass com/android/tools/r8/DiagnosticsHandler
instanceKlass com/android/builder/dexing/D8DexArchiveMerger
instanceKlass com/android/builder/dexing/DexArchiveMerger
instanceKlass com/android/build/gradle/internal/transforms/DexMergerTransformCallable$1
instanceKlass com/android/build/gradle/internal/transforms/DexMergerTransformCallable
instanceKlass kotlin/collections/AbstractIterator$WhenMappings
instanceKlass kotlin/io/FileTreeWalk$WalkState
instanceKlass kotlin/io/FileTreeWalk$FileTreeWalkIterator$WhenMappings
instanceKlass kotlin/collections/AbstractIterator
instanceKlass kotlin/io/FileTreeWalk
instanceKlass com/google/common/io/CharSource
instanceKlass com/android/ide/common/process/BaseProcessOutputHandler$BaseProcessOutput
instanceKlass com/android/ide/common/blame/parser/DexParser
instanceKlass com/android/ide/common/blame/parser/PatternAwareOutputParser
instanceKlass com/android/ide/common/blame/parser/ToolOutputParser
instanceKlass com/android/ide/common/process/ProcessOutput
instanceKlass com/android/ide/common/process/BaseProcessOutputHandler
instanceKlass java/lang/FunctionalInterface
instanceKlass org/gradle/workers/internal/DefaultWorkerServer$$Lambda$775
instanceKlass org/gradle/workers/internal/SimpleActionExecutionSpec
instanceKlass org/gradle/workers/internal/AdapterWorkParameters$Inject
instanceKlass com/google/common/collect/ImmutableSet$SerializedForm
instanceKlass org/gradle/workers/internal/NoIsolationWorkerFactory$1$1
instanceKlass org/gradle/workers/internal/AbstractWorker$Details
instanceKlass org/gradle/workers/internal/ExecuteWorkItemBuildOperationType$Details
instanceKlass org/gradle/workers/internal/AbstractWorker$1
instanceKlass org/gradle/workers/internal/NoIsolationWorkerFactory$1$$Lambda$774
instanceKlass org/gradle/workers/internal/AbstractWorker$Work
instanceKlass org/gradle/internal/work/DefaultWorkerLeaseService$5$1
instanceKlass org/gradle/workers/internal/AbstractWorker$Result
instanceKlass org/gradle/workers/internal/ExecuteWorkItemBuildOperationType$Result
instanceKlass org/gradle/internal/work/DefaultWorkerLeaseService$5
instanceKlass org/gradle/internal/work/DefaultAsyncWorkTracker$1
instanceKlass org/gradle/workers/internal/AbstractWorker
instanceKlass org/gradle/internal/work/DefaultAsyncWorkTracker$2
instanceKlass org/gradle/internal/work/DefaultAsyncWorkTracker$3
instanceKlass org/gradle/internal/work/DefaultConditionalExecutionQueue$ExecutionRunner$1
instanceKlass org/gradle/internal/work/DefaultConditionalExecutionQueue$ExecutionRunner
instanceKlass org/gradle/workers/internal/DefaultWorkerExecutor$LazyChildWorkerLeaseLock
instanceKlass org/gradle/workers/internal/DefaultWorkerExecutor$$Lambda$773
instanceKlass org/gradle/internal/work/AbstractConditionalExecution
instanceKlass com/google/common/collect/ImmutableSet$SerializedForm
instanceKlass org/gradle/workers/internal/AbstractWorkerRequirement
instanceKlass org/gradle/workers/internal/AdapterWorkParameters_Decorated
instanceKlass org/gradle/workers/internal/AdapterWorkAction
instanceKlass org/gradle/workers/internal/ProvidesWorkResult
instanceKlass org/gradle/workers/internal/DefaultWorkerExecutor$DefaultWorkQueue
instanceKlass org/gradle/workers/ProcessWorkerSpec
instanceKlass org/gradle/workers/ClassLoaderWorkerSpec
instanceKlass org/gradle/workers/internal/DefaultWorkerSpec
instanceKlass org/gradle/workers/internal/DefaultWorkerExecutor$$Lambda$772
instanceKlass org/gradle/workers/internal/DefaultWorkerExecutor$1
instanceKlass org/gradle/workers/internal/DefaultWorkerExecutor$$Lambda$771
instanceKlass com/android/build/gradle/internal/tasks/Workers$WhenMappings
instanceKlass com/android/build/gradle/internal/tasks/Workers$WorkerExecutorAdapter$submit$1
instanceKlass com/android/build/gradle/internal/tasks/Workers$ActionFacade
instanceKlass com/android/build/gradle/internal/profile/WorkerProfilingRecord
instanceKlass com/android/build/gradle/internal/tasks/Workers$ActionParameters
instanceKlass com/android/ide/common/workers/WorkerExecutorFacade$Configuration
instanceKlass com/android/build/gradle/internal/tasks/DexMergingParams
instanceKlass com/android/build/gradle/internal/tasks/DexMergingTaskRunnable
instanceKlass com/android/build/gradle/internal/tasks/Workers$WorkerExecutorAdapter
instanceKlass com/android/build/gradle/internal/tasks/Workers
instanceKlass javax/management/MBeanServerInvocationHandler
instanceKlass com/android/ide/common/workers/GradlePluginMBeans
instanceKlass com/android/build/gradle/internal/tasks/Blocks
instanceKlass com/android/build/gradle/internal/tasks/NewIncrementalTask$taskAction$$inlined$recordTaskAction$1
instanceKlass com/android/build/gradle/internal/tasks/Blocks$ThrowingBlockWithReturn
instanceKlass org/gradle/api/internal/tasks/execution/ExecuteTaskActionBuildOperationType$2
instanceKlass org/gradle/api/internal/tasks/execution/ExecuteTaskActionBuildOperationType$1
instanceKlass org/gradle/api/internal/tasks/execution/ExecuteTaskActionBuildOperationType$Result
instanceKlass org/gradle/api/internal/tasks/execution/ExecuteTaskActionBuildOperationType$Details
instanceKlass org/gradle/api/internal/tasks/execution/ExecuteTaskActionBuildOperationType
instanceKlass org/gradle/api/internal/tasks/execution/ExecuteActionsTaskExecuter$3
instanceKlass org/gradle/internal/logging/compatbridge/LoggingManagerInternalCompatibilityBridge
instanceKlass org/gradle/api/internal/tasks/execution/ExecuteActionsTaskExecuter$TaskExecution$$Lambda$770
instanceKlass org/gradle/api/internal/tasks/execution/ExecuteActionsTaskExecuter$TaskExecution$$Lambda$769
instanceKlass org/gradle/internal/execution/steps/ExecuteStep$$Lambda$768
instanceKlass org/gradle/internal/execution/steps/CleanupOutputsStep$1
instanceKlass org/gradle/internal/execution/steps/CleanupOutputsStep$$Lambda$767
instanceKlass org/gradle/internal/execution/steps/CleanupOutputsStep$$Lambda$766
instanceKlass org/gradle/internal/execution/steps/ResolveInputChangesStep$1$$Lambda$765
instanceKlass org/gradle/internal/execution/steps/ResolveInputChangesStep$1
instanceKlass org/gradle/internal/execution/InputChangesContext
instanceKlass org/gradle/internal/execution/history/changes/NonIncrementalInputChanges
instanceKlass org/gradle/internal/execution/steps/CancelExecutionStep$$Lambda$764
instanceKlass java/lang/invoke/LambdaForm$DMH
instanceKlass org/gradle/internal/execution/steps/CreateOutputsStep$1
instanceKlass org/gradle/internal/execution/steps/CreateOutputsStep$$Lambda$763
instanceKlass org/gradle/internal/execution/UnitOfWork$OutputPropertyVisitor
instanceKlass org/gradle/internal/vfs/impl/DefaultVirtualFileSystem$$Lambda$762
instanceKlass org/gradle/internal/snapshot/SnapshotHierarchy$SnapshotVisitor
instanceKlass org/gradle/internal/vfs/impl/DefaultVirtualFileSystem$$Lambda$761
instanceKlass org/gradle/internal/execution/steps/BroadcastChangingOutputsStep$$Lambda$760
instanceKlass org/gradle/api/internal/tasks/execution/ExecuteActionsTaskExecuter$4
instanceKlass org/gradle/internal/execution/history/changes/DefaultFileChange
instanceKlass org/gradle/api/tasks/incremental/InputFileDetails
instanceKlass org/gradle/work/FileChange
instanceKlass org/gradle/api/internal/artifacts/transform/DefaultArtifactTransformDependencies
instanceKlass org/gradle/api/internal/artifacts/transform/DefaultExecutionGraphDependenciesResolver$$Lambda$759
instanceKlass com/android/build/gradle/internal/dependency/BaseDexingTransform$Parameters$Inject
instanceKlass com/google/common/collect/AbstractMapBasedMultimap$WrappedCollection$WrappedIterator
instanceKlass com/google/common/collect/SortedSetMultimap
instanceKlass com/google/common/collect/SetMultimap
instanceKlass com/google/common/collect/Multimaps
instanceKlass com/android/build/gradle/internal/dependency/ProvidedClasspathSubtractor$getFileToIds$info$1
instanceKlass org/gradle/api/internal/file/FilteredFileCollection$$Lambda$758
instanceKlass org/gradle/internal/execution/history/changes/DefaultIncrementalInputProperties$$Lambda$757
instanceKlass org/gradle/internal/execution/history/changes/DefaultIncrementalInputProperties$$Lambda$756
instanceKlass com/google/common/collect/ForwardingObject
instanceKlass org/gradle/internal/execution/history/changes/DefaultIncrementalInputProperties$$Lambda$755
instanceKlass com/google/common/base/Predicates$CompositionPredicate
instanceKlass org/gradle/internal/execution/history/changes/DefaultIncrementalInputProperties$$Lambda$754
instanceKlass org/gradle/internal/execution/history/changes/DefaultIncrementalInputProperties
instanceKlass org/gradle/internal/execution/steps/ResolveChangesStep$$Lambda$753
instanceKlass java/lang/invoke/LambdaForm$DMH
instanceKlass org/gradle/internal/snapshot/FileSystemSnapshot$$Lambda$752
instanceKlass org/gradle/internal/fingerprint/impl/PatternSetSnapshottingFilter$LogicalFileTreeElement
instanceKlass org/gradle/internal/snapshot/impl/FileSystemSnapshotFilter$FilteringVisitor
instanceKlass org/gradle/internal/snapshot/impl/FileSystemSnapshotFilter
instanceKlass org/gradle/internal/fingerprint/impl/PatternSetSnapshottingFilter$$Lambda$751
instanceKlass org/gradle/internal/snapshot/SnapshottingFilter$FileSystemSnapshotPredicate
instanceKlass org/gradle/internal/vfs/impl/DefaultVirtualFileSystem$$Lambda$750
instanceKlass org/gradle/internal/fingerprint/impl/PatternSetSnapshottingFilter$PathBackedFileTreeElement
instanceKlass org/gradle/internal/fingerprint/impl/PatternSetSnapshottingFilter$$Lambda$749
instanceKlass org/gradle/internal/snapshot/SnapshottingFilter$DirectoryWalkerPredicate
instanceKlass java/lang/invoke/LambdaForm$DMH
instanceKlass org/gradle/internal/vfs/impl/DefaultVirtualFileSystem$$Lambda$748
instanceKlass org/gradle/internal/vfs/impl/DefaultVirtualFileSystem$$Lambda$747
instanceKlass org/gradle/internal/vfs/impl/DefaultVirtualFileSystem$$Lambda$746
instanceKlass org/gradle/internal/vfs/impl/DefaultVirtualFileSystem$$Lambda$745
instanceKlass org/gradle/internal/vfs/impl/DefaultVirtualFileSystem$$Lambda$744
instanceKlass org/gradle/internal/vfs/impl/DefaultVirtualFileSystem$$Lambda$743
instanceKlass org/gradle/internal/fingerprint/impl/DefaultFileCollectionSnapshotter$SnapshottingVisitor$$Lambda$742
instanceKlass org/gradle/internal/fingerprint/impl/PatternSetSnapshottingFilter
instanceKlass org/jetbrains/kotlin/build/SourcesUtilsKt
instanceKlass kotlin/reflect/jvm/internal/calls/CallerKt
instanceKlass kotlin/reflect/jvm/internal/calls/Caller$DefaultImpls
instanceKlass kotlin/reflect/jvm/internal/calls/BoundCaller
instanceKlass kotlin/reflect/jvm/internal/impl/resolve/InlineClassesUtilsKt
instanceKlass kotlin/reflect/jvm/internal/calls/InlineClassAwareCallerKt
instanceKlass kotlin/reflect/jvm/internal/calls/CallerImpl$Companion
instanceKlass kotlin/reflect/jvm/internal/calls/CallerImpl
instanceKlass kotlin/reflect/jvm/internal/calls/Caller
instanceKlass kotlin/reflect/jvm/internal/KPropertyImplKt
instanceKlass kotlin/reflect/KProperty1$Getter
instanceKlass org/jetbrains/kotlin/com/intellij/util/xmlb/annotations/Transient
instanceKlass kotlin/reflect/jvm/internal/impl/load/kotlin/AbstractBinaryClassAnnotationAndConstantLoader$Storage
instanceKlass kotlin/reflect/jvm/internal/impl/resolve/constants/KClassValue$Value
instanceKlass kotlin/reflect/jvm/internal/impl/resolve/constants/KClassValue$Companion
instanceKlass kotlin/reflect/jvm/internal/impl/resolve/constants/ClassLiteralValue
instanceKlass org/jetbrains/kotlin/cli/common/arguments/DefaultValues
instanceKlass org/jetbrains/kotlin/cli/common/arguments/GradleOption
instanceKlass kotlin/reflect/jvm/internal/impl/descriptors/annotations/AnnotationDescriptorImpl
instanceKlass kotlin/reflect/jvm/internal/impl/descriptors/annotations/AnnotationDescriptor
instanceKlass kotlin/reflect/jvm/internal/impl/resolve/constants/ConstantValueFactory
instanceKlass kotlin/reflect/jvm/internal/impl/load/kotlin/BinaryClassAnnotationAndConstantLoaderImpl$loadAnnotation$1
instanceKlass org/jetbrains/kotlin/cli/common/arguments/Argument
instanceKlass kotlin/reflect/jvm/internal/impl/load/kotlin/AbstractBinaryClassAnnotationAndConstantLoader$loadAnnotationsAndInitializers$1$MemberAnnotationVisitor
instanceKlass kotlin/reflect/jvm/internal/impl/load/kotlin/KotlinJvmBinaryClass$MethodAnnotationVisitor
instanceKlass kotlin/reflect/jvm/internal/impl/descriptors/runtime/components/SignatureSerializer
instanceKlass kotlin/reflect/jvm/internal/impl/load/kotlin/AbstractBinaryClassAnnotationAndConstantLoader$loadAnnotationsAndInitializers$1
instanceKlass kotlin/reflect/jvm/internal/impl/load/kotlin/KotlinJvmBinaryClass$MemberVisitor
instanceKlass kotlin/reflect/jvm/internal/impl/load/kotlin/MemberSignature$Companion
instanceKlass kotlin/reflect/jvm/internal/impl/load/kotlin/MemberSignature
instanceKlass kotlin/reflect/jvm/internal/impl/metadata/jvm/deserialization/JvmFlags
instanceKlass kotlin/reflect/jvm/internal/UtilKt
instanceKlass kotlin/reflect/jvm/internal/JvmFunctionSignature
instanceKlass kotlin/reflect/jvm/internal/impl/metadata/jvm/deserialization/JvmMemberSignature
instanceKlass kotlin/reflect/jvm/internal/impl/metadata/jvm/deserialization/ClassMapperLite
instanceKlass kotlin/reflect/jvm/internal/FunctionWithAllInvokes
instanceKlass kotlin/reflect/jvm/internal/JvmPropertySignature
instanceKlass kotlin/reflect/jvm/internal/impl/metadata/deserialization/ProtoBufUtilKt
instanceKlass kotlin/reflect/jvm/internal/impl/types/FlexibleTypesKt
instanceKlass kotlin/reflect/jvm/internal/impl/types/checker/SubtypePathNode
instanceKlass kotlin/reflect/jvm/internal/impl/types/checker/UtilsKt
instanceKlass kotlin/reflect/jvm/internal/impl/types/TypeCapabilitiesKt
instanceKlass kotlin/reflect/jvm/internal/impl/resolve/OverridingUtil$8
instanceKlass kotlin/reflect/jvm/internal/impl/resolve/OverridingUtil$7
instanceKlass kotlin/reflect/jvm/internal/impl/resolve/VisibilityUtilKt
instanceKlass kotlin/reflect/jvm/internal/impl/resolve/OverridingUtil$4
instanceKlass kotlin/reflect/jvm/internal/impl/load/java/components/DescriptorResolverUtils$1$1
instanceKlass kotlin/reflect/jvm/internal/impl/load/java/components/DescriptorResolverUtils
instanceKlass kotlin/reflect/jvm/internal/impl/descriptors/PackageFragmentProviderImpl
instanceKlass kotlin/reflect/jvm/internal/impl/descriptors/deserialization/AdditionalClassPartsProvider$None
instanceKlass kotlin/reflect/jvm/internal/impl/descriptors/deserialization/PlatformDependentDeclarationFilter$NoPlatformDependent
instanceKlass kotlin/reflect/jvm/internal/impl/serialization/deserialization/builtins/BuiltInsResourceLoader
instanceKlass kotlin/reflect/jvm/internal/impl/serialization/deserialization/builtins/BuiltInsLoaderImpl
instanceKlass kotlin/reflect/jvm/internal/impl/builtins/BuiltInsLoader$Companion
instanceKlass kotlin/reflect/jvm/internal/impl/builtins/BuiltInsLoader
instanceKlass kotlin/reflect/jvm/internal/impl/builtins/DefaultBuiltIns$Companion
instanceKlass kotlin/reflect/jvm/internal/impl/builtins/SuspendFunctionTypesKt
instanceKlass kotlin/reflect/jvm/internal/impl/load/java/BuiltinSpecialProperties
instanceKlass kotlin/reflect/jvm/internal/impl/load/java/JvmAbi
instanceKlass kotlin/reflect/jvm/internal/impl/load/java/PropertiesConventionUtilKt
instanceKlass kotlin/reflect/jvm/internal/impl/resolve/OverridingUtilsKt
instanceKlass kotlin/reflect/jvm/internal/impl/resolve/scopes/receivers/AbstractReceiverValue
instanceKlass kotlin/reflect/jvm/internal/impl/load/java/structure/JavaTypeParameter
instanceKlass kotlin/reflect/jvm/internal/impl/descriptors/impl/FunctionDescriptorImpl$CopyConfiguration
instanceKlass kotlin/reflect/jvm/internal/impl/load/kotlin/KotlinClassFinderKt
instanceKlass kotlin/reflect/jvm/internal/impl/serialization/deserialization/descriptors/DeserializedClassDescriptor$EnumEntryClassDescriptors
instanceKlass kotlin/reflect/jvm/internal/impl/utils/SmartSet$SingletonIterator
instanceKlass kotlin/jvm/internal/markers/KMutableIterator
instanceKlass kotlin/reflect/jvm/internal/impl/load/java/descriptors/JavaCallableMemberDescriptor
instanceKlass kotlin/reflect/jvm/internal/impl/load/java/BuiltinMethodsWithDifferentJvmName
instanceKlass kotlin/reflect/jvm/internal/impl/load/java/NameAndSignature
instanceKlass kotlin/reflect/jvm/internal/impl/load/java/SpecialBuiltinMembers
instanceKlass kotlin/reflect/jvm/internal/impl/load/java/BuiltinMethodsWithSpecialGenericSignature
instanceKlass kotlin/reflect/jvm/internal/impl/resolve/OverridingUtil$OverrideCompatibilityInfo
instanceKlass kotlin/reflect/jvm/internal/impl/types/model/FlexibleTypeMarker
instanceKlass kotlin/reflect/jvm/internal/impl/types/SubtypingRepresentatives
instanceKlass kotlin/reflect/jvm/internal/impl/types/KotlinTypeKt
instanceKlass kotlin/reflect/jvm/internal/impl/types/checker/TypeCheckerProcedureCallbacksImpl
instanceKlass kotlin/reflect/jvm/internal/impl/types/checker/TypeCheckingProcedure
instanceKlass kotlin/reflect/jvm/internal/impl/types/checker/TypeCheckingProcedureCallbacks
instanceKlass kotlin/reflect/jvm/internal/impl/types/checker/KotlinTypeCheckerImpl
instanceKlass kotlin/reflect/jvm/internal/impl/builtins/jvm/CloneableClassScope$Companion
instanceKlass org/jetbrains/kotlin/config/AnalysisFlag
instanceKlass kotlin/reflect/jvm/internal/impl/serialization/deserialization/SuspendFunctionTypeUtilKt
instanceKlass kotlin/reflect/jvm/internal/impl/resolve/MemberComparator$NameAndTypeMemberComparator
instanceKlass org/jetbrains/kotlin/cli/common/arguments/InternalArgument
instanceKlass kotlin/reflect/jvm/internal/impl/resolve/DescriptorFactory
instanceKlass kotlin/reflect/jvm/internal/impl/types/DisjointKeysUnionTypeSubstitution$Companion
instanceKlass kotlin/reflect/jvm/internal/impl/types/DescriptorSubstitutor
instanceKlass kotlin/reflect/jvm/internal/impl/descriptors/impl/PropertyDescriptorImpl$CopyConfiguration
instanceKlass kotlin/reflect/jvm/internal/impl/resolve/OverridingUtil$5
instanceKlass kotlin/reflect/jvm/internal/impl/resolve/OverridingUtil$9
instanceKlass kotlin/reflect/jvm/internal/impl/descriptors/impl/TypeAliasConstructorDescriptor
instanceKlass kotlin/reflect/jvm/internal/impl/descriptors/ModuleDescriptor$DefaultImpls
instanceKlass kotlin/reflect/jvm/internal/impl/resolve/OverridingUtil$6
instanceKlass kotlin/reflect/jvm/internal/impl/utils/SmartSet$Companion
instanceKlass kotlin/reflect/jvm/internal/impl/resolve/OverridingStrategy
instanceKlass kotlin/reflect/jvm/internal/impl/descriptors/impl/ValueParameterDescriptorImpl$Companion
instanceKlass kotlin/reflect/jvm/internal/impl/descriptors/ValueParameterDescriptor
instanceKlass kotlin/reflect/jvm/internal/impl/resolve/scopes/receivers/ImplicitClassReceiver
instanceKlass kotlin/reflect/jvm/internal/impl/resolve/scopes/receivers/ThisClassReceiver
instanceKlass kotlin/reflect/jvm/internal/impl/resolve/scopes/receivers/ImplicitReceiver
instanceKlass kotlin/reflect/jvm/internal/impl/resolve/calls/inference/CapturedTypeConstructorKt
instanceKlass kotlin/reflect/jvm/internal/impl/resolve/scopes/SubstitutingScope
instanceKlass kotlin/reflect/jvm/internal/impl/types/TypeSubstitutor
instanceKlass kotlin/reflect/jvm/internal/impl/descriptors/impl/ModuleAwareClassDescriptorKt
instanceKlass kotlin/reflect/jvm/internal/impl/types/TypeConstructorSubstitution$Companion
instanceKlass kotlin/reflect/jvm/internal/impl/types/TypeSubstitution$Companion
instanceKlass kotlin/reflect/jvm/internal/impl/types/TypeSubstitution
instanceKlass kotlin/reflect/jvm/internal/impl/types/TypeProjectionBase
instanceKlass kotlin/reflect/jvm/internal/impl/descriptors/impl/AbstractTypeParameterDescriptor$2
instanceKlass kotlin/reflect/jvm/internal/impl/descriptors/impl/AbstractTypeParameterDescriptor$1
instanceKlass kotlin/reflect/jvm/internal/impl/descriptors/TypeParameterDescriptor
instanceKlass kotlin/reflect/jvm/internal/impl/types/model/TypeParameterMarker
instanceKlass kotlin/reflect/jvm/internal/impl/serialization/deserialization/descriptors/DeserializedCallableMemberDescriptor
instanceKlass kotlin/reflect/jvm/internal/impl/serialization/deserialization/descriptors/DeserializedMemberDescriptor
instanceKlass kotlin/reflect/jvm/internal/impl/serialization/deserialization/descriptors/DescriptorWithContainerSource
instanceKlass kotlin/sequences/GeneratorSequence$iterator$1
instanceKlass kotlin/sequences/ConstrainedOnceSequence
instanceKlass kotlin/sequences/GeneratorSequence
instanceKlass kotlin/reflect/jvm/internal/impl/descriptors/DescriptorUtilKt
instanceKlass kotlin/reflect/jvm/internal/impl/load/java/structure/JavaPrimitiveType
instanceKlass kotlin/reflect/jvm/internal/impl/load/java/lazy/types/JavaTypeAttributes
instanceKlass kotlin/reflect/jvm/internal/impl/load/java/lazy/types/JavaTypeResolverKt
instanceKlass kotlin/reflect/jvm/internal/impl/load/java/FakePureImplementationsProvider
instanceKlass kotlin/reflect/jvm/internal/impl/load/java/components/JavaAnnotationMapper
instanceKlass kotlin/reflect/jvm/internal/impl/descriptors/runtime/structure/ReflectJavaAnnotationOwnerKt
instanceKlass kotlin/reflect/jvm/internal/impl/descriptors/runtime/structure/ReflectJavaAnnotationOwner$DefaultImpls
instanceKlass kotlin/reflect/jvm/internal/impl/descriptors/runtime/structure/ReflectJavaType$Factory
instanceKlass kotlin/reflect/jvm/internal/impl/descriptors/runtime/structure/ReflectJavaType
instanceKlass kotlin/reflect/jvm/internal/impl/load/java/structure/JavaClassifierType
instanceKlass kotlin/reflect/jvm/internal/impl/load/java/structure/JavaType
instanceKlass kotlin/sequences/EmptySequence
instanceKlass kotlin/sequences/DropTakeSequence
instanceKlass kotlin/reflect/jvm/internal/impl/load/java/lazy/descriptors/ClassDeclaredMemberIndex
instanceKlass kotlin/reflect/jvm/internal/impl/load/java/lazy/descriptors/DeclaredMemberIndex
instanceKlass kotlin/reflect/jvm/internal/impl/metadata/deserialization/NameResolverImpl$WhenMappings
instanceKlass kotlin/reflect/jvm/internal/impl/protobuf/Utf8
