JvmtiExport can_access_local_variables 0
JvmtiExport can_hotswap_or_post_breakpoint 0
JvmtiExport can_post_on_exceptions 0
# 305 ciObject found
ciMethod java/lang/Object <init> ()V 4097 1 1903784 0 0
ciMethod java/lang/Object clone ()Ljava/lang/Object; 2049 1 256 0 -1
ciMethod java/lang/String equals (Ljava/lang/Object;)Z 2257 12169 2488 0 -1
ciMethod java/lang/Class isInstance (Ljava/lang/Object;)Z 2049 1 256 0 -1
ciMethod java/lang/Class isAssignableFrom (Ljava/lang/Class;)Z 2049 1 256 0 -1
ciMethod java/lang/Class getName ()Ljava/lang/String; 2049 1 62709 0 -1
ciMethod java/lang/Class getClassLoader ()Ljava/lang/ClassLoader; 2225 1 25441 0 -1
ciMethod java/lang/Class getSuperclass ()Ljava/lang/Class; 2049 1 256 0 -1
ciMethod java/lang/Class cast (Ljava/lang/Object;)Ljava/lang/Object; 2049 1 65632 0 -1
ciMethod java/lang/System getSecurityManager ()Ljava/lang/SecurityManager; 2057 1 79997 0 0
ciMethod java/lang/System arraycopy (Ljava/lang/Object;ILjava/lang/Object;II)V 4097 1 512 0 -1
ciMethod java/lang/Thread currentThread ()Ljava/lang/Thread; 3073 1 384 0 -1
ciMethod java/lang/reflect/AccessibleObject checkAccess (Ljava/lang/Class;Ljava/lang/Class;Ljava/lang/Object;I)V 57 1 74 0 -1
ciMethod java/lang/reflect/Method invoke (Ljava/lang/Object;[Ljava/lang/Object;)Ljava/lang/Object; 3089 1 7584 0 448
ciMethod java/lang/reflect/Method acquireMethodAccessor ()Lsun/reflect/MethodAccessor; 657 1 984 0 -1
ciMethod sun/reflect/MethodAccessor invoke (Ljava/lang/Object;[Ljava/lang/Object;)Ljava/lang/Object; 0 0 1 0 -1
ciMethod java/lang/StringBuilder <init> ()V 953 1 109082 0 -1
ciMethod java/lang/StringBuilder append (Ljava/lang/Object;)Ljava/lang/StringBuilder; 129 1 1785 0 -1
ciMethod java/lang/StringBuilder append (Ljava/lang/String;)Ljava/lang/StringBuilder; 2049 1 380236 0 -1
ciMethod java/lang/StringBuilder toString ()Ljava/lang/String; 1049 1 123899 0 -1
ciMethod sun/misc/Unsafe putInt (Ljava/lang/Object;JI)V 2049 1 256 0 -1
ciMethod sun/misc/Unsafe putObject (Ljava/lang/Object;JLjava/lang/Object;)V 2049 1 256 0 -1
ciMethod sun/misc/Unsafe putBoolean (Ljava/lang/Object;JZ)V 1817 1 227 0 -1
ciMethod sun/misc/Unsafe putByte (Ljava/lang/Object;JB)V 0 0 1 0 -1
ciMethod sun/misc/Unsafe putShort (Ljava/lang/Object;JS)V 0 0 1 0 -1
ciMethod sun/misc/Unsafe putChar (Ljava/lang/Object;JC)V 0 0 1 0 -1
ciMethod sun/misc/Unsafe putLong (Ljava/lang/Object;JJ)V 65 1 8 0 -1
ciMethod sun/misc/Unsafe putFloat (Ljava/lang/Object;JF)V 201 1 25 0 -1
ciMethod sun/misc/Unsafe putDouble (Ljava/lang/Object;JD)V 0 0 1 0 -1
ciMethod java/io/ByteArrayInputStream read ([BII)I 2081 1 41789 0 0
ciMethod java/io/InputStream read ()I 0 0 1 0 -1
ciMethod java/io/InputStream read ([BII)I 9 1561 1 0 -1
ciMethod java/io/ObjectStreamField isUnshared ()Z 1033 1 129 0 0
ciMethod java/io/ObjectStreamField getField ()Ljava/lang/reflect/Field; 1417 1 177 0 0
ciMethod java/util/ArrayList <init> ()V 1529 1 54752 0 -1
ciMethod java/util/ArrayList size ()I 1081 1 135 0 -1
ciMethod java/util/ArrayList toArray ([Ljava/lang/Object;)[Ljava/lang/Object; 513 1 6236 0 -1
ciMethod java/util/ArrayList add (Ljava/lang/Object;)Z 1809 1 41673 0 -1
ciMethod java/util/Collections reverse (Ljava/util/List;)V 3985 2065 498 0 -1
ciMethod sun/reflect/Reflection getCallerClass ()Ljava/lang/Class; 2049 1 256 0 -1
ciMethod sun/reflect/Reflection quickCheckMemberAccess (Ljava/lang/Class;I)Z 1017 1 5499 0 -1
ciMethod java/lang/Math min (II)I 3129 1 162266 0 -1
ciMethod sun/reflect/misc/ReflectUtil checkPackageAccess (Ljava/lang/Class;)V 4097 1 13710 0 -1
ciMethod sun/reflect/misc/ReflectUtil needsPackageAccessCheck (Ljava/lang/ClassLoader;Ljava/lang/ClassLoader;)Z 0 0 1 0 -1
ciMethodData java/lang/Object <init> ()V 2 1903784 orig 264 88 29 45 102 0 0 0 0 128 4 28 23 0 0 0 0 32 1 0 0 0 0 0 0 0 0 0 0 0 0 0 0 0 0 0 0 0 0 0 0 0 0 0 0 0 0 0 0 0 0 0 0 0 0 0 0 0 0 0 0 0 0 0 0 0 0 0 0 0 0 0 0 0 0 0 0 0 0 0 0 77 68 79 32 101 120 116 114 97 32 100 97 116 97 32 108 111 99 107 0 0 0 0 0 0 0 0 0 0 0 0 0 0 0 0 0 0 0 0 0 0 0 0 0 0 0 0 0 0 0 0 0 0 0 0 0 0 0 0 0 0 0 0 0 0 0 0 0 0 0 0 0 0 0 0 0 0 0 0 0 0 0 0 0 0 0 0 0 0 0 0 0 0 0 0 0 0 0 0 0 0 0 0 0 1 0 0 0 0 0 0 0 1 0 0 0 0 0 0 0 1 0 0 0 0 0 0 0 0 0 0 0 0 0 0 0 0 2 0 0 65 85 232 0 1 0 0 0 0 0 0 0 0 0 0 0 2 0 0 0 0 0 3 0 1 0 0 0 0 0 0 0 255 255 255 255 0 0 0 0 0 0 0 0 data 0 oops 0
ciMethod java/util/HashSet <init> (I)V 2049 1 1707 0 -1
ciMethod java/util/HashSet contains (Ljava/lang/Object;)Z 2497 1 5457 0 -1
ciMethod java/util/HashSet add (Ljava/lang/Object;)Z 3073 1 21690 0 -1
ciMethodData java/lang/System getSecurityManager ()Ljava/lang/SecurityManager; 2 79997 orig 264 88 29 45 102 0 0 0 0 80 152 29 23 0 0 0 0 24 1 0 0 0 0 0 0 0 0 0 0 0 0 0 0 0 0 0 0 0 0 0 0 0 0 0 0 0 0 0 0 0 0 0 0 0 0 0 0 0 0 0 0 0 0 0 0 0 0 0 0 0 0 0 0 0 0 0 0 0 0 0 0 77 68 79 32 101 120 116 114 97 32 100 97 116 97 32 108 111 99 107 0 0 0 0 0 0 0 0 0 0 0 0 0 0 0 0 0 0 0 0 0 0 0 0 0 0 0 0 0 0 0 0 0 0 0 0 0 0 0 0 0 0 0 0 0 0 0 0 0 0 0 0 0 0 0 0 0 0 0 0 0 0 0 0 0 0 0 0 0 0 0 0 0 0 0 0 0 0 0 0 0 0 0 0 0 0 0 0 0 0 0 0 0 0 0 0 0 0 0 0 0 0 0 0 0 0 0 0 0 0 0 0 0 0 0 0 0 1 1 0 0 225 187 9 0 1 0 0 0 0 0 0 0 0 0 0 0 2 0 0 0 0 0 3 0 1 0 0 0 0 0 0 0 255 255 255 255 0 0 0 0 0 0 0 0 data 0 oops 0
ciMethod java/lang/IllegalStateException <init> (Ljava/lang/String;)V 0 0 1 0 -1
ciMethod java/lang/reflect/InvocationTargetException getTargetException ()Ljava/lang/Throwable; 0 0 1 0 -1
ciMethod org/gradle/internal/serialize/AbstractDecoder maybeReadBytes ([BII)I 0 0 1 0 -1
ciMethod org/gradle/internal/serialize/AbstractDecoder$DecoderStream read ([BII)I 2065 1 401 0 0
ciMethod java/lang/InternalError <init> ()V 0 0 1 0 -1
ciMethod java/io/StreamCorruptedException <init> (Ljava/lang/String;)V 0 0 1 0 -1
ciMethod java/io/ObjectInputStream readObject0 (Ljava/lang/Class;Z)Ljava/lang/Object; 56897 1 57880 0 0
ciMethod java/io/ObjectInputStream checkResolve (Ljava/lang/Object;)Ljava/lang/Object; 305857 1 38868 0 -1
ciMethod java/io/ObjectInputStream readNull ()Ljava/lang/Object; 1681 1 9166 0 -1
ciMethod java/io/ObjectInputStream readHandle (Z)Ljava/lang/Object; 367345 1 46454 0 -1
ciMethod java/io/ObjectInputStream readClass (Z)Ljava/lang/Class; 49 1 55 0 -1
ciMethod java/io/ObjectInputStream readClassDesc (Z)Ljava/io/ObjectStreamClass; 300841 1 38228 0 -1
ciMethod java/io/ObjectInputStream readString (Z)Ljava/lang/String; 14473 1 2370 0 -1
ciMethod java/io/ObjectInputStream readArray (Z)Ljava/lang/Object; 41 585 41 0 -1
ciMethod java/io/ObjectInputStream readEnum (Z)Ljava/lang/Enum; 289 1 217 0 -1
ciMethod java/io/ObjectInputStream readOrdinaryObject (Z)Ljava/lang/Object; 241337 1 36842 0 -1
ciMethod java/io/ObjectInputStream readSerialData (Ljava/lang/Object;Ljava/io/ObjectStreamClass;)V 6145 11833 37068 0 -1
ciMethod java/io/ObjectInputStream skipCustomData ()V 5121 1 1785 0 0
ciMethod java/io/ObjectInputStream defaultReadFields (Ljava/lang/Object;Ljava/io/ObjectStreamClass;)V 149201 161057 37078 0 0
ciMethod java/io/ObjectInputStream readFatalException ()Ljava/io/IOException; 0 0 1 0 -1
ciMethod java/io/ObjectInputStream handleReset ()V 0 0 1 0 -1
ciMethod java/io/ObjectInputStream access$1000 (Ljava/io/ObjectInputStream;)Z 4609 1 576 0 -1
ciMethod java/io/ObjectInputStream access$1100 (Ljava/io/ObjectInputStream;)V 0 0 1 0 -1
ciMethod java/io/ObjectInputStream$BlockDataInputStream setBlockDataMode (Z)Z 917313 1 114696 0 0
ciMethod java/io/ObjectInputStream$BlockDataInputStream getBlockDataMode ()Z 2193 1 274 0 0
ciMethod java/io/ObjectInputStream$BlockDataInputStream skipBlockData ()V 5121 5113 1785 0 0
ciMethod java/io/ObjectInputStream$BlockDataInputStream readBlockHeader (Z)I 21585 1 2698 0 0
ciMethod java/io/ObjectInputStream$BlockDataInputStream refill ()V 16321 22017 2698 0 0
ciMethod java/io/ObjectInputStream$BlockDataInputStream currentBlockRemaining ()I 609 1 18477 0 -1
ciMethod java/io/ObjectInputStream$BlockDataInputStream peek ()I 773681 1 96950 0 0
ciMethod java/io/ObjectInputStream$BlockDataInputStream peekByte ()B 29033 1 54839 0 0
ciMethod java/io/ObjectInputStream$BlockDataInputStream read ()I 808265 1 101049 0 0
ciMethod java/io/ObjectInputStream$BlockDataInputStream read ([BIIZ)I 1921 1 18720 0 0
ciMethod java/io/ObjectInputStream$BlockDataInputStream readFully ([BIIZ)V 282137 140201 38090 0 0
ciMethod java/io/ObjectInputStream$BlockDataInputStream readByte ()B 96153 1 21261 0 0
ciMethod java/io/ObjectInputStream$PeekInputStream peek ()I 71465 1 99604 0 0
ciMethod java/io/ObjectInputStream$PeekInputStream read ()I 790233 1 98919 0 0
ciMethod java/io/ObjectInputStream$PeekInputStream read ([BII)I 2065 1 40609 0 0
ciMethod java/io/ObjectInputStream$PeekInputStream readFully ([BII)V 2833 2833 21189 0 -1
ciMethod java/io/ObjectInputStream$PeekInputStream available ()I 0 0 1 0 -1
ciMethod java/io/ObjectInputStream$HandleTable markDependency (II)V 40209 1 58362 0 0
ciMethod java/io/ObjectInputStream$HandleTable markException (ILjava/lang/ClassNotFoundException;)V 0 0 1 0 0
ciMethod java/io/ObjectInputStream$HandleTable lookupException (I)Ljava/lang/ClassNotFoundException; 136065 1 63100 0 0
ciMethod java/io/ObjectInputStream$HandleTable$HandleList <init> ()V 1241 1 155 0 0
ciMethod java/io/ObjectInputStream$HandleTable$HandleList add (I)V 7961 1 1554 0 0
ciMethod java/io/ObjectInputStream$HandleTable$HandleList get (I)I 0 0 1 0 -1
ciMethod java/io/ObjectInputStream$HandleTable$HandleList size ()I 0 0 1 0 -1
ciMethod java/io/Bits getBoolean ([BI)Z 1697 1 555 0 -1
ciMethod java/io/Bits getChar ([BI)C 0 0 1 0 -1
ciMethod java/io/Bits getShort ([BI)S 14665 1 1836 0 -1
ciMethod java/io/Bits getInt ([BI)I 1225849 1 153233 0 -1
ciMethod java/io/Bits getFloat ([BI)F 209 1 108 0 -1
ciMethod java/io/Bits getLong ([BI)J 4097 1 872 0 -1
ciMethod java/io/Bits getDouble ([BI)D 0 0 1 0 -1
ciMethod java/io/ObjectStreamClass forClass ()Ljava/lang/Class; 3089 1 8547 0 128
ciMethod java/io/ObjectStreamClass lookup (Ljava/lang/Class;Z)Ljava/io/ObjectStreamClass; 3281 1 41110 0 -1
ciMethod java/io/ObjectStreamClass requireInitialized ()V 2265 1 291412 0 0
ciMethod java/io/ObjectStreamClass getFields (Z)[Ljava/io/ObjectStreamField; 2185 1 57913 0 0
ciMethod java/io/ObjectStreamClass hasWriteObjectData ()Z 33753 1 38526 0 0
ciMethod java/io/ObjectStreamClass hasReadObjectMethod ()Z 40089 1 37854 0 0
ciMethod java/io/ObjectStreamClass hasReadObjectNoDataMethod ()Z 0 0 1 0 -1
ciMethod java/io/ObjectStreamClass invokeReadObject (Ljava/lang/Object;Ljava/io/ObjectInputStream;)V 5129 1 913 0 0
ciMethod java/io/ObjectStreamClass invokeReadObjectNoData (Ljava/lang/Object;)V 0 0 1 0 -1
ciMethod java/io/ObjectStreamClass getClassDataLayout ()[Ljava/io/ObjectStreamClass$ClassDataSlot; 38945 1 69458 0 0
ciMethod java/io/ObjectStreamClass getClassDataLayout0 ()[Ljava/io/ObjectStreamClass$ClassDataSlot; 657 2289 490 0 0
ciMethod java/io/ObjectStreamClass getPrimDataSize ()I 1113 1 139 0 0
ciMethod java/io/ObjectStreamClass getNumObjFields ()I 1113 1 139 0 0
ciMethod java/io/ObjectStreamClass setPrimFieldValues (Ljava/lang/Object;[B)V 6145 1 19267 0 0
ciMethod java/io/ObjectStreamClass setObjFieldValues (Ljava/lang/Object;[Ljava/lang/Object;)V 6145 1 19052 0 0
ciMethod java/io/ObjectStreamClass getVariantFor (Ljava/lang/Class;)Ljava/io/ObjectStreamClass; 4993 1 843 0 -1
ciMethod java/io/ObjectStreamClass throwMiscException (Ljava/lang/Throwable;)V 0 0 1 0 -1
ciMethod java/io/ObjectStreamClass$FieldReflector setPrimFieldValues (Ljava/lang/Object;[B)V 72641 203049 37321 0 -1
ciMethod java/io/ObjectStreamClass$FieldReflector setObjFieldValues (Ljava/lang/Object;[Ljava/lang/Object;)V 142249 153737 37096 0 0
ciMethodData org/gradle/internal/serialize/AbstractDecoder$DecoderStream read ([BII)I 1 401 orig 264 88 29 45 102 0 0 0 0 200 75 100 23 0 0 0 0 144 1 0 0 0 0 0 0 0 0 0 0 0 0 0 0 0 0 0 0 0 0 0 0 0 0 0 0 0 0 0 0 0 0 0 0 0 0 0 0 0 0 0 0 0 0 0 0 0 0 0 0 0 0 0 0 0 0 0 0 0 0 0 0 77 68 79 32 101 120 116 114 97 32 100 97 116 97 32 108 111 99 107 0 0 0 0 0 0 0 0 0 0 0 0 0 0 0 0 0 0 0 0 0 0 0 0 0 0 0 0 0 0 0 0 0 0 0 0 0 0 0 0 0 0 0 0 0 0 0 0 0 0 0 0 0 0 0 0 0 0 0 0 0 0 0 0 0 0 0 0 0 0 0 0 0 0 0 0 0 0 0 0 0 0 0 0 0 0 0 0 0 0 0 0 0 0 0 0 0 0 0 0 0 0 0 0 0 0 0 0 0 0 0 0 0 0 0 0 0 2 1 0 0 121 4 0 0 1 0 0 0 0 0 0 0 0 0 0 0 2 0 0 0 0 0 3 0 2 0 0 0 48 0 0 0 255 255 255 255 5 0 7 0 0 0 0 0 data 6 0x70005 0x0 0x1b2c8980 0x8f 0x0 0x0 oops 1